2025-09-19 15:25:04.344 INFO  c.k.katalon.core.main.TestSuiteExecutor  - START Test Suites/API_AccessToken
2025-09-19 15:25:04.526 INFO  c.k.katalon.core.main.TestSuiteExecutor  - userFullName = Abinesh R
2025-09-19 15:25:04.528 INFO  c.k.katalon.core.main.TestSuiteExecutor  - projectName = Luma
2025-09-19 15:25:04.528 INFO  c.k.katalon.core.main.TestSuiteExecutor  - hostName = 10835442 - 10.235.155.176
2025-09-19 15:25:04.529 INFO  c.k.katalon.core.main.TestSuiteExecutor  - os = Windows 11 64bit
2025-09-19 15:25:04.529 INFO  c.k.katalon.core.main.TestSuiteExecutor  - hostAddress = 10.235.155.176
2025-09-19 15:25:04.531 INFO  c.k.katalon.core.main.TestSuiteExecutor  - katalonVersion = 10.3.1.0
2025-09-19 15:25:05.297 INFO  c.k.katalon.core.main.TestCaseExecutor   - --------------------
2025-09-19 15:25:05.297 INFO  c.k.katalon.core.main.TestCaseExecutor   - START Test Cases/API_Testing/TC04_getAccessToken_Api
2025-09-19 15:25:05.429 INFO  c.k.katalon.core.main.TestCaseExecutor   - (Default) jsonFilePath = Include/Data Files/login_data.json
2025-09-19 15:25:05.459 INFO  c.k.katalon.core.main.TestCaseExecutor   - (Default) masterSchemaFilePath = Include/Data Files/MasterSchema.json
ℹ️ Skipping browser launch for API test case: TC04_getAccessToken_Api
2025-09-19 15:25:05.834 DEBUG testcase.TC04_getAccessToken_Api         - 1: logInfo("Reading payload from JSON file...")
2025-09-19 15:25:05.843 INFO  com.kms.katalon.core.util.KeywordUtil    - Reading payload from JSON file...
2025-09-19 15:25:05.849 DEBUG testcase.TC04_getAccessToken_Api         - 2: payLoad = JsonOutput.toJson(JsonFileReader.getSectionData("postPayload", jsonFilePath))
2025-09-19 15:25:05.973 DEBUG testcase.TC04_getAccessToken_Api         - 3: logInfo("Payload prepared: " + payLoad)
2025-09-19 15:25:05.979 INFO  com.kms.katalon.core.util.KeywordUtil    - Payload prepared: {"username":"emilys","password":"emilyspass","expiresInMins":30}
2025-09-19 15:25:05.983 DEBUG testcase.TC04_getAccessToken_Api         - 4: logInfo("Sending POST request to /login endpoint...")
2025-09-19 15:25:05.988 INFO  com.kms.katalon.core.util.KeywordUtil    - Sending POST request to /login endpoint...
2025-09-19 15:25:05.990 DEBUG testcase.TC04_getAccessToken_Api         - 5: response = ApiKeywords.sendPost("login", payLoad)
2025-09-19 15:25:14.989 INFO  c.k.k.core.webservice.common.HarLogger   - HAR: C:\Users\10835442\Katalon Studio\Luma\Reports\20250919_152457\API_AccessToken\20250919_152457\requests\main\POST_Generic_0.har
2025-09-19 15:25:15.126 DEBUG testcase.TC04_getAccessToken_Api         - 6: logInfo("Response received with status: " + response.getStatusCode())
2025-09-19 15:25:15.148 INFO  com.kms.katalon.core.util.KeywordUtil    - Response received with status: 200
2025-09-19 15:25:15.151 DEBUG testcase.TC04_getAccessToken_Api         - 7: responseBodyContent = response.getResponseBodyContent()
2025-09-19 15:25:15.156 DEBUG testcase.TC04_getAccessToken_Api         - 8: logInfo("Response body content:
" + responseBodyContent)
2025-09-19 15:25:15.159 INFO  com.kms.katalon.core.util.KeywordUtil    - Response body content:
{"accessToken":"eyJhbGciOiJIUzI1NiIsInR5cCI6IkpXVCJ9.eyJpZCI6MSwidXNlcm5hbWUiOiJlbWlseXMiLCJlbWFpbCI6ImVtaWx5LmpvaG5zb25AeC5kdW1teWpzb24uY29tIiwiZmlyc3ROYW1lIjoiRW1pbHkiLCJsYXN0TmFtZSI6IkpvaG5zb24iLCJnZW5kZXIiOiJmZW1hbGUiLCJpbWFnZSI6Imh0dHBzOi8vZHVtbXlqc29uLmNvbS9pY29uL2VtaWx5cy8xMjgiLCJpYXQiOjE3NTgyNzU3MTQsImV4cCI6MTc1ODI3NzUxNH0.sI9AuZgtdtRq4GLXeQ_rw8Z2b8o-du1CK8l9UrlCcqA","refreshToken":"eyJhbGciOiJIUzI1NiIsInR5cCI6IkpXVCJ9.eyJpZCI6MSwidXNlcm5hbWUiOiJlbWlseXMiLCJlbWFpbCI6ImVtaWx5LmpvaG5zb25AeC5kdW1teWpzb24uY29tIiwiZmlyc3ROYW1lIjoiRW1pbHkiLCJsYXN0TmFtZSI6IkpvaG5zb24iLCJnZW5kZXIiOiJmZW1hbGUiLCJpbWFnZSI6Imh0dHBzOi8vZHVtbXlqc29uLmNvbS9pY29uL2VtaWx5cy8xMjgiLCJpYXQiOjE3NTgyNzU3MTQsImV4cCI6MTc2MDg2NzcxNH0.7g2JMpi1CzyL0Pv-0ePsugvOWSFrZCttCJkvjUD58-A","id":1,"username":"emilys","email":"emily.johnson@x.dummyjson.com","firstName":"Emily","lastName":"Johnson","gender":"female","image":"https://dummyjson.com/icon/emilys/128"}
2025-09-19 15:25:15.163 DEBUG testcase.TC04_getAccessToken_Api         - 9: logInfo("Validating response against accessTokenSchema...")
2025-09-19 15:25:15.168 INFO  com.kms.katalon.core.util.KeywordUtil    - Validating response against accessTokenSchema...
2025-09-19 15:25:15.171 DEBUG testcase.TC04_getAccessToken_Api         - 10: schemaMap = JsonFileReader.getSectionData("accessTokenSchema", masterSchemaFilePath)
2025-09-19 15:25:15.183 DEBUG testcase.TC04_getAccessToken_Api         - 11: schemaString = JsonOutput.toJson(schemaMap)
2025-09-19 15:25:15.189 DEBUG testcase.TC04_getAccessToken_Api         - 12: validateJsonAgainstSchema(responseBodyContent, schemaString)
2025-09-19 15:25:15.417 DEBUG testcase.TC04_getAccessToken_Api         - 13: logInfo("Schema validation passed.")
2025-09-19 15:25:15.421 INFO  com.kms.katalon.core.util.KeywordUtil    - Schema validation passed.
2025-09-19 15:25:15.423 DEBUG testcase.TC04_getAccessToken_Api         - 14: parsedResponse = JsonSlurper().parseText(responseBodyContent)
2025-09-19 15:25:15.427 DEBUG testcase.TC04_getAccessToken_Api         - 15: jwtToken = accessToken
2025-09-19 15:25:15.431 DEBUG testcase.TC04_getAccessToken_Api         - 16: logInfo("Extracted JWT Token: " + jwtToken)
2025-09-19 15:25:15.434 INFO  com.kms.katalon.core.util.KeywordUtil    - Extracted JWT Token: eyJhbGciOiJIUzI1NiIsInR5cCI6IkpXVCJ9.eyJpZCI6MSwidXNlcm5hbWUiOiJlbWlseXMiLCJlbWFpbCI6ImVtaWx5LmpvaG5zb25AeC5kdW1teWpzb24uY29tIiwiZmlyc3ROYW1lIjoiRW1pbHkiLCJsYXN0TmFtZSI6IkpvaG5zb24iLCJnZW5kZXIiOiJmZW1hbGUiLCJpbWFnZSI6Imh0dHBzOi8vZHVtbXlqc29uLmNvbS9pY29uL2VtaWx5cy8xMjgiLCJpYXQiOjE3NTgyNzU3MTQsImV4cCI6MTc1ODI3NzUxNH0.sI9AuZgtdtRq4GLXeQ_rw8Z2b8o-du1CK8l9UrlCcqA
2025-09-19 15:25:15.436 DEBUG testcase.TC04_getAccessToken_Api         - 17: logInfo("Storing JWT token in DummyJson section of JSON file...")
2025-09-19 15:25:15.438 INFO  com.kms.katalon.core.util.KeywordUtil    - Storing JWT token in DummyJson section of JSON file...
2025-09-19 15:25:15.440 DEBUG testcase.TC04_getAccessToken_Api         - 18: JsonFileReader.appendToJsonSection(jsonFilePath, "DummyJson", "accessToken", jwtToken)
2025-09-19 15:25:15.509 DEBUG testcase.TC04_getAccessToken_Api         - 19: logInfo("Token stored successfully.")
2025-09-19 15:25:15.512 INFO  com.kms.katalon.core.util.KeywordUtil    - Token stored successfully.
PASSED
⚠️ Error while closing browser: Browser is not opened
Build info: version: '4.28.1', revision: '73f5ad48a2'
System info: os.name: 'Windows 11', os.arch: 'amd64', os.version: '10.0', java.version: '17.0.14'
Driver info: driver.version: unknown
2025-09-19 15:25:15.751 INFO  c.k.katalon.core.main.TestCaseExecutor   - END Test Cases/API_Testing/TC04_getAccessToken_Api
2025-09-19 15:25:15.760 INFO  c.k.katalon.core.main.TestCaseExecutor   - --------------------
2025-09-19 15:25:15.761 INFO  c.k.katalon.core.main.TestCaseExecutor   - START Test Cases/API_Testing/TC06_currentUserDetail_positive_Api
2025-09-19 15:25:15.821 INFO  c.k.katalon.core.main.TestCaseExecutor   - (Default) jsonFilePath = Include/Data Files/login_data.json
ℹ️ Skipping browser launch for API test case: TC06_currentUserDetail_positive_Api
2025-09-19 15:25:16.033 DEBUG t.TC06_currentUserDetail_positive_Api    - 1: logInfo("Reading access token from JSON file...")
2025-09-19 15:25:16.035 INFO  com.kms.katalon.core.util.KeywordUtil    - Reading access token from JSON file...
2025-09-19 15:25:16.039 DEBUG t.TC06_currentUserDetail_positive_Api    - 2: accessToken = JsonFileReader.getJsonData("DummyJson", "accessToken", jsonFilePath)
2025-09-19 15:25:16.056 DEBUG t.TC06_currentUserDetail_positive_Api    - 3: logInfo("Access token retrieved: " + accessToken)
2025-09-19 15:25:16.060 INFO  com.kms.katalon.core.util.KeywordUtil    - Access token retrieved: eyJhbGciOiJIUzI1NiIsInR5cCI6IkpXVCJ9.eyJpZCI6MSwidXNlcm5hbWUiOiJlbWlseXMiLCJlbWFpbCI6ImVtaWx5LmpvaG5zb25AeC5kdW1teWpzb24uY29tIiwiZmlyc3ROYW1lIjoiRW1pbHkiLCJsYXN0TmFtZSI6IkpvaG5zb24iLCJnZW5kZXIiOiJmZW1hbGUiLCJpbWFnZSI6Imh0dHBzOi8vZHVtbXlqc29uLmNvbS9pY29uL2VtaWx5cy8xMjgiLCJpYXQiOjE3NTgyNzU3MTQsImV4cCI6MTc1ODI3NzUxNH0.sI9AuZgtdtRq4GLXeQ_rw8Z2b8o-du1CK8l9UrlCcqA
2025-09-19 15:25:16.062 DEBUG t.TC06_currentUserDetail_positive_Api    - 4: headers = ["Authorization":accessToken, "Content-Type":"application/json"]
2025-09-19 15:25:16.068 DEBUG t.TC06_currentUserDetail_positive_Api    - 5: logInfo("Headers prepared: " + headers.toString())
2025-09-19 15:25:16.075 INFO  com.kms.katalon.core.util.KeywordUtil    - Headers prepared: [Authorization:eyJhbGciOiJIUzI1NiIsInR5cCI6IkpXVCJ9.eyJpZCI6MSwidXNlcm5hbWUiOiJlbWlseXMiLCJlbWFpbCI6ImVtaWx5LmpvaG5zb25AeC5kdW1teWpzb24uY29tIiwiZmlyc3ROYW1lIjoiRW1pbHkiLCJsYXN0TmFtZSI6IkpvaG5zb24iLCJnZW5kZXIiOiJmZW1hbGUiLCJpbWFnZSI6Imh0dHBzOi8vZHVtbXlqc29uLmNvbS9pY29uL2VtaWx5cy8xMjgiLCJpYXQiOjE3NTgyNzU3MTQsImV4cCI6MTc1ODI3NzUxNH0.sI9AuZgtdtRq4GLXeQ_rw8Z2b8o-du1CK8l9UrlCcqA, Content-Type:application/json]
2025-09-19 15:25:16.079 DEBUG t.TC06_currentUserDetail_positive_Api    - 6: logInfo("Sending GET request to /me endpoint...")
2025-09-19 15:25:16.085 INFO  com.kms.katalon.core.util.KeywordUtil    - Sending GET request to /me endpoint...
2025-09-19 15:25:16.089 DEBUG t.TC06_currentUserDetail_positive_Api    - 7: response = ApiKeywords.sendGet("me", headers)
2025-09-19 15:25:16.524 INFO  c.k.k.core.webservice.common.HarLogger   - HAR: C:\Users\10835442\Katalon Studio\Luma\Reports\20250919_152457\API_AccessToken\20250919_152457\requests\main\GET_Generic_1.har
2025-09-19 15:25:16.550 DEBUG t.TC06_currentUserDetail_positive_Api    - 8: logInfo("Response received with status: " + response.getStatusCode())
2025-09-19 15:25:16.558 INFO  com.kms.katalon.core.util.KeywordUtil    - Response received with status: 200
2025-09-19 15:25:16.564 DEBUG t.TC06_currentUserDetail_positive_Api    - 9: parsedResponse = JsonSlurper().parseText(response.getResponseBodyContent())
2025-09-19 15:25:16.578 DEBUG t.TC06_currentUserDetail_positive_Api    - 10: logInfo("Parsed response: " + parsedResponse.toString())
2025-09-19 15:25:16.588 INFO  com.kms.katalon.core.util.KeywordUtil    - Parsed response: {id=1, firstName=Emily, lastName=Johnson, maidenName=Smith, age=28, gender=female, email=emily.johnson@x.dummyjson.com, phone=+81 965-431-3024, username=emilys, password=emilyspass, birthDate=1996-5-30, image=https://dummyjson.com/icon/emilys/128, bloodGroup=O-, height=193.24, weight=63.16, eyeColor=Green, hair={color=Brown, type=Curly}, ip=42.48.100.32, address={address=626 Main Street, city=Phoenix, state=Mississippi, stateCode=MS, postalCode=29112, coordinates={lat=-77.16213, lng=-92.084824}, country=United States}, macAddress=47:fa:41:18:ec:eb, university=University of Wisconsin--Madison, bank={cardExpire=03/26, cardNumber=9289760655481815, cardType=Elo, currency=CNY, iban=YPUXISOBI7TTHPK2BR3HAIXL}, company={department=Engineering, name=Dooley, Kozey and Cronin, title=Sales Manager, address={address=263 Tenth Street, city=San Francisco, state=Wisconsin, stateCode=WI, postalCode=37657, coordinates={lat=71.814525, lng=-161.150263}, country=United States}}, ein=977-175, ssn=900-590-289, userAgent=Mozilla/5.0 (Macintosh; Intel Mac OS X 10_15_7) AppleWebKit/537.36 (KHTML, like Gecko) Chrome/96.0.4664.93 Safari/537.36, crypto={coin=Bitcoin, wallet=0xb9fc2fe63b2a6c003f1c324c3bfa53259162181a, network=Ethereum (ERC20)}, role=admin}
2025-09-19 15:25:16.596 DEBUG t.TC06_currentUserDetail_positive_Api    - 11: logInfo("Storing firstName in apiResponse section of JSON file...")
2025-09-19 15:25:16.606 INFO  com.kms.katalon.core.util.KeywordUtil    - Storing firstName in apiResponse section of JSON file...
2025-09-19 15:25:16.616 DEBUG t.TC06_currentUserDetail_positive_Api    - 12: JsonFileReader.appendToJsonSection(jsonFilePath, "apiResonse", "firstName", firstName)
2025-09-19 15:25:16.651 DEBUG t.TC06_currentUserDetail_positive_Api    - 13: logInfo("firstName stored successfully: " + firstName)
2025-09-19 15:25:16.655 INFO  com.kms.katalon.core.util.KeywordUtil    - firstName stored successfully: Emily
2025-09-19 15:25:16.658 DEBUG t.TC06_currentUserDetail_positive_Api    - 14: logInfo("Storing full response under userData section...")
2025-09-19 15:25:16.661 INFO  com.kms.katalon.core.util.KeywordUtil    - Storing full response under userData section...
2025-09-19 15:25:16.664 DEBUG t.TC06_currentUserDetail_positive_Api    - 15: JsonFileReader.storeApiResponse("userData", response, jsonFilePath)
2025-09-19 15:25:16.708 DEBUG t.TC06_currentUserDetail_positive_Api    - 16: logInfo("Full response stored successfully.")
2025-09-19 15:25:16.710 INFO  com.kms.katalon.core.util.KeywordUtil    - Full response stored successfully.
PASSED
⚠️ Error while closing browser: Browser is not opened
Build info: version: '4.28.1', revision: '73f5ad48a2'
System info: os.name: 'Windows 11', os.arch: 'amd64', os.version: '10.0', java.version: '17.0.14'
Driver info: driver.version: unknown
2025-09-19 15:25:16.731 INFO  c.k.katalon.core.main.TestCaseExecutor   - END Test Cases/API_Testing/TC06_currentUserDetail_positive_Api
2025-09-19 15:25:16.738 INFO  c.k.katalon.core.main.TestCaseExecutor   - --------------------
2025-09-19 15:25:16.738 INFO  c.k.katalon.core.main.TestCaseExecutor   - START Test Cases/API_Testing/TC05_RefereshAccessToken_Api
2025-09-19 15:25:16.777 INFO  c.k.katalon.core.main.TestCaseExecutor   - (Default) jsonFilePath = Include/Data Files/login_data.json
ℹ️ Skipping browser launch for API test case: TC05_RefereshAccessToken_Api
2025-09-19 15:25:16.978 DEBUG testcase.TC05_RefereshAccessToken_Api    - 1: logInfo("Preparing headers for refresh token request...")
2025-09-19 15:25:16.980 INFO  com.kms.katalon.core.util.KeywordUtil    - Preparing headers for refresh token request...
2025-09-19 15:25:16.982 DEBUG testcase.TC05_RefereshAccessToken_Api    - 2: headers = ["Content-Type":"application/json"]
2025-09-19 15:25:16.985 DEBUG testcase.TC05_RefereshAccessToken_Api    - 3: logInfo("Reading refresh payload from JSON file...")
2025-09-19 15:25:16.987 INFO  com.kms.katalon.core.util.KeywordUtil    - Reading refresh payload from JSON file...
2025-09-19 15:25:16.988 DEBUG testcase.TC05_RefereshAccessToken_Api    - 4: payLoad = JsonOutput.toJson(JsonFileReader.getSectionData("refreshData", jsonFilePath))
2025-09-19 15:25:16.995 DEBUG testcase.TC05_RefereshAccessToken_Api    - 5: logInfo("Payload prepared: " + payLoad)
2025-09-19 15:25:16.997 INFO  com.kms.katalon.core.util.KeywordUtil    - Payload prepared: {"refreshToken":"eyJhbGciOiJIUzI1NiIsInR5cCI6IkpXVCJ9.eyJpZCI6MSwidXNlcm5hbWUiOiJlbWlseXMiLCJlbWFpbCI6ImVtaWx5LmpvaG5zb25AeC5kdW1teWpzb24uY29tIiwiZmlyc3ROYW1lIjoiRW1pbHkiLCJsYXN0TmFtZSI6IkpvaG5zb24iLCJnZW5kZXIiOiJmZW1hbGUiLCJpbWFnZSI6Imh0dHBzOi8vZHVtbXlqc29uLmNvbS9pY29uL2VtaWx5cy8xMjgiLCJpYXQiOjE3NTgxODg0NDksImV4cCI6MTc1ODE5MDI0OX0.DLmFfVhjYw1LLvTslkDHBCohcrM2O9LF2ujqAWm36EQ","expiresInMins":30}
2025-09-19 15:25:17.002 DEBUG testcase.TC05_RefereshAccessToken_Api    - 6: logInfo("Sending POST request to /refresh endpoint...")
2025-09-19 15:25:17.007 INFO  com.kms.katalon.core.util.KeywordUtil    - Sending POST request to /refresh endpoint...
2025-09-19 15:25:17.010 DEBUG testcase.TC05_RefereshAccessToken_Api    - 7: refreshResponse = ApiKeywords.sendPost("refresh", payLoad, headers)
2025-09-19 15:25:17.360 INFO  c.k.k.core.webservice.common.HarLogger   - HAR: C:\Users\10835442\Katalon Studio\Luma\Reports\20250919_152457\API_AccessToken\20250919_152457\requests\main\POST_Generic_2.har
2025-09-19 15:25:17.376 DEBUG testcase.TC05_RefereshAccessToken_Api    - 8: logInfo("Response received with status: " + refreshResponse.getStatusCode())
2025-09-19 15:25:17.381 INFO  com.kms.katalon.core.util.KeywordUtil    - Response received with status: 403
2025-09-19 15:25:17.386 DEBUG testcase.TC05_RefereshAccessToken_Api    - 9: parsedResponse = JsonSlurper().parseText(refreshResponse.getResponseBodyContent())
2025-09-19 15:25:17.391 DEBUG testcase.TC05_RefereshAccessToken_Api    - 10: logInfo("Parsed response: " + parsedResponse.toString())
2025-09-19 15:25:17.394 INFO  com.kms.katalon.core.util.KeywordUtil    - Parsed response: {message=Invalid refresh token}
2025-09-19 15:25:17.396 DEBUG testcase.TC05_RefereshAccessToken_Api    - 11: jwtToken = accessToken
2025-09-19 15:25:17.399 DEBUG testcase.TC05_RefereshAccessToken_Api    - 12: logInfo("Extracted new JWT Token: " + jwtToken)
2025-09-19 15:25:17.419 INFO  com.kms.katalon.core.util.KeywordUtil    - Extracted new JWT Token: null
2025-09-19 15:25:17.420 DEBUG testcase.TC05_RefereshAccessToken_Api    - 13: logInfo("Storing new JWT token in DummyJson section of JSON file...")
2025-09-19 15:25:17.422 INFO  com.kms.katalon.core.util.KeywordUtil    - Storing new JWT token in DummyJson section of JSON file...
2025-09-19 15:25:17.423 DEBUG testcase.TC05_RefereshAccessToken_Api    - 14: JsonFileReader.appendToJsonSection(jsonFilePath, "DummyJson", "accessToken", jwtToken)
2025-09-19 15:25:17.453 DEBUG testcase.TC05_RefereshAccessToken_Api    - 15: logInfo("Token stored successfully.")
2025-09-19 15:25:17.455 INFO  com.kms.katalon.core.util.KeywordUtil    - Token stored successfully.
PASSED
⚠️ Error while closing browser: Browser is not opened
Build info: version: '4.28.1', revision: '73f5ad48a2'
System info: os.name: 'Windows 11', os.arch: 'amd64', os.version: '10.0', java.version: '17.0.14'
Driver info: driver.version: unknown
2025-09-19 15:25:17.475 INFO  c.k.katalon.core.main.TestCaseExecutor   - END Test Cases/API_Testing/TC05_RefereshAccessToken_Api
2025-09-19 15:25:17.481 INFO  c.k.katalon.core.main.TestCaseExecutor   - --------------------
2025-09-19 15:25:17.481 INFO  c.k.katalon.core.main.TestCaseExecutor   - START Test Cases/API_Testing/TC07_currentUserDetail_negative_Api
2025-09-19 15:25:17.513 INFO  c.k.katalon.core.main.TestCaseExecutor   - (Default) jsonFilePath = Include/Data Files/login_data.json
ℹ️ Skipping browser launch for API test case: TC07_currentUserDetail_negative_Api
2025-09-19 15:25:17.652 DEBUG t.TC07_currentUserDetail_negative_Api    - 1: logInfo("Reading access token from JSON file...")
2025-09-19 15:25:17.653 INFO  com.kms.katalon.core.util.KeywordUtil    - Reading access token from JSON file...
2025-09-19 15:25:17.654 DEBUG t.TC07_currentUserDetail_negative_Api    - 2: accessToken = JsonFileReader.getJsonData("DummyJson", "invalidToken", jsonFilePath)
2025-09-19 15:25:17.659 DEBUG t.TC07_currentUserDetail_negative_Api    - 3: logInfo("Access token retrieved: " + accessToken)
2025-09-19 15:25:17.661 INFO  com.kms.katalon.core.util.KeywordUtil    - Access token retrieved: qwertyuiosdfghjklzxcvbnm
2025-09-19 15:25:17.662 DEBUG t.TC07_currentUserDetail_negative_Api    - 4: headers = ["Authorization":accessToken, "Content-Type":"application/json"]
2025-09-19 15:25:17.664 DEBUG t.TC07_currentUserDetail_negative_Api    - 5: logInfo("Headers prepared: " + headers.toString())
2025-09-19 15:25:17.669 INFO  com.kms.katalon.core.util.KeywordUtil    - Headers prepared: [Authorization:qwertyuiosdfghjklzxcvbnm, Content-Type:application/json]
2025-09-19 15:25:17.669 DEBUG t.TC07_currentUserDetail_negative_Api    - 6: logInfo("Sending GET request to /me endpoint...")
2025-09-19 15:25:17.671 INFO  com.kms.katalon.core.util.KeywordUtil    - Sending GET request to /me endpoint...
2025-09-19 15:25:17.672 DEBUG t.TC07_currentUserDetail_negative_Api    - 7: response = ApiKeywords.sendGet("me", headers)
2025-09-19 15:25:17.979 INFO  c.k.k.core.webservice.common.HarLogger   - HAR: C:\Users\10835442\Katalon Studio\Luma\Reports\20250919_152457\API_AccessToken\20250919_152457\requests\main\GET_Generic_3.har
2025-09-19 15:25:17.990 DEBUG t.TC07_currentUserDetail_negative_Api    - 8: logInfo("Response received with status: " + response.getStatusCode())
2025-09-19 15:25:17.994 INFO  com.kms.katalon.core.util.KeywordUtil    - Response received with status: 401
2025-09-19 15:25:17.997 DEBUG t.TC07_currentUserDetail_negative_Api    - 9: verifyResponseStatusCode(response.getStatusCode(), 200)
2025-09-19 15:25:18.082 ERROR c.k.katalon.core.main.TestCaseExecutor   - ❌ Test Cases/API_Testing/TC07_currentUserDetail_negative_Api FAILED.
Reason:
groovy.lang.MissingMethodException: No signature of method: static com.kms.katalon.core.webservice.keyword.WSBuiltInKeywords.verifyResponseStatusCode() is applicable for argument types: (Integer, Integer) values: [401, 200]
Possible solutions: verifyResponseStatusCode(com.kms.katalon.core.testobject.ResponseObject, int), verifyResponseStatusCode(com.kms.katalon.core.testobject.ResponseObject, int, com.kms.katalon.core.model.FailureHandling)
	at TC07_currentUserDetail_negative_Api.run(TC07_currentUserDetail_negative_Api:40)
	at com.kms.katalon.core.main.ScriptEngine.run(ScriptEngine.java:194)
	at com.kms.katalon.core.main.ScriptEngine.runScriptAsRawText(ScriptEngine.java:119)
	at com.kms.katalon.core.main.TestCaseExecutor.runScript(TestCaseExecutor.java:486)
	at com.kms.katalon.core.main.TestCaseExecutor.doExecute(TestCaseExecutor.java:477)
	at com.kms.katalon.core.main.TestCaseExecutor.processExecutionPhase(TestCaseExecutor.java:456)
	at com.kms.katalon.core.main.TestCaseExecutor.accessMainPhase(TestCaseExecutor.java:448)
	at com.kms.katalon.core.main.TestCaseExecutor.execute(TestCaseExecutor.java:322)
	at com.kms.katalon.core.common.CommonExecutor.accessTestCaseMainPhase(CommonExecutor.java:71)
	at com.kms.katalon.core.main.TestSuiteExecutor.accessTestSuiteMainPhase(TestSuiteExecutor.java:145)
	at com.kms.katalon.core.main.TestSuiteExecutor.execute(TestSuiteExecutor.java:104)
	at com.kms.katalon.core.main.TestCaseMain.startTestSuite(TestCaseMain.java:205)
	at TempTestSuite1758275697449.run(TempTestSuite1758275697449.groovy:35)
	at java.base/jdk.internal.reflect.NativeMethodAccessorImpl.invoke0(Native Method)
	at java.base/jdk.internal.reflect.NativeMethodAccessorImpl.invoke(NativeMethodAccessorImpl.java:77)
	at java.base/jdk.internal.reflect.DelegatingMethodAccessorImpl.invoke(DelegatingMethodAccessorImpl.java:43)

2025-09-19 15:25:18.149 ERROR c.k.katalon.core.main.TestCaseExecutor   - ❌ Test Cases/API_Testing/TC07_currentUserDetail_negative_Api FAILED.
Reason:
groovy.lang.MissingMethodException: No signature of method: static com.kms.katalon.core.webservice.keyword.WSBuiltInKeywords.verifyResponseStatusCode() is applicable for argument types: (Integer, Integer) values: [401, 200]
Possible solutions: verifyResponseStatusCode(com.kms.katalon.core.testobject.ResponseObject, int), verifyResponseStatusCode(com.kms.katalon.core.testobject.ResponseObject, int, com.kms.katalon.core.model.FailureHandling)
	at TC07_currentUserDetail_negative_Api.run(TC07_currentUserDetail_negative_Api:40)
	at com.kms.katalon.core.main.ScriptEngine.run(ScriptEngine.java:194)
	at com.kms.katalon.core.main.ScriptEngine.runScriptAsRawText(ScriptEngine.java:119)
	at com.kms.katalon.core.main.TestCaseExecutor.runScript(TestCaseExecutor.java:486)
	at com.kms.katalon.core.main.TestCaseExecutor.doExecute(TestCaseExecutor.java:477)
	at com.kms.katalon.core.main.TestCaseExecutor.processExecutionPhase(TestCaseExecutor.java:456)
	at com.kms.katalon.core.main.TestCaseExecutor.accessMainPhase(TestCaseExecutor.java:448)
	at com.kms.katalon.core.main.TestCaseExecutor.execute(TestCaseExecutor.java:322)
	at com.kms.katalon.core.common.CommonExecutor.accessTestCaseMainPhase(CommonExecutor.java:71)
	at com.kms.katalon.core.main.TestSuiteExecutor.accessTestSuiteMainPhase(TestSuiteExecutor.java:145)
	at com.kms.katalon.core.main.TestSuiteExecutor.execute(TestSuiteExecutor.java:104)
	at com.kms.katalon.core.main.TestCaseMain.startTestSuite(TestCaseMain.java:205)
	at TempTestSuite1758275697449.run(TempTestSuite1758275697449.groovy:35)
	at java.base/jdk.internal.reflect.NativeMethodAccessorImpl.invoke0(Native Method)
	at java.base/jdk.internal.reflect.NativeMethodAccessorImpl.invoke(NativeMethodAccessorImpl.java:77)
	at java.base/jdk.internal.reflect.DelegatingMethodAccessorImpl.invoke(DelegatingMethodAccessorImpl.java:43)

ERROR
⚠️ Error while closing browser: Browser is not opened
Build info: version: '4.28.1', revision: '73f5ad48a2'
System info: os.name: 'Windows 11', os.arch: 'amd64', os.version: '10.0', java.version: '17.0.14'
Driver info: driver.version: unknown
2025-09-19 15:25:18.205 INFO  c.k.katalon.core.main.TestCaseExecutor   - END Test Cases/API_Testing/TC07_currentUserDetail_negative_Api
2025-09-19 15:25:18.209 INFO  c.k.katalon.core.main.TestCaseExecutor   - --------------------
2025-09-19 15:25:18.209 INFO  c.k.katalon.core.main.TestCaseExecutor   - START Test Cases/API_Testing/TC07_currentUserDetail_negative_Api
2025-09-19 15:25:18.224 INFO  c.k.katalon.core.main.TestCaseExecutor   - (Default) jsonFilePath = Include/Data Files/login_data.json
ℹ️ Skipping browser launch for API test case: TC07_currentUserDetail_negative_Api
2025-09-19 15:25:18.229 DEBUG t.TC07_currentUserDetail_negative_Api    - 1: logInfo("Reading access token from JSON file...")
2025-09-19 15:25:18.230 INFO  com.kms.katalon.core.util.KeywordUtil    - Reading access token from JSON file...
2025-09-19 15:25:18.231 DEBUG t.TC07_currentUserDetail_negative_Api    - 2: accessToken = JsonFileReader.getJsonData("DummyJson", "invalidToken", jsonFilePath)
2025-09-19 15:25:18.235 DEBUG t.TC07_currentUserDetail_negative_Api    - 3: logInfo("Access token retrieved: " + accessToken)
2025-09-19 15:25:18.236 INFO  com.kms.katalon.core.util.KeywordUtil    - Access token retrieved: qwertyuiosdfghjklzxcvbnm
2025-09-19 15:25:18.237 DEBUG t.TC07_currentUserDetail_negative_Api    - 4: headers = ["Authorization":accessToken, "Content-Type":"application/json"]
2025-09-19 15:25:18.239 DEBUG t.TC07_currentUserDetail_negative_Api    - 5: logInfo("Headers prepared: " + headers.toString())
2025-09-19 15:25:18.240 INFO  com.kms.katalon.core.util.KeywordUtil    - Headers prepared: [Authorization:qwertyuiosdfghjklzxcvbnm, Content-Type:application/json]
2025-09-19 15:25:18.240 DEBUG t.TC07_currentUserDetail_negative_Api    - 6: logInfo("Sending GET request to /me endpoint...")
2025-09-19 15:25:18.241 INFO  com.kms.katalon.core.util.KeywordUtil    - Sending GET request to /me endpoint...
2025-09-19 15:25:18.243 DEBUG t.TC07_currentUserDetail_negative_Api    - 7: response = ApiKeywords.sendGet("me", headers)
2025-09-19 15:25:18.546 INFO  c.k.k.core.webservice.common.HarLogger   - HAR: C:\Users\10835442\Katalon Studio\Luma\Reports\20250919_152457\API_AccessToken\20250919_152457\requests\main\GET_Generic_4.har
2025-09-19 15:25:18.552 DEBUG t.TC07_currentUserDetail_negative_Api    - 8: logInfo("Response received with status: " + response.getStatusCode())
2025-09-19 15:25:18.554 INFO  com.kms.katalon.core.util.KeywordUtil    - Response received with status: 401
2025-09-19 15:25:18.555 DEBUG t.TC07_currentUserDetail_negative_Api    - 9: verifyResponseStatusCode(response.getStatusCode(), 200)
2025-09-19 15:25:18.583 ERROR c.k.katalon.core.main.TestCaseExecutor   - ❌ Test Cases/API_Testing/TC07_currentUserDetail_negative_Api FAILED.
Reason:
groovy.lang.MissingMethodException: No signature of method: static com.kms.katalon.core.webservice.keyword.WSBuiltInKeywords.verifyResponseStatusCode() is applicable for argument types: (Integer, Integer) values: [401, 200]
Possible solutions: verifyResponseStatusCode(com.kms.katalon.core.testobject.ResponseObject, int), verifyResponseStatusCode(com.kms.katalon.core.testobject.ResponseObject, int, com.kms.katalon.core.model.FailureHandling)
	at TC07_currentUserDetail_negative_Api.run(TC07_currentUserDetail_negative_Api:40)
	at com.kms.katalon.core.main.ScriptEngine.run(ScriptEngine.java:194)
	at com.kms.katalon.core.main.ScriptEngine.runScriptAsRawText(ScriptEngine.java:119)
	at com.kms.katalon.core.main.TestCaseExecutor.runScript(TestCaseExecutor.java:486)
	at com.kms.katalon.core.main.TestCaseExecutor.doExecute(TestCaseExecutor.java:477)
	at com.kms.katalon.core.main.TestCaseExecutor.processExecutionPhase(TestCaseExecutor.java:456)
	at com.kms.katalon.core.main.TestCaseExecutor.accessMainPhase(TestCaseExecutor.java:448)
	at com.kms.katalon.core.main.TestCaseExecutor.execute(TestCaseExecutor.java:322)
	at com.kms.katalon.core.main.TestCaseExecutor.execute(TestCaseExecutor.java:406)
	at com.kms.katalon.core.common.CommonExecutor.accessTestCaseMainPhase(CommonExecutor.java:71)
	at com.kms.katalon.core.main.TestSuiteExecutor.accessTestSuiteMainPhase(TestSuiteExecutor.java:145)
	at com.kms.katalon.core.main.TestSuiteExecutor.execute(TestSuiteExecutor.java:104)
	at com.kms.katalon.core.main.TestCaseMain.startTestSuite(TestCaseMain.java:205)
	at TempTestSuite1758275697449.run(TempTestSuite1758275697449.groovy:35)
	at java.base/jdk.internal.reflect.NativeMethodAccessorImpl.invoke0(Native Method)
	at java.base/jdk.internal.reflect.NativeMethodAccessorImpl.invoke(NativeMethodAccessorImpl.java:77)
	at java.base/jdk.internal.reflect.DelegatingMethodAccessorImpl.invoke(DelegatingMethodAccessorImpl.java:43)

2025-09-19 15:25:18.657 ERROR c.k.katalon.core.main.TestCaseExecutor   - ❌ Test Cases/API_Testing/TC07_currentUserDetail_negative_Api FAILED.
Reason:
groovy.lang.MissingMethodException: No signature of method: static com.kms.katalon.core.webservice.keyword.WSBuiltInKeywords.verifyResponseStatusCode() is applicable for argument types: (Integer, Integer) values: [401, 200]
Possible solutions: verifyResponseStatusCode(com.kms.katalon.core.testobject.ResponseObject, int), verifyResponseStatusCode(com.kms.katalon.core.testobject.ResponseObject, int, com.kms.katalon.core.model.FailureHandling)
	at TC07_currentUserDetail_negative_Api.run(TC07_currentUserDetail_negative_Api:40)
	at com.kms.katalon.core.main.ScriptEngine.run(ScriptEngine.java:194)
	at com.kms.katalon.core.main.ScriptEngine.runScriptAsRawText(ScriptEngine.java:119)
	at com.kms.katalon.core.main.TestCaseExecutor.runScript(TestCaseExecutor.java:486)
	at com.kms.katalon.core.main.TestCaseExecutor.doExecute(TestCaseExecutor.java:477)
	at com.kms.katalon.core.main.TestCaseExecutor.processExecutionPhase(TestCaseExecutor.java:456)
	at com.kms.katalon.core.main.TestCaseExecutor.accessMainPhase(TestCaseExecutor.java:448)
	at com.kms.katalon.core.main.TestCaseExecutor.execute(TestCaseExecutor.java:322)
	at com.kms.katalon.core.main.TestCaseExecutor.execute(TestCaseExecutor.java:406)
	at com.kms.katalon.core.common.CommonExecutor.accessTestCaseMainPhase(CommonExecutor.java:71)
	at com.kms.katalon.core.main.TestSuiteExecutor.accessTestSuiteMainPhase(TestSuiteExecutor.java:145)
	at com.kms.katalon.core.main.TestSuiteExecutor.execute(TestSuiteExecutor.java:104)
	at com.kms.katalon.core.main.TestCaseMain.startTestSuite(TestCaseMain.java:205)
	at TempTestSuite1758275697449.run(TempTestSuite1758275697449.groovy:35)
	at java.base/jdk.internal.reflect.NativeMethodAccessorImpl.invoke0(Native Method)
	at java.base/jdk.internal.reflect.NativeMethodAccessorImpl.invoke(NativeMethodAccessorImpl.java:77)
	at java.base/jdk.internal.reflect.DelegatingMethodAccessorImpl.invoke(DelegatingMethodAccessorImpl.java:43)

ERROR
⚠️ Error while closing browser: Browser is not opened
Build info: version: '4.28.1', revision: '73f5ad48a2'
System info: os.name: 'Windows 11', os.arch: 'amd64', os.version: '10.0', java.version: '17.0.14'
Driver info: driver.version: unknown
2025-09-19 15:25:18.750 INFO  c.k.katalon.core.main.TestCaseExecutor   - END Test Cases/API_Testing/TC07_currentUserDetail_negative_Api
2025-09-19 15:25:18.754 INFO  c.k.katalon.core.main.TestCaseExecutor   - --------------------
2025-09-19 15:25:18.754 INFO  c.k.katalon.core.main.TestCaseExecutor   - START Test Cases/API_Testing/TC07_currentUserDetail_negative_Api
2025-09-19 15:25:18.773 INFO  c.k.katalon.core.main.TestCaseExecutor   - (Default) jsonFilePath = Include/Data Files/login_data.json
ℹ️ Skipping browser launch for API test case: TC07_currentUserDetail_negative_Api
2025-09-19 15:25:18.780 DEBUG t.TC07_currentUserDetail_negative_Api    - 1: logInfo("Reading access token from JSON file...")
2025-09-19 15:25:18.781 INFO  com.kms.katalon.core.util.KeywordUtil    - Reading access token from JSON file...
2025-09-19 15:25:18.782 DEBUG t.TC07_currentUserDetail_negative_Api    - 2: accessToken = JsonFileReader.getJsonData("DummyJson", "invalidToken", jsonFilePath)
2025-09-19 15:25:18.785 DEBUG t.TC07_currentUserDetail_negative_Api    - 3: logInfo("Access token retrieved: " + accessToken)
2025-09-19 15:25:18.786 INFO  com.kms.katalon.core.util.KeywordUtil    - Access token retrieved: qwertyuiosdfghjklzxcvbnm
2025-09-19 15:25:18.787 DEBUG t.TC07_currentUserDetail_negative_Api    - 4: headers = ["Authorization":accessToken, "Content-Type":"application/json"]
2025-09-19 15:25:18.788 DEBUG t.TC07_currentUserDetail_negative_Api    - 5: logInfo("Headers prepared: " + headers.toString())
2025-09-19 15:25:18.789 INFO  com.kms.katalon.core.util.KeywordUtil    - Headers prepared: [Authorization:qwertyuiosdfghjklzxcvbnm, Content-Type:application/json]
2025-09-19 15:25:18.790 DEBUG t.TC07_currentUserDetail_negative_Api    - 6: logInfo("Sending GET request to /me endpoint...")
2025-09-19 15:25:18.790 INFO  com.kms.katalon.core.util.KeywordUtil    - Sending GET request to /me endpoint...
2025-09-19 15:25:18.790 DEBUG t.TC07_currentUserDetail_negative_Api    - 7: response = ApiKeywords.sendGet("me", headers)
2025-09-19 15:25:19.121 INFO  c.k.k.core.webservice.common.HarLogger   - HAR: C:\Users\10835442\Katalon Studio\Luma\Reports\20250919_152457\API_AccessToken\20250919_152457\requests\main\GET_Generic_5.har
2025-09-19 15:25:19.124 DEBUG t.TC07_currentUserDetail_negative_Api    - 8: logInfo("Response received with status: " + response.getStatusCode())
2025-09-19 15:25:19.126 INFO  com.kms.katalon.core.util.KeywordUtil    - Response received with status: 401
2025-09-19 15:25:19.126 DEBUG t.TC07_currentUserDetail_negative_Api    - 9: verifyResponseStatusCode(response.getStatusCode(), 200)
2025-09-19 15:25:19.131 ERROR c.k.katalon.core.main.TestCaseExecutor   - ❌ Test Cases/API_Testing/TC07_currentUserDetail_negative_Api FAILED.
Reason:
groovy.lang.MissingMethodException: No signature of method: static com.kms.katalon.core.webservice.keyword.WSBuiltInKeywords.verifyResponseStatusCode() is applicable for argument types: (Integer, Integer) values: [401, 200]
Possible solutions: verifyResponseStatusCode(com.kms.katalon.core.testobject.ResponseObject, int), verifyResponseStatusCode(com.kms.katalon.core.testobject.ResponseObject, int, com.kms.katalon.core.model.FailureHandling)
	at TC07_currentUserDetail_negative_Api.run(TC07_currentUserDetail_negative_Api:40)
	at com.kms.katalon.core.main.ScriptEngine.run(ScriptEngine.java:194)
	at com.kms.katalon.core.main.ScriptEngine.runScriptAsRawText(ScriptEngine.java:119)
	at com.kms.katalon.core.main.TestCaseExecutor.runScript(TestCaseExecutor.java:486)
	at com.kms.katalon.core.main.TestCaseExecutor.doExecute(TestCaseExecutor.java:477)
	at com.kms.katalon.core.main.TestCaseExecutor.processExecutionPhase(TestCaseExecutor.java:456)
	at com.kms.katalon.core.main.TestCaseExecutor.accessMainPhase(TestCaseExecutor.java:448)
	at com.kms.katalon.core.main.TestCaseExecutor.execute(TestCaseExecutor.java:322)
	at com.kms.katalon.core.main.TestCaseExecutor.execute(TestCaseExecutor.java:406)
	at com.kms.katalon.core.main.TestCaseExecutor.execute(TestCaseExecutor.java:406)
	at com.kms.katalon.core.common.CommonExecutor.accessTestCaseMainPhase(CommonExecutor.java:71)
	at com.kms.katalon.core.main.TestSuiteExecutor.accessTestSuiteMainPhase(TestSuiteExecutor.java:145)
	at com.kms.katalon.core.main.TestSuiteExecutor.execute(TestSuiteExecutor.java:104)
	at com.kms.katalon.core.main.TestCaseMain.startTestSuite(TestCaseMain.java:205)
	at TempTestSuite1758275697449.run(TempTestSuite1758275697449.groovy:35)
	at java.base/jdk.internal.reflect.NativeMethodAccessorImpl.invoke0(Native Method)
	at java.base/jdk.internal.reflect.NativeMethodAccessorImpl.invoke(NativeMethodAccessorImpl.java:77)
	at java.base/jdk.internal.reflect.DelegatingMethodAccessorImpl.invoke(DelegatingMethodAccessorImpl.java:43)

2025-09-19 15:25:19.144 ERROR c.k.katalon.core.main.TestCaseExecutor   - ❌ Test Cases/API_Testing/TC07_currentUserDetail_negative_Api FAILED.
Reason:
groovy.lang.MissingMethodException: No signature of method: static com.kms.katalon.core.webservice.keyword.WSBuiltInKeywords.verifyResponseStatusCode() is applicable for argument types: (Integer, Integer) values: [401, 200]
Possible solutions: verifyResponseStatusCode(com.kms.katalon.core.testobject.ResponseObject, int), verifyResponseStatusCode(com.kms.katalon.core.testobject.ResponseObject, int, com.kms.katalon.core.model.FailureHandling)
	at TC07_currentUserDetail_negative_Api.run(TC07_currentUserDetail_negative_Api:40)
	at com.kms.katalon.core.main.ScriptEngine.run(ScriptEngine.java:194)
	at com.kms.katalon.core.main.ScriptEngine.runScriptAsRawText(ScriptEngine.java:119)
	at com.kms.katalon.core.main.TestCaseExecutor.runScript(TestCaseExecutor.java:486)
	at com.kms.katalon.core.main.TestCaseExecutor.doExecute(TestCaseExecutor.java:477)
	at com.kms.katalon.core.main.TestCaseExecutor.processExecutionPhase(TestCaseExecutor.java:456)
	at com.kms.katalon.core.main.TestCaseExecutor.accessMainPhase(TestCaseExecutor.java:448)
	at com.kms.katalon.core.main.TestCaseExecutor.execute(TestCaseExecutor.java:322)
	at com.kms.katalon.core.main.TestCaseExecutor.execute(TestCaseExecutor.java:406)
	at com.kms.katalon.core.main.TestCaseExecutor.execute(TestCaseExecutor.java:406)
	at com.kms.katalon.core.common.CommonExecutor.accessTestCaseMainPhase(CommonExecutor.java:71)
	at com.kms.katalon.core.main.TestSuiteExecutor.accessTestSuiteMainPhase(TestSuiteExecutor.java:145)
	at com.kms.katalon.core.main.TestSuiteExecutor.execute(TestSuiteExecutor.java:104)
	at com.kms.katalon.core.main.TestCaseMain.startTestSuite(TestCaseMain.java:205)
	at TempTestSuite1758275697449.run(TempTestSuite1758275697449.groovy:35)
	at java.base/jdk.internal.reflect.NativeMethodAccessorImpl.invoke0(Native Method)
	at java.base/jdk.internal.reflect.NativeMethodAccessorImpl.invoke(NativeMethodAccessorImpl.java:77)
	at java.base/jdk.internal.reflect.DelegatingMethodAccessorImpl.invoke(DelegatingMethodAccessorImpl.java:43)

ERROR
⚠️ Error while closing browser: Browser is not opened
Build info: version: '4.28.1', revision: '73f5ad48a2'
System info: os.name: 'Windows 11', os.arch: 'amd64', os.version: '10.0', java.version: '17.0.14'
Driver info: driver.version: unknown
2025-09-19 15:25:19.188 INFO  c.k.katalon.core.main.TestCaseExecutor   - END Test Cases/API_Testing/TC07_currentUserDetail_negative_Api
2025-09-19 15:25:19.196 INFO  c.k.katalon.core.main.TestCaseExecutor   - --------------------
2025-09-19 15:25:19.198 INFO  c.k.katalon.core.main.TestCaseExecutor   - START Test Cases/API_Testing/TC07_currentUserDetail_negative_Api
2025-09-19 15:25:19.217 INFO  c.k.katalon.core.main.TestCaseExecutor   - (Default) jsonFilePath = Include/Data Files/login_data.json
ℹ️ Skipping browser launch for API test case: TC07_currentUserDetail_negative_Api
2025-09-19 15:25:19.222 DEBUG t.TC07_currentUserDetail_negative_Api    - 1: logInfo("Reading access token from JSON file...")
2025-09-19 15:25:19.222 INFO  com.kms.katalon.core.util.KeywordUtil    - Reading access token from JSON file...
2025-09-19 15:25:19.223 DEBUG t.TC07_currentUserDetail_negative_Api    - 2: accessToken = JsonFileReader.getJsonData("DummyJson", "invalidToken", jsonFilePath)
2025-09-19 15:25:19.226 DEBUG t.TC07_currentUserDetail_negative_Api    - 3: logInfo("Access token retrieved: " + accessToken)
2025-09-19 15:25:19.227 INFO  com.kms.katalon.core.util.KeywordUtil    - Access token retrieved: qwertyuiosdfghjklzxcvbnm
2025-09-19 15:25:19.227 DEBUG t.TC07_currentUserDetail_negative_Api    - 4: headers = ["Authorization":accessToken, "Content-Type":"application/json"]
2025-09-19 15:25:19.227 DEBUG t.TC07_currentUserDetail_negative_Api    - 5: logInfo("Headers prepared: " + headers.toString())
2025-09-19 15:25:19.228 INFO  com.kms.katalon.core.util.KeywordUtil    - Headers prepared: [Authorization:qwertyuiosdfghjklzxcvbnm, Content-Type:application/json]
2025-09-19 15:25:19.228 DEBUG t.TC07_currentUserDetail_negative_Api    - 6: logInfo("Sending GET request to /me endpoint...")
2025-09-19 15:25:19.229 INFO  com.kms.katalon.core.util.KeywordUtil    - Sending GET request to /me endpoint...
2025-09-19 15:25:19.229 DEBUG t.TC07_currentUserDetail_negative_Api    - 7: response = ApiKeywords.sendGet("me", headers)
2025-09-19 15:25:19.534 INFO  c.k.k.core.webservice.common.HarLogger   - HAR: C:\Users\10835442\Katalon Studio\Luma\Reports\20250919_152457\API_AccessToken\20250919_152457\requests\main\GET_Generic_6.har
2025-09-19 15:25:19.542 DEBUG t.TC07_currentUserDetail_negative_Api    - 8: logInfo("Response received with status: " + response.getStatusCode())
2025-09-19 15:25:19.545 INFO  com.kms.katalon.core.util.KeywordUtil    - Response received with status: 401
2025-09-19 15:25:19.547 DEBUG t.TC07_currentUserDetail_negative_Api    - 9: verifyResponseStatusCode(response.getStatusCode(), 200)
2025-09-19 15:25:19.555 ERROR c.k.katalon.core.main.TestCaseExecutor   - ❌ Test Cases/API_Testing/TC07_currentUserDetail_negative_Api FAILED.
Reason:
groovy.lang.MissingMethodException: No signature of method: static com.kms.katalon.core.webservice.keyword.WSBuiltInKeywords.verifyResponseStatusCode() is applicable for argument types: (Integer, Integer) values: [401, 200]
Possible solutions: verifyResponseStatusCode(com.kms.katalon.core.testobject.ResponseObject, int), verifyResponseStatusCode(com.kms.katalon.core.testobject.ResponseObject, int, com.kms.katalon.core.model.FailureHandling)
	at TC07_currentUserDetail_negative_Api.run(TC07_currentUserDetail_negative_Api:40)
	at com.kms.katalon.core.main.ScriptEngine.run(ScriptEngine.java:194)
	at com.kms.katalon.core.main.ScriptEngine.runScriptAsRawText(ScriptEngine.java:119)
	at com.kms.katalon.core.main.TestCaseExecutor.runScript(TestCaseExecutor.java:486)
	at com.kms.katalon.core.main.TestCaseExecutor.doExecute(TestCaseExecutor.java:477)
	at com.kms.katalon.core.main.TestCaseExecutor.processExecutionPhase(TestCaseExecutor.java:456)
	at com.kms.katalon.core.main.TestCaseExecutor.accessMainPhase(TestCaseExecutor.java:448)
	at com.kms.katalon.core.main.TestCaseExecutor.execute(TestCaseExecutor.java:322)
	at com.kms.katalon.core.main.TestCaseExecutor.execute(TestCaseExecutor.java:406)
	at com.kms.katalon.core.main.TestCaseExecutor.execute(TestCaseExecutor.java:406)
	at com.kms.katalon.core.main.TestCaseExecutor.execute(TestCaseExecutor.java:406)
	at com.kms.katalon.core.common.CommonExecutor.accessTestCaseMainPhase(CommonExecutor.java:71)
	at com.kms.katalon.core.main.TestSuiteExecutor.accessTestSuiteMainPhase(TestSuiteExecutor.java:145)
	at com.kms.katalon.core.main.TestSuiteExecutor.execute(TestSuiteExecutor.java:104)
	at com.kms.katalon.core.main.TestCaseMain.startTestSuite(TestCaseMain.java:205)
	at TempTestSuite1758275697449.run(TempTestSuite1758275697449.groovy:35)
	at java.base/jdk.internal.reflect.NativeMethodAccessorImpl.invoke0(Native Method)
	at java.base/jdk.internal.reflect.NativeMethodAccessorImpl.invoke(NativeMethodAccessorImpl.java:77)
	at java.base/jdk.internal.reflect.DelegatingMethodAccessorImpl.invoke(DelegatingMethodAccessorImpl.java:43)

2025-09-19 15:25:19.580 ERROR c.k.katalon.core.main.TestCaseExecutor   - ❌ Test Cases/API_Testing/TC07_currentUserDetail_negative_Api FAILED.
Reason:
groovy.lang.MissingMethodException: No signature of method: static com.kms.katalon.core.webservice.keyword.WSBuiltInKeywords.verifyResponseStatusCode() is applicable for argument types: (Integer, Integer) values: [401, 200]
Possible solutions: verifyResponseStatusCode(com.kms.katalon.core.testobject.ResponseObject, int), verifyResponseStatusCode(com.kms.katalon.core.testobject.ResponseObject, int, com.kms.katalon.core.model.FailureHandling)
	at TC07_currentUserDetail_negative_Api.run(TC07_currentUserDetail_negative_Api:40)
	at com.kms.katalon.core.main.ScriptEngine.run(ScriptEngine.java:194)
	at com.kms.katalon.core.main.ScriptEngine.runScriptAsRawText(ScriptEngine.java:119)
	at com.kms.katalon.core.main.TestCaseExecutor.runScript(TestCaseExecutor.java:486)
	at com.kms.katalon.core.main.TestCaseExecutor.doExecute(TestCaseExecutor.java:477)
	at com.kms.katalon.core.main.TestCaseExecutor.processExecutionPhase(TestCaseExecutor.java:456)
	at com.kms.katalon.core.main.TestCaseExecutor.accessMainPhase(TestCaseExecutor.java:448)
	at com.kms.katalon.core.main.TestCaseExecutor.execute(TestCaseExecutor.java:322)
	at com.kms.katalon.core.main.TestCaseExecutor.execute(TestCaseExecutor.java:406)
	at com.kms.katalon.core.main.TestCaseExecutor.execute(TestCaseExecutor.java:406)
	at com.kms.katalon.core.main.TestCaseExecutor.execute(TestCaseExecutor.java:406)
	at com.kms.katalon.core.common.CommonExecutor.accessTestCaseMainPhase(CommonExecutor.java:71)
	at com.kms.katalon.core.main.TestSuiteExecutor.accessTestSuiteMainPhase(TestSuiteExecutor.java:145)
	at com.kms.katalon.core.main.TestSuiteExecutor.execute(TestSuiteExecutor.java:104)
	at com.kms.katalon.core.main.TestCaseMain.startTestSuite(TestCaseMain.java:205)
	at TempTestSuite1758275697449.run(TempTestSuite1758275697449.groovy:35)
	at java.base/jdk.internal.reflect.NativeMethodAccessorImpl.invoke0(Native Method)
	at java.base/jdk.internal.reflect.NativeMethodAccessorImpl.invoke(NativeMethodAccessorImpl.java:77)
	at java.base/jdk.internal.reflect.DelegatingMethodAccessorImpl.invoke(DelegatingMethodAccessorImpl.java:43)

ERROR
⚠️ Error while closing browser: Browser is not opened
Build info: version: '4.28.1', revision: '73f5ad48a2'
System info: os.name: 'Windows 11', os.arch: 'amd64', os.version: '10.0', java.version: '17.0.14'
Driver info: driver.version: unknown
2025-09-19 15:25:19.607 INFO  c.k.katalon.core.main.TestCaseExecutor   - END Test Cases/API_Testing/TC07_currentUserDetail_negative_Api
2025-09-19 15:25:19.678 INFO  c.k.katalon.core.main.TestSuiteExecutor  - --------------------
2025-09-19 15:25:19.678 INFO  c.k.katalon.core.main.TestSuiteExecutor  - END Test Suites/API_AccessToken
2025-09-19 15:25:19.678 INFO  c.k.katalon.core.main.TestSuiteExecutor  - ====================
