2025-09-14 09:43:14.638 INFO  c.k.katalon.core.main.TestSuiteExecutor  - START Test Suites/DependentTestcase
2025-09-14 09:43:14.809 INFO  c.k.katalon.core.main.TestSuiteExecutor  - userFullName = Abinesh R
2025-09-14 09:43:14.811 INFO  c.k.katalon.core.main.TestSuiteExecutor  - projectName = Luma
2025-09-14 09:43:14.812 INFO  c.k.katalon.core.main.TestSuiteExecutor  - hostName = 10835442 - 7DS3S93
2025-09-14 09:43:14.813 INFO  c.k.katalon.core.main.TestSuiteExecutor  - os = Windows 11 64bit
2025-09-14 09:43:14.814 INFO  c.k.katalon.core.main.TestSuiteExecutor  - hostAddress = 192.168.2.159
2025-09-14 09:43:14.816 INFO  c.k.katalon.core.main.TestSuiteExecutor  - katalonVersion = 10.3.1.0
2025-09-14 09:43:15.750 INFO  c.k.katalon.core.main.TestCaseExecutor   - --------------------
2025-09-14 09:43:15.750 INFO  c.k.katalon.core.main.TestCaseExecutor   - START Test Cases/TC_SignIn
2025-09-14 09:43:15.944 INFO  c.k.katalon.core.main.TestCaseExecutor   - (Default) filepath = Include/Data Files/login_data.json
2025-09-14 09:43:15.971 INFO  c.k.katalon.core.main.TestCaseExecutor   - (Default) section = loginPage
2025-09-14 09:43:16.376 ERROR c.k.k.core.context.internal.TestHooker   - ❌ org.codehaus.groovy.runtime.InvokerInvocationException: groovy.lang.MissingMethodException: No signature of method: static com.kms.katalon.core.util.KeywordUtil.markSkipped() is applicable for argument types: (org.codehaus.groovy.runtime.GStringImpl) values: [Skipping TC_SignIn due to failed TC_UserRegistration]
Possible solutions: markFailed(java.lang.String)
	at com.kms.katalon.core.context.internal.TestHooker.invokeMethod(TestHooker.java:111)
	at com.kms.katalon.core.context.internal.TestHooker.lambda$3(TestHooker.java:95)
	at com.kms.katalon.core.context.internal.TestHooker.invokeContextMethods(TestHooker.java:94)
	at com.kms.katalon.core.context.internal.TestListenerCollector.lambda$3(TestListenerCollector.java:88)
	at com.kms.katalon.core.context.internal.TestListenerCollector.handleListenerEvent(TestListenerCollector.java:85)
	at com.kms.katalon.core.context.internal.ExecutionEventManager.publicEvent(ExecutionEventManager.java:36)
	at com.kms.katalon.core.main.TestCaseExecutor.execute(TestCaseExecutor.java:304)
	at com.kms.katalon.core.common.CommonExecutor.accessTestCaseMainPhase(CommonExecutor.java:71)
	at com.kms.katalon.core.main.TestSuiteExecutor.accessTestSuiteMainPhase(TestSuiteExecutor.java:145)
	at com.kms.katalon.core.main.TestSuiteExecutor.execute(TestSuiteExecutor.java:104)
	at com.kms.katalon.core.main.TestCaseMain.startTestSuite(TestCaseMain.java:205)
	at TempTestSuite1757823187375.run(TempTestSuite1757823187375.groovy:35)
	at java.base/jdk.internal.reflect.NativeMethodAccessorImpl.invoke0(Native Method)
	at java.base/jdk.internal.reflect.NativeMethodAccessorImpl.invoke(NativeMethodAccessorImpl.java:77)
	at java.base/jdk.internal.reflect.DelegatingMethodAccessorImpl.invoke(DelegatingMethodAccessorImpl.java:43)
Caused by: groovy.lang.MissingMethodException: No signature of method: static com.kms.katalon.core.util.KeywordUtil.markSkipped() is applicable for argument types: (org.codehaus.groovy.runtime.GStringImpl) values: [Skipping TC_SignIn due to failed TC_UserRegistration]
Possible solutions: markFailed(java.lang.String)
	at BrowserListener.beforeTestCase(BrowserListener.groovy:34)
	at java.base/jdk.internal.reflect.NativeMethodAccessorImpl.invoke0(Native Method)
	at java.base/jdk.internal.reflect.NativeMethodAccessorImpl.invoke(NativeMethodAccessorImpl.java:77)
	at java.base/jdk.internal.reflect.DelegatingMethodAccessorImpl.invoke(DelegatingMethodAccessorImpl.java:43)
	... 15 more

2025-09-14 09:43:16.806 DEBUG testcase.TC_SignIn                       - 1: try
2025-09-14 09:43:16.810 DEBUG testcase.TC_SignIn                       - 1: ExtentManager.initReport("LoginTestReport")
2025-09-14 09:43:18.289 DEBUG testcase.TC_SignIn                       - 2: ExtentManager.createTest("Login Test")
2025-09-14 09:43:18.303 DEBUG testcase.TC_SignIn                       - 3: ExtentManager.logInfo("Navigating to the sign in page")
2025-09-14 09:43:18.340 DEBUG testcase.TC_SignIn                       - 4: pages.HomePage.navigateToAccountPage(STOP_ON_FAILURE)
2025-09-14 09:43:19.160 ERROR k.k.c.m.CustomKeywordDelegatingMetaClass - ❌ Browser is not opened
Build info: version: '4.28.1', revision: '73f5ad48a2'
System info: os.name: 'Windows 11', os.arch: 'amd64', os.version: '10.0', java.version: '17.0.14'
Driver info: driver.version: unknown
2025-09-14 09:43:19.166 DEBUG testcase.TC_SignIn                       - 2: catch (Exception e)
2025-09-14 09:43:19.171 DEBUG testcase.TC_SignIn                       - 1: JsonFileReader.updateJsonValue("executionStatus", "TC_SignIn", false, filepath)
Updated 'TC_SignIn' in 'executionStatus' section to 'false'.
2025-09-14 09:43:19.274 DEBUG testcase.TC_SignIn                       - 2: ExtentManager.logFail("Signin testcase failed: " + message)
2025-09-14 09:43:19.294 DEBUG testcase.TC_SignIn                       - 3: takeScreenshot()
2025-09-14 09:43:19.386 ERROR c.k.k.core.keyword.internal.KeywordMain  - ❌ Cannot take screenshot (Root cause: com.kms.katalon.core.exception.StepFailedException: Cannot take screenshot
	at com.kms.katalon.core.webui.keyword.internal.WebUIKeywordMain.stepFailed(WebUIKeywordMain.groovy:175)
	at com.kms.katalon.core.webui.keyword.internal.WebUIKeywordMain.runKeyword(WebUIKeywordMain.groovy:49)
	at com.kms.katalon.core.webui.keyword.builtin.TakeScreenshotKeyword.takeScreenshot(TakeScreenshotKeyword.groovy:91)
	at com.kms.katalon.core.webui.keyword.builtin.TakeScreenshotKeyword.execute(TakeScreenshotKeyword.groovy:49)
	at com.kms.katalon.core.keyword.internal.KeywordExecutor.executeKeywordForPlatform(KeywordExecutor.groovy:79)
	at com.kms.katalon.core.webui.keyword.WebUiBuiltInKeywords.takeScreenshot(WebUiBuiltInKeywords.groovy:3109)
	at TC_SignIn.run(TC_SignIn:64)
	at com.kms.katalon.core.main.ScriptEngine.run(ScriptEngine.java:194)
	at com.kms.katalon.core.main.ScriptEngine.runScriptAsRawText(ScriptEngine.java:119)
	at com.kms.katalon.core.main.TestCaseExecutor.runScript(TestCaseExecutor.java:486)
	at com.kms.katalon.core.main.TestCaseExecutor.doExecute(TestCaseExecutor.java:477)
	at com.kms.katalon.core.main.TestCaseExecutor.processExecutionPhase(TestCaseExecutor.java:456)
	at com.kms.katalon.core.main.TestCaseExecutor.accessMainPhase(TestCaseExecutor.java:448)
	at com.kms.katalon.core.main.TestCaseExecutor.execute(TestCaseExecutor.java:322)
	at com.kms.katalon.core.common.CommonExecutor.accessTestCaseMainPhase(CommonExecutor.java:71)
	at com.kms.katalon.core.main.TestSuiteExecutor.accessTestSuiteMainPhase(TestSuiteExecutor.java:145)
	at com.kms.katalon.core.main.TestSuiteExecutor.execute(TestSuiteExecutor.java:104)
	at com.kms.katalon.core.main.TestCaseMain.startTestSuite(TestCaseMain.java:205)
	at TempTestSuite1757823187375.run(TempTestSuite1757823187375.groovy:35)
	at java.base/jdk.internal.reflect.NativeMethodAccessorImpl.invoke0(Native Method)
	at java.base/jdk.internal.reflect.NativeMethodAccessorImpl.invoke(NativeMethodAccessorImpl.java:77)
	at java.base/jdk.internal.reflect.DelegatingMethodAccessorImpl.invoke(DelegatingMethodAccessorImpl.java:43)
Caused by: com.kms.katalon.core.webui.exception.BrowserNotOpenedException: Browser is not opened
Build info: version: '4.28.1', revision: '73f5ad48a2'
System info: os.name: 'Windows 11', os.arch: 'amd64', os.version: '10.0', java.version: '17.0.14'
Driver info: driver.version: unknown
	at com.kms.katalon.core.webui.driver.DriverFactory.verifyWebDriverIsOpen(DriverFactory.java:587)
	at com.kms.katalon.core.webui.driver.DriverFactory.verifyWebDriver(DriverFactory.java:572)
	at com.kms.katalon.core.webui.driver.DriverFactory.getWebDriver(DriverFactory.java:546)
	at com.kms.katalon.core.webui.keyword.builtin.TakeScreenshotKeyword$_takeScreenshot_closure1.doCall(TakeScreenshotKeyword.groovy:93)
	at com.kms.katalon.core.webui.keyword.builtin.TakeScreenshotKeyword$_takeScreenshot_closure1.call(TakeScreenshotKeyword.groovy)
	at com.kms.katalon.core.webui.keyword.internal.WebUIKeywordMain.runKeyword(WebUIKeywordMain.groovy:41)
	at com.kms.katalon.core.webui.keyword.builtin.TakeScreenshotKeyword.takeScreenshot(TakeScreenshotKeyword.groovy:91)
	at com.kms.katalon.core.webui.keyword.builtin.TakeScreenshotKeyword.execute(TakeScreenshotKeyword.groovy:49)
	at com.kms.katalon.core.keyword.internal.KeywordExecutor.executeKeywordForPlatform(KeywordExecutor.groovy:79)
	at com.kms.katalon.core.webui.keyword.WebUiBuiltInKeywords.takeScreenshot(WebUiBuiltInKeywords.groovy:3109)
	at Script1756104045199.run(Script1756104045199.groovy:64)
	... 15 more
)
2025-09-14 09:43:19.392 DEBUG testcase.TC_SignIn                       - 3: Finally
2025-09-14 09:43:19.396 DEBUG testcase.TC_SignIn                       - 1: ExtentManager.flushReport()
2025-09-14 09:43:20.097 ERROR c.k.katalon.core.main.TestCaseExecutor   - ❌ Test Cases/TC_SignIn FAILED.
Reason:
com.kms.katalon.core.webui.exception.BrowserNotOpenedException: Browser is not opened
Build info: version: '4.28.1', revision: '73f5ad48a2'
System info: os.name: 'Windows 11', os.arch: 'amd64', os.version: '10.0', java.version: '17.0.14'
Driver info: driver.version: unknown
	at com.kms.katalon.core.webui.driver.DriverFactory.verifyWebDriverIsOpen(DriverFactory.java:587)
	at com.kms.katalon.core.webui.driver.DriverFactory.verifyWebDriver(DriverFactory.java:572)
	at com.kms.katalon.core.webui.driver.DriverFactory.getWebDriver(DriverFactory.java:546)
	at utils.Helper.hoverElement(Helper.groovy:71)
	at pages.HomePage.navigateToAccountPage(HomePage.groovy:28)
	at java.base/jdk.internal.reflect.NativeMethodAccessorImpl.invoke0(Native Method)
	at java.base/jdk.internal.reflect.NativeMethodAccessorImpl.invoke(NativeMethodAccessorImpl.java:77)
	at java.base/jdk.internal.reflect.DelegatingMethodAccessorImpl.invoke(DelegatingMethodAccessorImpl.java:43)
	at com.kms.katalon.core.main.CustomKeywordDelegatingMetaClass.invokeStaticMethod(CustomKeywordDelegatingMetaClass.java:55)
	at TC_SignIn.run(TC_SignIn:33)
	at com.kms.katalon.core.main.ScriptEngine.run(ScriptEngine.java:194)
	at com.kms.katalon.core.main.ScriptEngine.runScriptAsRawText(ScriptEngine.java:119)
	at com.kms.katalon.core.main.TestCaseExecutor.runScript(TestCaseExecutor.java:486)
	at com.kms.katalon.core.main.TestCaseExecutor.doExecute(TestCaseExecutor.java:477)
	at com.kms.katalon.core.main.TestCaseExecutor.processExecutionPhase(TestCaseExecutor.java:456)
	at com.kms.katalon.core.main.TestCaseExecutor.accessMainPhase(TestCaseExecutor.java:448)
	at com.kms.katalon.core.main.TestCaseExecutor.execute(TestCaseExecutor.java:322)
	at com.kms.katalon.core.common.CommonExecutor.accessTestCaseMainPhase(CommonExecutor.java:71)
	at com.kms.katalon.core.main.TestSuiteExecutor.accessTestSuiteMainPhase(TestSuiteExecutor.java:145)
	at com.kms.katalon.core.main.TestSuiteExecutor.execute(TestSuiteExecutor.java:104)
	at com.kms.katalon.core.main.TestCaseMain.startTestSuite(TestCaseMain.java:205)
	at TempTestSuite1757823187375.run(TempTestSuite1757823187375.groovy:35)
	at java.base/jdk.internal.reflect.NativeMethodAccessorImpl.invoke0(Native Method)
	at java.base/jdk.internal.reflect.NativeMethodAccessorImpl.invoke(NativeMethodAccessorImpl.java:77)
	at java.base/jdk.internal.reflect.DelegatingMethodAccessorImpl.invoke(DelegatingMethodAccessorImpl.java:43)

⚠️ Error while closing browser: Browser is not opened
Build info: version: '4.28.1', revision: '73f5ad48a2'
System info: os.name: 'Windows 11', os.arch: 'amd64', os.version: '10.0', java.version: '17.0.14'
Driver info: driver.version: unknown
2025-09-14 09:43:20.126 INFO  c.k.katalon.core.main.TestCaseExecutor   - END Test Cases/TC_SignIn
2025-09-14 09:43:20.140 INFO  c.k.katalon.core.main.TestCaseExecutor   - --------------------
2025-09-14 09:43:20.140 INFO  c.k.katalon.core.main.TestCaseExecutor   - START Test Cases/TC_ChangePassword
2025-09-14 09:43:20.199 INFO  c.k.katalon.core.main.TestCaseExecutor   - (Default) filepath = Include/Data Files/login_data.json
2025-09-14 09:43:20.240 INFO  c.k.katalon.core.main.TestCaseExecutor   - (Default) section = changePasswordPage
2025-09-14 09:43:20.371 ERROR c.k.k.core.context.internal.TestHooker   - ❌ utils.SkipThisTestExecution: Skipping TC_ChangePassword due to failed TC_SignIn
	at utils.DependencyHandler.checkDependency(DependencyHandler.groovy:43)
	at BrowserListener.beforeTestCase(BrowserListener.groovy:33)
	at java.base/jdk.internal.reflect.NativeMethodAccessorImpl.invoke0(Native Method)
	at java.base/jdk.internal.reflect.NativeMethodAccessorImpl.invoke(NativeMethodAccessorImpl.java:77)
	at java.base/jdk.internal.reflect.DelegatingMethodAccessorImpl.invoke(DelegatingMethodAccessorImpl.java:43)
	at com.kms.katalon.core.context.internal.TestHooker.invokeMethod(TestHooker.java:111)
	at com.kms.katalon.core.context.internal.TestHooker.lambda$3(TestHooker.java:95)
	at com.kms.katalon.core.context.internal.TestHooker.invokeContextMethods(TestHooker.java:94)
	at com.kms.katalon.core.context.internal.TestListenerCollector.lambda$3(TestListenerCollector.java:88)
	at com.kms.katalon.core.context.internal.TestListenerCollector.handleListenerEvent(TestListenerCollector.java:85)
	at com.kms.katalon.core.context.internal.ExecutionEventManager.publicEvent(ExecutionEventManager.java:36)
	at com.kms.katalon.core.main.TestCaseExecutor.execute(TestCaseExecutor.java:304)
	at com.kms.katalon.core.common.CommonExecutor.accessTestCaseMainPhase(CommonExecutor.java:71)
	at com.kms.katalon.core.main.TestSuiteExecutor.accessTestSuiteMainPhase(TestSuiteExecutor.java:145)
	at com.kms.katalon.core.main.TestSuiteExecutor.execute(TestSuiteExecutor.java:104)
	at com.kms.katalon.core.main.TestCaseMain.startTestSuite(TestCaseMain.java:205)
	at TempTestSuite1757823187375.run(TempTestSuite1757823187375.groovy:35)
	at java.base/jdk.internal.reflect.NativeMethodAccessorImpl.invoke0(Native Method)
	at java.base/jdk.internal.reflect.NativeMethodAccessorImpl.invoke(NativeMethodAccessorImpl.java:77)
	at java.base/jdk.internal.reflect.DelegatingMethodAccessorImpl.invoke(DelegatingMethodAccessorImpl.java:43)

2025-09-14 09:43:20.755 DEBUG testcase.TC_ChangePassword               - 1: ExtentManager.initReport("ChangePasswordReport")
2025-09-14 09:43:20.765 DEBUG testcase.TC_ChangePassword               - 2: ExtentManager.createTest("Change Password Test")
2025-09-14 09:43:20.770 DEBUG testcase.TC_ChangePassword               - 3: try
2025-09-14 09:43:20.778 DEBUG testcase.TC_ChangePassword               - 1: ExtentManager.logInfo("Signing into the account")
2025-09-14 09:43:20.785 DEBUG testcase.TC_ChangePassword               - 2: callTestCase(findTestCase("Test Cases/TC_SignIn"), [:])
2025-09-14 09:43:20.942 INFO  c.k.katalon.core.main.TestCaseExecutor   - --------------------
2025-09-14 09:43:20.943 INFO  c.k.katalon.core.main.TestCaseExecutor   - CALL Test Cases/TC_SignIn
2025-09-14 09:43:20.988 INFO  c.k.katalon.core.main.TestCaseExecutor   - (Default) filepath = Include/Data Files/login_data.json
2025-09-14 09:43:20.990 INFO  c.k.katalon.core.main.TestCaseExecutor   - (Default) section = loginPage
2025-09-14 09:43:20.995 DEBUG testcase.TC_SignIn                       - 1: try
2025-09-14 09:43:21.002 DEBUG testcase.TC_SignIn                       - 1: ExtentManager.initReport("LoginTestReport")
2025-09-14 09:43:21.011 DEBUG testcase.TC_SignIn                       - 2: ExtentManager.createTest("Login Test")
2025-09-14 09:43:21.017 DEBUG testcase.TC_SignIn                       - 3: ExtentManager.logInfo("Navigating to the sign in page")
2025-09-14 09:43:21.023 DEBUG testcase.TC_SignIn                       - 4: pages.HomePage.navigateToAccountPage(STOP_ON_FAILURE)
2025-09-14 09:43:21.063 ERROR k.k.c.m.CustomKeywordDelegatingMetaClass - ❌ Browser is not opened
Build info: version: '4.28.1', revision: '73f5ad48a2'
System info: os.name: 'Windows 11', os.arch: 'amd64', os.version: '10.0', java.version: '17.0.14'
Driver info: driver.version: unknown
2025-09-14 09:43:21.069 DEBUG testcase.TC_SignIn                       - 2: catch (Exception e)
2025-09-14 09:43:21.083 DEBUG testcase.TC_SignIn                       - 1: JsonFileReader.updateJsonValue("executionStatus", "TC_SignIn", false, filepath)
Updated 'TC_SignIn' in 'executionStatus' section to 'false'.
2025-09-14 09:43:21.103 DEBUG testcase.TC_SignIn                       - 2: ExtentManager.logFail("Signin testcase failed: " + message)
2025-09-14 09:43:21.111 DEBUG testcase.TC_SignIn                       - 3: takeScreenshot()
2025-09-14 09:43:21.131 ERROR c.k.k.core.keyword.internal.KeywordMain  - ❌ Cannot take screenshot (Root cause: com.kms.katalon.core.exception.StepFailedException: Cannot take screenshot
	at com.kms.katalon.core.webui.keyword.internal.WebUIKeywordMain.stepFailed(WebUIKeywordMain.groovy:175)
	at com.kms.katalon.core.webui.keyword.internal.WebUIKeywordMain.runKeyword(WebUIKeywordMain.groovy:49)
	at com.kms.katalon.core.webui.keyword.builtin.TakeScreenshotKeyword.takeScreenshot(TakeScreenshotKeyword.groovy:91)
	at com.kms.katalon.core.webui.keyword.builtin.TakeScreenshotKeyword.execute(TakeScreenshotKeyword.groovy:49)
	at com.kms.katalon.core.keyword.internal.KeywordExecutor.executeKeywordForPlatform(KeywordExecutor.groovy:79)
	at com.kms.katalon.core.webui.keyword.WebUiBuiltInKeywords.takeScreenshot(WebUiBuiltInKeywords.groovy:3109)
	at TC_SignIn.run(TC_SignIn:64)
	at com.kms.katalon.core.main.ScriptEngine.run(ScriptEngine.java:194)
	at com.kms.katalon.core.main.ScriptEngine.runScriptAsRawText(ScriptEngine.java:119)
	at com.kms.katalon.core.main.TestCaseExecutor.runScript(TestCaseExecutor.java:486)
	at com.kms.katalon.core.main.TestCaseExecutor.doExecute(TestCaseExecutor.java:477)
	at com.kms.katalon.core.main.TestCaseExecutor.processExecutionPhase(TestCaseExecutor.java:456)
	at com.kms.katalon.core.main.TestCaseExecutor.accessMainPhase(TestCaseExecutor.java:448)
	at com.kms.katalon.core.main.TestCaseExecutor.execute(TestCaseExecutor.java:322)
	at com.kms.katalon.core.main.TestCaseMain.runTestCase(TestCaseMain.java:151)
	at com.kms.katalon.core.keyword.builtin.CallTestCaseKeyword$_callTestCase_closure1.doCall(CallTestCaseKeyword.groovy:59)
	at com.kms.katalon.core.keyword.builtin.CallTestCaseKeyword$_callTestCase_closure1.call(CallTestCaseKeyword.groovy)
	at com.kms.katalon.core.keyword.internal.KeywordMain.runKeyword(KeywordMain.groovy:75)
	at com.kms.katalon.core.keyword.builtin.CallTestCaseKeyword.callTestCase(CallTestCaseKeyword.groovy:81)
	at com.kms.katalon.core.keyword.builtin.CallTestCaseKeyword.execute(CallTestCaseKeyword.groovy:44)
	at com.kms.katalon.core.keyword.internal.KeywordExecutor.executeKeywordForPlatform(KeywordExecutor.groovy:79)
	at com.kms.katalon.core.keyword.BuiltinKeywords.callTestCase(BuiltinKeywords.groovy:326)
	at java.base/jdk.internal.reflect.NativeMethodAccessorImpl.invoke0(Native Method)
	at java.base/jdk.internal.reflect.NativeMethodAccessorImpl.invoke(NativeMethodAccessorImpl.java:77)
	at java.base/jdk.internal.reflect.DelegatingMethodAccessorImpl.invoke(DelegatingMethodAccessorImpl.java:43)
	at TC_ChangePassword.run(TC_ChangePassword:34)
	at com.kms.katalon.core.main.ScriptEngine.run(ScriptEngine.java:194)
	at com.kms.katalon.core.main.ScriptEngine.runScriptAsRawText(ScriptEngine.java:119)
	at com.kms.katalon.core.main.TestCaseExecutor.runScript(TestCaseExecutor.java:486)
	at com.kms.katalon.core.main.TestCaseExecutor.doExecute(TestCaseExecutor.java:477)
	at com.kms.katalon.core.main.TestCaseExecutor.processExecutionPhase(TestCaseExecutor.java:456)
	at com.kms.katalon.core.main.TestCaseExecutor.accessMainPhase(TestCaseExecutor.java:448)
	at com.kms.katalon.core.main.TestCaseExecutor.execute(TestCaseExecutor.java:322)
	at com.kms.katalon.core.common.CommonExecutor.accessTestCaseMainPhase(CommonExecutor.java:71)
	at com.kms.katalon.core.main.TestSuiteExecutor.accessTestSuiteMainPhase(TestSuiteExecutor.java:145)
	at com.kms.katalon.core.main.TestSuiteExecutor.execute(TestSuiteExecutor.java:104)
	at com.kms.katalon.core.main.TestCaseMain.startTestSuite(TestCaseMain.java:205)
	at TempTestSuite1757823187375.run(TempTestSuite1757823187375.groovy:35)
	at java.base/jdk.internal.reflect.NativeMethodAccessorImpl.invoke0(Native Method)
	at java.base/jdk.internal.reflect.NativeMethodAccessorImpl.invoke(NativeMethodAccessorImpl.java:77)
	at java.base/jdk.internal.reflect.DelegatingMethodAccessorImpl.invoke(DelegatingMethodAccessorImpl.java:43)
Caused by: com.kms.katalon.core.webui.exception.BrowserNotOpenedException: Browser is not opened
Build info: version: '4.28.1', revision: '73f5ad48a2'
System info: os.name: 'Windows 11', os.arch: 'amd64', os.version: '10.0', java.version: '17.0.14'
Driver info: driver.version: unknown
	at com.kms.katalon.core.webui.driver.DriverFactory.verifyWebDriverIsOpen(DriverFactory.java:587)
	at com.kms.katalon.core.webui.driver.DriverFactory.verifyWebDriver(DriverFactory.java:572)
	at com.kms.katalon.core.webui.driver.DriverFactory.getWebDriver(DriverFactory.java:546)
	at com.kms.katalon.core.webui.keyword.builtin.TakeScreenshotKeyword$_takeScreenshot_closure1.doCall(TakeScreenshotKeyword.groovy:93)
	at com.kms.katalon.core.webui.keyword.builtin.TakeScreenshotKeyword$_takeScreenshot_closure1.call(TakeScreenshotKeyword.groovy)
	at com.kms.katalon.core.webui.keyword.internal.WebUIKeywordMain.runKeyword(WebUIKeywordMain.groovy:41)
	at com.kms.katalon.core.webui.keyword.builtin.TakeScreenshotKeyword.takeScreenshot(TakeScreenshotKeyword.groovy:91)
	at com.kms.katalon.core.webui.keyword.builtin.TakeScreenshotKeyword.execute(TakeScreenshotKeyword.groovy:49)
	at com.kms.katalon.core.keyword.internal.KeywordExecutor.executeKeywordForPlatform(KeywordExecutor.groovy:79)
	at com.kms.katalon.core.webui.keyword.WebUiBuiltInKeywords.takeScreenshot(WebUiBuiltInKeywords.groovy:3109)
	at Script1756104045199.run(Script1756104045199.groovy:64)
	at com.kms.katalon.core.main.ScriptEngine.run(ScriptEngine.java:194)
	at com.kms.katalon.core.main.ScriptEngine.runScriptAsRawText(ScriptEngine.java:119)
	at com.kms.katalon.core.main.TestCaseExecutor.runScript(TestCaseExecutor.java:486)
	at com.kms.katalon.core.main.TestCaseExecutor.doExecute(TestCaseExecutor.java:477)
	at com.kms.katalon.core.main.TestCaseExecutor.processExecutionPhase(TestCaseExecutor.java:456)
	at com.kms.katalon.core.main.TestCaseExecutor.accessMainPhase(TestCaseExecutor.java:448)
	at com.kms.katalon.core.main.TestCaseExecutor.execute(TestCaseExecutor.java:322)
	at com.kms.katalon.core.main.TestCaseMain.runTestCase(TestCaseMain.java:151)
	at com.kms.katalon.core.keyword.builtin.CallTestCaseKeyword$_callTestCase_closure1.doCall(CallTestCaseKeyword.groovy:59)
	at com.kms.katalon.core.keyword.builtin.CallTestCaseKeyword$_callTestCase_closure1.call(CallTestCaseKeyword.groovy)
	at com.kms.katalon.core.keyword.internal.KeywordMain.runKeyword(KeywordMain.groovy:75)
	at com.kms.katalon.core.keyword.builtin.CallTestCaseKeyword.callTestCase(CallTestCaseKeyword.groovy:81)
	at com.kms.katalon.core.keyword.builtin.CallTestCaseKeyword.execute(CallTestCaseKeyword.groovy:44)
	at com.kms.katalon.core.keyword.internal.KeywordExecutor.executeKeywordForPlatform(KeywordExecutor.groovy:79)
	at com.kms.katalon.core.keyword.BuiltinKeywords.callTestCase(BuiltinKeywords.groovy:326)
	at java.base/jdk.internal.reflect.NativeMethodAccessorImpl.invoke0(Native Method)
	at java.base/jdk.internal.reflect.NativeMethodAccessorImpl.invoke(NativeMethodAccessorImpl.java:77)
	at java.base/jdk.internal.reflect.DelegatingMethodAccessorImpl.invoke(DelegatingMethodAccessorImpl.java:43)
	at Script1756375221636.run(Script1756375221636.groovy:34)
	... 15 more
)
2025-09-14 09:43:21.144 DEBUG testcase.TC_SignIn                       - 3: Finally
2025-09-14 09:43:21.151 DEBUG testcase.TC_SignIn                       - 1: ExtentManager.flushReport()
2025-09-14 09:43:21.424 ERROR c.k.katalon.core.main.TestCaseExecutor   - ❌ Test Cases/TC_SignIn FAILED.
Reason:
com.kms.katalon.core.webui.exception.BrowserNotOpenedException: Browser is not opened
Build info: version: '4.28.1', revision: '73f5ad48a2'
System info: os.name: 'Windows 11', os.arch: 'amd64', os.version: '10.0', java.version: '17.0.14'
Driver info: driver.version: unknown
	at com.kms.katalon.core.webui.driver.DriverFactory.verifyWebDriverIsOpen(DriverFactory.java:587)
	at com.kms.katalon.core.webui.driver.DriverFactory.verifyWebDriver(DriverFactory.java:572)
	at com.kms.katalon.core.webui.driver.DriverFactory.getWebDriver(DriverFactory.java:546)
	at utils.Helper.hoverElement(Helper.groovy:71)
	at pages.HomePage.navigateToAccountPage(HomePage.groovy:28)
	at java.base/jdk.internal.reflect.NativeMethodAccessorImpl.invoke0(Native Method)
	at java.base/jdk.internal.reflect.NativeMethodAccessorImpl.invoke(NativeMethodAccessorImpl.java:77)
	at java.base/jdk.internal.reflect.DelegatingMethodAccessorImpl.invoke(DelegatingMethodAccessorImpl.java:43)
	at com.kms.katalon.core.main.CustomKeywordDelegatingMetaClass.invokeStaticMethod(CustomKeywordDelegatingMetaClass.java:55)
	at TC_SignIn.run(TC_SignIn:33)
	at com.kms.katalon.core.main.ScriptEngine.run(ScriptEngine.java:194)
	at com.kms.katalon.core.main.ScriptEngine.runScriptAsRawText(ScriptEngine.java:119)
	at com.kms.katalon.core.main.TestCaseExecutor.runScript(TestCaseExecutor.java:486)
	at com.kms.katalon.core.main.TestCaseExecutor.doExecute(TestCaseExecutor.java:477)
	at com.kms.katalon.core.main.TestCaseExecutor.processExecutionPhase(TestCaseExecutor.java:456)
	at com.kms.katalon.core.main.TestCaseExecutor.accessMainPhase(TestCaseExecutor.java:448)
	at com.kms.katalon.core.main.TestCaseExecutor.execute(TestCaseExecutor.java:322)
	at com.kms.katalon.core.main.TestCaseMain.runTestCase(TestCaseMain.java:151)
	at com.kms.katalon.core.keyword.builtin.CallTestCaseKeyword$_callTestCase_closure1.doCall(CallTestCaseKeyword.groovy:59)
	at com.kms.katalon.core.keyword.builtin.CallTestCaseKeyword$_callTestCase_closure1.call(CallTestCaseKeyword.groovy)
	at com.kms.katalon.core.keyword.internal.KeywordMain.runKeyword(KeywordMain.groovy:75)
	at com.kms.katalon.core.keyword.builtin.CallTestCaseKeyword.callTestCase(CallTestCaseKeyword.groovy:81)
	at com.kms.katalon.core.keyword.builtin.CallTestCaseKeyword.execute(CallTestCaseKeyword.groovy:44)
	at com.kms.katalon.core.keyword.internal.KeywordExecutor.executeKeywordForPlatform(KeywordExecutor.groovy:79)
	at com.kms.katalon.core.keyword.BuiltinKeywords.callTestCase(BuiltinKeywords.groovy:326)
	at java.base/jdk.internal.reflect.NativeMethodAccessorImpl.invoke0(Native Method)
	at java.base/jdk.internal.reflect.NativeMethodAccessorImpl.invoke(NativeMethodAccessorImpl.java:77)
	at java.base/jdk.internal.reflect.DelegatingMethodAccessorImpl.invoke(DelegatingMethodAccessorImpl.java:43)
	at TC_ChangePassword.run(TC_ChangePassword:34)
	at com.kms.katalon.core.main.ScriptEngine.run(ScriptEngine.java:194)
	at com.kms.katalon.core.main.ScriptEngine.runScriptAsRawText(ScriptEngine.java:119)
	at com.kms.katalon.core.main.TestCaseExecutor.runScript(TestCaseExecutor.java:486)
	at com.kms.katalon.core.main.TestCaseExecutor.doExecute(TestCaseExecutor.java:477)
	at com.kms.katalon.core.main.TestCaseExecutor.processExecutionPhase(TestCaseExecutor.java:456)
	at com.kms.katalon.core.main.TestCaseExecutor.accessMainPhase(TestCaseExecutor.java:448)
	at com.kms.katalon.core.main.TestCaseExecutor.execute(TestCaseExecutor.java:322)
	at com.kms.katalon.core.common.CommonExecutor.accessTestCaseMainPhase(CommonExecutor.java:71)
	at com.kms.katalon.core.main.TestSuiteExecutor.accessTestSuiteMainPhase(TestSuiteExecutor.java:145)
	at com.kms.katalon.core.main.TestSuiteExecutor.execute(TestSuiteExecutor.java:104)
	at com.kms.katalon.core.main.TestCaseMain.startTestSuite(TestCaseMain.java:205)
	at TempTestSuite1757823187375.run(TempTestSuite1757823187375.groovy:35)
	at java.base/jdk.internal.reflect.NativeMethodAccessorImpl.invoke0(Native Method)
	at java.base/jdk.internal.reflect.NativeMethodAccessorImpl.invoke(NativeMethodAccessorImpl.java:77)
	at java.base/jdk.internal.reflect.DelegatingMethodAccessorImpl.invoke(DelegatingMethodAccessorImpl.java:43)

2025-09-14 09:43:21.434 INFO  c.k.katalon.core.main.TestCaseExecutor   - END CALL Test Cases/TC_SignIn
2025-09-14 09:43:21.435 INFO  c.k.katalon.core.main.TestCaseExecutor   - --------------------
2025-09-14 09:43:21.458 ERROR c.k.k.core.keyword.internal.KeywordMain  - ❌ Unable to call Test Case 'Test Cases/TC_SignIn' (Root cause: com.kms.katalon.core.exception.StepErrorException: Call Test Case 'Test Cases/TC_SignIn' failed because of error(s)
	at com.kms.katalon.core.keyword.builtin.CallTestCaseKeyword$_callTestCase_closure1.doCall(CallTestCaseKeyword.groovy:66)
	at com.kms.katalon.core.keyword.builtin.CallTestCaseKeyword$_callTestCase_closure1.call(CallTestCaseKeyword.groovy)
	at com.kms.katalon.core.keyword.internal.KeywordMain.runKeyword(KeywordMain.groovy:75)
	at com.kms.katalon.core.keyword.builtin.CallTestCaseKeyword.callTestCase(CallTestCaseKeyword.groovy:81)
	at com.kms.katalon.core.keyword.builtin.CallTestCaseKeyword.execute(CallTestCaseKeyword.groovy:44)
	at com.kms.katalon.core.keyword.internal.KeywordExecutor.executeKeywordForPlatform(KeywordExecutor.groovy:79)
	at com.kms.katalon.core.keyword.BuiltinKeywords.callTestCase(BuiltinKeywords.groovy:326)
	at java.base/jdk.internal.reflect.NativeMethodAccessorImpl.invoke0(Native Method)
	at java.base/jdk.internal.reflect.NativeMethodAccessorImpl.invoke(NativeMethodAccessorImpl.java:77)
	at java.base/jdk.internal.reflect.DelegatingMethodAccessorImpl.invoke(DelegatingMethodAccessorImpl.java:43)
	at TC_ChangePassword.run(TC_ChangePassword:34)
	at com.kms.katalon.core.main.ScriptEngine.run(ScriptEngine.java:194)
	at com.kms.katalon.core.main.ScriptEngine.runScriptAsRawText(ScriptEngine.java:119)
	at com.kms.katalon.core.main.TestCaseExecutor.runScript(TestCaseExecutor.java:486)
	at com.kms.katalon.core.main.TestCaseExecutor.doExecute(TestCaseExecutor.java:477)
	at com.kms.katalon.core.main.TestCaseExecutor.processExecutionPhase(TestCaseExecutor.java:456)
	at com.kms.katalon.core.main.TestCaseExecutor.accessMainPhase(TestCaseExecutor.java:448)
	at com.kms.katalon.core.main.TestCaseExecutor.execute(TestCaseExecutor.java:322)
	at com.kms.katalon.core.common.CommonExecutor.accessTestCaseMainPhase(CommonExecutor.java:71)
	at com.kms.katalon.core.main.TestSuiteExecutor.accessTestSuiteMainPhase(TestSuiteExecutor.java:145)
	at com.kms.katalon.core.main.TestSuiteExecutor.execute(TestSuiteExecutor.java:104)
	at com.kms.katalon.core.main.TestCaseMain.startTestSuite(TestCaseMain.java:205)
	at TempTestSuite1757823187375.run(TempTestSuite1757823187375.groovy:35)
	at java.base/jdk.internal.reflect.NativeMethodAccessorImpl.invoke0(Native Method)
	at java.base/jdk.internal.reflect.NativeMethodAccessorImpl.invoke(NativeMethodAccessorImpl.java:77)
	at java.base/jdk.internal.reflect.DelegatingMethodAccessorImpl.invoke(DelegatingMethodAccessorImpl.java:43)
Caused by: com.kms.katalon.core.webui.exception.BrowserNotOpenedException: Browser is not opened
Build info: version: '4.28.1', revision: '73f5ad48a2'
System info: os.name: 'Windows 11', os.arch: 'amd64', os.version: '10.0', java.version: '17.0.14'
Driver info: driver.version: unknown
	at com.kms.katalon.core.webui.driver.DriverFactory.verifyWebDriverIsOpen(DriverFactory.java:587)
	at com.kms.katalon.core.webui.driver.DriverFactory.verifyWebDriver(DriverFactory.java:572)
	at com.kms.katalon.core.webui.driver.DriverFactory.getWebDriver(DriverFactory.java:546)
	at utils.Helper.hoverElement(Helper.groovy:71)
	at pages.HomePage.navigateToAccountPage(HomePage.groovy:28)
	at java.base/jdk.internal.reflect.NativeMethodAccessorImpl.invoke0(Native Method)
	at java.base/jdk.internal.reflect.NativeMethodAccessorImpl.invoke(NativeMethodAccessorImpl.java:77)
	at java.base/jdk.internal.reflect.DelegatingMethodAccessorImpl.invoke(DelegatingMethodAccessorImpl.java:43)
	at com.kms.katalon.core.main.CustomKeywordDelegatingMetaClass.invokeStaticMethod(CustomKeywordDelegatingMetaClass.java:55)
	at TC_SignIn.run(TC_SignIn:33)
	at com.kms.katalon.core.main.ScriptEngine.run(ScriptEngine.java:194)
	at com.kms.katalon.core.main.ScriptEngine.runScriptAsRawText(ScriptEngine.java:119)
	at com.kms.katalon.core.main.TestCaseExecutor.runScript(TestCaseExecutor.java:486)
	at com.kms.katalon.core.main.TestCaseExecutor.doExecute(TestCaseExecutor.java:477)
	at com.kms.katalon.core.main.TestCaseExecutor.processExecutionPhase(TestCaseExecutor.java:456)
	at com.kms.katalon.core.main.TestCaseExecutor.accessMainPhase(TestCaseExecutor.java:448)
	at com.kms.katalon.core.main.TestCaseExecutor.execute(TestCaseExecutor.java:322)
	at com.kms.katalon.core.main.TestCaseMain.runTestCase(TestCaseMain.java:151)
	at com.kms.katalon.core.keyword.builtin.CallTestCaseKeyword$_callTestCase_closure1.doCall(CallTestCaseKeyword.groovy:59)
	... 25 more
)
2025-09-14 09:43:21.466 DEBUG testcase.TC_ChangePassword               - 4: catch (Exception e)
2025-09-14 09:43:21.473 DEBUG testcase.TC_ChangePassword               - 1: ExtentManager.logFail("Failed to sign into the account: " + message)
2025-09-14 09:43:21.477 DEBUG testcase.TC_ChangePassword               - 6: try
2025-09-14 09:43:21.485 DEBUG testcase.TC_ChangePassword               - 1: ExtentManager.logInfo("Navigating to change password page")
2025-09-14 09:43:21.489 DEBUG testcase.TC_ChangePassword               - 2: pages.AccountPage.clickOnChangePassword(findTestObject("Object Repository/AccountPage/changePassword"), STOP_ON_FAILURE)
2025-09-14 09:43:21.538 ERROR k.k.c.m.CustomKeywordDelegatingMetaClass - ❌ Browser is not opened
Build info: version: '4.28.1', revision: '73f5ad48a2'
System info: os.name: 'Windows 11', os.arch: 'amd64', os.version: '10.0', java.version: '17.0.14'
Driver info: driver.version: unknown
2025-09-14 09:43:21.542 DEBUG testcase.TC_ChangePassword               - 7: catch (Exception e)
2025-09-14 09:43:21.546 DEBUG testcase.TC_ChangePassword               - 1: ExtentManager.logFail("Failed to navigate to change password page: " + message)
2025-09-14 09:43:21.552 DEBUG testcase.TC_ChangePassword               - 9: try
2025-09-14 09:43:21.559 DEBUG testcase.TC_ChangePassword               - 1: ExtentManager.logInfo("Setting up a new password")
2025-09-14 09:43:21.566 DEBUG testcase.TC_ChangePassword               - 2: pages.PasswordChangePage.changingPassword(JsonFileReader.getJsonData(section, "password", filepath), STOP_ON_FAILURE)
2025-09-14 09:43:21.638 ERROR k.k.c.m.CustomKeywordDelegatingMetaClass - ❌ Browser is not opened
Build info: version: '4.28.1', revision: '73f5ad48a2'
System info: os.name: 'Windows 11', os.arch: 'amd64', os.version: '10.0', java.version: '17.0.14'
Driver info: driver.version: unknown
2025-09-14 09:43:21.642 DEBUG testcase.TC_ChangePassword               - 10: catch (Exception e)
2025-09-14 09:43:21.657 DEBUG testcase.TC_ChangePassword               - 1: ExtentManager.logFail("Failed to set new password: " + message)
2025-09-14 09:43:21.662 DEBUG testcase.TC_ChangePassword               - 12: try
2025-09-14 09:43:21.671 DEBUG testcase.TC_ChangePassword               - 1: ExtentManager.logInfo("Verifying Password Change Text")
2025-09-14 09:43:21.674 DEBUG testcase.TC_ChangePassword               - 2: pages.AccountPage.verifyPasswordChange(findTestObject("Object Repository/AccountPage/passwordChangedText"), JsonFileReader.getJsonData(section, "verifyText", filepath), STOP_ON_FAILURE)
2025-09-14 09:43:21.712 ERROR k.k.c.m.CustomKeywordDelegatingMetaClass - ❌ Browser is not opened
Build info: version: '4.28.1', revision: '73f5ad48a2'
System info: os.name: 'Windows 11', os.arch: 'amd64', os.version: '10.0', java.version: '17.0.14'
Driver info: driver.version: unknown
2025-09-14 09:43:21.721 DEBUG testcase.TC_ChangePassword               - 13: catch (Exception e)
2025-09-14 09:43:21.726 DEBUG testcase.TC_ChangePassword               - 1: ExtentManager.logFail("Failed to verify password change text: " + message)
2025-09-14 09:43:21.732 DEBUG testcase.TC_ChangePassword               - 15: try
2025-09-14 09:43:21.744 DEBUG testcase.TC_ChangePassword               - 1: ExtentManager.logInfo("Updating login password in JSON file")
2025-09-14 09:43:21.750 DEBUG testcase.TC_ChangePassword               - 2: JsonFileReader.updateJsonValue("loginPage", "password", JsonFileReader.getJsonData(section, "password", filepath), filepath)
Updated 'password' in 'loginPage' section to 'Password@123'.
2025-09-14 09:43:21.792 DEBUG testcase.TC_ChangePassword               - 3: ExtentManager.logPass("Updated login password in JSON file")
2025-09-14 09:43:21.801 DEBUG testcase.TC_ChangePassword               - 18: try
2025-09-14 09:43:21.811 DEBUG testcase.TC_ChangePassword               - 1: ExtentManager.logInfo("Navigating to change password page")
2025-09-14 09:43:21.837 DEBUG testcase.TC_ChangePassword               - 2: pages.AccountPage.clickOnChangePassword(findTestObject("Object Repository/AccountPage/changePassword"))
2025-09-14 09:43:21.890 ERROR k.k.c.m.CustomKeywordDelegatingMetaClass - ❌ No signature of method: pages.AccountPage.clickOnChangePassword() is applicable for argument types: (com.kms.katalon.core.testobject.TestObject) values: [TestObject - 'Object Repository/AccountPage/changePassword']
Possible solutions: clickOnChangePassword(com.kms.katalon.core.testobject.TestObject, com.kms.katalon.core.model.FailureHandling)
2025-09-14 09:43:21.895 DEBUG testcase.TC_ChangePassword               - 19: catch (Exception e)
2025-09-14 09:43:21.903 DEBUG testcase.TC_ChangePassword               - 1: ExtentManager.logFail("Failed to navigate to change password page: " + message)
2025-09-14 09:43:21.909 DEBUG testcase.TC_ChangePassword               - 21: try
2025-09-14 09:43:21.916 DEBUG testcase.TC_ChangePassword               - 1: ExtentManager.logInfo("Setting up a new password")
2025-09-14 09:43:21.920 DEBUG testcase.TC_ChangePassword               - 2: pages.PasswordChangePage.changingPassword(JsonFileReader.getJsonData(section, "password", filepath))
2025-09-14 09:43:21.940 ERROR k.k.c.m.CustomKeywordDelegatingMetaClass - ❌ No signature of method: pages.PasswordChangePage.changingPassword() is applicable for argument types: (String) values: [Password@123]
Possible solutions: changingPassword(java.lang.String, com.kms.katalon.core.model.FailureHandling)
2025-09-14 09:43:21.955 DEBUG testcase.TC_ChangePassword               - 22: catch (Exception e)
2025-09-14 09:43:21.960 DEBUG testcase.TC_ChangePassword               - 1: ExtentManager.logFail("Failed to set new password: " + message)
2025-09-14 09:43:21.976 DEBUG testcase.TC_ChangePassword               - 24: try
2025-09-14 09:43:21.984 DEBUG testcase.TC_ChangePassword               - 1: ExtentManager.logInfo("Verifying Password Change Text")
2025-09-14 09:43:21.987 DEBUG testcase.TC_ChangePassword               - 2: pages.AccountPage.verifyPasswordChange(findTestObject("Object Repository/AccountPage/passwordChangedText"), JsonFileReader.getJsonData(section, "verifyText", filepath), STOP_ON_FAILURE)
2025-09-14 09:43:22.011 ERROR k.k.c.m.CustomKeywordDelegatingMetaClass - ❌ Browser is not opened
Build info: version: '4.28.1', revision: '73f5ad48a2'
System info: os.name: 'Windows 11', os.arch: 'amd64', os.version: '10.0', java.version: '17.0.14'
Driver info: driver.version: unknown
2025-09-14 09:43:22.018 DEBUG testcase.TC_ChangePassword               - 25: catch (Exception e)
2025-09-14 09:43:22.023 DEBUG testcase.TC_ChangePassword               - 1: ExtentManager.logFail("Failed to verify password change text: " + message)
2025-09-14 09:43:22.026 DEBUG testcase.TC_ChangePassword               - 27: try
2025-09-14 09:43:22.033 DEBUG testcase.TC_ChangePassword               - 1: ExtentManager.logInfo("Updating login password in JSON file")
2025-09-14 09:43:22.040 DEBUG testcase.TC_ChangePassword               - 2: JsonFileReader.updateJsonValue("loginPage", "password", JsonFileReader.getJsonData(section, "password", filepath), filepath)
Updated 'password' in 'loginPage' section to 'Password@123'.
2025-09-14 09:43:22.066 DEBUG testcase.TC_ChangePassword               - 3: ExtentManager.logPass("Updated login password in JSON file")
2025-09-14 09:43:22.075 DEBUG testcase.TC_ChangePassword               - 30: ExtentManager.flushReport()
2025-09-14 09:43:22.117 ERROR c.k.katalon.core.main.TestCaseExecutor   - ❌ Test Cases/TC_ChangePassword FAILED.
Reason:
com.kms.katalon.core.webui.exception.BrowserNotOpenedException: Browser is not opened
Build info: version: '4.28.1', revision: '73f5ad48a2'
System info: os.name: 'Windows 11', os.arch: 'amd64', os.version: '10.0', java.version: '17.0.14'
Driver info: driver.version: unknown
	at com.kms.katalon.core.webui.driver.DriverFactory.verifyWebDriverIsOpen(DriverFactory.java:587)
	at com.kms.katalon.core.webui.driver.DriverFactory.verifyWebDriver(DriverFactory.java:572)
	at com.kms.katalon.core.webui.driver.DriverFactory.getWebDriver(DriverFactory.java:546)
	at utils.Helper.verifyText(Helper.groovy:109)
	at pages.AccountPage.verifyPasswordChange(AccountPage.groovy:38)
	at java.base/jdk.internal.reflect.NativeMethodAccessorImpl.invoke0(Native Method)
	at java.base/jdk.internal.reflect.NativeMethodAccessorImpl.invoke(NativeMethodAccessorImpl.java:77)
	at java.base/jdk.internal.reflect.DelegatingMethodAccessorImpl.invoke(DelegatingMethodAccessorImpl.java:43)
	at com.kms.katalon.core.main.CustomKeywordDelegatingMetaClass.invokeStaticMethod(CustomKeywordDelegatingMetaClass.java:55)
	at TC_ChangePassword.run(TC_ChangePassword:115)
	at com.kms.katalon.core.main.ScriptEngine.run(ScriptEngine.java:194)
	at com.kms.katalon.core.main.ScriptEngine.runScriptAsRawText(ScriptEngine.java:119)
	at com.kms.katalon.core.main.TestCaseExecutor.runScript(TestCaseExecutor.java:486)
	at com.kms.katalon.core.main.TestCaseExecutor.doExecute(TestCaseExecutor.java:477)
	at com.kms.katalon.core.main.TestCaseExecutor.processExecutionPhase(TestCaseExecutor.java:456)
	at com.kms.katalon.core.main.TestCaseExecutor.accessMainPhase(TestCaseExecutor.java:448)
	at com.kms.katalon.core.main.TestCaseExecutor.execute(TestCaseExecutor.java:322)
	at com.kms.katalon.core.common.CommonExecutor.accessTestCaseMainPhase(CommonExecutor.java:71)
	at com.kms.katalon.core.main.TestSuiteExecutor.accessTestSuiteMainPhase(TestSuiteExecutor.java:145)
	at com.kms.katalon.core.main.TestSuiteExecutor.execute(TestSuiteExecutor.java:104)
	at com.kms.katalon.core.main.TestCaseMain.startTestSuite(TestCaseMain.java:205)
	at TempTestSuite1757823187375.run(TempTestSuite1757823187375.groovy:35)
	at java.base/jdk.internal.reflect.NativeMethodAccessorImpl.invoke0(Native Method)
	at java.base/jdk.internal.reflect.NativeMethodAccessorImpl.invoke(NativeMethodAccessorImpl.java:77)
	at java.base/jdk.internal.reflect.DelegatingMethodAccessorImpl.invoke(DelegatingMethodAccessorImpl.java:43)

2025-09-14 09:43:22.124 ERROR c.k.katalon.core.main.TestCaseExecutor   - ❌ Test Cases/TC_ChangePassword FAILED.
Reason:
com.kms.katalon.core.webui.exception.BrowserNotOpenedException: Browser is not opened
Build info: version: '4.28.1', revision: '73f5ad48a2'
System info: os.name: 'Windows 11', os.arch: 'amd64', os.version: '10.0', java.version: '17.0.14'
Driver info: driver.version: unknown
	at com.kms.katalon.core.webui.driver.DriverFactory.verifyWebDriverIsOpen(DriverFactory.java:587)
	at com.kms.katalon.core.webui.driver.DriverFactory.verifyWebDriver(DriverFactory.java:572)
	at com.kms.katalon.core.webui.driver.DriverFactory.getWebDriver(DriverFactory.java:546)
	at utils.Helper.clickElement(Helper.groovy:53)
	at pages.AccountPage.clickOnChangePassword(AccountPage.groovy:33)
	at java.base/jdk.internal.reflect.NativeMethodAccessorImpl.invoke0(Native Method)
	at java.base/jdk.internal.reflect.NativeMethodAccessorImpl.invoke(NativeMethodAccessorImpl.java:77)
	at java.base/jdk.internal.reflect.DelegatingMethodAccessorImpl.invoke(DelegatingMethodAccessorImpl.java:43)
	at com.kms.katalon.core.main.CustomKeywordDelegatingMetaClass.invokeStaticMethod(CustomKeywordDelegatingMetaClass.java:55)
	at TC_ChangePassword.run(TC_ChangePassword:45)
	at com.kms.katalon.core.main.ScriptEngine.run(ScriptEngine.java:194)
	at com.kms.katalon.core.main.ScriptEngine.runScriptAsRawText(ScriptEngine.java:119)
	at com.kms.katalon.core.main.TestCaseExecutor.runScript(TestCaseExecutor.java:486)
	at com.kms.katalon.core.main.TestCaseExecutor.doExecute(TestCaseExecutor.java:477)
	at com.kms.katalon.core.main.TestCaseExecutor.processExecutionPhase(TestCaseExecutor.java:456)
	at com.kms.katalon.core.main.TestCaseExecutor.accessMainPhase(TestCaseExecutor.java:448)
	at com.kms.katalon.core.main.TestCaseExecutor.execute(TestCaseExecutor.java:322)
	at com.kms.katalon.core.common.CommonExecutor.accessTestCaseMainPhase(CommonExecutor.java:71)
	at com.kms.katalon.core.main.TestSuiteExecutor.accessTestSuiteMainPhase(TestSuiteExecutor.java:145)
	at com.kms.katalon.core.main.TestSuiteExecutor.execute(TestSuiteExecutor.java:104)
	at com.kms.katalon.core.main.TestCaseMain.startTestSuite(TestCaseMain.java:205)
	at TempTestSuite1757823187375.run(TempTestSuite1757823187375.groovy:35)
	at java.base/jdk.internal.reflect.NativeMethodAccessorImpl.invoke0(Native Method)
	at java.base/jdk.internal.reflect.NativeMethodAccessorImpl.invoke(NativeMethodAccessorImpl.java:77)
	at java.base/jdk.internal.reflect.DelegatingMethodAccessorImpl.invoke(DelegatingMethodAccessorImpl.java:43)

⚠️ Error while closing browser: Browser is not opened
Build info: version: '4.28.1', revision: '73f5ad48a2'
System info: os.name: 'Windows 11', os.arch: 'amd64', os.version: '10.0', java.version: '17.0.14'
Driver info: driver.version: unknown
2025-09-14 09:43:22.156 INFO  c.k.katalon.core.main.TestCaseExecutor   - END Test Cases/TC_ChangePassword
2025-09-14 09:43:22.300 INFO  c.k.katalon.core.main.TestSuiteExecutor  - --------------------
2025-09-14 09:43:22.300 INFO  c.k.katalon.core.main.TestSuiteExecutor  - END Test Suites/DependentTestcase
2025-09-14 09:43:22.300 INFO  c.k.katalon.core.main.TestSuiteExecutor  - ====================
