<?xml version="1.0" encoding="UTF-8"?>
<testsuites name="GraphQL_API" time="14.96" tests="4" failures="3" errors="0">
   <testsuite name="GraphQL_API" tests="4" failures="3" errors="0" time="14.96" skipped="0" timestamp="2025-10-01T04:19:31.524Z" hostname="10835442 - 192.168.1.4" id="Test Suites/GraphQL_API">
      <properties>
         <property name="deviceName" value=""/>
         <property name="devicePlatform"/>
         <property name="logFolder" value="C:\\Users\\10835442\\Katalon Studio\\Luma\\Reports\\20251001_094924\\GraphQL_API\\20251001_094924"/>
         <property name="logFiles" value="C:\\Users\\10835442\\Katalon Studio\\Luma\\Reports\\20251001_094924\\GraphQL_API\\20251001_094924\\console0.log, C:\\Users\\10835442\\Katalon Studio\\Luma\\Reports\\20251001_094924\\GraphQL_API\\20251001_094924\\execution0.log"/>
         <property name="attachments" value=""/>
         <property name="userFullName" value="abinesh rajendran"/>
         <property name="hostName" value="10835442 - 192.168.1.4"/>
         <property name="hostAddress" value="192.168.1.4"/>
         <property name="projectName" value="Luma"/>
         <property name="os" value="Windows 11 64bit"/>
         <property name="katalonVersion" value="10.3.1.0"/>
      </properties>
      <testcase name="Test Cases/API_Testing/GraphQL_API_Testing/TC01_graphql_Get_api" time="0.474" classname="Test Cases/API_Testing/GraphQL_API_Testing/TC01_graphql_Get_api" status="FAILED">
         <properties>
            <property name="data_binding"><![CDATA[{"(Default) graph...":"graphQL","(Default) schem...":"Include/Data Files/MasterSchema.json","(Default) apiBa...":"apiBaseUrl","(Default) JsonF...":"Include/Data Files/login_data.json"}]]></property>
         </properties>
         <failure type="FAILED" message="Test Cases/API_Testing/GraphQL_API_Testing/TC01_graphql_Get_api FAILED.&#xa;Reason:&#xa;com.kms.katalon.core.exception.StepFailedException: Schema validation failed.&#xa;	at com.kms.katalon.core.util.KeywordUtil.markFailed(KeywordUtil.java:19)&#xa;	at utils.SchemaValidator.validateJsonWithSchema(SchemaValidator.groovy:34)&#xa;	at TC01_graphql_Get_api.run(TC01_graphql_Get_api:34)&#xa;	at com.kms.katalon.core.main.ScriptEngine.run(ScriptEngine.java:194)&#xa;	at com.kms.katalon.core.main.ScriptEngine.runScriptAsRawText(ScriptEngine.java:119)&#xa;	at com.kms.katalon.core.main.TestCaseExecutor.runScript(TestCaseExecutor.java:486)&#xa;	at com.kms.katalon.core.main.TestCaseExecutor.doExecute(TestCaseExecutor.java:477)&#xa;	at com.kms.katalon.core.main.TestCaseExecutor.processExecutionPhase(TestCaseExecutor.java:456)&#xa;	at com.kms.katalon.core.main.TestCaseExecutor.accessMainPhase(TestCaseExecutor.java:448)&#xa;	at com.kms.katalon.core.main.TestCaseExecutor.execute(TestCaseExecutor.java:322)&#xa;	at com.kms.katalon.core.main.TestCaseExecutor.execute(TestCaseExecutor.java:406)&#xa;	at com.kms.katalon.core.main.TestCaseExecutor.execute(TestCaseExecutor.java:406)&#xa;	at com.kms.katalon.core.main.TestCaseExecutor.execute(TestCaseExecutor.java:406)&#xa;	at com.kms.katalon.core.common.CommonExecutor.accessTestCaseMainPhase(CommonExecutor.java:71)&#xa;	at com.kms.katalon.core.main.TestSuiteExecutor.accessTestSuiteMainPhase(TestSuiteExecutor.java:145)&#xa;	at com.kms.katalon.core.main.TestSuiteExecutor.execute(TestSuiteExecutor.java:104)&#xa;	at com.kms.katalon.core.main.TestCaseMain.startTestSuite(TestCaseMain.java:205)&#xa;	at TempTestSuite1759292364169.run(TempTestSuite1759292364169.groovy:35)&#xa;	at java.base/jdk.internal.reflect.NativeMethodAccessorImpl.invoke0(Native Method)&#xa;	at java.base/jdk.internal.reflect.NativeMethodAccessorImpl.invoke(NativeMethodAccessorImpl.java:77)&#xa;	at java.base/jdk.internal.reflect.DelegatingMethodAccessorImpl.invoke(DelegatingMethodAccessorImpl.java:43)&#xa;"/>
         <system-out><![CDATA[01-10-2025T09:49:39 - [TEST_CASE][FAILED] - Test Cases/API_Testing/GraphQL_API_Testing/TC01_graphql_Get_api: Test Cases/API_Testing/GraphQL_API_Testing/TC01_graphql_Get_api FAILED.
Reason:
com.kms.katalon.core.exception.StepFailedException: Schema validation failed.
	at com.kms.katalon.core.util.KeywordUtil.markFailed(KeywordUtil.java:19)
	at utils.SchemaValidator.validateJsonWithSchema(SchemaValidator.groovy:34)
	at TC01_graphql_Get_api.run(TC01_graphql_Get_api:34)
	at com.kms.katalon.core.main.ScriptEngine.run(ScriptEngine.java:194)
	at com.kms.katalon.core.main.ScriptEngine.runScriptAsRawText(ScriptEngine.java:119)
	at com.kms.katalon.core.main.TestCaseExecutor.runScript(TestCaseExecutor.java:486)
	at com.kms.katalon.core.main.TestCaseExecutor.doExecute(TestCaseExecutor.java:477)
	at com.kms.katalon.core.main.TestCaseExecutor.processExecutionPhase(TestCaseExecutor.java:456)
	at com.kms.katalon.core.main.TestCaseExecutor.accessMainPhase(TestCaseExecutor.java:448)
	at com.kms.katalon.core.main.TestCaseExecutor.execute(TestCaseExecutor.java:322)
	at com.kms.katalon.core.main.TestCaseExecutor.execute(TestCaseExecutor.java:406)
	at com.kms.katalon.core.main.TestCaseExecutor.execute(TestCaseExecutor.java:406)
	at com.kms.katalon.core.main.TestCaseExecutor.execute(TestCaseExecutor.java:406)
	at com.kms.katalon.core.common.CommonExecutor.accessTestCaseMainPhase(CommonExecutor.java:71)
	at com.kms.katalon.core.main.TestSuiteExecutor.accessTestSuiteMainPhase(TestSuiteExecutor.java:145)
	at com.kms.katalon.core.main.TestSuiteExecutor.execute(TestSuiteExecutor.java:104)
	at com.kms.katalon.core.main.TestCaseMain.startTestSuite(TestCaseMain.java:205)
	at TempTestSuite1759292364169.run(TempTestSuite1759292364169.groovy:35)
	at java.base/jdk.internal.reflect.NativeMethodAccessorImpl.invoke0(Native Method)
	at java.base/jdk.internal.reflect.NativeMethodAccessorImpl.invoke(NativeMethodAccessorImpl.java:77)
	at java.base/jdk.internal.reflect.DelegatingMethodAccessorImpl.invoke(DelegatingMethodAccessorImpl.java:43)


01-10-2025T09:49:39 - [TEST_STEP][PASSED] - Start listener action : beforeTestCase: null

01-10-2025T09:49:39 - [TEST_STEP][PASSED] - testCaseId = testCaseContext.getTestCaseId(): null

01-10-2025T09:49:39 - [TEST_STEP][PASSED] - testCaseName = split("/").last(): null

01-10-2025T09:49:39 - [TEST_STEP][PASSED] - if (toLowerCase().endsWith("api")): null

01-10-2025T09:49:39 - [TEST_STEP][PASSED] - logInfo(Skipping browser launch for API test case: $testCaseName): Skipping browser launch for API test case: TC01_graphql_Get_api

01-10-2025T09:49:39 - [MESSAGE][INFO] - Skipping browser launch for API test case: TC01_graphql_Get_api

01-10-2025T09:49:39 - [TEST_STEP][PASSED] - return null: null

01-10-2025T09:49:39 - [TEST_STEP][PASSED] - logInfo("Sending GraphQL query to fetch post by ID"): Sending GraphQL query to fetch post by ID

01-10-2025T09:49:39 - [MESSAGE][INFO] - Sending GraphQL query to fetch post by ID

01-10-2025T09:49:39 - [TEST_STEP][PASSED] - testData = JsonFileReader.getSectionData("graphQL_getPost", jsonDataFilePath): null

01-10-2025T09:49:39 - [TEST_STEP][PASSED] - query = QueryBuilder.buildQuery(testData): null

01-10-2025T09:49:39 - [TEST_STEP][PASSED] - variables = variables: null

01-10-2025T09:49:39 - [TEST_STEP][PASSED] - headers = (testData.headers) ? testData.headers : [:]: null

01-10-2025T09:49:39 - [TEST_STEP][PASSED] - profileVariables = loadProfileVariables.loadAllProfileVariables("graphQL"): null

01-10-2025T09:49:39 - [TEST_STEP][PASSED] - response = ApiKeywords.sendGraphQL(profileVariables["apiBaseUrl"], query, variables, headers): Send request successfully

01-10-2025T09:49:39 - [MESSAGE][INFO] - HAR: C:\Users\10835442\Katalon Studio\Luma\Reports\20251001_094924\GraphQL_API\20251001_094924\requests\main\POST_Generic_3.har

01-10-2025T09:49:39 - [MESSAGE][PASSED] - Send request successfully

01-10-2025T09:49:39 - [TEST_STEP][PASSED] - verifyResponseStatusCode(response, 200): Verify response status code successfully

01-10-2025T09:49:39 - [MESSAGE][PASSED] - Verify response status code successfully

01-10-2025T09:49:39 - [TEST_STEP][PASSED] - logInfo("GraphQL response status code verified as 200"): GraphQL response status code verified as 200

01-10-2025T09:49:39 - [MESSAGE][INFO] - GraphQL response status code verified as 200

01-10-2025T09:49:39 - [TEST_STEP][PASSED] - responseBody = response.getResponseBodyContent(): null

01-10-2025T09:49:39 - [TEST_STEP][PASSED] - json = JsonSlurper().parseText(responseBody): null

01-10-2025T09:49:39 - [TEST_STEP][PASSED] - println(responseBody): null

01-10-2025T09:49:39 - [TEST_STEP][PASSED] - logInfo(Post ID: $json.data.post.id): Post ID: 1

01-10-2025T09:49:39 - [MESSAGE][INFO] - Post ID: 1

01-10-2025T09:49:39 - [TEST_STEP][PASSED] - logInfo(Post Title: $json.data.post.title): Post Title: sunt aut facere repellat provident occaecati excepturi optio reprehenderit

01-10-2025T09:49:39 - [MESSAGE][INFO] - Post Title: sunt aut facere repellat provident occaecati excepturi optio reprehenderit

01-10-2025T09:49:39 - [TEST_STEP][FAILED] - SchemaValidator.validateJsonWithSchema(responseBody, JsonOutput.toJson(JsonFileReader.getSectionData("graphQL_GET", schemaFilePath))): Field: # | Error: #: required key [body] not found

01-10-2025T09:49:39 - [MESSAGE][INFO] - Schema expects the following fields:

01-10-2025T09:49:39 - [MESSAGE][INFO] - ->Field: 'id' | Type: 'string'

01-10-2025T09:49:39 - [MESSAGE][INFO] - ->Field: 'title' | Type: 'string'

01-10-2025T09:49:39 - [MESSAGE][INFO] - ->Field: 'body' | Type: 'string'

01-10-2025T09:49:39 - [MESSAGE][FAILED] - Schema validation failed.

01-10-2025T09:49:39 - [MESSAGE][FAILED] - Field: # | Error: #: required key [id] not found

01-10-2025T09:49:39 - [MESSAGE][FAILED] - Field: # | Error: #: required key [title] not found

01-10-2025T09:49:39 - [MESSAGE][FAILED] - Field: # | Error: #: required key [body] not found

01-10-2025T09:49:39 - [TEST_STEP][PASSED] - markPassed("GraphQL response schema validation passed"): GraphQL response schema validation passed

01-10-2025T09:49:39 - [MESSAGE][PASSED] - GraphQL response schema validation passed

01-10-2025T09:49:39 - [TEST_STEP][PASSED] - JsonFileReader.storeApiResponse("get_GraphQL_Response", response, responseDataFilePath): Stored API response under section 'get_GraphQL_Response' in file 'Include/Data Files/Response_data.json'.

01-10-2025T09:49:39 - [MESSAGE][INFO] - Saved updated JSON data to file: Include\Data Files\Response_data.json

01-10-2025T09:49:39 - [MESSAGE][INFO] - Stored API response under section 'get_GraphQL_Response' in file 'Include/Data Files/Response_data.json'.

01-10-2025T09:49:39 - [TEST_STEP][PASSED] - Start listener action : closeTheBrowser: Error while closing browser: Browser is not opened
Build info: version: '4.28.1', revision: '73f5ad48a2'
System info: os.name: 'Windows 11', os.arch: 'amd64', os.version: '10.0', java.version: '17.0.14'
Driver info: driver.version: unknown

01-10-2025T09:49:39 - [TEST_STEP][PASSED] - testCaseId = testCaseContext.getTestCaseId(): null

01-10-2025T09:49:39 - [TEST_STEP][PASSED] - testCaseName = split("/").last(): null

01-10-2025T09:49:39 - [TEST_STEP][PASSED] - testCaseStatus = testCaseContext.getTestCaseStatus(): null

01-10-2025T09:49:39 - [TEST_STEP][PASSED] - println(testCaseStatus): null

01-10-2025T09:49:39 - [TEST_STEP][PASSED] - StatusMap = DependencyHandler.getStatusMap(): null

01-10-2025T09:49:39 - [TEST_STEP][PASSED] - if (StatusMap.containsKey(testCaseName)): null

01-10-2025T09:49:39 - [TEST_STEP][PASSED] - try: null

01-10-2025T09:49:39 - [TEST_STEP][PASSED] - driver = getWebDriver(): null

01-10-2025T09:49:39 - [TEST_STEP][PASSED] - catch (Exception e): Error while closing browser: Browser is not opened
Build info: version: '4.28.1', revision: '73f5ad48a2'
System info: os.name: 'Windows 11', os.arch: 'amd64', os.version: '10.0', java.version: '17.0.14'
Driver info: driver.version: unknown

01-10-2025T09:49:39 - [TEST_STEP][PASSED] - logInfo(Error while closing browser: $e.message): Error while closing browser: Browser is not opened
Build info: version: '4.28.1', revision: '73f5ad48a2'
System info: os.name: 'Windows 11', os.arch: 'amd64', os.version: '10.0', java.version: '17.0.14'
Driver info: driver.version: unknown

01-10-2025T09:49:39 - [MESSAGE][INFO] - Error while closing browser: Browser is not opened
Build info: version: '4.28.1', revision: '73f5ad48a2'
System info: os.name: 'Windows 11', os.arch: 'amd64', os.version: '10.0', java.version: '17.0.14'
Driver info: driver.version: unknown]]></system-out>
         <system-err><![CDATA[01-10-2025T09:49:39 - [TEST_CASE][FAILED] - Test Cases/API_Testing/GraphQL_API_Testing/TC01_graphql_Get_api: Test Cases/API_Testing/GraphQL_API_Testing/TC01_graphql_Get_api FAILED.
Reason:
com.kms.katalon.core.exception.StepFailedException: Schema validation failed.
	at com.kms.katalon.core.util.KeywordUtil.markFailed(KeywordUtil.java:19)
	at utils.SchemaValidator.validateJsonWithSchema(SchemaValidator.groovy:34)
	at TC01_graphql_Get_api.run(TC01_graphql_Get_api:34)
	at com.kms.katalon.core.main.ScriptEngine.run(ScriptEngine.java:194)
	at com.kms.katalon.core.main.ScriptEngine.runScriptAsRawText(ScriptEngine.java:119)
	at com.kms.katalon.core.main.TestCaseExecutor.runScript(TestCaseExecutor.java:486)
	at com.kms.katalon.core.main.TestCaseExecutor.doExecute(TestCaseExecutor.java:477)
	at com.kms.katalon.core.main.TestCaseExecutor.processExecutionPhase(TestCaseExecutor.java:456)
	at com.kms.katalon.core.main.TestCaseExecutor.accessMainPhase(TestCaseExecutor.java:448)
	at com.kms.katalon.core.main.TestCaseExecutor.execute(TestCaseExecutor.java:322)
	at com.kms.katalon.core.main.TestCaseExecutor.execute(TestCaseExecutor.java:406)
	at com.kms.katalon.core.main.TestCaseExecutor.execute(TestCaseExecutor.java:406)
	at com.kms.katalon.core.main.TestCaseExecutor.execute(TestCaseExecutor.java:406)
	at com.kms.katalon.core.common.CommonExecutor.accessTestCaseMainPhase(CommonExecutor.java:71)
	at com.kms.katalon.core.main.TestSuiteExecutor.accessTestSuiteMainPhase(TestSuiteExecutor.java:145)
	at com.kms.katalon.core.main.TestSuiteExecutor.execute(TestSuiteExecutor.java:104)
	at com.kms.katalon.core.main.TestCaseMain.startTestSuite(TestCaseMain.java:205)
	at TempTestSuite1759292364169.run(TempTestSuite1759292364169.groovy:35)
	at java.base/jdk.internal.reflect.NativeMethodAccessorImpl.invoke0(Native Method)
	at java.base/jdk.internal.reflect.NativeMethodAccessorImpl.invoke(NativeMethodAccessorImpl.java:77)
	at java.base/jdk.internal.reflect.DelegatingMethodAccessorImpl.invoke(DelegatingMethodAccessorImpl.java:43)]]></system-err>
      </testcase>
      <testcase name="Test Cases/API_Testing/GraphQL_API_Testing/TC02_graphql_Post_api" time="1.102" classname="Test Cases/API_Testing/GraphQL_API_Testing/TC02_graphql_Post_api" status="FAILED">
         <properties>
            <property name="data_binding"><![CDATA[{"(Default) graph...":"graphQL","(Default) schem...":"Include/Data Files/MasterSchema.json","(Default) apiBa...":"apiBaseUrl","(Default) JsonF...":"Include/Data Files/login_data.json"}]]></property>
         </properties>
         <failure type="FAILED" message="Test Cases/API_Testing/GraphQL_API_Testing/TC02_graphql_Post_api FAILED.&#xa;Reason:&#xa;com.kms.katalon.core.exception.StepFailedException: Schema validation failed.&#xa;	at com.kms.katalon.core.util.KeywordUtil.markFailed(KeywordUtil.java:19)&#xa;	at utils.SchemaValidator.validateJsonWithSchema(SchemaValidator.groovy:34)&#xa;	at TC02_graphql_Post_api.run(TC02_graphql_Post_api:34)&#xa;	at com.kms.katalon.core.main.ScriptEngine.run(ScriptEngine.java:194)&#xa;	at com.kms.katalon.core.main.ScriptEngine.runScriptAsRawText(ScriptEngine.java:119)&#xa;	at com.kms.katalon.core.main.TestCaseExecutor.runScript(TestCaseExecutor.java:486)&#xa;	at com.kms.katalon.core.main.TestCaseExecutor.doExecute(TestCaseExecutor.java:477)&#xa;	at com.kms.katalon.core.main.TestCaseExecutor.processExecutionPhase(TestCaseExecutor.java:456)&#xa;	at com.kms.katalon.core.main.TestCaseExecutor.accessMainPhase(TestCaseExecutor.java:448)&#xa;	at com.kms.katalon.core.main.TestCaseExecutor.execute(TestCaseExecutor.java:322)&#xa;	at com.kms.katalon.core.main.TestCaseExecutor.execute(TestCaseExecutor.java:406)&#xa;	at com.kms.katalon.core.main.TestCaseExecutor.execute(TestCaseExecutor.java:406)&#xa;	at com.kms.katalon.core.main.TestCaseExecutor.execute(TestCaseExecutor.java:406)&#xa;	at com.kms.katalon.core.common.CommonExecutor.accessTestCaseMainPhase(CommonExecutor.java:71)&#xa;	at com.kms.katalon.core.main.TestSuiteExecutor.accessTestSuiteMainPhase(TestSuiteExecutor.java:145)&#xa;	at com.kms.katalon.core.main.TestSuiteExecutor.execute(TestSuiteExecutor.java:104)&#xa;	at com.kms.katalon.core.main.TestCaseMain.startTestSuite(TestCaseMain.java:205)&#xa;	at TempTestSuite1759292364169.run(TempTestSuite1759292364169.groovy:35)&#xa;	at java.base/jdk.internal.reflect.NativeMethodAccessorImpl.invoke0(Native Method)&#xa;	at java.base/jdk.internal.reflect.NativeMethodAccessorImpl.invoke(NativeMethodAccessorImpl.java:77)&#xa;	at java.base/jdk.internal.reflect.DelegatingMethodAccessorImpl.invoke(DelegatingMethodAccessorImpl.java:43)&#xa;"/>
         <system-out><![CDATA[01-10-2025T09:49:42 - [TEST_CASE][FAILED] - Test Cases/API_Testing/GraphQL_API_Testing/TC02_graphql_Post_api: Test Cases/API_Testing/GraphQL_API_Testing/TC02_graphql_Post_api FAILED.
Reason:
com.kms.katalon.core.exception.StepFailedException: Schema validation failed.
	at com.kms.katalon.core.util.KeywordUtil.markFailed(KeywordUtil.java:19)
	at utils.SchemaValidator.validateJsonWithSchema(SchemaValidator.groovy:34)
	at TC02_graphql_Post_api.run(TC02_graphql_Post_api:34)
	at com.kms.katalon.core.main.ScriptEngine.run(ScriptEngine.java:194)
	at com.kms.katalon.core.main.ScriptEngine.runScriptAsRawText(ScriptEngine.java:119)
	at com.kms.katalon.core.main.TestCaseExecutor.runScript(TestCaseExecutor.java:486)
	at com.kms.katalon.core.main.TestCaseExecutor.doExecute(TestCaseExecutor.java:477)
	at com.kms.katalon.core.main.TestCaseExecutor.processExecutionPhase(TestCaseExecutor.java:456)
	at com.kms.katalon.core.main.TestCaseExecutor.accessMainPhase(TestCaseExecutor.java:448)
	at com.kms.katalon.core.main.TestCaseExecutor.execute(TestCaseExecutor.java:322)
	at com.kms.katalon.core.main.TestCaseExecutor.execute(TestCaseExecutor.java:406)
	at com.kms.katalon.core.main.TestCaseExecutor.execute(TestCaseExecutor.java:406)
	at com.kms.katalon.core.main.TestCaseExecutor.execute(TestCaseExecutor.java:406)
	at com.kms.katalon.core.common.CommonExecutor.accessTestCaseMainPhase(CommonExecutor.java:71)
	at com.kms.katalon.core.main.TestSuiteExecutor.accessTestSuiteMainPhase(TestSuiteExecutor.java:145)
	at com.kms.katalon.core.main.TestSuiteExecutor.execute(TestSuiteExecutor.java:104)
	at com.kms.katalon.core.main.TestCaseMain.startTestSuite(TestCaseMain.java:205)
	at TempTestSuite1759292364169.run(TempTestSuite1759292364169.groovy:35)
	at java.base/jdk.internal.reflect.NativeMethodAccessorImpl.invoke0(Native Method)
	at java.base/jdk.internal.reflect.NativeMethodAccessorImpl.invoke(NativeMethodAccessorImpl.java:77)
	at java.base/jdk.internal.reflect.DelegatingMethodAccessorImpl.invoke(DelegatingMethodAccessorImpl.java:43)


01-10-2025T09:49:42 - [TEST_STEP][PASSED] - Start listener action : beforeTestCase: null

01-10-2025T09:49:42 - [TEST_STEP][PASSED] - testCaseId = testCaseContext.getTestCaseId(): null

01-10-2025T09:49:42 - [TEST_STEP][PASSED] - testCaseName = split("/").last(): null

01-10-2025T09:49:42 - [TEST_STEP][PASSED] - if (toLowerCase().endsWith("api")): null

01-10-2025T09:49:42 - [TEST_STEP][PASSED] - logInfo(Skipping browser launch for API test case: $testCaseName): Skipping browser launch for API test case: TC02_graphql_Post_api

01-10-2025T09:49:42 - [MESSAGE][INFO] - Skipping browser launch for API test case: TC02_graphql_Post_api

01-10-2025T09:49:42 - [TEST_STEP][PASSED] - return null: null

01-10-2025T09:49:42 - [TEST_STEP][PASSED] - logInfo("Sending GraphQL mutation to create a new post using stored GET response"): Sending GraphQL mutation to create a new post using stored GET response

01-10-2025T09:49:42 - [MESSAGE][INFO] - Sending GraphQL mutation to create a new post using stored GET response

01-10-2025T09:49:42 - [TEST_STEP][PASSED] - testData = JsonFileReader.getSectionData("graphQL_createPost", jsonDataFilePath): null

01-10-2025T09:49:42 - [TEST_STEP][PASSED] - query = QueryBuilder.buildQuery(testData): null

01-10-2025T09:49:42 - [TEST_STEP][PASSED] - headers = (testData.headers) ? testData.headers : [:]: null

01-10-2025T09:49:42 - [TEST_STEP][PASSED] - storedData = JsonFileReader.getSectionData("get_GraphQL_Response", responseDataFilePath): null

01-10-2025T09:49:42 - [TEST_STEP][PASSED] - postData = post: null

01-10-2025T09:49:42 - [TEST_STEP][PASSED] - variables = ["input":["title":title, "body":body]]: null

01-10-2025T09:49:42 - [TEST_STEP][PASSED] - baseUrl = GlobalAccessor.getProfileVariable(graphQL, apiBaseUrl): null

01-10-2025T09:49:42 - [TEST_STEP][PASSED] - response = ApiKeywords.sendGraphQL(baseUrl, query, variables, headers): Send request successfully

01-10-2025T09:49:43 - [MESSAGE][INFO] - HAR: C:\Users\10835442\Katalon Studio\Luma\Reports\20251001_094924\GraphQL_API\20251001_094924\requests\main\POST_Generic_7.har

01-10-2025T09:49:43 - [MESSAGE][PASSED] - Send request successfully

01-10-2025T09:49:43 - [TEST_STEP][PASSED] - verifyResponseStatusCode(response, 200): Verify response status code successfully

01-10-2025T09:49:43 - [MESSAGE][PASSED] - Verify response status code successfully

01-10-2025T09:49:43 - [TEST_STEP][PASSED] - logInfo("GraphQL response status code verified as 200"): GraphQL response status code verified as 200

01-10-2025T09:49:43 - [MESSAGE][INFO] - GraphQL response status code verified as 200

01-10-2025T09:49:43 - [TEST_STEP][PASSED] - responseBody = response.getResponseBodyContent(): null

01-10-2025T09:49:43 - [TEST_STEP][PASSED] - json = JsonSlurper().parseText(responseBody): null

01-10-2025T09:49:43 - [TEST_STEP][PASSED] - logInfo(Created Post ID: $json.data.createPost.id): Created Post ID: 101

01-10-2025T09:49:43 - [MESSAGE][INFO] - Created Post ID: 101

01-10-2025T09:49:43 - [TEST_STEP][PASSED] - logInfo(Created Post Title: $json.data.createPost.title): Created Post Title: sunt aut facere repellat provident occaecati excepturi optio reprehenderit

01-10-2025T09:49:43 - [MESSAGE][INFO] - Created Post Title: sunt aut facere repellat provident occaecati excepturi optio reprehenderit

01-10-2025T09:49:43 - [TEST_STEP][FAILED] - SchemaValidator.validateJsonWithSchema(responseBody, JsonOutput.toJson(JsonFileReader.getSectionData("graphQL_Post", schemaFilePath))): Field: # | Error: #: required key [body] not found

01-10-2025T09:49:43 - [MESSAGE][INFO] - Schema expects the following fields:

01-10-2025T09:49:43 - [MESSAGE][INFO] - ->Field: 'id' | Type: 'string'

01-10-2025T09:49:43 - [MESSAGE][INFO] - ->Field: 'title' | Type: 'string'

01-10-2025T09:49:43 - [MESSAGE][INFO] - ->Field: 'body' | Type: 'string'

01-10-2025T09:49:43 - [MESSAGE][FAILED] - Schema validation failed.

01-10-2025T09:49:43 - [MESSAGE][FAILED] - Field: # | Error: #: required key [id] not found

01-10-2025T09:49:43 - [MESSAGE][FAILED] - Field: # | Error: #: required key [title] not found

01-10-2025T09:49:43 - [MESSAGE][FAILED] - Field: # | Error: #: required key [body] not found

01-10-2025T09:49:43 - [TEST_STEP][PASSED] - markPassed("GraphQL createPost response schema validation passed"): GraphQL createPost response schema validation passed

01-10-2025T09:49:43 - [MESSAGE][PASSED] - GraphQL createPost response schema validation passed

01-10-2025T09:49:43 - [TEST_STEP][PASSED] - Start listener action : closeTheBrowser: Error while closing browser: Browser is not opened
Build info: version: '4.28.1', revision: '73f5ad48a2'
System info: os.name: 'Windows 11', os.arch: 'amd64', os.version: '10.0', java.version: '17.0.14'
Driver info: driver.version: unknown

01-10-2025T09:49:43 - [TEST_STEP][PASSED] - testCaseId = testCaseContext.getTestCaseId(): null

01-10-2025T09:49:43 - [TEST_STEP][PASSED] - testCaseName = split("/").last(): null

01-10-2025T09:49:43 - [TEST_STEP][PASSED] - testCaseStatus = testCaseContext.getTestCaseStatus(): null

01-10-2025T09:49:43 - [TEST_STEP][PASSED] - println(testCaseStatus): null

01-10-2025T09:49:43 - [TEST_STEP][PASSED] - StatusMap = DependencyHandler.getStatusMap(): null

01-10-2025T09:49:43 - [TEST_STEP][PASSED] - if (StatusMap.containsKey(testCaseName)): null

01-10-2025T09:49:43 - [TEST_STEP][PASSED] - try: null

01-10-2025T09:49:43 - [TEST_STEP][PASSED] - driver = getWebDriver(): null

01-10-2025T09:49:43 - [TEST_STEP][PASSED] - catch (Exception e): Error while closing browser: Browser is not opened
Build info: version: '4.28.1', revision: '73f5ad48a2'
System info: os.name: 'Windows 11', os.arch: 'amd64', os.version: '10.0', java.version: '17.0.14'
Driver info: driver.version: unknown

01-10-2025T09:49:43 - [TEST_STEP][PASSED] - logInfo(Error while closing browser: $e.message): Error while closing browser: Browser is not opened
Build info: version: '4.28.1', revision: '73f5ad48a2'
System info: os.name: 'Windows 11', os.arch: 'amd64', os.version: '10.0', java.version: '17.0.14'
Driver info: driver.version: unknown

01-10-2025T09:49:43 - [MESSAGE][INFO] - Error while closing browser: Browser is not opened
Build info: version: '4.28.1', revision: '73f5ad48a2'
System info: os.name: 'Windows 11', os.arch: 'amd64', os.version: '10.0', java.version: '17.0.14'
Driver info: driver.version: unknown]]></system-out>
         <system-err><![CDATA[01-10-2025T09:49:42 - [TEST_CASE][FAILED] - Test Cases/API_Testing/GraphQL_API_Testing/TC02_graphql_Post_api: Test Cases/API_Testing/GraphQL_API_Testing/TC02_graphql_Post_api FAILED.
Reason:
com.kms.katalon.core.exception.StepFailedException: Schema validation failed.
	at com.kms.katalon.core.util.KeywordUtil.markFailed(KeywordUtil.java:19)
	at utils.SchemaValidator.validateJsonWithSchema(SchemaValidator.groovy:34)
	at TC02_graphql_Post_api.run(TC02_graphql_Post_api:34)
	at com.kms.katalon.core.main.ScriptEngine.run(ScriptEngine.java:194)
	at com.kms.katalon.core.main.ScriptEngine.runScriptAsRawText(ScriptEngine.java:119)
	at com.kms.katalon.core.main.TestCaseExecutor.runScript(TestCaseExecutor.java:486)
	at com.kms.katalon.core.main.TestCaseExecutor.doExecute(TestCaseExecutor.java:477)
	at com.kms.katalon.core.main.TestCaseExecutor.processExecutionPhase(TestCaseExecutor.java:456)
	at com.kms.katalon.core.main.TestCaseExecutor.accessMainPhase(TestCaseExecutor.java:448)
	at com.kms.katalon.core.main.TestCaseExecutor.execute(TestCaseExecutor.java:322)
	at com.kms.katalon.core.main.TestCaseExecutor.execute(TestCaseExecutor.java:406)
	at com.kms.katalon.core.main.TestCaseExecutor.execute(TestCaseExecutor.java:406)
	at com.kms.katalon.core.main.TestCaseExecutor.execute(TestCaseExecutor.java:406)
	at com.kms.katalon.core.common.CommonExecutor.accessTestCaseMainPhase(CommonExecutor.java:71)
	at com.kms.katalon.core.main.TestSuiteExecutor.accessTestSuiteMainPhase(TestSuiteExecutor.java:145)
	at com.kms.katalon.core.main.TestSuiteExecutor.execute(TestSuiteExecutor.java:104)
	at com.kms.katalon.core.main.TestCaseMain.startTestSuite(TestCaseMain.java:205)
	at TempTestSuite1759292364169.run(TempTestSuite1759292364169.groovy:35)
	at java.base/jdk.internal.reflect.NativeMethodAccessorImpl.invoke0(Native Method)
	at java.base/jdk.internal.reflect.NativeMethodAccessorImpl.invoke(NativeMethodAccessorImpl.java:77)
	at java.base/jdk.internal.reflect.DelegatingMethodAccessorImpl.invoke(DelegatingMethodAccessorImpl.java:43)]]></system-err>
      </testcase>
      <testcase name="Test Cases/API_Testing/GraphQL_API_Testing/TC03_graphql_Patch_api" time="0.444" classname="Test Cases/API_Testing/GraphQL_API_Testing/TC03_graphql_Patch_api" status="FAILED">
         <properties>
            <property name="data_binding"><![CDATA[{"(Default) graph...":"graphQL","(Default) schem...":"Include/Data Files/MasterSchema.json","(Default) apiBa...":"apiBaseUrl"}]]></property>
         </properties>
         <failure type="FAILED" message="Test Cases/API_Testing/GraphQL_API_Testing/TC03_graphql_Patch_api FAILED.&#xa;Reason:&#xa;com.kms.katalon.core.exception.StepFailedException: Schema validation failed.&#xa;	at com.kms.katalon.core.util.KeywordUtil.markFailed(KeywordUtil.java:19)&#xa;	at utils.SchemaValidator.validateJsonWithSchema(SchemaValidator.groovy:34)&#xa;	at TC03_graphql_Patch_api.run(TC03_graphql_Patch_api:34)&#xa;	at com.kms.katalon.core.main.ScriptEngine.run(ScriptEngine.java:194)&#xa;	at com.kms.katalon.core.main.ScriptEngine.runScriptAsRawText(ScriptEngine.java:119)&#xa;	at com.kms.katalon.core.main.TestCaseExecutor.runScript(TestCaseExecutor.java:486)&#xa;	at com.kms.katalon.core.main.TestCaseExecutor.doExecute(TestCaseExecutor.java:477)&#xa;	at com.kms.katalon.core.main.TestCaseExecutor.processExecutionPhase(TestCaseExecutor.java:456)&#xa;	at com.kms.katalon.core.main.TestCaseExecutor.accessMainPhase(TestCaseExecutor.java:448)&#xa;	at com.kms.katalon.core.main.TestCaseExecutor.execute(TestCaseExecutor.java:322)&#xa;	at com.kms.katalon.core.main.TestCaseExecutor.execute(TestCaseExecutor.java:406)&#xa;	at com.kms.katalon.core.main.TestCaseExecutor.execute(TestCaseExecutor.java:406)&#xa;	at com.kms.katalon.core.main.TestCaseExecutor.execute(TestCaseExecutor.java:406)&#xa;	at com.kms.katalon.core.common.CommonExecutor.accessTestCaseMainPhase(CommonExecutor.java:71)&#xa;	at com.kms.katalon.core.main.TestSuiteExecutor.accessTestSuiteMainPhase(TestSuiteExecutor.java:145)&#xa;	at com.kms.katalon.core.main.TestSuiteExecutor.execute(TestSuiteExecutor.java:104)&#xa;	at com.kms.katalon.core.main.TestCaseMain.startTestSuite(TestCaseMain.java:205)&#xa;	at TempTestSuite1759292364169.run(TempTestSuite1759292364169.groovy:35)&#xa;	at java.base/jdk.internal.reflect.NativeMethodAccessorImpl.invoke0(Native Method)&#xa;	at java.base/jdk.internal.reflect.NativeMethodAccessorImpl.invoke(NativeMethodAccessorImpl.java:77)&#xa;	at java.base/jdk.internal.reflect.DelegatingMethodAccessorImpl.invoke(DelegatingMethodAccessorImpl.java:43)&#xa;"/>
         <system-out><![CDATA[01-10-2025T09:49:45 - [TEST_CASE][FAILED] - Test Cases/API_Testing/GraphQL_API_Testing/TC03_graphql_Patch_api: Test Cases/API_Testing/GraphQL_API_Testing/TC03_graphql_Patch_api FAILED.
Reason:
com.kms.katalon.core.exception.StepFailedException: Schema validation failed.
	at com.kms.katalon.core.util.KeywordUtil.markFailed(KeywordUtil.java:19)
	at utils.SchemaValidator.validateJsonWithSchema(SchemaValidator.groovy:34)
	at TC03_graphql_Patch_api.run(TC03_graphql_Patch_api:34)
	at com.kms.katalon.core.main.ScriptEngine.run(ScriptEngine.java:194)
	at com.kms.katalon.core.main.ScriptEngine.runScriptAsRawText(ScriptEngine.java:119)
	at com.kms.katalon.core.main.TestCaseExecutor.runScript(TestCaseExecutor.java:486)
	at com.kms.katalon.core.main.TestCaseExecutor.doExecute(TestCaseExecutor.java:477)
	at com.kms.katalon.core.main.TestCaseExecutor.processExecutionPhase(TestCaseExecutor.java:456)
	at com.kms.katalon.core.main.TestCaseExecutor.accessMainPhase(TestCaseExecutor.java:448)
	at com.kms.katalon.core.main.TestCaseExecutor.execute(TestCaseExecutor.java:322)
	at com.kms.katalon.core.main.TestCaseExecutor.execute(TestCaseExecutor.java:406)
	at com.kms.katalon.core.main.TestCaseExecutor.execute(TestCaseExecutor.java:406)
	at com.kms.katalon.core.main.TestCaseExecutor.execute(TestCaseExecutor.java:406)
	at com.kms.katalon.core.common.CommonExecutor.accessTestCaseMainPhase(CommonExecutor.java:71)
	at com.kms.katalon.core.main.TestSuiteExecutor.accessTestSuiteMainPhase(TestSuiteExecutor.java:145)
	at com.kms.katalon.core.main.TestSuiteExecutor.execute(TestSuiteExecutor.java:104)
	at com.kms.katalon.core.main.TestCaseMain.startTestSuite(TestCaseMain.java:205)
	at TempTestSuite1759292364169.run(TempTestSuite1759292364169.groovy:35)
	at java.base/jdk.internal.reflect.NativeMethodAccessorImpl.invoke0(Native Method)
	at java.base/jdk.internal.reflect.NativeMethodAccessorImpl.invoke(NativeMethodAccessorImpl.java:77)
	at java.base/jdk.internal.reflect.DelegatingMethodAccessorImpl.invoke(DelegatingMethodAccessorImpl.java:43)


01-10-2025T09:49:45 - [TEST_STEP][PASSED] - Start listener action : beforeTestCase: null

01-10-2025T09:49:45 - [TEST_STEP][PASSED] - testCaseId = testCaseContext.getTestCaseId(): null

01-10-2025T09:49:45 - [TEST_STEP][PASSED] - testCaseName = split("/").last(): null

01-10-2025T09:49:45 - [TEST_STEP][PASSED] - if (toLowerCase().endsWith("api")): null

01-10-2025T09:49:45 - [TEST_STEP][PASSED] - logInfo(Skipping browser launch for API test case: $testCaseName): Skipping browser launch for API test case: TC03_graphql_Patch_api

01-10-2025T09:49:45 - [MESSAGE][INFO] - Skipping browser launch for API test case: TC03_graphql_Patch_api

01-10-2025T09:49:45 - [TEST_STEP][PASSED] - return null: null

01-10-2025T09:49:45 - [TEST_STEP][PASSED] - logInfo("Sending GraphQL mutation to update post"): Sending GraphQL mutation to update post

01-10-2025T09:49:45 - [MESSAGE][INFO] - Sending GraphQL mutation to update post

01-10-2025T09:49:45 - [TEST_STEP][PASSED] - testData = JsonFileReader.getSectionData("graphQL_updatePost", jsonDataFilePath): null

01-10-2025T09:49:45 - [TEST_STEP][PASSED] - query = QueryBuilder.buildQuery(testData): null

01-10-2025T09:49:45 - [TEST_STEP][PASSED] - variables = variables: null

01-10-2025T09:49:45 - [TEST_STEP][PASSED] - headers = (testData.headers) ? testData.headers : [:]: null

01-10-2025T09:49:45 - [TEST_STEP][PASSED] - baseUrl = GlobalAccessor.getProfileVariable(graphQL, apiBaseUrl): null

01-10-2025T09:49:45 - [TEST_STEP][PASSED] - response = ApiKeywords.sendGraphQL(baseUrl, query, variables, headers): Send request successfully

01-10-2025T09:49:45 - [MESSAGE][INFO] - HAR: C:\Users\10835442\Katalon Studio\Luma\Reports\20251001_094924\GraphQL_API\20251001_094924\requests\main\POST_Generic_11.har

01-10-2025T09:49:45 - [MESSAGE][PASSED] - Send request successfully

01-10-2025T09:49:45 - [TEST_STEP][PASSED] - verifyResponseStatusCode(response, 200): Verify response status code successfully

01-10-2025T09:49:45 - [MESSAGE][PASSED] - Verify response status code successfully

01-10-2025T09:49:45 - [TEST_STEP][PASSED] - logInfo("GraphQL response status code verified as 200"): GraphQL response status code verified as 200

01-10-2025T09:49:45 - [MESSAGE][INFO] - GraphQL response status code verified as 200

01-10-2025T09:49:45 - [TEST_STEP][PASSED] - responseBody = response.getResponseBodyContent(): null

01-10-2025T09:49:45 - [TEST_STEP][PASSED] - json = JsonSlurper().parseText(responseBody): null

01-10-2025T09:49:45 - [TEST_STEP][PASSED] - logInfo(Updated Post ID: $json.data.updatePost.id): Updated Post ID: 1

01-10-2025T09:49:45 - [MESSAGE][INFO] - Updated Post ID: 1

01-10-2025T09:49:45 - [TEST_STEP][PASSED] - logInfo(Updated Post Title: $json.data.updatePost.title): Updated Post Title: Patch modified title

01-10-2025T09:49:45 - [MESSAGE][INFO] - Updated Post Title: Patch modified title

01-10-2025T09:49:45 - [TEST_STEP][FAILED] - SchemaValidator.validateJsonWithSchema(responseBody, JsonOutput.toJson(JsonFileReader.getSectionData("graphQL_Patch", schemaFilePath))): Field: # | Error: #: required key [title] not found

01-10-2025T09:49:45 - [MESSAGE][INFO] - Schema expects the following fields:

01-10-2025T09:49:45 - [MESSAGE][INFO] - ->Field: 'id' | Type: 'string'

01-10-2025T09:49:45 - [MESSAGE][INFO] - ->Field: 'title' | Type: 'string'

01-10-2025T09:49:45 - [MESSAGE][FAILED] - Schema validation failed.

01-10-2025T09:49:45 - [MESSAGE][FAILED] - Field: # | Error: #: required key [id] not found

01-10-2025T09:49:45 - [MESSAGE][FAILED] - Field: # | Error: #: required key [title] not found

01-10-2025T09:49:45 - [TEST_STEP][PASSED] - markPassed("GraphQL updatePost response schema validation passed"): GraphQL updatePost response schema validation passed

01-10-2025T09:49:45 - [MESSAGE][PASSED] - GraphQL updatePost response schema validation passed

01-10-2025T09:49:45 - [TEST_STEP][PASSED] - Start listener action : closeTheBrowser: Error while closing browser: Browser is not opened
Build info: version: '4.28.1', revision: '73f5ad48a2'
System info: os.name: 'Windows 11', os.arch: 'amd64', os.version: '10.0', java.version: '17.0.14'
Driver info: driver.version: unknown

01-10-2025T09:49:45 - [TEST_STEP][PASSED] - testCaseId = testCaseContext.getTestCaseId(): null

01-10-2025T09:49:45 - [TEST_STEP][PASSED] - testCaseName = split("/").last(): null

01-10-2025T09:49:45 - [TEST_STEP][PASSED] - testCaseStatus = testCaseContext.getTestCaseStatus(): null

01-10-2025T09:49:45 - [TEST_STEP][PASSED] - println(testCaseStatus): null

01-10-2025T09:49:45 - [TEST_STEP][PASSED] - StatusMap = DependencyHandler.getStatusMap(): null

01-10-2025T09:49:45 - [TEST_STEP][PASSED] - if (StatusMap.containsKey(testCaseName)): null

01-10-2025T09:49:45 - [TEST_STEP][PASSED] - try: null

01-10-2025T09:49:45 - [TEST_STEP][PASSED] - driver = getWebDriver(): null

01-10-2025T09:49:45 - [TEST_STEP][PASSED] - catch (Exception e): Error while closing browser: Browser is not opened
Build info: version: '4.28.1', revision: '73f5ad48a2'
System info: os.name: 'Windows 11', os.arch: 'amd64', os.version: '10.0', java.version: '17.0.14'
Driver info: driver.version: unknown

01-10-2025T09:49:45 - [TEST_STEP][PASSED] - logInfo(Error while closing browser: $e.message): Error while closing browser: Browser is not opened
Build info: version: '4.28.1', revision: '73f5ad48a2'
System info: os.name: 'Windows 11', os.arch: 'amd64', os.version: '10.0', java.version: '17.0.14'
Driver info: driver.version: unknown

01-10-2025T09:49:45 - [MESSAGE][INFO] - Error while closing browser: Browser is not opened
Build info: version: '4.28.1', revision: '73f5ad48a2'
System info: os.name: 'Windows 11', os.arch: 'amd64', os.version: '10.0', java.version: '17.0.14'
Driver info: driver.version: unknown]]></system-out>
         <system-err><![CDATA[01-10-2025T09:49:45 - [TEST_CASE][FAILED] - Test Cases/API_Testing/GraphQL_API_Testing/TC03_graphql_Patch_api: Test Cases/API_Testing/GraphQL_API_Testing/TC03_graphql_Patch_api FAILED.
Reason:
com.kms.katalon.core.exception.StepFailedException: Schema validation failed.
	at com.kms.katalon.core.util.KeywordUtil.markFailed(KeywordUtil.java:19)
	at utils.SchemaValidator.validateJsonWithSchema(SchemaValidator.groovy:34)
	at TC03_graphql_Patch_api.run(TC03_graphql_Patch_api:34)
	at com.kms.katalon.core.main.ScriptEngine.run(ScriptEngine.java:194)
	at com.kms.katalon.core.main.ScriptEngine.runScriptAsRawText(ScriptEngine.java:119)
	at com.kms.katalon.core.main.TestCaseExecutor.runScript(TestCaseExecutor.java:486)
	at com.kms.katalon.core.main.TestCaseExecutor.doExecute(TestCaseExecutor.java:477)
	at com.kms.katalon.core.main.TestCaseExecutor.processExecutionPhase(TestCaseExecutor.java:456)
	at com.kms.katalon.core.main.TestCaseExecutor.accessMainPhase(TestCaseExecutor.java:448)
	at com.kms.katalon.core.main.TestCaseExecutor.execute(TestCaseExecutor.java:322)
	at com.kms.katalon.core.main.TestCaseExecutor.execute(TestCaseExecutor.java:406)
	at com.kms.katalon.core.main.TestCaseExecutor.execute(TestCaseExecutor.java:406)
	at com.kms.katalon.core.main.TestCaseExecutor.execute(TestCaseExecutor.java:406)
	at com.kms.katalon.core.common.CommonExecutor.accessTestCaseMainPhase(CommonExecutor.java:71)
	at com.kms.katalon.core.main.TestSuiteExecutor.accessTestSuiteMainPhase(TestSuiteExecutor.java:145)
	at com.kms.katalon.core.main.TestSuiteExecutor.execute(TestSuiteExecutor.java:104)
	at com.kms.katalon.core.main.TestCaseMain.startTestSuite(TestCaseMain.java:205)
	at TempTestSuite1759292364169.run(TempTestSuite1759292364169.groovy:35)
	at java.base/jdk.internal.reflect.NativeMethodAccessorImpl.invoke0(Native Method)
	at java.base/jdk.internal.reflect.NativeMethodAccessorImpl.invoke(NativeMethodAccessorImpl.java:77)
	at java.base/jdk.internal.reflect.DelegatingMethodAccessorImpl.invoke(DelegatingMethodAccessorImpl.java:43)]]></system-err>
      </testcase>
      <testcase name="Test Cases/API_Testing/GraphQL_API_Testing/TC04_graphql_Delete_api" time="0.599" classname="Test Cases/API_Testing/GraphQL_API_Testing/TC04_graphql_Delete_api" status="PASSED">
         <properties>
            <property name="data_binding"><![CDATA[{"(Default) graph...":"graphQL","(Default) apiBa...":"apiBaseUrl","(Default) JsonF...":"Include/Data Files/login_data.json"}]]></property>
         </properties>
         <system-out><![CDATA[01-10-2025T09:49:45 - [TEST_CASE][PASSED] - Test Cases/API_Testing/GraphQL_API_Testing/TC04_graphql_Delete_api: Test Cases/API_Testing/GraphQL_API_Testing/TC04_graphql_Delete_api

01-10-2025T09:49:45 - [TEST_STEP][PASSED] - Start listener action : beforeTestCase: null

01-10-2025T09:49:45 - [TEST_STEP][PASSED] - testCaseId = testCaseContext.getTestCaseId(): null

01-10-2025T09:49:45 - [TEST_STEP][PASSED] - testCaseName = split("/").last(): null

01-10-2025T09:49:45 - [TEST_STEP][PASSED] - if (toLowerCase().endsWith("api")): null

01-10-2025T09:49:45 - [TEST_STEP][PASSED] - logInfo(Skipping browser launch for API test case: $testCaseName): Skipping browser launch for API test case: TC04_graphql_Delete_api

01-10-2025T09:49:45 - [MESSAGE][INFO] - Skipping browser launch for API test case: TC04_graphql_Delete_api

01-10-2025T09:49:45 - [TEST_STEP][PASSED] - return null: null

01-10-2025T09:49:46 - [TEST_STEP][PASSED] - logInfo("Sending GraphQL mutation to delete post by ID"): Sending GraphQL mutation to delete post by ID

01-10-2025T09:49:46 - [MESSAGE][INFO] - Sending GraphQL mutation to delete post by ID

01-10-2025T09:49:46 - [TEST_STEP][PASSED] - testData = JsonFileReader.getSectionData("graphQL_deletePost", jsonDataFilePath): null

01-10-2025T09:49:46 - [TEST_STEP][PASSED] - query = QueryBuilder.buildQuery(testData): null

01-10-2025T09:49:46 - [TEST_STEP][PASSED] - variables = variables: null

01-10-2025T09:49:46 - [TEST_STEP][PASSED] - headers = (testData.headers) ? testData.headers : [:]: null

01-10-2025T09:49:46 - [TEST_STEP][PASSED] - baseUrl = GlobalAccessor.getProfileVariable(graphQL, apiBaseUrl): null

01-10-2025T09:49:46 - [TEST_STEP][PASSED] - response = ApiKeywords.sendGraphQL(baseUrl, query, variables, headers): Send request successfully

01-10-2025T09:49:46 - [MESSAGE][INFO] - HAR: C:\Users\10835442\Katalon Studio\Luma\Reports\20251001_094924\GraphQL_API\20251001_094924\requests\main\POST_Generic_12.har

01-10-2025T09:49:46 - [MESSAGE][PASSED] - Send request successfully

01-10-2025T09:49:46 - [TEST_STEP][PASSED] - verifyResponseStatusCode(response, 200): Verify response status code successfully

01-10-2025T09:49:46 - [MESSAGE][PASSED] - Verify response status code successfully

01-10-2025T09:49:46 - [TEST_STEP][PASSED] - logInfo("GraphQL response status code verified as 200"): GraphQL response status code verified as 200

01-10-2025T09:49:46 - [MESSAGE][INFO] - GraphQL response status code verified as 200

01-10-2025T09:49:46 - [TEST_STEP][PASSED] - Start listener action : closeTheBrowser: Error while closing browser: Browser is not opened
Build info: version: '4.28.1', revision: '73f5ad48a2'
System info: os.name: 'Windows 11', os.arch: 'amd64', os.version: '10.0', java.version: '17.0.14'
Driver info: driver.version: unknown

01-10-2025T09:49:46 - [TEST_STEP][PASSED] - testCaseId = testCaseContext.getTestCaseId(): null

01-10-2025T09:49:46 - [TEST_STEP][PASSED] - testCaseName = split("/").last(): null

01-10-2025T09:49:46 - [TEST_STEP][PASSED] - testCaseStatus = testCaseContext.getTestCaseStatus(): null

01-10-2025T09:49:46 - [TEST_STEP][PASSED] - println(testCaseStatus): null

01-10-2025T09:49:46 - [TEST_STEP][PASSED] - StatusMap = DependencyHandler.getStatusMap(): null

01-10-2025T09:49:46 - [TEST_STEP][PASSED] - if (StatusMap.containsKey(testCaseName)): null

01-10-2025T09:49:46 - [TEST_STEP][PASSED] - try: null

01-10-2025T09:49:46 - [TEST_STEP][PASSED] - driver = getWebDriver(): null

01-10-2025T09:49:46 - [TEST_STEP][PASSED] - catch (Exception e): Error while closing browser: Browser is not opened
Build info: version: '4.28.1', revision: '73f5ad48a2'
System info: os.name: 'Windows 11', os.arch: 'amd64', os.version: '10.0', java.version: '17.0.14'
Driver info: driver.version: unknown

01-10-2025T09:49:46 - [TEST_STEP][PASSED] - logInfo(Error while closing browser: $e.message): Error while closing browser: Browser is not opened
Build info: version: '4.28.1', revision: '73f5ad48a2'
System info: os.name: 'Windows 11', os.arch: 'amd64', os.version: '10.0', java.version: '17.0.14'
Driver info: driver.version: unknown

01-10-2025T09:49:46 - [MESSAGE][INFO] - Error while closing browser: Browser is not opened
Build info: version: '4.28.1', revision: '73f5ad48a2'
System info: os.name: 'Windows 11', os.arch: 'amd64', os.version: '10.0', java.version: '17.0.14'
Driver info: driver.version: unknown]]></system-out>
         <system-err><![CDATA[]]></system-err>
      </testcase>
      <system-out><![CDATA[01-10-2025T09:49:31 - [TEST_SUITE][FAILED] - GraphQL_API: null]]></system-out>
      <system-err><![CDATA[01-10-2025T09:49:31 - [TEST_SUITE][FAILED] - GraphQL_API: null]]></system-err>
   </testsuite>
</testsuites>
