2025-10-01 10:07:44.380 INFO  c.k.katalon.core.main.TestSuiteExecutor  - START Test Suites/API_AccessToken
2025-10-01 10:07:44.493 INFO  c.k.katalon.core.main.TestSuiteExecutor  - userFullName = abinesh rajendran
2025-10-01 10:07:44.495 INFO  c.k.katalon.core.main.TestSuiteExecutor  - projectName = Luma
2025-10-01 10:07:44.496 INFO  c.k.katalon.core.main.TestSuiteExecutor  - hostName = 10835442 - 192.168.1.4
2025-10-01 10:07:44.498 INFO  c.k.katalon.core.main.TestSuiteExecutor  - os = Windows 11 64bit
2025-10-01 10:07:44.499 INFO  c.k.katalon.core.main.TestSuiteExecutor  - hostAddress = 192.168.1.4
2025-10-01 10:07:44.500 INFO  c.k.katalon.core.main.TestSuiteExecutor  - katalonVersion = 10.3.1.0
2025-10-01 10:07:45.311 INFO  c.k.katalon.core.main.TestCaseExecutor   - --------------------
2025-10-01 10:07:45.311 INFO  c.k.katalon.core.main.TestCaseExecutor   - START Test Cases/API_Testing/REST_API_Testing/TC04_getAccessToken_Api
2025-10-01 10:07:45.433 INFO  c.k.katalon.core.main.TestCaseExecutor   - (Default) jsonFilePath = Include/Data Files/login_data.json
2025-10-01 10:07:45.463 INFO  c.k.katalon.core.main.TestCaseExecutor   - (Default) masterSchemaFilePath = Include/Data Files/MasterSchema.json
2025-10-01 10:07:45.487 INFO  c.k.katalon.core.main.TestCaseExecutor   - (Default) accessToken = accessTokenUrl
2025-10-01 10:07:45.512 INFO  c.k.katalon.core.main.TestCaseExecutor   - (Default) apiBaseUrl = apiBaseUrl
2025-10-01 10:07:45.678 INFO  com.kms.katalon.core.util.KeywordUtil    - Skipping browser launch for API test case: TC04_getAccessToken_Api
2025-10-01 10:07:45.969 DEBUG testcase.TC04_getAccessToken_Api         - 1: logInfo("Reading payload from JSON file...")
2025-10-01 10:07:45.971 INFO  com.kms.katalon.core.util.KeywordUtil    - Reading payload from JSON file...
2025-10-01 10:07:45.975 DEBUG testcase.TC04_getAccessToken_Api         - 2: payLoad = JsonOutput.toJson(JsonFileReader.getSectionData("postPayload", jsonDataFilePath))
2025-10-01 10:07:46.299 DEBUG testcase.TC04_getAccessToken_Api         - 3: logInfo("Payload prepared: " + payLoad)
2025-10-01 10:07:46.305 INFO  com.kms.katalon.core.util.KeywordUtil    - Payload prepared: {"username":"emilys","password":"emilyspass","expiresInMins":30}
2025-10-01 10:07:46.308 DEBUG testcase.TC04_getAccessToken_Api         - 4: logInfo("Sending POST request to /login endpoint...")
2025-10-01 10:07:46.312 INFO  com.kms.katalon.core.util.KeywordUtil    - Sending POST request to /login endpoint...
2025-10-01 10:07:46.314 DEBUG testcase.TC04_getAccessToken_Api         - 5: baseUrl = GlobalAccessor.getProfileVariable(accessToken, apiBaseUrl)
2025-10-01 10:07:46.478 DEBUG testcase.TC04_getAccessToken_Api         - 6: response = ApiKeywords.sendPost(baseUrl, "login", payLoad)
2025-10-01 10:07:49.347 INFO  c.k.k.core.webservice.common.HarLogger   - HAR: C:\Users\10835442\Katalon Studio\Luma\Reports\20251001_100737\API_AccessToken\20251001_100738\requests\main\POST_Generic_0.har
2025-10-01 10:07:49.477 DEBUG testcase.TC04_getAccessToken_Api         - 7: logInfo("Response received with status: " + response.getStatusCode())
2025-10-01 10:07:49.490 INFO  com.kms.katalon.core.util.KeywordUtil    - Response received with status: 200
2025-10-01 10:07:49.493 DEBUG testcase.TC04_getAccessToken_Api         - 8: responseBodyContent = response.getResponseBodyContent()
2025-10-01 10:07:49.501 DEBUG testcase.TC04_getAccessToken_Api         - 9: logInfo("Response body content:
" + responseBodyContent)
2025-10-01 10:07:49.503 INFO  com.kms.katalon.core.util.KeywordUtil    - Response body content:
{"accessToken":"eyJhbGciOiJIUzI1NiIsInR5cCI6IkpXVCJ9.eyJpZCI6MSwidXNlcm5hbWUiOiJlbWlseXMiLCJlbWFpbCI6ImVtaWx5LmpvaG5zb25AeC5kdW1teWpzb24uY29tIiwiZmlyc3ROYW1lIjoiRW1pbHkiLCJsYXN0TmFtZSI6IkpvaG5zb24iLCJnZW5kZXIiOiJmZW1hbGUiLCJpbWFnZSI6Imh0dHBzOi8vZHVtbXlqc29uLmNvbS9pY29uL2VtaWx5cy8xMjgiLCJpYXQiOjE3NTkyOTM0NjgsImV4cCI6MTc1OTI5NTI2OH0.DHLhnmnM0jECByK9C1WEMJjP3_WEj-LI0wulWFAK5aQ","refreshToken":"eyJhbGciOiJIUzI1NiIsInR5cCI6IkpXVCJ9.eyJpZCI6MSwidXNlcm5hbWUiOiJlbWlseXMiLCJlbWFpbCI6ImVtaWx5LmpvaG5zb25AeC5kdW1teWpzb24uY29tIiwiZmlyc3ROYW1lIjoiRW1pbHkiLCJsYXN0TmFtZSI6IkpvaG5zb24iLCJnZW5kZXIiOiJmZW1hbGUiLCJpbWFnZSI6Imh0dHBzOi8vZHVtbXlqc29uLmNvbS9pY29uL2VtaWx5cy8xMjgiLCJpYXQiOjE3NTkyOTM0NjgsImV4cCI6MTc2MTg4NTQ2OH0.lMGNIgysPxfPSWgRIMPSmiIszqr_Os4WzAsrvXy6h6U","id":1,"username":"emilys","email":"emily.johnson@x.dummyjson.com","firstName":"Emily","lastName":"Johnson","gender":"female","image":"https://dummyjson.com/icon/emilys/128"}
2025-10-01 10:07:49.508 DEBUG testcase.TC04_getAccessToken_Api         - 10: logInfo("Validating response against accessTokenSchema...")
2025-10-01 10:07:49.511 INFO  com.kms.katalon.core.util.KeywordUtil    - Validating response against accessTokenSchema...
2025-10-01 10:07:49.513 DEBUG testcase.TC04_getAccessToken_Api         - 11: schemaMap = JsonFileReader.getSectionData("accessTokenSchema", schemaFilePath)
2025-10-01 10:07:49.521 DEBUG testcase.TC04_getAccessToken_Api         - 12: schemaString = JsonOutput.toJson(schemaMap)
2025-10-01 10:07:49.525 DEBUG testcase.TC04_getAccessToken_Api         - 13: SchemaValidator.validateJsonWithSchema(responseBodyContent, schemaString)
2025-10-01 10:07:49.578 INFO  com.kms.katalon.core.util.KeywordUtil    - Schema expects the following fields:
2025-10-01 10:07:49.601 INFO  com.kms.katalon.core.util.KeywordUtil    - ->Field: 'firstName' | Type: 'string'
2025-10-01 10:07:49.602 INFO  com.kms.katalon.core.util.KeywordUtil    - ->Field: 'lastName' | Type: 'string'
2025-10-01 10:07:49.603 INFO  com.kms.katalon.core.util.KeywordUtil    - ->Field: 'image' | Type: 'unknown'
2025-10-01 10:07:49.605 INFO  com.kms.katalon.core.util.KeywordUtil    - ->Field: 'gender' | Type: 'string'
2025-10-01 10:07:49.606 INFO  com.kms.katalon.core.util.KeywordUtil    - ->Field: 'id' | Type: 'integer'
2025-10-01 10:07:49.607 INFO  com.kms.katalon.core.util.KeywordUtil    - ->Field: 'accessToken' | Type: 'string'
2025-10-01 10:07:49.608 INFO  com.kms.katalon.core.util.KeywordUtil    - ->Field: 'email' | Type: 'string'
2025-10-01 10:07:49.609 INFO  com.kms.katalon.core.util.KeywordUtil    - ->Field: 'refreshToken' | Type: 'string'
2025-10-01 10:07:49.610 INFO  com.kms.katalon.core.util.KeywordUtil    - ->Field: 'username' | Type: 'string'
2025-10-01 10:07:49.757 INFO  com.kms.katalon.core.util.KeywordUtil    - Schema validation passed.
2025-10-01 10:07:49.759 DEBUG testcase.TC04_getAccessToken_Api         - 14: logInfo("Schema validation passed.")
2025-10-01 10:07:49.763 INFO  com.kms.katalon.core.util.KeywordUtil    - Schema validation passed.
2025-10-01 10:07:49.765 DEBUG testcase.TC04_getAccessToken_Api         - 15: parsedResponse = JsonSlurper().parseText(responseBodyContent)
2025-10-01 10:07:49.769 DEBUG testcase.TC04_getAccessToken_Api         - 16: jwtToken = accessToken
2025-10-01 10:07:49.773 DEBUG testcase.TC04_getAccessToken_Api         - 17: logInfo("Extracted JWT Token: " + jwtToken)
2025-10-01 10:07:49.775 INFO  com.kms.katalon.core.util.KeywordUtil    - Extracted JWT Token: eyJhbGciOiJIUzI1NiIsInR5cCI6IkpXVCJ9.eyJpZCI6MSwidXNlcm5hbWUiOiJlbWlseXMiLCJlbWFpbCI6ImVtaWx5LmpvaG5zb25AeC5kdW1teWpzb24uY29tIiwiZmlyc3ROYW1lIjoiRW1pbHkiLCJsYXN0TmFtZSI6IkpvaG5zb24iLCJnZW5kZXIiOiJmZW1hbGUiLCJpbWFnZSI6Imh0dHBzOi8vZHVtbXlqc29uLmNvbS9pY29uL2VtaWx5cy8xMjgiLCJpYXQiOjE3NTkyOTM0NjgsImV4cCI6MTc1OTI5NTI2OH0.DHLhnmnM0jECByK9C1WEMJjP3_WEj-LI0wulWFAK5aQ
2025-10-01 10:07:49.779 DEBUG testcase.TC04_getAccessToken_Api         - 18: logInfo("Storing JWT token in DummyJson section of JSON file...")
2025-10-01 10:07:49.782 INFO  com.kms.katalon.core.util.KeywordUtil    - Storing JWT token in DummyJson section of JSON file...
2025-10-01 10:07:49.786 DEBUG testcase.TC04_getAccessToken_Api         - 19: JsonFileReader.storeJsonData(responseDataFilePath, "DummyJson", "accessToken", jwtToken)
2025-10-01 10:07:49.841 INFO  com.kms.katalon.core.util.KeywordUtil    - Saved updated JSON data to file: Include\Data Files\Response_data.json
2025-10-01 10:07:49.849 INFO  com.kms.katalon.core.util.KeywordUtil    - Appended 'accessToken: eyJhbGciOiJIUzI1NiIsInR5cCI6IkpXVCJ9.eyJpZCI6MSwidXNlcm5hbWUiOiJlbWlseXMiLCJlbWFpbCI6ImVtaWx5LmpvaG5zb25AeC5kdW1teWpzb24uY29tIiwiZmlyc3ROYW1lIjoiRW1pbHkiLCJsYXN0TmFtZSI6IkpvaG5zb24iLCJnZW5kZXIiOiJmZW1hbGUiLCJpbWFnZSI6Imh0dHBzOi8vZHVtbXlqc29uLmNvbS9pY29uL2VtaWx5cy8xMjgiLCJpYXQiOjE3NTkyOTM0NjgsImV4cCI6MTc1OTI5NTI2OH0.DHLhnmnM0jECByK9C1WEMJjP3_WEj-LI0wulWFAK5aQ' to section 'DummyJson' in file 'Include/Data Files/Response_data.json'.
2025-10-01 10:07:49.852 DEBUG testcase.TC04_getAccessToken_Api         - 20: logInfo("Token stored successfully.")
2025-10-01 10:07:49.855 INFO  com.kms.katalon.core.util.KeywordUtil    - Token stored successfully.
PASSED
2025-10-01 10:07:50.089 INFO  com.kms.katalon.core.util.KeywordUtil    - Error while closing browser: Browser is not opened
Build info: version: '4.28.1', revision: '73f5ad48a2'
System info: os.name: 'Windows 11', os.arch: 'amd64', os.version: '10.0', java.version: '17.0.14'
Driver info: driver.version: unknown
2025-10-01 10:07:50.094 INFO  c.k.katalon.core.main.TestCaseExecutor   - END Test Cases/API_Testing/REST_API_Testing/TC04_getAccessToken_Api
2025-10-01 10:07:50.108 INFO  c.k.katalon.core.main.TestCaseExecutor   - --------------------
2025-10-01 10:07:50.108 INFO  c.k.katalon.core.main.TestCaseExecutor   - START Test Cases/API_Testing/REST_API_Testing/TC06_Access_currentUserDetail_positive_Api
2025-10-01 10:07:50.164 INFO  c.k.katalon.core.main.TestCaseExecutor   - (Default) jsonFilePath = Include/Data Files/login_data.json
2025-10-01 10:07:50.166 INFO  c.k.katalon.core.main.TestCaseExecutor   - (Default) accessTokenUrl = accessTokenUrl
2025-10-01 10:07:50.168 INFO  c.k.katalon.core.main.TestCaseExecutor   - (Default) apiBaseUrl = apiBaseUrl
2025-10-01 10:07:50.190 INFO  com.kms.katalon.core.util.KeywordUtil    - Skipping browser launch for API test case: TC06_Access_currentUserDetail_positive_Api
2025-10-01 10:07:50.480 DEBUG 06_Access_currentUserDetail_positive_Api - 1: logInfo("Reading access token from JSON file...")
2025-10-01 10:07:50.483 INFO  com.kms.katalon.core.util.KeywordUtil    - Reading access token from JSON file...
2025-10-01 10:07:50.486 DEBUG 06_Access_currentUserDetail_positive_Api - 2: accessToken = JsonFileReader.getJsonData("DummyJson", "accessToken", responseDataFilePath)
2025-10-01 10:07:50.498 DEBUG 06_Access_currentUserDetail_positive_Api - 3: logInfo("Access token retrieved: " + accessToken)
2025-10-01 10:07:50.503 INFO  com.kms.katalon.core.util.KeywordUtil    - Access token retrieved: eyJhbGciOiJIUzI1NiIsInR5cCI6IkpXVCJ9.eyJpZCI6MSwidXNlcm5hbWUiOiJlbWlseXMiLCJlbWFpbCI6ImVtaWx5LmpvaG5zb25AeC5kdW1teWpzb24uY29tIiwiZmlyc3ROYW1lIjoiRW1pbHkiLCJsYXN0TmFtZSI6IkpvaG5zb24iLCJnZW5kZXIiOiJmZW1hbGUiLCJpbWFnZSI6Imh0dHBzOi8vZHVtbXlqc29uLmNvbS9pY29uL2VtaWx5cy8xMjgiLCJpYXQiOjE3NTkyOTM0NjgsImV4cCI6MTc1OTI5NTI2OH0.DHLhnmnM0jECByK9C1WEMJjP3_WEj-LI0wulWFAK5aQ
2025-10-01 10:07:50.507 DEBUG 06_Access_currentUserDetail_positive_Api - 4: headers = ["Authorization":accessToken, "Content-Type":"application/json"]
2025-10-01 10:07:50.513 DEBUG 06_Access_currentUserDetail_positive_Api - 5: logInfo("Headers prepared: " + headers.toString())
2025-10-01 10:07:50.520 INFO  com.kms.katalon.core.util.KeywordUtil    - Headers prepared: [Authorization:eyJhbGciOiJIUzI1NiIsInR5cCI6IkpXVCJ9.eyJpZCI6MSwidXNlcm5hbWUiOiJlbWlseXMiLCJlbWFpbCI6ImVtaWx5LmpvaG5zb25AeC5kdW1teWpzb24uY29tIiwiZmlyc3ROYW1lIjoiRW1pbHkiLCJsYXN0TmFtZSI6IkpvaG5zb24iLCJnZW5kZXIiOiJmZW1hbGUiLCJpbWFnZSI6Imh0dHBzOi8vZHVtbXlqc29uLmNvbS9pY29uL2VtaWx5cy8xMjgiLCJpYXQiOjE3NTkyOTM0NjgsImV4cCI6MTc1OTI5NTI2OH0.DHLhnmnM0jECByK9C1WEMJjP3_WEj-LI0wulWFAK5aQ, Content-Type:application/json]
2025-10-01 10:07:50.524 DEBUG 06_Access_currentUserDetail_positive_Api - 6: logInfo("Sending GET request to /me endpoint...")
2025-10-01 10:07:50.528 INFO  com.kms.katalon.core.util.KeywordUtil    - Sending GET request to /me endpoint...
2025-10-01 10:07:50.532 DEBUG 06_Access_currentUserDetail_positive_Api - 7: baseUrl = GlobalAccessor.getProfileVariable(accessTokenUrl, apiBaseUrl)
2025-10-01 10:07:50.545 DEBUG 06_Access_currentUserDetail_positive_Api - 8: response = ApiKeywords.sendGet(baseUrl, "me", headers)
2025-10-01 10:07:50.916 INFO  c.k.k.core.webservice.common.HarLogger   - HAR: C:\Users\10835442\Katalon Studio\Luma\Reports\20251001_100737\API_AccessToken\20251001_100738\requests\main\GET_Generic_1.har
2025-10-01 10:07:50.925 DEBUG 06_Access_currentUserDetail_positive_Api - 9: logInfo("Response received with status: " + response.getStatusCode())
2025-10-01 10:07:50.930 INFO  com.kms.katalon.core.util.KeywordUtil    - Response received with status: 200
2025-10-01 10:07:50.932 DEBUG 06_Access_currentUserDetail_positive_Api - 10: parsedResponse = JsonSlurper().parseText(response.getResponseBodyContent())
2025-10-01 10:07:50.936 DEBUG 06_Access_currentUserDetail_positive_Api - 11: logInfo("Parsed response: " + parsedResponse.toString())
2025-10-01 10:07:50.940 INFO  com.kms.katalon.core.util.KeywordUtil    - Parsed response: {id=1, firstName=Emily, lastName=Johnson, maidenName=Smith, age=28, gender=female, email=emily.johnson@x.dummyjson.com, phone=+81 965-431-3024, username=emilys, password=emilyspass, birthDate=1996-5-30, image=https://dummyjson.com/icon/emilys/128, bloodGroup=O-, height=193.24, weight=63.16, eyeColor=Green, hair={color=Brown, type=Curly}, ip=42.48.100.32, address={address=626 Main Street, city=Phoenix, state=Mississippi, stateCode=MS, postalCode=29112, coordinates={lat=-77.16213, lng=-92.084824}, country=United States}, macAddress=47:fa:41:18:ec:eb, university=University of Wisconsin--Madison, bank={cardExpire=03/26, cardNumber=9289760655481815, cardType=Elo, currency=CNY, iban=YPUXISOBI7TTHPK2BR3HAIXL}, company={department=Engineering, name=Dooley, Kozey and Cronin, title=Sales Manager, address={address=263 Tenth Street, city=San Francisco, state=Wisconsin, stateCode=WI, postalCode=37657, coordinates={lat=71.814525, lng=-161.150263}, country=United States}}, ein=977-175, ssn=900-590-289, userAgent=Mozilla/5.0 (Macintosh; Intel Mac OS X 10_15_7) AppleWebKit/537.36 (KHTML, like Gecko) Chrome/96.0.4664.93 Safari/537.36, crypto={coin=Bitcoin, wallet=0xb9fc2fe63b2a6c003f1c324c3bfa53259162181a, network=Ethereum (ERC20)}, role=admin}
2025-10-01 10:07:50.942 DEBUG 06_Access_currentUserDetail_positive_Api - 12: logInfo("Storing firstName in apiResponse section of JSON file...")
2025-10-01 10:07:50.944 INFO  com.kms.katalon.core.util.KeywordUtil    - Storing firstName in apiResponse section of JSON file...
2025-10-01 10:07:50.947 DEBUG 06_Access_currentUserDetail_positive_Api - 13: JsonFileReader.storeJsonData(responseDataFilePath, "apiResonse", "firstName", firstName)
2025-10-01 10:07:50.958 INFO  com.kms.katalon.core.util.KeywordUtil    - Saved updated JSON data to file: Include\Data Files\Response_data.json
2025-10-01 10:07:50.959 INFO  com.kms.katalon.core.util.KeywordUtil    - Appended 'firstName: Emily' to section 'apiResonse' in file 'Include/Data Files/Response_data.json'.
2025-10-01 10:07:50.962 DEBUG 06_Access_currentUserDetail_positive_Api - 14: logInfo("firstName stored successfully: " + firstName)
2025-10-01 10:07:50.965 INFO  com.kms.katalon.core.util.KeywordUtil    - firstName stored successfully: Emily
2025-10-01 10:07:50.968 DEBUG 06_Access_currentUserDetail_positive_Api - 15: logInfo("Storing full response under userData section...")
2025-10-01 10:07:50.970 INFO  com.kms.katalon.core.util.KeywordUtil    - Storing full response under userData section...
2025-10-01 10:07:50.972 DEBUG 06_Access_currentUserDetail_positive_Api - 16: JsonFileReader.storeApiResponse("userData", response, responseDataFilePath)
2025-10-01 10:07:50.987 INFO  com.kms.katalon.core.util.KeywordUtil    - Saved updated JSON data to file: Include\Data Files\Response_data.json
2025-10-01 10:07:50.988 INFO  com.kms.katalon.core.util.KeywordUtil    - Stored API response under section 'userData' in file 'Include/Data Files/Response_data.json'.
2025-10-01 10:07:50.990 DEBUG 06_Access_currentUserDetail_positive_Api - 17: logInfo("Full response stored successfully.")
2025-10-01 10:07:50.993 INFO  com.kms.katalon.core.util.KeywordUtil    - Full response stored successfully.
PASSED
2025-10-01 10:07:51.015 INFO  com.kms.katalon.core.util.KeywordUtil    - Error while closing browser: Browser is not opened
Build info: version: '4.28.1', revision: '73f5ad48a2'
System info: os.name: 'Windows 11', os.arch: 'amd64', os.version: '10.0', java.version: '17.0.14'
Driver info: driver.version: unknown
2025-10-01 10:07:51.022 INFO  c.k.katalon.core.main.TestCaseExecutor   - END Test Cases/API_Testing/REST_API_Testing/TC06_Access_currentUserDetail_positive_Api
2025-10-01 10:07:51.056 INFO  c.k.katalon.core.main.TestCaseExecutor   - --------------------
2025-10-01 10:07:51.056 INFO  c.k.katalon.core.main.TestCaseExecutor   - START Test Cases/API_Testing/REST_API_Testing/TC05_RefereshAccessToken_Api
2025-10-01 10:07:51.084 INFO  c.k.katalon.core.main.TestCaseExecutor   - (Default) jsonFilePath = Include/Data Files/login_data.json
2025-10-01 10:07:51.086 INFO  c.k.katalon.core.main.TestCaseExecutor   - (Default) accessToken = accessTokenUrl
2025-10-01 10:07:51.087 INFO  c.k.katalon.core.main.TestCaseExecutor   - (Default) apiBaseUrl = apiBaseUrl
2025-10-01 10:07:51.100 INFO  com.kms.katalon.core.util.KeywordUtil    - Skipping browser launch for API test case: TC05_RefereshAccessToken_Api
2025-10-01 10:07:51.286 DEBUG testcase.TC05_RefereshAccessToken_Api    - 1: logInfo("Preparing headers for refresh token request...")
2025-10-01 10:07:51.289 INFO  com.kms.katalon.core.util.KeywordUtil    - Preparing headers for refresh token request...
2025-10-01 10:07:51.289 DEBUG testcase.TC05_RefereshAccessToken_Api    - 2: headers = ["Content-Type":"application/json"]
2025-10-01 10:07:51.293 DEBUG testcase.TC05_RefereshAccessToken_Api    - 3: logInfo("Reading refresh payload from JSON file...")
2025-10-01 10:07:51.298 INFO  com.kms.katalon.core.util.KeywordUtil    - Reading refresh payload from JSON file...
2025-10-01 10:07:51.300 DEBUG testcase.TC05_RefereshAccessToken_Api    - 4: payLoad = JsonOutput.toJson(JsonFileReader.getSectionData("refreshData", jsonDataFilePath))
2025-10-01 10:07:51.305 WARN  com.kms.katalon.core.util.KeywordUtil    - Section 'refreshData' is not a valid object.
2025-10-01 10:07:51.308 DEBUG testcase.TC05_RefereshAccessToken_Api    - 5: logInfo("Payload prepared: " + payLoad)
2025-10-01 10:07:51.313 INFO  com.kms.katalon.core.util.KeywordUtil    - Payload prepared: null
2025-10-01 10:07:51.315 DEBUG testcase.TC05_RefereshAccessToken_Api    - 6: logInfo("Sending POST request to /refresh endpoint...")
2025-10-01 10:07:51.317 INFO  com.kms.katalon.core.util.KeywordUtil    - Sending POST request to /refresh endpoint...
2025-10-01 10:07:51.319 DEBUG testcase.TC05_RefereshAccessToken_Api    - 7: baseUrl = GlobalAccessor.getProfileVariable(accessToken, apiBaseUrl)
2025-10-01 10:07:51.329 DEBUG testcase.TC05_RefereshAccessToken_Api    - 8: refreshResponse = ApiKeywords.sendPost(baseUrl, "refresh", payLoad, headers)
2025-10-01 10:07:51.649 INFO  c.k.k.core.webservice.common.HarLogger   - HAR: C:\Users\10835442\Katalon Studio\Luma\Reports\20251001_100737\API_AccessToken\20251001_100738\requests\main\POST_Generic_2.har
2025-10-01 10:07:51.654 DEBUG testcase.TC05_RefereshAccessToken_Api    - 9: logInfo("Response received with status: " + refreshResponse.getStatusCode())
2025-10-01 10:07:51.656 INFO  com.kms.katalon.core.util.KeywordUtil    - Response received with status: 400
2025-10-01 10:07:51.656 DEBUG testcase.TC05_RefereshAccessToken_Api    - 10: parsedResponse = JsonSlurper().parseText(refreshResponse.getResponseBodyContent())
2025-10-01 10:07:51.661 DEBUG testcase.TC05_RefereshAccessToken_Api    - 11: logInfo("Parsed response: " + parsedResponse.toString())
2025-10-01 10:07:51.664 INFO  com.kms.katalon.core.util.KeywordUtil    - Parsed response: {message=Unexpected token 'n', "null" is not valid JSON}
2025-10-01 10:07:51.666 DEBUG testcase.TC05_RefereshAccessToken_Api    - 12: jwtToken = accessToken
2025-10-01 10:07:51.668 DEBUG testcase.TC05_RefereshAccessToken_Api    - 13: logInfo("Extracted new JWT Token: " + jwtToken)
2025-10-01 10:07:51.717 INFO  com.kms.katalon.core.util.KeywordUtil    - Extracted new JWT Token: null
2025-10-01 10:07:51.719 DEBUG testcase.TC05_RefereshAccessToken_Api    - 14: logInfo("Storing new JWT token in DummyJson section of JSON file...")
2025-10-01 10:07:51.720 INFO  com.kms.katalon.core.util.KeywordUtil    - Storing new JWT token in DummyJson section of JSON file...
2025-10-01 10:07:51.723 DEBUG testcase.TC05_RefereshAccessToken_Api    - 15: JsonFileReader.storeJsonData(responseDataFilePath, "DummyJson", "accessToken", jwtToken)
2025-10-01 10:07:51.736 INFO  com.kms.katalon.core.util.KeywordUtil    - Saved updated JSON data to file: Include\Data Files\Response_data.json
2025-10-01 10:07:51.736 INFO  com.kms.katalon.core.util.KeywordUtil    - Appended 'accessToken: null' to section 'DummyJson' in file 'Include/Data Files/Response_data.json'.
2025-10-01 10:07:51.737 DEBUG testcase.TC05_RefereshAccessToken_Api    - 16: logInfo("Token stored successfully.")
2025-10-01 10:07:51.739 INFO  com.kms.katalon.core.util.KeywordUtil    - Token stored successfully.
PASSED
2025-10-01 10:07:51.758 INFO  com.kms.katalon.core.util.KeywordUtil    - Error while closing browser: Browser is not opened
Build info: version: '4.28.1', revision: '73f5ad48a2'
System info: os.name: 'Windows 11', os.arch: 'amd64', os.version: '10.0', java.version: '17.0.14'
Driver info: driver.version: unknown
2025-10-01 10:07:51.763 INFO  c.k.katalon.core.main.TestCaseExecutor   - END Test Cases/API_Testing/REST_API_Testing/TC05_RefereshAccessToken_Api
2025-10-01 10:07:51.770 INFO  c.k.katalon.core.main.TestCaseExecutor   - --------------------
2025-10-01 10:07:51.770 INFO  c.k.katalon.core.main.TestCaseExecutor   - START Test Cases/API_Testing/REST_API_Testing/TC07_Access_currentUserDetail_negative_Api
2025-10-01 10:07:51.798 INFO  c.k.katalon.core.main.TestCaseExecutor   - (Default) jsonFilePath = Include/Data Files/login_data.json
2025-10-01 10:07:51.798 INFO  c.k.katalon.core.main.TestCaseExecutor   - (Default) accessTokenUrl = accessTokenUrl
2025-10-01 10:07:51.798 INFO  c.k.katalon.core.main.TestCaseExecutor   - (Default) apiBaseUrl = apiBaseUrl
2025-10-01 10:07:51.806 INFO  com.kms.katalon.core.util.KeywordUtil    - Skipping browser launch for API test case: TC07_Access_currentUserDetail_negative_Api
2025-10-01 10:07:52.063 DEBUG 07_Access_currentUserDetail_negative_Api - 1: logInfo("Reading access token from JSON file...")
2025-10-01 10:07:52.066 INFO  com.kms.katalon.core.util.KeywordUtil    - Reading access token from JSON file...
2025-10-01 10:07:52.068 DEBUG 07_Access_currentUserDetail_negative_Api - 2: accessToken = JsonFileReader.getJsonData("DummyJson", "invalidToken", jsonDataFilePath)
2025-10-01 10:07:52.072 DEBUG 07_Access_currentUserDetail_negative_Api - 3: logInfo("Access token retrieved: " + accessToken)
2025-10-01 10:07:52.075 INFO  com.kms.katalon.core.util.KeywordUtil    - Access token retrieved: qwertyuiosdfghjklzxcvbnm
2025-10-01 10:07:52.077 DEBUG 07_Access_currentUserDetail_negative_Api - 4: headers = ["Authorization":accessToken, "Content-Type":"application/json"]
2025-10-01 10:07:52.080 DEBUG 07_Access_currentUserDetail_negative_Api - 5: logInfo("Headers prepared: " + headers.toString())
2025-10-01 10:07:52.082 INFO  com.kms.katalon.core.util.KeywordUtil    - Headers prepared: [Authorization:qwertyuiosdfghjklzxcvbnm, Content-Type:application/json]
2025-10-01 10:07:52.085 DEBUG 07_Access_currentUserDetail_negative_Api - 6: logInfo("Sending GET request to /me endpoint...")
2025-10-01 10:07:52.085 INFO  com.kms.katalon.core.util.KeywordUtil    - Sending GET request to /me endpoint...
2025-10-01 10:07:52.089 DEBUG 07_Access_currentUserDetail_negative_Api - 7: baseUrl = GlobalAccessor.getProfileVariable(accessTokenUrl, apiBaseUrl)
2025-10-01 10:07:52.115 DEBUG 07_Access_currentUserDetail_negative_Api - 8: response = ApiKeywords.sendGet(baseUrl, "me", headers)
2025-10-01 10:07:52.455 INFO  c.k.k.core.webservice.common.HarLogger   - HAR: C:\Users\10835442\Katalon Studio\Luma\Reports\20251001_100737\API_AccessToken\20251001_100738\requests\main\GET_Generic_3.har
2025-10-01 10:07:52.461 DEBUG 07_Access_currentUserDetail_negative_Api - 9: logInfo("Response received with status: " + response.getStatusCode())
2025-10-01 10:07:52.464 INFO  com.kms.katalon.core.util.KeywordUtil    - Response received with status: 401
2025-10-01 10:07:52.466 DEBUG 07_Access_currentUserDetail_negative_Api - 10: verifyResponseStatusCode(response.getStatusCode(), 200)
2025-10-01 10:07:52.538 ERROR c.k.katalon.core.main.TestCaseExecutor   - ❌ Test Cases/API_Testing/REST_API_Testing/TC07_Access_currentUserDetail_negative_Api FAILED.
Reason:
groovy.lang.MissingMethodException: No signature of method: static com.kms.katalon.core.webservice.keyword.WSBuiltInKeywords.verifyResponseStatusCode() is applicable for argument types: (Integer, Integer) values: [401, 200]
Possible solutions: verifyResponseStatusCode(com.kms.katalon.core.testobject.ResponseObject, int), verifyResponseStatusCode(com.kms.katalon.core.testobject.ResponseObject, int, com.kms.katalon.core.model.FailureHandling)
	at TC07_Access_currentUserDetail_negative_Api.run(TC07_Access_currentUserDetail_negative_Api:42)
	at com.kms.katalon.core.main.ScriptEngine.run(ScriptEngine.java:194)
	at com.kms.katalon.core.main.ScriptEngine.runScriptAsRawText(ScriptEngine.java:119)
	at com.kms.katalon.core.main.TestCaseExecutor.runScript(TestCaseExecutor.java:486)
	at com.kms.katalon.core.main.TestCaseExecutor.doExecute(TestCaseExecutor.java:477)
	at com.kms.katalon.core.main.TestCaseExecutor.processExecutionPhase(TestCaseExecutor.java:456)
	at com.kms.katalon.core.main.TestCaseExecutor.accessMainPhase(TestCaseExecutor.java:448)
	at com.kms.katalon.core.main.TestCaseExecutor.execute(TestCaseExecutor.java:322)
	at com.kms.katalon.core.common.CommonExecutor.accessTestCaseMainPhase(CommonExecutor.java:71)
	at com.kms.katalon.core.main.TestSuiteExecutor.accessTestSuiteMainPhase(TestSuiteExecutor.java:145)
	at com.kms.katalon.core.main.TestSuiteExecutor.execute(TestSuiteExecutor.java:104)
	at com.kms.katalon.core.main.TestCaseMain.startTestSuite(TestCaseMain.java:205)
	at TempTestSuite1759293458866.run(TempTestSuite1759293458866.groovy:35)
	at java.base/jdk.internal.reflect.NativeMethodAccessorImpl.invoke0(Native Method)
	at java.base/jdk.internal.reflect.NativeMethodAccessorImpl.invoke(NativeMethodAccessorImpl.java:77)
	at java.base/jdk.internal.reflect.DelegatingMethodAccessorImpl.invoke(DelegatingMethodAccessorImpl.java:43)

2025-10-01 10:07:52.623 ERROR c.k.katalon.core.main.TestCaseExecutor   - ❌ Test Cases/API_Testing/REST_API_Testing/TC07_Access_currentUserDetail_negative_Api FAILED.
Reason:
groovy.lang.MissingMethodException: No signature of method: static com.kms.katalon.core.webservice.keyword.WSBuiltInKeywords.verifyResponseStatusCode() is applicable for argument types: (Integer, Integer) values: [401, 200]
Possible solutions: verifyResponseStatusCode(com.kms.katalon.core.testobject.ResponseObject, int), verifyResponseStatusCode(com.kms.katalon.core.testobject.ResponseObject, int, com.kms.katalon.core.model.FailureHandling)
	at TC07_Access_currentUserDetail_negative_Api.run(TC07_Access_currentUserDetail_negative_Api:42)
	at com.kms.katalon.core.main.ScriptEngine.run(ScriptEngine.java:194)
	at com.kms.katalon.core.main.ScriptEngine.runScriptAsRawText(ScriptEngine.java:119)
	at com.kms.katalon.core.main.TestCaseExecutor.runScript(TestCaseExecutor.java:486)
	at com.kms.katalon.core.main.TestCaseExecutor.doExecute(TestCaseExecutor.java:477)
	at com.kms.katalon.core.main.TestCaseExecutor.processExecutionPhase(TestCaseExecutor.java:456)
	at com.kms.katalon.core.main.TestCaseExecutor.accessMainPhase(TestCaseExecutor.java:448)
	at com.kms.katalon.core.main.TestCaseExecutor.execute(TestCaseExecutor.java:322)
	at com.kms.katalon.core.common.CommonExecutor.accessTestCaseMainPhase(CommonExecutor.java:71)
	at com.kms.katalon.core.main.TestSuiteExecutor.accessTestSuiteMainPhase(TestSuiteExecutor.java:145)
	at com.kms.katalon.core.main.TestSuiteExecutor.execute(TestSuiteExecutor.java:104)
	at com.kms.katalon.core.main.TestCaseMain.startTestSuite(TestCaseMain.java:205)
	at TempTestSuite1759293458866.run(TempTestSuite1759293458866.groovy:35)
	at java.base/jdk.internal.reflect.NativeMethodAccessorImpl.invoke0(Native Method)
	at java.base/jdk.internal.reflect.NativeMethodAccessorImpl.invoke(NativeMethodAccessorImpl.java:77)
	at java.base/jdk.internal.reflect.DelegatingMethodAccessorImpl.invoke(DelegatingMethodAccessorImpl.java:43)

ERROR
2025-10-01 10:07:52.737 INFO  com.kms.katalon.core.util.KeywordUtil    - Error while closing browser: Browser is not opened
Build info: version: '4.28.1', revision: '73f5ad48a2'
System info: os.name: 'Windows 11', os.arch: 'amd64', os.version: '10.0', java.version: '17.0.14'
Driver info: driver.version: unknown
2025-10-01 10:07:52.742 INFO  c.k.katalon.core.main.TestCaseExecutor   - END Test Cases/API_Testing/REST_API_Testing/TC07_Access_currentUserDetail_negative_Api
2025-10-01 10:07:52.762 INFO  c.k.katalon.core.main.TestCaseExecutor   - --------------------
2025-10-01 10:07:52.763 INFO  c.k.katalon.core.main.TestCaseExecutor   - START Test Cases/API_Testing/REST_API_Testing/TC07_Access_currentUserDetail_negative_Api
2025-10-01 10:07:52.806 INFO  c.k.katalon.core.main.TestCaseExecutor   - (Default) jsonFilePath = Include/Data Files/login_data.json
2025-10-01 10:07:52.807 INFO  c.k.katalon.core.main.TestCaseExecutor   - (Default) accessTokenUrl = accessTokenUrl
2025-10-01 10:07:52.807 INFO  c.k.katalon.core.main.TestCaseExecutor   - (Default) apiBaseUrl = apiBaseUrl
2025-10-01 10:07:52.815 INFO  com.kms.katalon.core.util.KeywordUtil    - Skipping browser launch for API test case: TC07_Access_currentUserDetail_negative_Api
2025-10-01 10:07:52.821 DEBUG 07_Access_currentUserDetail_negative_Api - 1: logInfo("Reading access token from JSON file...")
2025-10-01 10:07:52.821 INFO  com.kms.katalon.core.util.KeywordUtil    - Reading access token from JSON file...
2025-10-01 10:07:52.823 DEBUG 07_Access_currentUserDetail_negative_Api - 2: accessToken = JsonFileReader.getJsonData("DummyJson", "invalidToken", jsonDataFilePath)
2025-10-01 10:07:52.826 DEBUG 07_Access_currentUserDetail_negative_Api - 3: logInfo("Access token retrieved: " + accessToken)
2025-10-01 10:07:52.828 INFO  com.kms.katalon.core.util.KeywordUtil    - Access token retrieved: qwertyuiosdfghjklzxcvbnm
2025-10-01 10:07:52.832 DEBUG 07_Access_currentUserDetail_negative_Api - 4: headers = ["Authorization":accessToken, "Content-Type":"application/json"]
2025-10-01 10:07:52.835 DEBUG 07_Access_currentUserDetail_negative_Api - 5: logInfo("Headers prepared: " + headers.toString())
2025-10-01 10:07:52.837 INFO  com.kms.katalon.core.util.KeywordUtil    - Headers prepared: [Authorization:qwertyuiosdfghjklzxcvbnm, Content-Type:application/json]
2025-10-01 10:07:52.837 DEBUG 07_Access_currentUserDetail_negative_Api - 6: logInfo("Sending GET request to /me endpoint...")
2025-10-01 10:07:52.839 INFO  com.kms.katalon.core.util.KeywordUtil    - Sending GET request to /me endpoint...
2025-10-01 10:07:52.839 DEBUG 07_Access_currentUserDetail_negative_Api - 7: baseUrl = GlobalAccessor.getProfileVariable(accessTokenUrl, apiBaseUrl)
2025-10-01 10:07:52.849 DEBUG 07_Access_currentUserDetail_negative_Api - 8: response = ApiKeywords.sendGet(baseUrl, "me", headers)
2025-10-01 10:07:53.159 INFO  c.k.k.core.webservice.common.HarLogger   - HAR: C:\Users\10835442\Katalon Studio\Luma\Reports\20251001_100737\API_AccessToken\20251001_100738\requests\main\GET_Generic_4.har
2025-10-01 10:07:53.165 DEBUG 07_Access_currentUserDetail_negative_Api - 9: logInfo("Response received with status: " + response.getStatusCode())
2025-10-01 10:07:53.165 INFO  com.kms.katalon.core.util.KeywordUtil    - Response received with status: 401
2025-10-01 10:07:53.167 DEBUG 07_Access_currentUserDetail_negative_Api - 10: verifyResponseStatusCode(response.getStatusCode(), 200)
2025-10-01 10:07:53.171 ERROR c.k.katalon.core.main.TestCaseExecutor   - ❌ Test Cases/API_Testing/REST_API_Testing/TC07_Access_currentUserDetail_negative_Api FAILED.
Reason:
groovy.lang.MissingMethodException: No signature of method: static com.kms.katalon.core.webservice.keyword.WSBuiltInKeywords.verifyResponseStatusCode() is applicable for argument types: (Integer, Integer) values: [401, 200]
Possible solutions: verifyResponseStatusCode(com.kms.katalon.core.testobject.ResponseObject, int), verifyResponseStatusCode(com.kms.katalon.core.testobject.ResponseObject, int, com.kms.katalon.core.model.FailureHandling)
	at TC07_Access_currentUserDetail_negative_Api.run(TC07_Access_currentUserDetail_negative_Api:42)
	at com.kms.katalon.core.main.ScriptEngine.run(ScriptEngine.java:194)
	at com.kms.katalon.core.main.ScriptEngine.runScriptAsRawText(ScriptEngine.java:119)
	at com.kms.katalon.core.main.TestCaseExecutor.runScript(TestCaseExecutor.java:486)
	at com.kms.katalon.core.main.TestCaseExecutor.doExecute(TestCaseExecutor.java:477)
	at com.kms.katalon.core.main.TestCaseExecutor.processExecutionPhase(TestCaseExecutor.java:456)
	at com.kms.katalon.core.main.TestCaseExecutor.accessMainPhase(TestCaseExecutor.java:448)
	at com.kms.katalon.core.main.TestCaseExecutor.execute(TestCaseExecutor.java:322)
	at com.kms.katalon.core.main.TestCaseExecutor.execute(TestCaseExecutor.java:406)
	at com.kms.katalon.core.common.CommonExecutor.accessTestCaseMainPhase(CommonExecutor.java:71)
	at com.kms.katalon.core.main.TestSuiteExecutor.accessTestSuiteMainPhase(TestSuiteExecutor.java:145)
	at com.kms.katalon.core.main.TestSuiteExecutor.execute(TestSuiteExecutor.java:104)
	at com.kms.katalon.core.main.TestCaseMain.startTestSuite(TestCaseMain.java:205)
	at TempTestSuite1759293458866.run(TempTestSuite1759293458866.groovy:35)
	at java.base/jdk.internal.reflect.NativeMethodAccessorImpl.invoke0(Native Method)
	at java.base/jdk.internal.reflect.NativeMethodAccessorImpl.invoke(NativeMethodAccessorImpl.java:77)
	at java.base/jdk.internal.reflect.DelegatingMethodAccessorImpl.invoke(DelegatingMethodAccessorImpl.java:43)

2025-10-01 10:07:53.185 ERROR c.k.katalon.core.main.TestCaseExecutor   - ❌ Test Cases/API_Testing/REST_API_Testing/TC07_Access_currentUserDetail_negative_Api FAILED.
Reason:
groovy.lang.MissingMethodException: No signature of method: static com.kms.katalon.core.webservice.keyword.WSBuiltInKeywords.verifyResponseStatusCode() is applicable for argument types: (Integer, Integer) values: [401, 200]
Possible solutions: verifyResponseStatusCode(com.kms.katalon.core.testobject.ResponseObject, int), verifyResponseStatusCode(com.kms.katalon.core.testobject.ResponseObject, int, com.kms.katalon.core.model.FailureHandling)
	at TC07_Access_currentUserDetail_negative_Api.run(TC07_Access_currentUserDetail_negative_Api:42)
	at com.kms.katalon.core.main.ScriptEngine.run(ScriptEngine.java:194)
	at com.kms.katalon.core.main.ScriptEngine.runScriptAsRawText(ScriptEngine.java:119)
	at com.kms.katalon.core.main.TestCaseExecutor.runScript(TestCaseExecutor.java:486)
	at com.kms.katalon.core.main.TestCaseExecutor.doExecute(TestCaseExecutor.java:477)
	at com.kms.katalon.core.main.TestCaseExecutor.processExecutionPhase(TestCaseExecutor.java:456)
	at com.kms.katalon.core.main.TestCaseExecutor.accessMainPhase(TestCaseExecutor.java:448)
	at com.kms.katalon.core.main.TestCaseExecutor.execute(TestCaseExecutor.java:322)
	at com.kms.katalon.core.main.TestCaseExecutor.execute(TestCaseExecutor.java:406)
	at com.kms.katalon.core.common.CommonExecutor.accessTestCaseMainPhase(CommonExecutor.java:71)
	at com.kms.katalon.core.main.TestSuiteExecutor.accessTestSuiteMainPhase(TestSuiteExecutor.java:145)
	at com.kms.katalon.core.main.TestSuiteExecutor.execute(TestSuiteExecutor.java:104)
	at com.kms.katalon.core.main.TestCaseMain.startTestSuite(TestCaseMain.java:205)
	at TempTestSuite1759293458866.run(TempTestSuite1759293458866.groovy:35)
	at java.base/jdk.internal.reflect.NativeMethodAccessorImpl.invoke0(Native Method)
	at java.base/jdk.internal.reflect.NativeMethodAccessorImpl.invoke(NativeMethodAccessorImpl.java:77)
	at java.base/jdk.internal.reflect.DelegatingMethodAccessorImpl.invoke(DelegatingMethodAccessorImpl.java:43)

ERROR
2025-10-01 10:07:53.215 INFO  com.kms.katalon.core.util.KeywordUtil    - Error while closing browser: Browser is not opened
Build info: version: '4.28.1', revision: '73f5ad48a2'
System info: os.name: 'Windows 11', os.arch: 'amd64', os.version: '10.0', java.version: '17.0.14'
Driver info: driver.version: unknown
2025-10-01 10:07:53.217 INFO  c.k.katalon.core.main.TestCaseExecutor   - END Test Cases/API_Testing/REST_API_Testing/TC07_Access_currentUserDetail_negative_Api
2025-10-01 10:07:53.223 INFO  c.k.katalon.core.main.TestCaseExecutor   - --------------------
2025-10-01 10:07:53.223 INFO  c.k.katalon.core.main.TestCaseExecutor   - START Test Cases/API_Testing/REST_API_Testing/TC07_Access_currentUserDetail_negative_Api
2025-10-01 10:07:53.256 INFO  c.k.katalon.core.main.TestCaseExecutor   - (Default) jsonFilePath = Include/Data Files/login_data.json
2025-10-01 10:07:53.257 INFO  c.k.katalon.core.main.TestCaseExecutor   - (Default) accessTokenUrl = accessTokenUrl
2025-10-01 10:07:53.258 INFO  c.k.katalon.core.main.TestCaseExecutor   - (Default) apiBaseUrl = apiBaseUrl
2025-10-01 10:07:53.263 INFO  com.kms.katalon.core.util.KeywordUtil    - Skipping browser launch for API test case: TC07_Access_currentUserDetail_negative_Api
2025-10-01 10:07:53.271 DEBUG 07_Access_currentUserDetail_negative_Api - 1: logInfo("Reading access token from JSON file...")
2025-10-01 10:07:53.274 INFO  com.kms.katalon.core.util.KeywordUtil    - Reading access token from JSON file...
2025-10-01 10:07:53.274 DEBUG 07_Access_currentUserDetail_negative_Api - 2: accessToken = JsonFileReader.getJsonData("DummyJson", "invalidToken", jsonDataFilePath)
2025-10-01 10:07:53.287 DEBUG 07_Access_currentUserDetail_negative_Api - 3: logInfo("Access token retrieved: " + accessToken)
2025-10-01 10:07:53.289 INFO  com.kms.katalon.core.util.KeywordUtil    - Access token retrieved: qwertyuiosdfghjklzxcvbnm
2025-10-01 10:07:53.289 DEBUG 07_Access_currentUserDetail_negative_Api - 4: headers = ["Authorization":accessToken, "Content-Type":"application/json"]
2025-10-01 10:07:53.289 DEBUG 07_Access_currentUserDetail_negative_Api - 5: logInfo("Headers prepared: " + headers.toString())
2025-10-01 10:07:53.291 INFO  com.kms.katalon.core.util.KeywordUtil    - Headers prepared: [Authorization:qwertyuiosdfghjklzxcvbnm, Content-Type:application/json]
2025-10-01 10:07:53.291 DEBUG 07_Access_currentUserDetail_negative_Api - 6: logInfo("Sending GET request to /me endpoint...")
2025-10-01 10:07:53.293 INFO  com.kms.katalon.core.util.KeywordUtil    - Sending GET request to /me endpoint...
2025-10-01 10:07:53.295 DEBUG 07_Access_currentUserDetail_negative_Api - 7: baseUrl = GlobalAccessor.getProfileVariable(accessTokenUrl, apiBaseUrl)
2025-10-01 10:07:53.300 DEBUG 07_Access_currentUserDetail_negative_Api - 8: response = ApiKeywords.sendGet(baseUrl, "me", headers)
2025-10-01 10:07:53.609 INFO  c.k.k.core.webservice.common.HarLogger   - HAR: C:\Users\10835442\Katalon Studio\Luma\Reports\20251001_100737\API_AccessToken\20251001_100738\requests\main\GET_Generic_5.har
2025-10-01 10:07:53.612 DEBUG 07_Access_currentUserDetail_negative_Api - 9: logInfo("Response received with status: " + response.getStatusCode())
2025-10-01 10:07:53.614 INFO  com.kms.katalon.core.util.KeywordUtil    - Response received with status: 401
2025-10-01 10:07:53.615 DEBUG 07_Access_currentUserDetail_negative_Api - 10: verifyResponseStatusCode(response.getStatusCode(), 200)
2025-10-01 10:07:53.619 ERROR c.k.katalon.core.main.TestCaseExecutor   - ❌ Test Cases/API_Testing/REST_API_Testing/TC07_Access_currentUserDetail_negative_Api FAILED.
Reason:
groovy.lang.MissingMethodException: No signature of method: static com.kms.katalon.core.webservice.keyword.WSBuiltInKeywords.verifyResponseStatusCode() is applicable for argument types: (Integer, Integer) values: [401, 200]
Possible solutions: verifyResponseStatusCode(com.kms.katalon.core.testobject.ResponseObject, int), verifyResponseStatusCode(com.kms.katalon.core.testobject.ResponseObject, int, com.kms.katalon.core.model.FailureHandling)
	at TC07_Access_currentUserDetail_negative_Api.run(TC07_Access_currentUserDetail_negative_Api:42)
	at com.kms.katalon.core.main.ScriptEngine.run(ScriptEngine.java:194)
	at com.kms.katalon.core.main.ScriptEngine.runScriptAsRawText(ScriptEngine.java:119)
	at com.kms.katalon.core.main.TestCaseExecutor.runScript(TestCaseExecutor.java:486)
	at com.kms.katalon.core.main.TestCaseExecutor.doExecute(TestCaseExecutor.java:477)
	at com.kms.katalon.core.main.TestCaseExecutor.processExecutionPhase(TestCaseExecutor.java:456)
	at com.kms.katalon.core.main.TestCaseExecutor.accessMainPhase(TestCaseExecutor.java:448)
	at com.kms.katalon.core.main.TestCaseExecutor.execute(TestCaseExecutor.java:322)
	at com.kms.katalon.core.main.TestCaseExecutor.execute(TestCaseExecutor.java:406)
	at com.kms.katalon.core.main.TestCaseExecutor.execute(TestCaseExecutor.java:406)
	at com.kms.katalon.core.common.CommonExecutor.accessTestCaseMainPhase(CommonExecutor.java:71)
	at com.kms.katalon.core.main.TestSuiteExecutor.accessTestSuiteMainPhase(TestSuiteExecutor.java:145)
	at com.kms.katalon.core.main.TestSuiteExecutor.execute(TestSuiteExecutor.java:104)
	at com.kms.katalon.core.main.TestCaseMain.startTestSuite(TestCaseMain.java:205)
	at TempTestSuite1759293458866.run(TempTestSuite1759293458866.groovy:35)
	at java.base/jdk.internal.reflect.NativeMethodAccessorImpl.invoke0(Native Method)
	at java.base/jdk.internal.reflect.NativeMethodAccessorImpl.invoke(NativeMethodAccessorImpl.java:77)
	at java.base/jdk.internal.reflect.DelegatingMethodAccessorImpl.invoke(DelegatingMethodAccessorImpl.java:43)

2025-10-01 10:07:53.633 ERROR c.k.katalon.core.main.TestCaseExecutor   - ❌ Test Cases/API_Testing/REST_API_Testing/TC07_Access_currentUserDetail_negative_Api FAILED.
Reason:
groovy.lang.MissingMethodException: No signature of method: static com.kms.katalon.core.webservice.keyword.WSBuiltInKeywords.verifyResponseStatusCode() is applicable for argument types: (Integer, Integer) values: [401, 200]
Possible solutions: verifyResponseStatusCode(com.kms.katalon.core.testobject.ResponseObject, int), verifyResponseStatusCode(com.kms.katalon.core.testobject.ResponseObject, int, com.kms.katalon.core.model.FailureHandling)
	at TC07_Access_currentUserDetail_negative_Api.run(TC07_Access_currentUserDetail_negative_Api:42)
	at com.kms.katalon.core.main.ScriptEngine.run(ScriptEngine.java:194)
	at com.kms.katalon.core.main.ScriptEngine.runScriptAsRawText(ScriptEngine.java:119)
	at com.kms.katalon.core.main.TestCaseExecutor.runScript(TestCaseExecutor.java:486)
	at com.kms.katalon.core.main.TestCaseExecutor.doExecute(TestCaseExecutor.java:477)
	at com.kms.katalon.core.main.TestCaseExecutor.processExecutionPhase(TestCaseExecutor.java:456)
	at com.kms.katalon.core.main.TestCaseExecutor.accessMainPhase(TestCaseExecutor.java:448)
	at com.kms.katalon.core.main.TestCaseExecutor.execute(TestCaseExecutor.java:322)
	at com.kms.katalon.core.main.TestCaseExecutor.execute(TestCaseExecutor.java:406)
	at com.kms.katalon.core.main.TestCaseExecutor.execute(TestCaseExecutor.java:406)
	at com.kms.katalon.core.common.CommonExecutor.accessTestCaseMainPhase(CommonExecutor.java:71)
	at com.kms.katalon.core.main.TestSuiteExecutor.accessTestSuiteMainPhase(TestSuiteExecutor.java:145)
	at com.kms.katalon.core.main.TestSuiteExecutor.execute(TestSuiteExecutor.java:104)
	at com.kms.katalon.core.main.TestCaseMain.startTestSuite(TestCaseMain.java:205)
	at TempTestSuite1759293458866.run(TempTestSuite1759293458866.groovy:35)
	at java.base/jdk.internal.reflect.NativeMethodAccessorImpl.invoke0(Native Method)
	at java.base/jdk.internal.reflect.NativeMethodAccessorImpl.invoke(NativeMethodAccessorImpl.java:77)
	at java.base/jdk.internal.reflect.DelegatingMethodAccessorImpl.invoke(DelegatingMethodAccessorImpl.java:43)

ERROR
2025-10-01 10:07:53.661 INFO  com.kms.katalon.core.util.KeywordUtil    - Error while closing browser: Browser is not opened
Build info: version: '4.28.1', revision: '73f5ad48a2'
System info: os.name: 'Windows 11', os.arch: 'amd64', os.version: '10.0', java.version: '17.0.14'
Driver info: driver.version: unknown
2025-10-01 10:07:53.664 INFO  c.k.katalon.core.main.TestCaseExecutor   - END Test Cases/API_Testing/REST_API_Testing/TC07_Access_currentUserDetail_negative_Api
2025-10-01 10:07:53.670 INFO  c.k.katalon.core.main.TestCaseExecutor   - --------------------
2025-10-01 10:07:53.670 INFO  c.k.katalon.core.main.TestCaseExecutor   - START Test Cases/API_Testing/REST_API_Testing/TC07_Access_currentUserDetail_negative_Api
2025-10-01 10:07:53.708 INFO  c.k.katalon.core.main.TestCaseExecutor   - (Default) jsonFilePath = Include/Data Files/login_data.json
2025-10-01 10:07:53.710 INFO  c.k.katalon.core.main.TestCaseExecutor   - (Default) accessTokenUrl = accessTokenUrl
2025-10-01 10:07:53.712 INFO  c.k.katalon.core.main.TestCaseExecutor   - (Default) apiBaseUrl = apiBaseUrl
2025-10-01 10:07:53.719 INFO  com.kms.katalon.core.util.KeywordUtil    - Skipping browser launch for API test case: TC07_Access_currentUserDetail_negative_Api
2025-10-01 10:07:53.725 DEBUG 07_Access_currentUserDetail_negative_Api - 1: logInfo("Reading access token from JSON file...")
2025-10-01 10:07:53.726 INFO  com.kms.katalon.core.util.KeywordUtil    - Reading access token from JSON file...
2025-10-01 10:07:53.736 DEBUG 07_Access_currentUserDetail_negative_Api - 2: accessToken = JsonFileReader.getJsonData("DummyJson", "invalidToken", jsonDataFilePath)
2025-10-01 10:07:53.764 DEBUG 07_Access_currentUserDetail_negative_Api - 3: logInfo("Access token retrieved: " + accessToken)
2025-10-01 10:07:53.767 INFO  com.kms.katalon.core.util.KeywordUtil    - Access token retrieved: qwertyuiosdfghjklzxcvbnm
2025-10-01 10:07:53.769 DEBUG 07_Access_currentUserDetail_negative_Api - 4: headers = ["Authorization":accessToken, "Content-Type":"application/json"]
2025-10-01 10:07:53.769 DEBUG 07_Access_currentUserDetail_negative_Api - 5: logInfo("Headers prepared: " + headers.toString())
2025-10-01 10:07:53.771 INFO  com.kms.katalon.core.util.KeywordUtil    - Headers prepared: [Authorization:qwertyuiosdfghjklzxcvbnm, Content-Type:application/json]
2025-10-01 10:07:53.771 DEBUG 07_Access_currentUserDetail_negative_Api - 6: logInfo("Sending GET request to /me endpoint...")
2025-10-01 10:07:53.773 INFO  com.kms.katalon.core.util.KeywordUtil    - Sending GET request to /me endpoint...
2025-10-01 10:07:53.773 DEBUG 07_Access_currentUserDetail_negative_Api - 7: baseUrl = GlobalAccessor.getProfileVariable(accessTokenUrl, apiBaseUrl)
2025-10-01 10:07:53.796 DEBUG 07_Access_currentUserDetail_negative_Api - 8: response = ApiKeywords.sendGet(baseUrl, "me", headers)
2025-10-01 10:07:54.100 INFO  c.k.k.core.webservice.common.HarLogger   - HAR: C:\Users\10835442\Katalon Studio\Luma\Reports\20251001_100737\API_AccessToken\20251001_100738\requests\main\GET_Generic_6.har
2025-10-01 10:07:54.107 DEBUG 07_Access_currentUserDetail_negative_Api - 9: logInfo("Response received with status: " + response.getStatusCode())
2025-10-01 10:07:54.108 INFO  com.kms.katalon.core.util.KeywordUtil    - Response received with status: 401
2025-10-01 10:07:54.109 DEBUG 07_Access_currentUserDetail_negative_Api - 10: verifyResponseStatusCode(response.getStatusCode(), 200)
2025-10-01 10:07:54.112 ERROR c.k.katalon.core.main.TestCaseExecutor   - ❌ Test Cases/API_Testing/REST_API_Testing/TC07_Access_currentUserDetail_negative_Api FAILED.
Reason:
groovy.lang.MissingMethodException: No signature of method: static com.kms.katalon.core.webservice.keyword.WSBuiltInKeywords.verifyResponseStatusCode() is applicable for argument types: (Integer, Integer) values: [401, 200]
Possible solutions: verifyResponseStatusCode(com.kms.katalon.core.testobject.ResponseObject, int), verifyResponseStatusCode(com.kms.katalon.core.testobject.ResponseObject, int, com.kms.katalon.core.model.FailureHandling)
	at TC07_Access_currentUserDetail_negative_Api.run(TC07_Access_currentUserDetail_negative_Api:42)
	at com.kms.katalon.core.main.ScriptEngine.run(ScriptEngine.java:194)
	at com.kms.katalon.core.main.ScriptEngine.runScriptAsRawText(ScriptEngine.java:119)
	at com.kms.katalon.core.main.TestCaseExecutor.runScript(TestCaseExecutor.java:486)
	at com.kms.katalon.core.main.TestCaseExecutor.doExecute(TestCaseExecutor.java:477)
	at com.kms.katalon.core.main.TestCaseExecutor.processExecutionPhase(TestCaseExecutor.java:456)
	at com.kms.katalon.core.main.TestCaseExecutor.accessMainPhase(TestCaseExecutor.java:448)
	at com.kms.katalon.core.main.TestCaseExecutor.execute(TestCaseExecutor.java:322)
	at com.kms.katalon.core.main.TestCaseExecutor.execute(TestCaseExecutor.java:406)
	at com.kms.katalon.core.main.TestCaseExecutor.execute(TestCaseExecutor.java:406)
	at com.kms.katalon.core.main.TestCaseExecutor.execute(TestCaseExecutor.java:406)
	at com.kms.katalon.core.common.CommonExecutor.accessTestCaseMainPhase(CommonExecutor.java:71)
	at com.kms.katalon.core.main.TestSuiteExecutor.accessTestSuiteMainPhase(TestSuiteExecutor.java:145)
	at com.kms.katalon.core.main.TestSuiteExecutor.execute(TestSuiteExecutor.java:104)
	at com.kms.katalon.core.main.TestCaseMain.startTestSuite(TestCaseMain.java:205)
	at TempTestSuite1759293458866.run(TempTestSuite1759293458866.groovy:35)
	at java.base/jdk.internal.reflect.NativeMethodAccessorImpl.invoke0(Native Method)
	at java.base/jdk.internal.reflect.NativeMethodAccessorImpl.invoke(NativeMethodAccessorImpl.java:77)
	at java.base/jdk.internal.reflect.DelegatingMethodAccessorImpl.invoke(DelegatingMethodAccessorImpl.java:43)

2025-10-01 10:07:54.125 ERROR c.k.katalon.core.main.TestCaseExecutor   - ❌ Test Cases/API_Testing/REST_API_Testing/TC07_Access_currentUserDetail_negative_Api FAILED.
Reason:
groovy.lang.MissingMethodException: No signature of method: static com.kms.katalon.core.webservice.keyword.WSBuiltInKeywords.verifyResponseStatusCode() is applicable for argument types: (Integer, Integer) values: [401, 200]
Possible solutions: verifyResponseStatusCode(com.kms.katalon.core.testobject.ResponseObject, int), verifyResponseStatusCode(com.kms.katalon.core.testobject.ResponseObject, int, com.kms.katalon.core.model.FailureHandling)
	at TC07_Access_currentUserDetail_negative_Api.run(TC07_Access_currentUserDetail_negative_Api:42)
	at com.kms.katalon.core.main.ScriptEngine.run(ScriptEngine.java:194)
	at com.kms.katalon.core.main.ScriptEngine.runScriptAsRawText(ScriptEngine.java:119)
	at com.kms.katalon.core.main.TestCaseExecutor.runScript(TestCaseExecutor.java:486)
	at com.kms.katalon.core.main.TestCaseExecutor.doExecute(TestCaseExecutor.java:477)
	at com.kms.katalon.core.main.TestCaseExecutor.processExecutionPhase(TestCaseExecutor.java:456)
	at com.kms.katalon.core.main.TestCaseExecutor.accessMainPhase(TestCaseExecutor.java:448)
	at com.kms.katalon.core.main.TestCaseExecutor.execute(TestCaseExecutor.java:322)
	at com.kms.katalon.core.main.TestCaseExecutor.execute(TestCaseExecutor.java:406)
	at com.kms.katalon.core.main.TestCaseExecutor.execute(TestCaseExecutor.java:406)
	at com.kms.katalon.core.main.TestCaseExecutor.execute(TestCaseExecutor.java:406)
	at com.kms.katalon.core.common.CommonExecutor.accessTestCaseMainPhase(CommonExecutor.java:71)
	at com.kms.katalon.core.main.TestSuiteExecutor.accessTestSuiteMainPhase(TestSuiteExecutor.java:145)
	at com.kms.katalon.core.main.TestSuiteExecutor.execute(TestSuiteExecutor.java:104)
	at com.kms.katalon.core.main.TestCaseMain.startTestSuite(TestCaseMain.java:205)
	at TempTestSuite1759293458866.run(TempTestSuite1759293458866.groovy:35)
	at java.base/jdk.internal.reflect.NativeMethodAccessorImpl.invoke0(Native Method)
	at java.base/jdk.internal.reflect.NativeMethodAccessorImpl.invoke(NativeMethodAccessorImpl.java:77)
	at java.base/jdk.internal.reflect.DelegatingMethodAccessorImpl.invoke(DelegatingMethodAccessorImpl.java:43)

ERROR
2025-10-01 10:07:54.153 INFO  com.kms.katalon.core.util.KeywordUtil    - Error while closing browser: Browser is not opened
Build info: version: '4.28.1', revision: '73f5ad48a2'
System info: os.name: 'Windows 11', os.arch: 'amd64', os.version: '10.0', java.version: '17.0.14'
Driver info: driver.version: unknown
2025-10-01 10:07:54.155 INFO  c.k.katalon.core.main.TestCaseExecutor   - END Test Cases/API_Testing/REST_API_Testing/TC07_Access_currentUserDetail_negative_Api
2025-10-01 10:07:54.256 INFO  c.k.katalon.core.main.TestSuiteExecutor  - --------------------
2025-10-01 10:07:54.256 INFO  c.k.katalon.core.main.TestSuiteExecutor  - END Test Suites/API_AccessToken
2025-10-01 10:07:54.256 INFO  c.k.katalon.core.main.TestSuiteExecutor  - ====================
