<?xml version="1.0" encoding="UTF-8"?>
<testsuites name="API_AccessToken" time="5.405" tests="4" failures="4" errors="0">
   <testsuite name="API_AccessToken" tests="4" failures="4" errors="0" time="5.405" skipped="0" timestamp="2025-09-23T14:52:35.420Z" hostname="10835442 - 7DS3S93" id="Test Suites/API_AccessToken">
      <properties>
         <property name="deviceName" value=""/>
         <property name="devicePlatform"/>
         <property name="logFolder" value="C:\\Users\\10835442\\Katalon Studio\\Luma\\Reports\\20250923_202230\\API_AccessToken\\20250923_202230"/>
         <property name="logFiles" value="C:\\Users\\10835442\\Katalon Studio\\Luma\\Reports\\20250923_202230\\API_AccessToken\\20250923_202230\\console0.log, C:\\Users\\10835442\\Katalon Studio\\Luma\\Reports\\20250923_202230\\API_AccessToken\\20250923_202230\\execution0.log"/>
         <property name="attachments" value=""/>
         <property name="userFullName" value="abinesh rajendran"/>
         <property name="hostName" value="10835442 - 7DS3S93"/>
         <property name="hostAddress" value="192.168.2.159"/>
         <property name="projectName" value="Luma"/>
         <property name="os" value="Windows 11 64bit"/>
         <property name="katalonVersion" value="10.3.1.0"/>
      </properties>
      <testcase name="Test Cases/API_Testing/TC04_getAccessToken_Api" time="0.208" classname="Test Cases/API_Testing/TC04_getAccessToken_Api" status="FAILED">
         <properties>
            <property name="data_binding"><![CDATA[{"(Default) maste...":"Include/Data Files/MasterSchema.json","(Default) jsonF...":"Include/Data Files/login_data.json"}]]></property>
         </properties>
         <failure type="FAILED" message="Test Cases/API_Testing/TC04_getAccessToken_Api FAILED.&#xa;Reason:&#xa;com.kms.katalon.core.exception.StepFailedException: Unable to send request (Root cause: com.kms.katalon.core.webservice.exception.SendRequestException: java.lang.IllegalArgumentException: URI is not absolute&#xa;	at com.kms.katalon.core.webservice.common.HttpUtil.sendRequest(HttpUtil.java:194)&#xa;	at com.kms.katalon.core.webservice.common.BasicRequestor.send(BasicRequestor.java:61)&#xa;	at com.kms.katalon.core.webservice.helper.WebServiceCommonHelper.sendRequest(WebServiceCommonHelper.java:56)&#xa;	at com.kms.katalon.core.webservice.keyword.builtin.SendRequestKeyword$_sendRequest_closure1.doCall(SendRequestKeyword.groovy:46)&#xa;	at com.kms.katalon.core.webservice.keyword.builtin.SendRequestKeyword$_sendRequest_closure1.call(SendRequestKeyword.groovy)&#xa;	at com.kms.katalon.core.keyword.internal.KeywordMain.runKeyword(KeywordMain.groovy:75)&#xa;	at com.kms.katalon.core.webservice.keyword.builtin.SendRequestKeyword.sendRequest(SendRequestKeyword.groovy:38)&#xa;	at com.kms.katalon.core.webservice.keyword.builtin.SendRequestKeyword.execute(SendRequestKeyword.groovy:33)&#xa;	at com.kms.katalon.core.keyword.internal.KeywordExecutor.executeKeywordForPlatform(KeywordExecutor.groovy:79)&#xa;	at com.kms.katalon.core.webservice.keyword.WSBuiltInKeywords.sendRequest(WSBuiltInKeywords.groovy:43)&#xa;	at api.ApiKeywords.sendPost(ApiKeywords.groovy:54)&#xa;	at api.ApiKeywords.sendPost(ApiKeywords.groovy)&#xa;	at TC04_getAccessToken_Api.run(TC04_getAccessToken_Api:32)&#xa;	at com.kms.katalon.core.main.ScriptEngine.run(ScriptEngine.java:194)&#xa;	at com.kms.katalon.core.main.ScriptEngine.runScriptAsRawText(ScriptEngine.java:119)&#xa;	at com.kms.katalon.core.main.TestCaseExecutor.runScript(TestCaseExecutor.java:486)&#xa;	at com.kms.katalon.core.main.TestCaseExecutor.doExecute(TestCaseExecutor.java:477)&#xa;	at com.kms.katalon.core.main.TestCaseExecutor.processExecutionPhase(TestCaseExecutor.java:456)&#xa;	at com.kms.katalon.core.main.TestCaseExecutor.accessMainPhase(TestCaseExecutor.java:448)&#xa;	at com.kms.katalon.core.main.TestCaseExecutor.execute(TestCaseExecutor.java:322)&#xa;	at com.kms.katalon.core.main.TestCaseExecutor.execute(TestCaseExecutor.java:406)&#xa;	at com.kms.katalon.core.main.TestCaseExecutor.execute(TestCaseExecutor.java:406)&#xa;	at com.kms.katalon.core.main.TestCaseExecutor.execute(TestCaseExecutor.java:406)&#xa;	at com.kms.katalon.core.common.CommonExecutor.accessTestCaseMainPhase(CommonExecutor.java:71)&#xa;	at com.kms.katalon.core.main.TestSuiteExecutor.accessTestSuiteMainPhase(TestSuiteExecutor.java:145)&#xa;	at com.kms.katalon.core.main.TestSuiteExecutor.execute(TestSuiteExecutor.java:104)&#xa;	at com.kms.katalon.core.main.TestCaseMain.startTestSuite(TestCaseMain.java:205)&#xa;	at TempTestSuite1758639150827.run(TempTestSuite1758639150827.groovy:35)&#xa;	at java.base/jdk.internal.reflect.NativeMethodAccessorImpl.invoke0(Native Method)&#xa;	at java.base/jdk.internal.reflect.NativeMethodAccessorImpl.invoke(NativeMethodAccessorImpl.java:77)&#xa;	at java.base/jdk.internal.reflect.DelegatingMethodAccessorImpl.invoke(DelegatingMethodAccessorImpl.java:43)&#xa;Caused by: java.lang.IllegalArgumentException: URI is not absolute&#xa;	at com.kms.katalon.core.webservice.common.HttpUtil.sendRequest(HttpUtil.java:139)&#xa;	at com.kms.katalon.core.webservice.common.BasicRequestor.send(BasicRequestor.java:61)&#xa;	at com.kms.katalon.core.webservice.helper.WebServiceCommonHelper.sendRequest(WebServiceCommonHelper.java:56)&#xa;	at com.kms.katalon.core.webservice.keyword.builtin.SendRequestKeyword$_sendRequest_closure1.doCall(SendRequestKeyword.groovy:46)&#xa;	at com.kms.katalon.core.webservice.keyword.builtin.SendRequestKeyword$_sendRequest_closure1.call(SendRequestKeyword.groovy)&#xa;	at com.kms.katalon.core.keyword.internal.KeywordMain.runKeyword(KeywordMain.groovy:75)&#xa;	at com.kms.katalon.core.webservice.keyword.builtin.SendRequestKeyword.sendRequest(SendRequestKeyword.groovy:38)&#xa;	at com.kms.katalon.core.webservice.keyword.builtin.SendRequestKeyword.execute(SendRequestKeyword.groovy:33)&#xa;	at com.kms.katalon.core.keyword.internal.KeywordExecutor.executeKeywordForPlatform(KeywordExecutor.groovy:79)&#xa;	at com.kms.katalon.core.webservice.keyword.WSBuiltInKeywords.sendRequest(WSBuiltInKeywords.groovy:43)&#xa;	at api.ApiKeywords.sendPost(ApiKeywords.groovy:54)&#xa;	at api.ApiKeywords.sendPost(ApiKeywords.groovy)&#xa;	at Script1758181038444.run(Script1758181038444.groovy:32)&#xa;	... 18 more&#xa;)&#xa;	at com.kms.katalon.core.keyword.internal.KeywordMain.stepFailed(KeywordMain.groovy:51)&#xa;	at com.kms.katalon.core.keyword.internal.KeywordMain.stepFailed(KeywordMain.groovy)&#xa;	at com.kms.katalon.core.keyword.internal.KeywordMain.runKeyword(KeywordMain.groovy:77)&#xa;	at com.kms.katalon.core.webservice.keyword.builtin.SendRequestKeyword.sendRequest(SendRequestKeyword.groovy:38)&#xa;	at com.kms.katalon.core.webservice.keyword.builtin.SendRequestKeyword.execute(SendRequestKeyword.groovy:33)&#xa;	at com.kms.katalon.core.keyword.internal.KeywordExecutor.executeKeywordForPlatform(KeywordExecutor.groovy:79)&#xa;	at com.kms.katalon.core.webservice.keyword.WSBuiltInKeywords.sendRequest(WSBuiltInKeywords.groovy:43)&#xa;	at api.ApiKeywords.sendPost(ApiKeywords.groovy:54)&#xa;	at api.ApiKeywords.sendPost(ApiKeywords.groovy)&#xa;	at TC04_getAccessToken_Api.run(TC04_getAccessToken_Api:32)&#xa;	at com.kms.katalon.core.main.ScriptEngine.run(ScriptEngine.java:194)&#xa;	at com.kms.katalon.core.main.ScriptEngine.runScriptAsRawText(ScriptEngine.java:119)&#xa;	at com.kms.katalon.core.main.TestCaseExecutor.runScript(TestCaseExecutor.java:486)&#xa;	at com.kms.katalon.core.main.TestCaseExecutor.doExecute(TestCaseExecutor.java:477)&#xa;	at com.kms.katalon.core.main.TestCaseExecutor.processExecutionPhase(TestCaseExecutor.java:456)&#xa;	at com.kms.katalon.core.main.TestCaseExecutor.accessMainPhase(TestCaseExecutor.java:448)&#xa;	at com.kms.katalon.core.main.TestCaseExecutor.execute(TestCaseExecutor.java:322)&#xa;	at com.kms.katalon.core.main.TestCaseExecutor.execute(TestCaseExecutor.java:406)&#xa;	at com.kms.katalon.core.main.TestCaseExecutor.execute(TestCaseExecutor.java:406)&#xa;	at com.kms.katalon.core.main.TestCaseExecutor.execute(TestCaseExecutor.java:406)&#xa;	at com.kms.katalon.core.common.CommonExecutor.accessTestCaseMainPhase(CommonExecutor.java:71)&#xa;	at com.kms.katalon.core.main.TestSuiteExecutor.accessTestSuiteMainPhase(TestSuiteExecutor.java:145)&#xa;	at com.kms.katalon.core.main.TestSuiteExecutor.execute(TestSuiteExecutor.java:104)&#xa;	at com.kms.katalon.core.main.TestCaseMain.startTestSuite(TestCaseMain.java:205)&#xa;	at TempTestSuite1758639150827.run(TempTestSuite1758639150827.groovy:35)&#xa;	at java.base/jdk.internal.reflect.NativeMethodAccessorImpl.invoke0(Native Method)&#xa;	at java.base/jdk.internal.reflect.NativeMethodAccessorImpl.invoke(NativeMethodAccessorImpl.java:77)&#xa;	at java.base/jdk.internal.reflect.DelegatingMethodAccessorImpl.invoke(DelegatingMethodAccessorImpl.java:43)&#xa;Caused by: com.kms.katalon.core.webservice.exception.SendRequestException: java.lang.IllegalArgumentException: URI is not absolute&#xa;	at com.kms.katalon.core.webservice.common.HttpUtil.sendRequest(HttpUtil.java:194)&#xa;	at com.kms.katalon.core.webservice.common.BasicRequestor.send(BasicRequestor.java:61)&#xa;	at com.kms.katalon.core.webservice.helper.WebServiceCommonHelper.sendRequest(WebServiceCommonHelper.java:56)&#xa;	at com.kms.katalon.core.webservice.keyword.builtin.SendRequestKeyword$_sendRequest_closure1.doCall(SendRequestKeyword.groovy:46)&#xa;	at com.kms.katalon.core.webservice.keyword.builtin.SendRequestKeyword$_sendRequest_closure1.call(SendRequestKeyword.groovy)&#xa;	at com.kms.katalon.core.keyword.internal.KeywordMain.runKeyword(KeywordMain.groovy:75)&#xa;	... 25 more&#xa;Caused by: java.lang.IllegalArgumentException: URI is not absolute&#xa;	at com.kms.katalon.core.webservice.common.HttpUtil.sendRequest(HttpUtil.java:139)&#xa;	... 30 more&#xa;"/>
         <system-out><![CDATA[23-09-2025T20:22:38 - [TEST_CASE][FAILED] - Test Cases/API_Testing/TC04_getAccessToken_Api: Test Cases/API_Testing/TC04_getAccessToken_Api FAILED.
Reason:
com.kms.katalon.core.exception.StepFailedException: Unable to send request (Root cause: com.kms.katalon.core.webservice.exception.SendRequestException: java.lang.IllegalArgumentException: URI is not absolute
	at com.kms.katalon.core.webservice.common.HttpUtil.sendRequest(HttpUtil.java:194)
	at com.kms.katalon.core.webservice.common.BasicRequestor.send(BasicRequestor.java:61)
	at com.kms.katalon.core.webservice.helper.WebServiceCommonHelper.sendRequest(WebServiceCommonHelper.java:56)
	at com.kms.katalon.core.webservice.keyword.builtin.SendRequestKeyword$_sendRequest_closure1.doCall(SendRequestKeyword.groovy:46)
	at com.kms.katalon.core.webservice.keyword.builtin.SendRequestKeyword$_sendRequest_closure1.call(SendRequestKeyword.groovy)
	at com.kms.katalon.core.keyword.internal.KeywordMain.runKeyword(KeywordMain.groovy:75)
	at com.kms.katalon.core.webservice.keyword.builtin.SendRequestKeyword.sendRequest(SendRequestKeyword.groovy:38)
	at com.kms.katalon.core.webservice.keyword.builtin.SendRequestKeyword.execute(SendRequestKeyword.groovy:33)
	at com.kms.katalon.core.keyword.internal.KeywordExecutor.executeKeywordForPlatform(KeywordExecutor.groovy:79)
	at com.kms.katalon.core.webservice.keyword.WSBuiltInKeywords.sendRequest(WSBuiltInKeywords.groovy:43)
	at api.ApiKeywords.sendPost(ApiKeywords.groovy:54)
	at api.ApiKeywords.sendPost(ApiKeywords.groovy)
	at TC04_getAccessToken_Api.run(TC04_getAccessToken_Api:32)
	at com.kms.katalon.core.main.ScriptEngine.run(ScriptEngine.java:194)
	at com.kms.katalon.core.main.ScriptEngine.runScriptAsRawText(ScriptEngine.java:119)
	at com.kms.katalon.core.main.TestCaseExecutor.runScript(TestCaseExecutor.java:486)
	at com.kms.katalon.core.main.TestCaseExecutor.doExecute(TestCaseExecutor.java:477)
	at com.kms.katalon.core.main.TestCaseExecutor.processExecutionPhase(TestCaseExecutor.java:456)
	at com.kms.katalon.core.main.TestCaseExecutor.accessMainPhase(TestCaseExecutor.java:448)
	at com.kms.katalon.core.main.TestCaseExecutor.execute(TestCaseExecutor.java:322)
	at com.kms.katalon.core.main.TestCaseExecutor.execute(TestCaseExecutor.java:406)
	at com.kms.katalon.core.main.TestCaseExecutor.execute(TestCaseExecutor.java:406)
	at com.kms.katalon.core.main.TestCaseExecutor.execute(TestCaseExecutor.java:406)
	at com.kms.katalon.core.common.CommonExecutor.accessTestCaseMainPhase(CommonExecutor.java:71)
	at com.kms.katalon.core.main.TestSuiteExecutor.accessTestSuiteMainPhase(TestSuiteExecutor.java:145)
	at com.kms.katalon.core.main.TestSuiteExecutor.execute(TestSuiteExecutor.java:104)
	at com.kms.katalon.core.main.TestCaseMain.startTestSuite(TestCaseMain.java:205)
	at TempTestSuite1758639150827.run(TempTestSuite1758639150827.groovy:35)
	at java.base/jdk.internal.reflect.NativeMethodAccessorImpl.invoke0(Native Method)
	at java.base/jdk.internal.reflect.NativeMethodAccessorImpl.invoke(NativeMethodAccessorImpl.java:77)
	at java.base/jdk.internal.reflect.DelegatingMethodAccessorImpl.invoke(DelegatingMethodAccessorImpl.java:43)
Caused by: java.lang.IllegalArgumentException: URI is not absolute
	at com.kms.katalon.core.webservice.common.HttpUtil.sendRequest(HttpUtil.java:139)
	at com.kms.katalon.core.webservice.common.BasicRequestor.send(BasicRequestor.java:61)
	at com.kms.katalon.core.webservice.helper.WebServiceCommonHelper.sendRequest(WebServiceCommonHelper.java:56)
	at com.kms.katalon.core.webservice.keyword.builtin.SendRequestKeyword$_sendRequest_closure1.doCall(SendRequestKeyword.groovy:46)
	at com.kms.katalon.core.webservice.keyword.builtin.SendRequestKeyword$_sendRequest_closure1.call(SendRequestKeyword.groovy)
	at com.kms.katalon.core.keyword.internal.KeywordMain.runKeyword(KeywordMain.groovy:75)
	at com.kms.katalon.core.webservice.keyword.builtin.SendRequestKeyword.sendRequest(SendRequestKeyword.groovy:38)
	at com.kms.katalon.core.webservice.keyword.builtin.SendRequestKeyword.execute(SendRequestKeyword.groovy:33)
	at com.kms.katalon.core.keyword.internal.KeywordExecutor.executeKeywordForPlatform(KeywordExecutor.groovy:79)
	at com.kms.katalon.core.webservice.keyword.WSBuiltInKeywords.sendRequest(WSBuiltInKeywords.groovy:43)
	at api.ApiKeywords.sendPost(ApiKeywords.groovy:54)
	at api.ApiKeywords.sendPost(ApiKeywords.groovy)
	at Script1758181038444.run(Script1758181038444.groovy:32)
	... 18 more
)
	at com.kms.katalon.core.keyword.internal.KeywordMain.stepFailed(KeywordMain.groovy:51)
	at com.kms.katalon.core.keyword.internal.KeywordMain.stepFailed(KeywordMain.groovy)
	at com.kms.katalon.core.keyword.internal.KeywordMain.runKeyword(KeywordMain.groovy:77)
	at com.kms.katalon.core.webservice.keyword.builtin.SendRequestKeyword.sendRequest(SendRequestKeyword.groovy:38)
	at com.kms.katalon.core.webservice.keyword.builtin.SendRequestKeyword.execute(SendRequestKeyword.groovy:33)
	at com.kms.katalon.core.keyword.internal.KeywordExecutor.executeKeywordForPlatform(KeywordExecutor.groovy:79)
	at com.kms.katalon.core.webservice.keyword.WSBuiltInKeywords.sendRequest(WSBuiltInKeywords.groovy:43)
	at api.ApiKeywords.sendPost(ApiKeywords.groovy:54)
	at api.ApiKeywords.sendPost(ApiKeywords.groovy)
	at TC04_getAccessToken_Api.run(TC04_getAccessToken_Api:32)
	at com.kms.katalon.core.main.ScriptEngine.run(ScriptEngine.java:194)
	at com.kms.katalon.core.main.ScriptEngine.runScriptAsRawText(ScriptEngine.java:119)
	at com.kms.katalon.core.main.TestCaseExecutor.runScript(TestCaseExecutor.java:486)
	at com.kms.katalon.core.main.TestCaseExecutor.doExecute(TestCaseExecutor.java:477)
	at com.kms.katalon.core.main.TestCaseExecutor.processExecutionPhase(TestCaseExecutor.java:456)
	at com.kms.katalon.core.main.TestCaseExecutor.accessMainPhase(TestCaseExecutor.java:448)
	at com.kms.katalon.core.main.TestCaseExecutor.execute(TestCaseExecutor.java:322)
	at com.kms.katalon.core.main.TestCaseExecutor.execute(TestCaseExecutor.java:406)
	at com.kms.katalon.core.main.TestCaseExecutor.execute(TestCaseExecutor.java:406)
	at com.kms.katalon.core.main.TestCaseExecutor.execute(TestCaseExecutor.java:406)
	at com.kms.katalon.core.common.CommonExecutor.accessTestCaseMainPhase(CommonExecutor.java:71)
	at com.kms.katalon.core.main.TestSuiteExecutor.accessTestSuiteMainPhase(TestSuiteExecutor.java:145)
	at com.kms.katalon.core.main.TestSuiteExecutor.execute(TestSuiteExecutor.java:104)
	at com.kms.katalon.core.main.TestCaseMain.startTestSuite(TestCaseMain.java:205)
	at TempTestSuite1758639150827.run(TempTestSuite1758639150827.groovy:35)
	at java.base/jdk.internal.reflect.NativeMethodAccessorImpl.invoke0(Native Method)
	at java.base/jdk.internal.reflect.NativeMethodAccessorImpl.invoke(NativeMethodAccessorImpl.java:77)
	at java.base/jdk.internal.reflect.DelegatingMethodAccessorImpl.invoke(DelegatingMethodAccessorImpl.java:43)
Caused by: com.kms.katalon.core.webservice.exception.SendRequestException: java.lang.IllegalArgumentException: URI is not absolute
	at com.kms.katalon.core.webservice.common.HttpUtil.sendRequest(HttpUtil.java:194)
	at com.kms.katalon.core.webservice.common.BasicRequestor.send(BasicRequestor.java:61)
	at com.kms.katalon.core.webservice.helper.WebServiceCommonHelper.sendRequest(WebServiceCommonHelper.java:56)
	at com.kms.katalon.core.webservice.keyword.builtin.SendRequestKeyword$_sendRequest_closure1.doCall(SendRequestKeyword.groovy:46)
	at com.kms.katalon.core.webservice.keyword.builtin.SendRequestKeyword$_sendRequest_closure1.call(SendRequestKeyword.groovy)
	at com.kms.katalon.core.keyword.internal.KeywordMain.runKeyword(KeywordMain.groovy:75)
	... 25 more
Caused by: java.lang.IllegalArgumentException: URI is not absolute
	at com.kms.katalon.core.webservice.common.HttpUtil.sendRequest(HttpUtil.java:139)
	... 30 more


23-09-2025T20:22:38 - [TEST_STEP][PASSED] - Start listener action : beforeTestCase: null

23-09-2025T20:22:38 - [TEST_STEP][PASSED] - testCaseId = testCaseContext.getTestCaseId(): null

23-09-2025T20:22:38 - [TEST_STEP][PASSED] - testCaseName = split("/").last(): null

23-09-2025T20:22:38 - [TEST_STEP][PASSED] - if (toLowerCase().endsWith("api")): null

23-09-2025T20:22:38 - [TEST_STEP][PASSED] - println(ℹ️ Skipping browser launch for API test case: $testCaseName): null

23-09-2025T20:22:38 - [TEST_STEP][PASSED] - return null: null

23-09-2025T20:22:38 - [TEST_STEP][PASSED] - logInfo("Reading payload from JSON file..."): Reading payload from JSON file...

23-09-2025T20:22:38 - [MESSAGE][INFO] - Reading payload from JSON file...

23-09-2025T20:22:38 - [TEST_STEP][PASSED] - payLoad = JsonOutput.toJson(JsonFileReader.getSectionData("postPayload", jsonFilePath)): null

23-09-2025T20:22:38 - [TEST_STEP][PASSED] - logInfo("Payload prepared: " + payLoad): Payload prepared: {"username":"emilys","password":"emilyspass","expiresInMins":30}

23-09-2025T20:22:38 - [MESSAGE][INFO] - Payload prepared: {"username":"emilys","password":"emilyspass","expiresInMins":30}

23-09-2025T20:22:38 - [TEST_STEP][PASSED] - logInfo("Sending POST request to /login endpoint..."): Sending POST request to /login endpoint...

23-09-2025T20:22:38 - [MESSAGE][INFO] - Sending POST request to /login endpoint...

23-09-2025T20:22:38 - [TEST_STEP][FAILED] - response = ApiKeywords.sendPost("login", payLoad): Unable to send request (Root cause: com.kms.katalon.core.webservice.exception.SendRequestException: java.lang.IllegalArgumentException: URI is not absolute
	at com.kms.katalon.core.webservice.common.HttpUtil.sendRequest(HttpUtil.java:194)
	at com.kms.katalon.core.webservice.common.BasicRequestor.send(BasicRequestor.java:61)
	at com.kms.katalon.core.webservice.helper.WebServiceCommonHelper.sendRequest(WebServiceCommonHelper.java:56)
	at com.kms.katalon.core.webservice.keyword.builtin.SendRequestKeyword$_sendRequest_closure1.doCall(SendRequestKeyword.groovy:46)
	at com.kms.katalon.core.webservice.keyword.builtin.SendRequestKeyword$_sendRequest_closure1.call(SendRequestKeyword.groovy)
	at com.kms.katalon.core.keyword.internal.KeywordMain.runKeyword(KeywordMain.groovy:75)
	at com.kms.katalon.core.webservice.keyword.builtin.SendRequestKeyword.sendRequest(SendRequestKeyword.groovy:38)
	at com.kms.katalon.core.webservice.keyword.builtin.SendRequestKeyword.execute(SendRequestKeyword.groovy:33)
	at com.kms.katalon.core.keyword.internal.KeywordExecutor.executeKeywordForPlatform(KeywordExecutor.groovy:79)
	at com.kms.katalon.core.webservice.keyword.WSBuiltInKeywords.sendRequest(WSBuiltInKeywords.groovy:43)
	at api.ApiKeywords.sendPost(ApiKeywords.groovy:54)
	at api.ApiKeywords.sendPost(ApiKeywords.groovy)
	at TC04_getAccessToken_Api.run(TC04_getAccessToken_Api:32)
	at com.kms.katalon.core.main.ScriptEngine.run(ScriptEngine.java:194)
	at com.kms.katalon.core.main.ScriptEngine.runScriptAsRawText(ScriptEngine.java:119)
	at com.kms.katalon.core.main.TestCaseExecutor.runScript(TestCaseExecutor.java:486)
	at com.kms.katalon.core.main.TestCaseExecutor.doExecute(TestCaseExecutor.java:477)
	at com.kms.katalon.core.main.TestCaseExecutor.processExecutionPhase(TestCaseExecutor.java:456)
	at com.kms.katalon.core.main.TestCaseExecutor.accessMainPhase(TestCaseExecutor.java:448)
	at com.kms.katalon.core.main.TestCaseExecutor.execute(TestCaseExecutor.java:322)
	at com.kms.katalon.core.main.TestCaseExecutor.execute(TestCaseExecutor.java:406)
	at com.kms.katalon.core.main.TestCaseExecutor.execute(TestCaseExecutor.java:406)
	at com.kms.katalon.core.main.TestCaseExecutor.execute(TestCaseExecutor.java:406)
	at com.kms.katalon.core.common.CommonExecutor.accessTestCaseMainPhase(CommonExecutor.java:71)
	at com.kms.katalon.core.main.TestSuiteExecutor.accessTestSuiteMainPhase(TestSuiteExecutor.java:145)
	at com.kms.katalon.core.main.TestSuiteExecutor.execute(TestSuiteExecutor.java:104)
	at com.kms.katalon.core.main.TestCaseMain.startTestSuite(TestCaseMain.java:205)
	at TempTestSuite1758639150827.run(TempTestSuite1758639150827.groovy:35)
	at java.base/jdk.internal.reflect.NativeMethodAccessorImpl.invoke0(Native Method)
	at java.base/jdk.internal.reflect.NativeMethodAccessorImpl.invoke(NativeMethodAccessorImpl.java:77)
	at java.base/jdk.internal.reflect.DelegatingMethodAccessorImpl.invoke(DelegatingMethodAccessorImpl.java:43)
Caused by: java.lang.IllegalArgumentException: URI is not absolute
	at com.kms.katalon.core.webservice.common.HttpUtil.sendRequest(HttpUtil.java:139)
	at com.kms.katalon.core.webservice.common.BasicRequestor.send(BasicRequestor.java:61)
	at com.kms.katalon.core.webservice.helper.WebServiceCommonHelper.sendRequest(WebServiceCommonHelper.java:56)
	at com.kms.katalon.core.webservice.keyword.builtin.SendRequestKeyword$_sendRequest_closure1.doCall(SendRequestKeyword.groovy:46)
	at com.kms.katalon.core.webservice.keyword.builtin.SendRequestKeyword$_sendRequest_closure1.call(SendRequestKeyword.groovy)
	at com.kms.katalon.core.keyword.internal.KeywordMain.runKeyword(KeywordMain.groovy:75)
	at com.kms.katalon.core.webservice.keyword.builtin.SendRequestKeyword.sendRequest(SendRequestKeyword.groovy:38)
	at com.kms.katalon.core.webservice.keyword.builtin.SendRequestKeyword.execute(SendRequestKeyword.groovy:33)
	at com.kms.katalon.core.keyword.internal.KeywordExecutor.executeKeywordForPlatform(KeywordExecutor.groovy:79)
	at com.kms.katalon.core.webservice.keyword.WSBuiltInKeywords.sendRequest(WSBuiltInKeywords.groovy:43)
	at api.ApiKeywords.sendPost(ApiKeywords.groovy:54)
	at api.ApiKeywords.sendPost(ApiKeywords.groovy)
	at Script1758181038444.run(Script1758181038444.groovy:32)
	... 18 more
)

23-09-2025T20:22:38 - [MESSAGE][FAILED] - Unable to send request (Root cause: com.kms.katalon.core.webservice.exception.SendRequestException: java.lang.IllegalArgumentException: URI is not absolute
	at com.kms.katalon.core.webservice.common.HttpUtil.sendRequest(HttpUtil.java:194)
	at com.kms.katalon.core.webservice.common.BasicRequestor.send(BasicRequestor.java:61)
	at com.kms.katalon.core.webservice.helper.WebServiceCommonHelper.sendRequest(WebServiceCommonHelper.java:56)
	at com.kms.katalon.core.webservice.keyword.builtin.SendRequestKeyword$_sendRequest_closure1.doCall(SendRequestKeyword.groovy:46)
	at com.kms.katalon.core.webservice.keyword.builtin.SendRequestKeyword$_sendRequest_closure1.call(SendRequestKeyword.groovy)
	at com.kms.katalon.core.keyword.internal.KeywordMain.runKeyword(KeywordMain.groovy:75)
	at com.kms.katalon.core.webservice.keyword.builtin.SendRequestKeyword.sendRequest(SendRequestKeyword.groovy:38)
	at com.kms.katalon.core.webservice.keyword.builtin.SendRequestKeyword.execute(SendRequestKeyword.groovy:33)
	at com.kms.katalon.core.keyword.internal.KeywordExecutor.executeKeywordForPlatform(KeywordExecutor.groovy:79)
	at com.kms.katalon.core.webservice.keyword.WSBuiltInKeywords.sendRequest(WSBuiltInKeywords.groovy:43)
	at api.ApiKeywords.sendPost(ApiKeywords.groovy:54)
	at api.ApiKeywords.sendPost(ApiKeywords.groovy)
	at TC04_getAccessToken_Api.run(TC04_getAccessToken_Api:32)
	at com.kms.katalon.core.main.ScriptEngine.run(ScriptEngine.java:194)
	at com.kms.katalon.core.main.ScriptEngine.runScriptAsRawText(ScriptEngine.java:119)
	at com.kms.katalon.core.main.TestCaseExecutor.runScript(TestCaseExecutor.java:486)
	at com.kms.katalon.core.main.TestCaseExecutor.doExecute(TestCaseExecutor.java:477)
	at com.kms.katalon.core.main.TestCaseExecutor.processExecutionPhase(TestCaseExecutor.java:456)
	at com.kms.katalon.core.main.TestCaseExecutor.accessMainPhase(TestCaseExecutor.java:448)
	at com.kms.katalon.core.main.TestCaseExecutor.execute(TestCaseExecutor.java:322)
	at com.kms.katalon.core.main.TestCaseExecutor.execute(TestCaseExecutor.java:406)
	at com.kms.katalon.core.main.TestCaseExecutor.execute(TestCaseExecutor.java:406)
	at com.kms.katalon.core.main.TestCaseExecutor.execute(TestCaseExecutor.java:406)
	at com.kms.katalon.core.common.CommonExecutor.accessTestCaseMainPhase(CommonExecutor.java:71)
	at com.kms.katalon.core.main.TestSuiteExecutor.accessTestSuiteMainPhase(TestSuiteExecutor.java:145)
	at com.kms.katalon.core.main.TestSuiteExecutor.execute(TestSuiteExecutor.java:104)
	at com.kms.katalon.core.main.TestCaseMain.startTestSuite(TestCaseMain.java:205)
	at TempTestSuite1758639150827.run(TempTestSuite1758639150827.groovy:35)
	at java.base/jdk.internal.reflect.NativeMethodAccessorImpl.invoke0(Native Method)
	at java.base/jdk.internal.reflect.NativeMethodAccessorImpl.invoke(NativeMethodAccessorImpl.java:77)
	at java.base/jdk.internal.reflect.DelegatingMethodAccessorImpl.invoke(DelegatingMethodAccessorImpl.java:43)
Caused by: java.lang.IllegalArgumentException: URI is not absolute
	at com.kms.katalon.core.webservice.common.HttpUtil.sendRequest(HttpUtil.java:139)
	at com.kms.katalon.core.webservice.common.BasicRequestor.send(BasicRequestor.java:61)
	at com.kms.katalon.core.webservice.helper.WebServiceCommonHelper.sendRequest(WebServiceCommonHelper.java:56)
	at com.kms.katalon.core.webservice.keyword.builtin.SendRequestKeyword$_sendRequest_closure1.doCall(SendRequestKeyword.groovy:46)
	at com.kms.katalon.core.webservice.keyword.builtin.SendRequestKeyword$_sendRequest_closure1.call(SendRequestKeyword.groovy)
	at com.kms.katalon.core.keyword.internal.KeywordMain.runKeyword(KeywordMain.groovy:75)
	at com.kms.katalon.core.webservice.keyword.builtin.SendRequestKeyword.sendRequest(SendRequestKeyword.groovy:38)
	at com.kms.katalon.core.webservice.keyword.builtin.SendRequestKeyword.execute(SendRequestKeyword.groovy:33)
	at com.kms.katalon.core.keyword.internal.KeywordExecutor.executeKeywordForPlatform(KeywordExecutor.groovy:79)
	at com.kms.katalon.core.webservice.keyword.WSBuiltInKeywords.sendRequest(WSBuiltInKeywords.groovy:43)
	at api.ApiKeywords.sendPost(ApiKeywords.groovy:54)
	at api.ApiKeywords.sendPost(ApiKeywords.groovy)
	at Script1758181038444.run(Script1758181038444.groovy:32)
	... 18 more
)

23-09-2025T20:22:38 - [TEST_STEP][PASSED] - Start listener action : closeTheBrowser: null

23-09-2025T20:22:38 - [TEST_STEP][PASSED] - testCaseId = testCaseContext.getTestCaseId(): null

23-09-2025T20:22:38 - [TEST_STEP][PASSED] - testCaseName = split("/").last(): null

23-09-2025T20:22:38 - [TEST_STEP][PASSED] - testCaseStatus = testCaseContext.getTestCaseStatus(): null

23-09-2025T20:22:38 - [TEST_STEP][PASSED] - println(testCaseStatus): null

23-09-2025T20:22:38 - [TEST_STEP][PASSED] - StatusMap = DependencyHandler.getStatusMap(): null

23-09-2025T20:22:38 - [TEST_STEP][PASSED] - if (StatusMap.containsKey(testCaseName)): null

23-09-2025T20:22:38 - [TEST_STEP][PASSED] - try: null

23-09-2025T20:22:38 - [TEST_STEP][PASSED] - driver = getWebDriver(): null

23-09-2025T20:22:38 - [TEST_STEP][PASSED] - catch (Exception e): null

23-09-2025T20:22:38 - [TEST_STEP][PASSED] - println(⚠️ Error while closing browser: $e.message): null]]></system-out>
         <system-err><![CDATA[23-09-2025T20:22:38 - [TEST_CASE][FAILED] - Test Cases/API_Testing/TC04_getAccessToken_Api: Test Cases/API_Testing/TC04_getAccessToken_Api FAILED.
Reason:
com.kms.katalon.core.exception.StepFailedException: Unable to send request (Root cause: com.kms.katalon.core.webservice.exception.SendRequestException: java.lang.IllegalArgumentException: URI is not absolute
	at com.kms.katalon.core.webservice.common.HttpUtil.sendRequest(HttpUtil.java:194)
	at com.kms.katalon.core.webservice.common.BasicRequestor.send(BasicRequestor.java:61)
	at com.kms.katalon.core.webservice.helper.WebServiceCommonHelper.sendRequest(WebServiceCommonHelper.java:56)
	at com.kms.katalon.core.webservice.keyword.builtin.SendRequestKeyword$_sendRequest_closure1.doCall(SendRequestKeyword.groovy:46)
	at com.kms.katalon.core.webservice.keyword.builtin.SendRequestKeyword$_sendRequest_closure1.call(SendRequestKeyword.groovy)
	at com.kms.katalon.core.keyword.internal.KeywordMain.runKeyword(KeywordMain.groovy:75)
	at com.kms.katalon.core.webservice.keyword.builtin.SendRequestKeyword.sendRequest(SendRequestKeyword.groovy:38)
	at com.kms.katalon.core.webservice.keyword.builtin.SendRequestKeyword.execute(SendRequestKeyword.groovy:33)
	at com.kms.katalon.core.keyword.internal.KeywordExecutor.executeKeywordForPlatform(KeywordExecutor.groovy:79)
	at com.kms.katalon.core.webservice.keyword.WSBuiltInKeywords.sendRequest(WSBuiltInKeywords.groovy:43)
	at api.ApiKeywords.sendPost(ApiKeywords.groovy:54)
	at api.ApiKeywords.sendPost(ApiKeywords.groovy)
	at TC04_getAccessToken_Api.run(TC04_getAccessToken_Api:32)
	at com.kms.katalon.core.main.ScriptEngine.run(ScriptEngine.java:194)
	at com.kms.katalon.core.main.ScriptEngine.runScriptAsRawText(ScriptEngine.java:119)
	at com.kms.katalon.core.main.TestCaseExecutor.runScript(TestCaseExecutor.java:486)
	at com.kms.katalon.core.main.TestCaseExecutor.doExecute(TestCaseExecutor.java:477)
	at com.kms.katalon.core.main.TestCaseExecutor.processExecutionPhase(TestCaseExecutor.java:456)
	at com.kms.katalon.core.main.TestCaseExecutor.accessMainPhase(TestCaseExecutor.java:448)
	at com.kms.katalon.core.main.TestCaseExecutor.execute(TestCaseExecutor.java:322)
	at com.kms.katalon.core.main.TestCaseExecutor.execute(TestCaseExecutor.java:406)
	at com.kms.katalon.core.main.TestCaseExecutor.execute(TestCaseExecutor.java:406)
	at com.kms.katalon.core.main.TestCaseExecutor.execute(TestCaseExecutor.java:406)
	at com.kms.katalon.core.common.CommonExecutor.accessTestCaseMainPhase(CommonExecutor.java:71)
	at com.kms.katalon.core.main.TestSuiteExecutor.accessTestSuiteMainPhase(TestSuiteExecutor.java:145)
	at com.kms.katalon.core.main.TestSuiteExecutor.execute(TestSuiteExecutor.java:104)
	at com.kms.katalon.core.main.TestCaseMain.startTestSuite(TestCaseMain.java:205)
	at TempTestSuite1758639150827.run(TempTestSuite1758639150827.groovy:35)
	at java.base/jdk.internal.reflect.NativeMethodAccessorImpl.invoke0(Native Method)
	at java.base/jdk.internal.reflect.NativeMethodAccessorImpl.invoke(NativeMethodAccessorImpl.java:77)
	at java.base/jdk.internal.reflect.DelegatingMethodAccessorImpl.invoke(DelegatingMethodAccessorImpl.java:43)
Caused by: java.lang.IllegalArgumentException: URI is not absolute
	at com.kms.katalon.core.webservice.common.HttpUtil.sendRequest(HttpUtil.java:139)
	at com.kms.katalon.core.webservice.common.BasicRequestor.send(BasicRequestor.java:61)
	at com.kms.katalon.core.webservice.helper.WebServiceCommonHelper.sendRequest(WebServiceCommonHelper.java:56)
	at com.kms.katalon.core.webservice.keyword.builtin.SendRequestKeyword$_sendRequest_closure1.doCall(SendRequestKeyword.groovy:46)
	at com.kms.katalon.core.webservice.keyword.builtin.SendRequestKeyword$_sendRequest_closure1.call(SendRequestKeyword.groovy)
	at com.kms.katalon.core.keyword.internal.KeywordMain.runKeyword(KeywordMain.groovy:75)
	at com.kms.katalon.core.webservice.keyword.builtin.SendRequestKeyword.sendRequest(SendRequestKeyword.groovy:38)
	at com.kms.katalon.core.webservice.keyword.builtin.SendRequestKeyword.execute(SendRequestKeyword.groovy:33)
	at com.kms.katalon.core.keyword.internal.KeywordExecutor.executeKeywordForPlatform(KeywordExecutor.groovy:79)
	at com.kms.katalon.core.webservice.keyword.WSBuiltInKeywords.sendRequest(WSBuiltInKeywords.groovy:43)
	at api.ApiKeywords.sendPost(ApiKeywords.groovy:54)
	at api.ApiKeywords.sendPost(ApiKeywords.groovy)
	at Script1758181038444.run(Script1758181038444.groovy:32)
	... 18 more
)
	at com.kms.katalon.core.keyword.internal.KeywordMain.stepFailed(KeywordMain.groovy:51)
	at com.kms.katalon.core.keyword.internal.KeywordMain.stepFailed(KeywordMain.groovy)
	at com.kms.katalon.core.keyword.internal.KeywordMain.runKeyword(KeywordMain.groovy:77)
	at com.kms.katalon.core.webservice.keyword.builtin.SendRequestKeyword.sendRequest(SendRequestKeyword.groovy:38)
	at com.kms.katalon.core.webservice.keyword.builtin.SendRequestKeyword.execute(SendRequestKeyword.groovy:33)
	at com.kms.katalon.core.keyword.internal.KeywordExecutor.executeKeywordForPlatform(KeywordExecutor.groovy:79)
	at com.kms.katalon.core.webservice.keyword.WSBuiltInKeywords.sendRequest(WSBuiltInKeywords.groovy:43)
	at api.ApiKeywords.sendPost(ApiKeywords.groovy:54)
	at api.ApiKeywords.sendPost(ApiKeywords.groovy)
	at TC04_getAccessToken_Api.run(TC04_getAccessToken_Api:32)
	at com.kms.katalon.core.main.ScriptEngine.run(ScriptEngine.java:194)
	at com.kms.katalon.core.main.ScriptEngine.runScriptAsRawText(ScriptEngine.java:119)
	at com.kms.katalon.core.main.TestCaseExecutor.runScript(TestCaseExecutor.java:486)
	at com.kms.katalon.core.main.TestCaseExecutor.doExecute(TestCaseExecutor.java:477)
	at com.kms.katalon.core.main.TestCaseExecutor.processExecutionPhase(TestCaseExecutor.java:456)
	at com.kms.katalon.core.main.TestCaseExecutor.accessMainPhase(TestCaseExecutor.java:448)
	at com.kms.katalon.core.main.TestCaseExecutor.execute(TestCaseExecutor.java:322)
	at com.kms.katalon.core.main.TestCaseExecutor.execute(TestCaseExecutor.java:406)
	at com.kms.katalon.core.main.TestCaseExecutor.execute(TestCaseExecutor.java:406)
	at com.kms.katalon.core.main.TestCaseExecutor.execute(TestCaseExecutor.java:406)
	at com.kms.katalon.core.common.CommonExecutor.accessTestCaseMainPhase(CommonExecutor.java:71)
	at com.kms.katalon.core.main.TestSuiteExecutor.accessTestSuiteMainPhase(TestSuiteExecutor.java:145)
	at com.kms.katalon.core.main.TestSuiteExecutor.execute(TestSuiteExecutor.java:104)
	at com.kms.katalon.core.main.TestCaseMain.startTestSuite(TestCaseMain.java:205)
	at TempTestSuite1758639150827.run(TempTestSuite1758639150827.groovy:35)
	at java.base/jdk.internal.reflect.NativeMethodAccessorImpl.invoke0(Native Method)
	at java.base/jdk.internal.reflect.NativeMethodAccessorImpl.invoke(NativeMethodAccessorImpl.java:77)
	at java.base/jdk.internal.reflect.DelegatingMethodAccessorImpl.invoke(DelegatingMethodAccessorImpl.java:43)
Caused by: com.kms.katalon.core.webservice.exception.SendRequestException: java.lang.IllegalArgumentException: URI is not absolute
	at com.kms.katalon.core.webservice.common.HttpUtil.sendRequest(HttpUtil.java:194)
	at com.kms.katalon.core.webservice.common.BasicRequestor.send(BasicRequestor.java:61)
	at com.kms.katalon.core.webservice.helper.WebServiceCommonHelper.sendRequest(WebServiceCommonHelper.java:56)
	at com.kms.katalon.core.webservice.keyword.builtin.SendRequestKeyword$_sendRequest_closure1.doCall(SendRequestKeyword.groovy:46)
	at com.kms.katalon.core.webservice.keyword.builtin.SendRequestKeyword$_sendRequest_closure1.call(SendRequestKeyword.groovy)
	at com.kms.katalon.core.keyword.internal.KeywordMain.runKeyword(KeywordMain.groovy:75)
	... 25 more
Caused by: java.lang.IllegalArgumentException: URI is not absolute
	at com.kms.katalon.core.webservice.common.HttpUtil.sendRequest(HttpUtil.java:139)
	... 30 more]]></system-err>
      </testcase>
      <testcase name="Test Cases/API_Testing/TC06_Access_currentUserDetail_positive_Api" time="0.142" classname="Test Cases/API_Testing/TC06_Access_currentUserDetail_positive_Api" status="FAILED">
         <properties>
            <property name="data_binding"><![CDATA[{"(Default) jsonF...":"Include/Data Files/login_data.json"}]]></property>
         </properties>
         <failure type="FAILED" message="Test Cases/API_Testing/TC06_Access_currentUserDetail_positive_Api FAILED.&#xa;Reason:&#xa;com.kms.katalon.core.exception.StepFailedException: Unable to send request (Root cause: com.kms.katalon.core.webservice.exception.SendRequestException: java.lang.IllegalArgumentException: URI is not absolute&#xa;	at com.kms.katalon.core.webservice.common.HttpUtil.sendRequest(HttpUtil.java:194)&#xa;	at com.kms.katalon.core.webservice.common.BasicRequestor.send(BasicRequestor.java:61)&#xa;	at com.kms.katalon.core.webservice.helper.WebServiceCommonHelper.sendRequest(WebServiceCommonHelper.java:56)&#xa;	at com.kms.katalon.core.webservice.keyword.builtin.SendRequestKeyword$_sendRequest_closure1.doCall(SendRequestKeyword.groovy:46)&#xa;	at com.kms.katalon.core.webservice.keyword.builtin.SendRequestKeyword$_sendRequest_closure1.call(SendRequestKeyword.groovy)&#xa;	at com.kms.katalon.core.keyword.internal.KeywordMain.runKeyword(KeywordMain.groovy:75)&#xa;	at com.kms.katalon.core.webservice.keyword.builtin.SendRequestKeyword.sendRequest(SendRequestKeyword.groovy:38)&#xa;	at com.kms.katalon.core.webservice.keyword.builtin.SendRequestKeyword.execute(SendRequestKeyword.groovy:33)&#xa;	at com.kms.katalon.core.keyword.internal.KeywordExecutor.executeKeywordForPlatform(KeywordExecutor.groovy:79)&#xa;	at com.kms.katalon.core.webservice.keyword.WSBuiltInKeywords.sendRequest(WSBuiltInKeywords.groovy:43)&#xa;	at api.ApiKeywords.sendGet(ApiKeywords.groovy:43)&#xa;	at TC06_Access_currentUserDetail_positive_Api.run(TC06_Access_currentUserDetail_positive_Api:40)&#xa;	at com.kms.katalon.core.main.ScriptEngine.run(ScriptEngine.java:194)&#xa;	at com.kms.katalon.core.main.ScriptEngine.runScriptAsRawText(ScriptEngine.java:119)&#xa;	at com.kms.katalon.core.main.TestCaseExecutor.runScript(TestCaseExecutor.java:486)&#xa;	at com.kms.katalon.core.main.TestCaseExecutor.doExecute(TestCaseExecutor.java:477)&#xa;	at com.kms.katalon.core.main.TestCaseExecutor.processExecutionPhase(TestCaseExecutor.java:456)&#xa;	at com.kms.katalon.core.main.TestCaseExecutor.accessMainPhase(TestCaseExecutor.java:448)&#xa;	at com.kms.katalon.core.main.TestCaseExecutor.execute(TestCaseExecutor.java:322)&#xa;	at com.kms.katalon.core.main.TestCaseExecutor.execute(TestCaseExecutor.java:406)&#xa;	at com.kms.katalon.core.main.TestCaseExecutor.execute(TestCaseExecutor.java:406)&#xa;	at com.kms.katalon.core.main.TestCaseExecutor.execute(TestCaseExecutor.java:406)&#xa;	at com.kms.katalon.core.common.CommonExecutor.accessTestCaseMainPhase(CommonExecutor.java:71)&#xa;	at com.kms.katalon.core.main.TestSuiteExecutor.accessTestSuiteMainPhase(TestSuiteExecutor.java:145)&#xa;	at com.kms.katalon.core.main.TestSuiteExecutor.execute(TestSuiteExecutor.java:104)&#xa;	at com.kms.katalon.core.main.TestCaseMain.startTestSuite(TestCaseMain.java:205)&#xa;	at TempTestSuite1758639150827.run(TempTestSuite1758639150827.groovy:35)&#xa;	at java.base/jdk.internal.reflect.NativeMethodAccessorImpl.invoke0(Native Method)&#xa;	at java.base/jdk.internal.reflect.NativeMethodAccessorImpl.invoke(NativeMethodAccessorImpl.java:77)&#xa;	at java.base/jdk.internal.reflect.DelegatingMethodAccessorImpl.invoke(DelegatingMethodAccessorImpl.java:43)&#xa;Caused by: java.lang.IllegalArgumentException: URI is not absolute&#xa;	at com.kms.katalon.core.webservice.common.HttpUtil.sendRequest(HttpUtil.java:139)&#xa;	at com.kms.katalon.core.webservice.common.BasicRequestor.send(BasicRequestor.java:61)&#xa;	at com.kms.katalon.core.webservice.helper.WebServiceCommonHelper.sendRequest(WebServiceCommonHelper.java:56)&#xa;	at com.kms.katalon.core.webservice.keyword.builtin.SendRequestKeyword$_sendRequest_closure1.doCall(SendRequestKeyword.groovy:46)&#xa;	at com.kms.katalon.core.webservice.keyword.builtin.SendRequestKeyword$_sendRequest_closure1.call(SendRequestKeyword.groovy)&#xa;	at com.kms.katalon.core.keyword.internal.KeywordMain.runKeyword(KeywordMain.groovy:75)&#xa;	at com.kms.katalon.core.webservice.keyword.builtin.SendRequestKeyword.sendRequest(SendRequestKeyword.groovy:38)&#xa;	at com.kms.katalon.core.webservice.keyword.builtin.SendRequestKeyword.execute(SendRequestKeyword.groovy:33)&#xa;	at com.kms.katalon.core.keyword.internal.KeywordExecutor.executeKeywordForPlatform(KeywordExecutor.groovy:79)&#xa;	at com.kms.katalon.core.webservice.keyword.WSBuiltInKeywords.sendRequest(WSBuiltInKeywords.groovy:43)&#xa;	at api.ApiKeywords.sendGet(ApiKeywords.groovy:43)&#xa;	at Script1758181038436.run(Script1758181038436.groovy:40)&#xa;	... 18 more&#xa;)&#xa;	at com.kms.katalon.core.keyword.internal.KeywordMain.stepFailed(KeywordMain.groovy:51)&#xa;	at com.kms.katalon.core.keyword.internal.KeywordMain.stepFailed(KeywordMain.groovy)&#xa;	at com.kms.katalon.core.keyword.internal.KeywordMain.runKeyword(KeywordMain.groovy:77)&#xa;	at com.kms.katalon.core.webservice.keyword.builtin.SendRequestKeyword.sendRequest(SendRequestKeyword.groovy:38)&#xa;	at com.kms.katalon.core.webservice.keyword.builtin.SendRequestKeyword.execute(SendRequestKeyword.groovy:33)&#xa;	at com.kms.katalon.core.keyword.internal.KeywordExecutor.executeKeywordForPlatform(KeywordExecutor.groovy:79)&#xa;	at com.kms.katalon.core.webservice.keyword.WSBuiltInKeywords.sendRequest(WSBuiltInKeywords.groovy:43)&#xa;	at api.ApiKeywords.sendGet(ApiKeywords.groovy:43)&#xa;	at TC06_Access_currentUserDetail_positive_Api.run(TC06_Access_currentUserDetail_positive_Api:40)&#xa;	at com.kms.katalon.core.main.ScriptEngine.run(ScriptEngine.java:194)&#xa;	at com.kms.katalon.core.main.ScriptEngine.runScriptAsRawText(ScriptEngine.java:119)&#xa;	at com.kms.katalon.core.main.TestCaseExecutor.runScript(TestCaseExecutor.java:486)&#xa;	at com.kms.katalon.core.main.TestCaseExecutor.doExecute(TestCaseExecutor.java:477)&#xa;	at com.kms.katalon.core.main.TestCaseExecutor.processExecutionPhase(TestCaseExecutor.java:456)&#xa;	at com.kms.katalon.core.main.TestCaseExecutor.accessMainPhase(TestCaseExecutor.java:448)&#xa;	at com.kms.katalon.core.main.TestCaseExecutor.execute(TestCaseExecutor.java:322)&#xa;	at com.kms.katalon.core.main.TestCaseExecutor.execute(TestCaseExecutor.java:406)&#xa;	at com.kms.katalon.core.main.TestCaseExecutor.execute(TestCaseExecutor.java:406)&#xa;	at com.kms.katalon.core.main.TestCaseExecutor.execute(TestCaseExecutor.java:406)&#xa;	at com.kms.katalon.core.common.CommonExecutor.accessTestCaseMainPhase(CommonExecutor.java:71)&#xa;	at com.kms.katalon.core.main.TestSuiteExecutor.accessTestSuiteMainPhase(TestSuiteExecutor.java:145)&#xa;	at com.kms.katalon.core.main.TestSuiteExecutor.execute(TestSuiteExecutor.java:104)&#xa;	at com.kms.katalon.core.main.TestCaseMain.startTestSuite(TestCaseMain.java:205)&#xa;	at TempTestSuite1758639150827.run(TempTestSuite1758639150827.groovy:35)&#xa;	at java.base/jdk.internal.reflect.NativeMethodAccessorImpl.invoke0(Native Method)&#xa;	at java.base/jdk.internal.reflect.NativeMethodAccessorImpl.invoke(NativeMethodAccessorImpl.java:77)&#xa;	at java.base/jdk.internal.reflect.DelegatingMethodAccessorImpl.invoke(DelegatingMethodAccessorImpl.java:43)&#xa;Caused by: com.kms.katalon.core.webservice.exception.SendRequestException: java.lang.IllegalArgumentException: URI is not absolute&#xa;	at com.kms.katalon.core.webservice.common.HttpUtil.sendRequest(HttpUtil.java:194)&#xa;	at com.kms.katalon.core.webservice.common.BasicRequestor.send(BasicRequestor.java:61)&#xa;	at com.kms.katalon.core.webservice.helper.WebServiceCommonHelper.sendRequest(WebServiceCommonHelper.java:56)&#xa;	at com.kms.katalon.core.webservice.keyword.builtin.SendRequestKeyword$_sendRequest_closure1.doCall(SendRequestKeyword.groovy:46)&#xa;	at com.kms.katalon.core.webservice.keyword.builtin.SendRequestKeyword$_sendRequest_closure1.call(SendRequestKeyword.groovy)&#xa;	at com.kms.katalon.core.keyword.internal.KeywordMain.runKeyword(KeywordMain.groovy:75)&#xa;	... 24 more&#xa;Caused by: java.lang.IllegalArgumentException: URI is not absolute&#xa;	at com.kms.katalon.core.webservice.common.HttpUtil.sendRequest(HttpUtil.java:139)&#xa;	... 29 more&#xa;"/>
         <system-out><![CDATA[23-09-2025T20:22:39 - [TEST_CASE][FAILED] - Test Cases/API_Testing/TC06_Access_currentUserDetail_positive_Api: Test Cases/API_Testing/TC06_Access_currentUserDetail_positive_Api FAILED.
Reason:
com.kms.katalon.core.exception.StepFailedException: Unable to send request (Root cause: com.kms.katalon.core.webservice.exception.SendRequestException: java.lang.IllegalArgumentException: URI is not absolute
	at com.kms.katalon.core.webservice.common.HttpUtil.sendRequest(HttpUtil.java:194)
	at com.kms.katalon.core.webservice.common.BasicRequestor.send(BasicRequestor.java:61)
	at com.kms.katalon.core.webservice.helper.WebServiceCommonHelper.sendRequest(WebServiceCommonHelper.java:56)
	at com.kms.katalon.core.webservice.keyword.builtin.SendRequestKeyword$_sendRequest_closure1.doCall(SendRequestKeyword.groovy:46)
	at com.kms.katalon.core.webservice.keyword.builtin.SendRequestKeyword$_sendRequest_closure1.call(SendRequestKeyword.groovy)
	at com.kms.katalon.core.keyword.internal.KeywordMain.runKeyword(KeywordMain.groovy:75)
	at com.kms.katalon.core.webservice.keyword.builtin.SendRequestKeyword.sendRequest(SendRequestKeyword.groovy:38)
	at com.kms.katalon.core.webservice.keyword.builtin.SendRequestKeyword.execute(SendRequestKeyword.groovy:33)
	at com.kms.katalon.core.keyword.internal.KeywordExecutor.executeKeywordForPlatform(KeywordExecutor.groovy:79)
	at com.kms.katalon.core.webservice.keyword.WSBuiltInKeywords.sendRequest(WSBuiltInKeywords.groovy:43)
	at api.ApiKeywords.sendGet(ApiKeywords.groovy:43)
	at TC06_Access_currentUserDetail_positive_Api.run(TC06_Access_currentUserDetail_positive_Api:40)
	at com.kms.katalon.core.main.ScriptEngine.run(ScriptEngine.java:194)
	at com.kms.katalon.core.main.ScriptEngine.runScriptAsRawText(ScriptEngine.java:119)
	at com.kms.katalon.core.main.TestCaseExecutor.runScript(TestCaseExecutor.java:486)
	at com.kms.katalon.core.main.TestCaseExecutor.doExecute(TestCaseExecutor.java:477)
	at com.kms.katalon.core.main.TestCaseExecutor.processExecutionPhase(TestCaseExecutor.java:456)
	at com.kms.katalon.core.main.TestCaseExecutor.accessMainPhase(TestCaseExecutor.java:448)
	at com.kms.katalon.core.main.TestCaseExecutor.execute(TestCaseExecutor.java:322)
	at com.kms.katalon.core.main.TestCaseExecutor.execute(TestCaseExecutor.java:406)
	at com.kms.katalon.core.main.TestCaseExecutor.execute(TestCaseExecutor.java:406)
	at com.kms.katalon.core.main.TestCaseExecutor.execute(TestCaseExecutor.java:406)
	at com.kms.katalon.core.common.CommonExecutor.accessTestCaseMainPhase(CommonExecutor.java:71)
	at com.kms.katalon.core.main.TestSuiteExecutor.accessTestSuiteMainPhase(TestSuiteExecutor.java:145)
	at com.kms.katalon.core.main.TestSuiteExecutor.execute(TestSuiteExecutor.java:104)
	at com.kms.katalon.core.main.TestCaseMain.startTestSuite(TestCaseMain.java:205)
	at TempTestSuite1758639150827.run(TempTestSuite1758639150827.groovy:35)
	at java.base/jdk.internal.reflect.NativeMethodAccessorImpl.invoke0(Native Method)
	at java.base/jdk.internal.reflect.NativeMethodAccessorImpl.invoke(NativeMethodAccessorImpl.java:77)
	at java.base/jdk.internal.reflect.DelegatingMethodAccessorImpl.invoke(DelegatingMethodAccessorImpl.java:43)
Caused by: java.lang.IllegalArgumentException: URI is not absolute
	at com.kms.katalon.core.webservice.common.HttpUtil.sendRequest(HttpUtil.java:139)
	at com.kms.katalon.core.webservice.common.BasicRequestor.send(BasicRequestor.java:61)
	at com.kms.katalon.core.webservice.helper.WebServiceCommonHelper.sendRequest(WebServiceCommonHelper.java:56)
	at com.kms.katalon.core.webservice.keyword.builtin.SendRequestKeyword$_sendRequest_closure1.doCall(SendRequestKeyword.groovy:46)
	at com.kms.katalon.core.webservice.keyword.builtin.SendRequestKeyword$_sendRequest_closure1.call(SendRequestKeyword.groovy)
	at com.kms.katalon.core.keyword.internal.KeywordMain.runKeyword(KeywordMain.groovy:75)
	at com.kms.katalon.core.webservice.keyword.builtin.SendRequestKeyword.sendRequest(SendRequestKeyword.groovy:38)
	at com.kms.katalon.core.webservice.keyword.builtin.SendRequestKeyword.execute(SendRequestKeyword.groovy:33)
	at com.kms.katalon.core.keyword.internal.KeywordExecutor.executeKeywordForPlatform(KeywordExecutor.groovy:79)
	at com.kms.katalon.core.webservice.keyword.WSBuiltInKeywords.sendRequest(WSBuiltInKeywords.groovy:43)
	at api.ApiKeywords.sendGet(ApiKeywords.groovy:43)
	at Script1758181038436.run(Script1758181038436.groovy:40)
	... 18 more
)
	at com.kms.katalon.core.keyword.internal.KeywordMain.stepFailed(KeywordMain.groovy:51)
	at com.kms.katalon.core.keyword.internal.KeywordMain.stepFailed(KeywordMain.groovy)
	at com.kms.katalon.core.keyword.internal.KeywordMain.runKeyword(KeywordMain.groovy:77)
	at com.kms.katalon.core.webservice.keyword.builtin.SendRequestKeyword.sendRequest(SendRequestKeyword.groovy:38)
	at com.kms.katalon.core.webservice.keyword.builtin.SendRequestKeyword.execute(SendRequestKeyword.groovy:33)
	at com.kms.katalon.core.keyword.internal.KeywordExecutor.executeKeywordForPlatform(KeywordExecutor.groovy:79)
	at com.kms.katalon.core.webservice.keyword.WSBuiltInKeywords.sendRequest(WSBuiltInKeywords.groovy:43)
	at api.ApiKeywords.sendGet(ApiKeywords.groovy:43)
	at TC06_Access_currentUserDetail_positive_Api.run(TC06_Access_currentUserDetail_positive_Api:40)
	at com.kms.katalon.core.main.ScriptEngine.run(ScriptEngine.java:194)
	at com.kms.katalon.core.main.ScriptEngine.runScriptAsRawText(ScriptEngine.java:119)
	at com.kms.katalon.core.main.TestCaseExecutor.runScript(TestCaseExecutor.java:486)
	at com.kms.katalon.core.main.TestCaseExecutor.doExecute(TestCaseExecutor.java:477)
	at com.kms.katalon.core.main.TestCaseExecutor.processExecutionPhase(TestCaseExecutor.java:456)
	at com.kms.katalon.core.main.TestCaseExecutor.accessMainPhase(TestCaseExecutor.java:448)
	at com.kms.katalon.core.main.TestCaseExecutor.execute(TestCaseExecutor.java:322)
	at com.kms.katalon.core.main.TestCaseExecutor.execute(TestCaseExecutor.java:406)
	at com.kms.katalon.core.main.TestCaseExecutor.execute(TestCaseExecutor.java:406)
	at com.kms.katalon.core.main.TestCaseExecutor.execute(TestCaseExecutor.java:406)
	at com.kms.katalon.core.common.CommonExecutor.accessTestCaseMainPhase(CommonExecutor.java:71)
	at com.kms.katalon.core.main.TestSuiteExecutor.accessTestSuiteMainPhase(TestSuiteExecutor.java:145)
	at com.kms.katalon.core.main.TestSuiteExecutor.execute(TestSuiteExecutor.java:104)
	at com.kms.katalon.core.main.TestCaseMain.startTestSuite(TestCaseMain.java:205)
	at TempTestSuite1758639150827.run(TempTestSuite1758639150827.groovy:35)
	at java.base/jdk.internal.reflect.NativeMethodAccessorImpl.invoke0(Native Method)
	at java.base/jdk.internal.reflect.NativeMethodAccessorImpl.invoke(NativeMethodAccessorImpl.java:77)
	at java.base/jdk.internal.reflect.DelegatingMethodAccessorImpl.invoke(DelegatingMethodAccessorImpl.java:43)
Caused by: com.kms.katalon.core.webservice.exception.SendRequestException: java.lang.IllegalArgumentException: URI is not absolute
	at com.kms.katalon.core.webservice.common.HttpUtil.sendRequest(HttpUtil.java:194)
	at com.kms.katalon.core.webservice.common.BasicRequestor.send(BasicRequestor.java:61)
	at com.kms.katalon.core.webservice.helper.WebServiceCommonHelper.sendRequest(WebServiceCommonHelper.java:56)
	at com.kms.katalon.core.webservice.keyword.builtin.SendRequestKeyword$_sendRequest_closure1.doCall(SendRequestKeyword.groovy:46)
	at com.kms.katalon.core.webservice.keyword.builtin.SendRequestKeyword$_sendRequest_closure1.call(SendRequestKeyword.groovy)
	at com.kms.katalon.core.keyword.internal.KeywordMain.runKeyword(KeywordMain.groovy:75)
	... 24 more
Caused by: java.lang.IllegalArgumentException: URI is not absolute
	at com.kms.katalon.core.webservice.common.HttpUtil.sendRequest(HttpUtil.java:139)
	... 29 more


23-09-2025T20:22:39 - [TEST_STEP][PASSED] - Start listener action : beforeTestCase: null

23-09-2025T20:22:39 - [TEST_STEP][PASSED] - testCaseId = testCaseContext.getTestCaseId(): null

23-09-2025T20:22:39 - [TEST_STEP][PASSED] - testCaseName = split("/").last(): null

23-09-2025T20:22:39 - [TEST_STEP][PASSED] - if (toLowerCase().endsWith("api")): null

23-09-2025T20:22:39 - [TEST_STEP][PASSED] - println(ℹ️ Skipping browser launch for API test case: $testCaseName): null

23-09-2025T20:22:39 - [TEST_STEP][PASSED] - return null: null

23-09-2025T20:22:39 - [TEST_STEP][PASSED] - logInfo("Reading access token from JSON file..."): Reading access token from JSON file...

23-09-2025T20:22:39 - [MESSAGE][INFO] - Reading access token from JSON file...

23-09-2025T20:22:39 - [TEST_STEP][PASSED] - accessToken = JsonFileReader.getJsonData("DummyJson", "accessToken", jsonFilePath): null

23-09-2025T20:22:39 - [TEST_STEP][PASSED] - logInfo("Access token retrieved: " + accessToken): Access token retrieved: null

23-09-2025T20:22:39 - [MESSAGE][INFO] - Access token retrieved: null

23-09-2025T20:22:39 - [TEST_STEP][PASSED] - headers = ["Authorization":accessToken, "Content-Type":"application/json"]: null

23-09-2025T20:22:39 - [TEST_STEP][PASSED] - logInfo("Headers prepared: " + headers.toString()): Headers prepared: [Authorization:null, Content-Type:application/json]

23-09-2025T20:22:39 - [MESSAGE][INFO] - Headers prepared: [Authorization:null, Content-Type:application/json]

23-09-2025T20:22:39 - [TEST_STEP][PASSED] - logInfo("Sending GET request to /me endpoint..."): Sending GET request to /me endpoint...

23-09-2025T20:22:39 - [MESSAGE][INFO] - Sending GET request to /me endpoint...

23-09-2025T20:22:39 - [TEST_STEP][FAILED] - response = ApiKeywords.sendGet("me", headers): Unable to send request (Root cause: com.kms.katalon.core.webservice.exception.SendRequestException: java.lang.IllegalArgumentException: URI is not absolute
	at com.kms.katalon.core.webservice.common.HttpUtil.sendRequest(HttpUtil.java:194)
	at com.kms.katalon.core.webservice.common.BasicRequestor.send(BasicRequestor.java:61)
	at com.kms.katalon.core.webservice.helper.WebServiceCommonHelper.sendRequest(WebServiceCommonHelper.java:56)
	at com.kms.katalon.core.webservice.keyword.builtin.SendRequestKeyword$_sendRequest_closure1.doCall(SendRequestKeyword.groovy:46)
	at com.kms.katalon.core.webservice.keyword.builtin.SendRequestKeyword$_sendRequest_closure1.call(SendRequestKeyword.groovy)
	at com.kms.katalon.core.keyword.internal.KeywordMain.runKeyword(KeywordMain.groovy:75)
	at com.kms.katalon.core.webservice.keyword.builtin.SendRequestKeyword.sendRequest(SendRequestKeyword.groovy:38)
	at com.kms.katalon.core.webservice.keyword.builtin.SendRequestKeyword.execute(SendRequestKeyword.groovy:33)
	at com.kms.katalon.core.keyword.internal.KeywordExecutor.executeKeywordForPlatform(KeywordExecutor.groovy:79)
	at com.kms.katalon.core.webservice.keyword.WSBuiltInKeywords.sendRequest(WSBuiltInKeywords.groovy:43)
	at api.ApiKeywords.sendGet(ApiKeywords.groovy:43)
	at TC06_Access_currentUserDetail_positive_Api.run(TC06_Access_currentUserDetail_positive_Api:40)
	at com.kms.katalon.core.main.ScriptEngine.run(ScriptEngine.java:194)
	at com.kms.katalon.core.main.ScriptEngine.runScriptAsRawText(ScriptEngine.java:119)
	at com.kms.katalon.core.main.TestCaseExecutor.runScript(TestCaseExecutor.java:486)
	at com.kms.katalon.core.main.TestCaseExecutor.doExecute(TestCaseExecutor.java:477)
	at com.kms.katalon.core.main.TestCaseExecutor.processExecutionPhase(TestCaseExecutor.java:456)
	at com.kms.katalon.core.main.TestCaseExecutor.accessMainPhase(TestCaseExecutor.java:448)
	at com.kms.katalon.core.main.TestCaseExecutor.execute(TestCaseExecutor.java:322)
	at com.kms.katalon.core.main.TestCaseExecutor.execute(TestCaseExecutor.java:406)
	at com.kms.katalon.core.main.TestCaseExecutor.execute(TestCaseExecutor.java:406)
	at com.kms.katalon.core.main.TestCaseExecutor.execute(TestCaseExecutor.java:406)
	at com.kms.katalon.core.common.CommonExecutor.accessTestCaseMainPhase(CommonExecutor.java:71)
	at com.kms.katalon.core.main.TestSuiteExecutor.accessTestSuiteMainPhase(TestSuiteExecutor.java:145)
	at com.kms.katalon.core.main.TestSuiteExecutor.execute(TestSuiteExecutor.java:104)
	at com.kms.katalon.core.main.TestCaseMain.startTestSuite(TestCaseMain.java:205)
	at TempTestSuite1758639150827.run(TempTestSuite1758639150827.groovy:35)
	at java.base/jdk.internal.reflect.NativeMethodAccessorImpl.invoke0(Native Method)
	at java.base/jdk.internal.reflect.NativeMethodAccessorImpl.invoke(NativeMethodAccessorImpl.java:77)
	at java.base/jdk.internal.reflect.DelegatingMethodAccessorImpl.invoke(DelegatingMethodAccessorImpl.java:43)
Caused by: java.lang.IllegalArgumentException: URI is not absolute
	at com.kms.katalon.core.webservice.common.HttpUtil.sendRequest(HttpUtil.java:139)
	at com.kms.katalon.core.webservice.common.BasicRequestor.send(BasicRequestor.java:61)
	at com.kms.katalon.core.webservice.helper.WebServiceCommonHelper.sendRequest(WebServiceCommonHelper.java:56)
	at com.kms.katalon.core.webservice.keyword.builtin.SendRequestKeyword$_sendRequest_closure1.doCall(SendRequestKeyword.groovy:46)
	at com.kms.katalon.core.webservice.keyword.builtin.SendRequestKeyword$_sendRequest_closure1.call(SendRequestKeyword.groovy)
	at com.kms.katalon.core.keyword.internal.KeywordMain.runKeyword(KeywordMain.groovy:75)
	at com.kms.katalon.core.webservice.keyword.builtin.SendRequestKeyword.sendRequest(SendRequestKeyword.groovy:38)
	at com.kms.katalon.core.webservice.keyword.builtin.SendRequestKeyword.execute(SendRequestKeyword.groovy:33)
	at com.kms.katalon.core.keyword.internal.KeywordExecutor.executeKeywordForPlatform(KeywordExecutor.groovy:79)
	at com.kms.katalon.core.webservice.keyword.WSBuiltInKeywords.sendRequest(WSBuiltInKeywords.groovy:43)
	at api.ApiKeywords.sendGet(ApiKeywords.groovy:43)
	at Script1758181038436.run(Script1758181038436.groovy:40)
	... 18 more
)

23-09-2025T20:22:39 - [MESSAGE][FAILED] - Unable to send request (Root cause: com.kms.katalon.core.webservice.exception.SendRequestException: java.lang.IllegalArgumentException: URI is not absolute
	at com.kms.katalon.core.webservice.common.HttpUtil.sendRequest(HttpUtil.java:194)
	at com.kms.katalon.core.webservice.common.BasicRequestor.send(BasicRequestor.java:61)
	at com.kms.katalon.core.webservice.helper.WebServiceCommonHelper.sendRequest(WebServiceCommonHelper.java:56)
	at com.kms.katalon.core.webservice.keyword.builtin.SendRequestKeyword$_sendRequest_closure1.doCall(SendRequestKeyword.groovy:46)
	at com.kms.katalon.core.webservice.keyword.builtin.SendRequestKeyword$_sendRequest_closure1.call(SendRequestKeyword.groovy)
	at com.kms.katalon.core.keyword.internal.KeywordMain.runKeyword(KeywordMain.groovy:75)
	at com.kms.katalon.core.webservice.keyword.builtin.SendRequestKeyword.sendRequest(SendRequestKeyword.groovy:38)
	at com.kms.katalon.core.webservice.keyword.builtin.SendRequestKeyword.execute(SendRequestKeyword.groovy:33)
	at com.kms.katalon.core.keyword.internal.KeywordExecutor.executeKeywordForPlatform(KeywordExecutor.groovy:79)
	at com.kms.katalon.core.webservice.keyword.WSBuiltInKeywords.sendRequest(WSBuiltInKeywords.groovy:43)
	at api.ApiKeywords.sendGet(ApiKeywords.groovy:43)
	at TC06_Access_currentUserDetail_positive_Api.run(TC06_Access_currentUserDetail_positive_Api:40)
	at com.kms.katalon.core.main.ScriptEngine.run(ScriptEngine.java:194)
	at com.kms.katalon.core.main.ScriptEngine.runScriptAsRawText(ScriptEngine.java:119)
	at com.kms.katalon.core.main.TestCaseExecutor.runScript(TestCaseExecutor.java:486)
	at com.kms.katalon.core.main.TestCaseExecutor.doExecute(TestCaseExecutor.java:477)
	at com.kms.katalon.core.main.TestCaseExecutor.processExecutionPhase(TestCaseExecutor.java:456)
	at com.kms.katalon.core.main.TestCaseExecutor.accessMainPhase(TestCaseExecutor.java:448)
	at com.kms.katalon.core.main.TestCaseExecutor.execute(TestCaseExecutor.java:322)
	at com.kms.katalon.core.main.TestCaseExecutor.execute(TestCaseExecutor.java:406)
	at com.kms.katalon.core.main.TestCaseExecutor.execute(TestCaseExecutor.java:406)
	at com.kms.katalon.core.main.TestCaseExecutor.execute(TestCaseExecutor.java:406)
	at com.kms.katalon.core.common.CommonExecutor.accessTestCaseMainPhase(CommonExecutor.java:71)
	at com.kms.katalon.core.main.TestSuiteExecutor.accessTestSuiteMainPhase(TestSuiteExecutor.java:145)
	at com.kms.katalon.core.main.TestSuiteExecutor.execute(TestSuiteExecutor.java:104)
	at com.kms.katalon.core.main.TestCaseMain.startTestSuite(TestCaseMain.java:205)
	at TempTestSuite1758639150827.run(TempTestSuite1758639150827.groovy:35)
	at java.base/jdk.internal.reflect.NativeMethodAccessorImpl.invoke0(Native Method)
	at java.base/jdk.internal.reflect.NativeMethodAccessorImpl.invoke(NativeMethodAccessorImpl.java:77)
	at java.base/jdk.internal.reflect.DelegatingMethodAccessorImpl.invoke(DelegatingMethodAccessorImpl.java:43)
Caused by: java.lang.IllegalArgumentException: URI is not absolute
	at com.kms.katalon.core.webservice.common.HttpUtil.sendRequest(HttpUtil.java:139)
	at com.kms.katalon.core.webservice.common.BasicRequestor.send(BasicRequestor.java:61)
	at com.kms.katalon.core.webservice.helper.WebServiceCommonHelper.sendRequest(WebServiceCommonHelper.java:56)
	at com.kms.katalon.core.webservice.keyword.builtin.SendRequestKeyword$_sendRequest_closure1.doCall(SendRequestKeyword.groovy:46)
	at com.kms.katalon.core.webservice.keyword.builtin.SendRequestKeyword$_sendRequest_closure1.call(SendRequestKeyword.groovy)
	at com.kms.katalon.core.keyword.internal.KeywordMain.runKeyword(KeywordMain.groovy:75)
	at com.kms.katalon.core.webservice.keyword.builtin.SendRequestKeyword.sendRequest(SendRequestKeyword.groovy:38)
	at com.kms.katalon.core.webservice.keyword.builtin.SendRequestKeyword.execute(SendRequestKeyword.groovy:33)
	at com.kms.katalon.core.keyword.internal.KeywordExecutor.executeKeywordForPlatform(KeywordExecutor.groovy:79)
	at com.kms.katalon.core.webservice.keyword.WSBuiltInKeywords.sendRequest(WSBuiltInKeywords.groovy:43)
	at api.ApiKeywords.sendGet(ApiKeywords.groovy:43)
	at Script1758181038436.run(Script1758181038436.groovy:40)
	... 18 more
)

23-09-2025T20:22:39 - [TEST_STEP][PASSED] - Start listener action : closeTheBrowser: null

23-09-2025T20:22:39 - [TEST_STEP][PASSED] - testCaseId = testCaseContext.getTestCaseId(): null

23-09-2025T20:22:39 - [TEST_STEP][PASSED] - testCaseName = split("/").last(): null

23-09-2025T20:22:39 - [TEST_STEP][PASSED] - testCaseStatus = testCaseContext.getTestCaseStatus(): null

23-09-2025T20:22:39 - [TEST_STEP][PASSED] - println(testCaseStatus): null

23-09-2025T20:22:39 - [TEST_STEP][PASSED] - StatusMap = DependencyHandler.getStatusMap(): null

23-09-2025T20:22:39 - [TEST_STEP][PASSED] - if (StatusMap.containsKey(testCaseName)): null

23-09-2025T20:22:39 - [TEST_STEP][PASSED] - try: null

23-09-2025T20:22:39 - [TEST_STEP][PASSED] - driver = getWebDriver(): null

23-09-2025T20:22:39 - [TEST_STEP][PASSED] - catch (Exception e): null

23-09-2025T20:22:39 - [TEST_STEP][PASSED] - println(⚠️ Error while closing browser: $e.message): null]]></system-out>
         <system-err><![CDATA[23-09-2025T20:22:39 - [TEST_CASE][FAILED] - Test Cases/API_Testing/TC06_Access_currentUserDetail_positive_Api: Test Cases/API_Testing/TC06_Access_currentUserDetail_positive_Api FAILED.
Reason:
com.kms.katalon.core.exception.StepFailedException: Unable to send request (Root cause: com.kms.katalon.core.webservice.exception.SendRequestException: java.lang.IllegalArgumentException: URI is not absolute
	at com.kms.katalon.core.webservice.common.HttpUtil.sendRequest(HttpUtil.java:194)
	at com.kms.katalon.core.webservice.common.BasicRequestor.send(BasicRequestor.java:61)
	at com.kms.katalon.core.webservice.helper.WebServiceCommonHelper.sendRequest(WebServiceCommonHelper.java:56)
	at com.kms.katalon.core.webservice.keyword.builtin.SendRequestKeyword$_sendRequest_closure1.doCall(SendRequestKeyword.groovy:46)
	at com.kms.katalon.core.webservice.keyword.builtin.SendRequestKeyword$_sendRequest_closure1.call(SendRequestKeyword.groovy)
	at com.kms.katalon.core.keyword.internal.KeywordMain.runKeyword(KeywordMain.groovy:75)
	at com.kms.katalon.core.webservice.keyword.builtin.SendRequestKeyword.sendRequest(SendRequestKeyword.groovy:38)
	at com.kms.katalon.core.webservice.keyword.builtin.SendRequestKeyword.execute(SendRequestKeyword.groovy:33)
	at com.kms.katalon.core.keyword.internal.KeywordExecutor.executeKeywordForPlatform(KeywordExecutor.groovy:79)
	at com.kms.katalon.core.webservice.keyword.WSBuiltInKeywords.sendRequest(WSBuiltInKeywords.groovy:43)
	at api.ApiKeywords.sendGet(ApiKeywords.groovy:43)
	at TC06_Access_currentUserDetail_positive_Api.run(TC06_Access_currentUserDetail_positive_Api:40)
	at com.kms.katalon.core.main.ScriptEngine.run(ScriptEngine.java:194)
	at com.kms.katalon.core.main.ScriptEngine.runScriptAsRawText(ScriptEngine.java:119)
	at com.kms.katalon.core.main.TestCaseExecutor.runScript(TestCaseExecutor.java:486)
	at com.kms.katalon.core.main.TestCaseExecutor.doExecute(TestCaseExecutor.java:477)
	at com.kms.katalon.core.main.TestCaseExecutor.processExecutionPhase(TestCaseExecutor.java:456)
	at com.kms.katalon.core.main.TestCaseExecutor.accessMainPhase(TestCaseExecutor.java:448)
	at com.kms.katalon.core.main.TestCaseExecutor.execute(TestCaseExecutor.java:322)
	at com.kms.katalon.core.main.TestCaseExecutor.execute(TestCaseExecutor.java:406)
	at com.kms.katalon.core.main.TestCaseExecutor.execute(TestCaseExecutor.java:406)
	at com.kms.katalon.core.main.TestCaseExecutor.execute(TestCaseExecutor.java:406)
	at com.kms.katalon.core.common.CommonExecutor.accessTestCaseMainPhase(CommonExecutor.java:71)
	at com.kms.katalon.core.main.TestSuiteExecutor.accessTestSuiteMainPhase(TestSuiteExecutor.java:145)
	at com.kms.katalon.core.main.TestSuiteExecutor.execute(TestSuiteExecutor.java:104)
	at com.kms.katalon.core.main.TestCaseMain.startTestSuite(TestCaseMain.java:205)
	at TempTestSuite1758639150827.run(TempTestSuite1758639150827.groovy:35)
	at java.base/jdk.internal.reflect.NativeMethodAccessorImpl.invoke0(Native Method)
	at java.base/jdk.internal.reflect.NativeMethodAccessorImpl.invoke(NativeMethodAccessorImpl.java:77)
	at java.base/jdk.internal.reflect.DelegatingMethodAccessorImpl.invoke(DelegatingMethodAccessorImpl.java:43)
Caused by: java.lang.IllegalArgumentException: URI is not absolute
	at com.kms.katalon.core.webservice.common.HttpUtil.sendRequest(HttpUtil.java:139)
	at com.kms.katalon.core.webservice.common.BasicRequestor.send(BasicRequestor.java:61)
	at com.kms.katalon.core.webservice.helper.WebServiceCommonHelper.sendRequest(WebServiceCommonHelper.java:56)
	at com.kms.katalon.core.webservice.keyword.builtin.SendRequestKeyword$_sendRequest_closure1.doCall(SendRequestKeyword.groovy:46)
	at com.kms.katalon.core.webservice.keyword.builtin.SendRequestKeyword$_sendRequest_closure1.call(SendRequestKeyword.groovy)
	at com.kms.katalon.core.keyword.internal.KeywordMain.runKeyword(KeywordMain.groovy:75)
	at com.kms.katalon.core.webservice.keyword.builtin.SendRequestKeyword.sendRequest(SendRequestKeyword.groovy:38)
	at com.kms.katalon.core.webservice.keyword.builtin.SendRequestKeyword.execute(SendRequestKeyword.groovy:33)
	at com.kms.katalon.core.keyword.internal.KeywordExecutor.executeKeywordForPlatform(KeywordExecutor.groovy:79)
	at com.kms.katalon.core.webservice.keyword.WSBuiltInKeywords.sendRequest(WSBuiltInKeywords.groovy:43)
	at api.ApiKeywords.sendGet(ApiKeywords.groovy:43)
	at Script1758181038436.run(Script1758181038436.groovy:40)
	... 18 more
)
	at com.kms.katalon.core.keyword.internal.KeywordMain.stepFailed(KeywordMain.groovy:51)
	at com.kms.katalon.core.keyword.internal.KeywordMain.stepFailed(KeywordMain.groovy)
	at com.kms.katalon.core.keyword.internal.KeywordMain.runKeyword(KeywordMain.groovy:77)
	at com.kms.katalon.core.webservice.keyword.builtin.SendRequestKeyword.sendRequest(SendRequestKeyword.groovy:38)
	at com.kms.katalon.core.webservice.keyword.builtin.SendRequestKeyword.execute(SendRequestKeyword.groovy:33)
	at com.kms.katalon.core.keyword.internal.KeywordExecutor.executeKeywordForPlatform(KeywordExecutor.groovy:79)
	at com.kms.katalon.core.webservice.keyword.WSBuiltInKeywords.sendRequest(WSBuiltInKeywords.groovy:43)
	at api.ApiKeywords.sendGet(ApiKeywords.groovy:43)
	at TC06_Access_currentUserDetail_positive_Api.run(TC06_Access_currentUserDetail_positive_Api:40)
	at com.kms.katalon.core.main.ScriptEngine.run(ScriptEngine.java:194)
	at com.kms.katalon.core.main.ScriptEngine.runScriptAsRawText(ScriptEngine.java:119)
	at com.kms.katalon.core.main.TestCaseExecutor.runScript(TestCaseExecutor.java:486)
	at com.kms.katalon.core.main.TestCaseExecutor.doExecute(TestCaseExecutor.java:477)
	at com.kms.katalon.core.main.TestCaseExecutor.processExecutionPhase(TestCaseExecutor.java:456)
	at com.kms.katalon.core.main.TestCaseExecutor.accessMainPhase(TestCaseExecutor.java:448)
	at com.kms.katalon.core.main.TestCaseExecutor.execute(TestCaseExecutor.java:322)
	at com.kms.katalon.core.main.TestCaseExecutor.execute(TestCaseExecutor.java:406)
	at com.kms.katalon.core.main.TestCaseExecutor.execute(TestCaseExecutor.java:406)
	at com.kms.katalon.core.main.TestCaseExecutor.execute(TestCaseExecutor.java:406)
	at com.kms.katalon.core.common.CommonExecutor.accessTestCaseMainPhase(CommonExecutor.java:71)
	at com.kms.katalon.core.main.TestSuiteExecutor.accessTestSuiteMainPhase(TestSuiteExecutor.java:145)
	at com.kms.katalon.core.main.TestSuiteExecutor.execute(TestSuiteExecutor.java:104)
	at com.kms.katalon.core.main.TestCaseMain.startTestSuite(TestCaseMain.java:205)
	at TempTestSuite1758639150827.run(TempTestSuite1758639150827.groovy:35)
	at java.base/jdk.internal.reflect.NativeMethodAccessorImpl.invoke0(Native Method)
	at java.base/jdk.internal.reflect.NativeMethodAccessorImpl.invoke(NativeMethodAccessorImpl.java:77)
	at java.base/jdk.internal.reflect.DelegatingMethodAccessorImpl.invoke(DelegatingMethodAccessorImpl.java:43)
Caused by: com.kms.katalon.core.webservice.exception.SendRequestException: java.lang.IllegalArgumentException: URI is not absolute
	at com.kms.katalon.core.webservice.common.HttpUtil.sendRequest(HttpUtil.java:194)
	at com.kms.katalon.core.webservice.common.BasicRequestor.send(BasicRequestor.java:61)
	at com.kms.katalon.core.webservice.helper.WebServiceCommonHelper.sendRequest(WebServiceCommonHelper.java:56)
	at com.kms.katalon.core.webservice.keyword.builtin.SendRequestKeyword$_sendRequest_closure1.doCall(SendRequestKeyword.groovy:46)
	at com.kms.katalon.core.webservice.keyword.builtin.SendRequestKeyword$_sendRequest_closure1.call(SendRequestKeyword.groovy)
	at com.kms.katalon.core.keyword.internal.KeywordMain.runKeyword(KeywordMain.groovy:75)
	... 24 more
Caused by: java.lang.IllegalArgumentException: URI is not absolute
	at com.kms.katalon.core.webservice.common.HttpUtil.sendRequest(HttpUtil.java:139)
	... 29 more]]></system-err>
      </testcase>
      <testcase name="Test Cases/API_Testing/TC05_RefereshAccessToken_Api" time="0.069" classname="Test Cases/API_Testing/TC05_RefereshAccessToken_Api" status="FAILED">
         <properties>
            <property name="data_binding"><![CDATA[{"(Default) jsonF...":"Include/Data Files/login_data.json"}]]></property>
         </properties>
         <failure type="FAILED" message="Test Cases/API_Testing/TC05_RefereshAccessToken_Api FAILED.&#xa;Reason:&#xa;com.kms.katalon.core.exception.StepFailedException: Unable to send request (Root cause: com.kms.katalon.core.webservice.exception.SendRequestException: java.lang.IllegalArgumentException: URI is not absolute&#xa;	at com.kms.katalon.core.webservice.common.HttpUtil.sendRequest(HttpUtil.java:194)&#xa;	at com.kms.katalon.core.webservice.common.BasicRequestor.send(BasicRequestor.java:61)&#xa;	at com.kms.katalon.core.webservice.helper.WebServiceCommonHelper.sendRequest(WebServiceCommonHelper.java:56)&#xa;	at com.kms.katalon.core.webservice.keyword.builtin.SendRequestKeyword$_sendRequest_closure1.doCall(SendRequestKeyword.groovy:46)&#xa;	at com.kms.katalon.core.webservice.keyword.builtin.SendRequestKeyword$_sendRequest_closure1.call(SendRequestKeyword.groovy)&#xa;	at com.kms.katalon.core.keyword.internal.KeywordMain.runKeyword(KeywordMain.groovy:75)&#xa;	at com.kms.katalon.core.webservice.keyword.builtin.SendRequestKeyword.sendRequest(SendRequestKeyword.groovy:38)&#xa;	at com.kms.katalon.core.webservice.keyword.builtin.SendRequestKeyword.execute(SendRequestKeyword.groovy:33)&#xa;	at com.kms.katalon.core.keyword.internal.KeywordExecutor.executeKeywordForPlatform(KeywordExecutor.groovy:79)&#xa;	at com.kms.katalon.core.webservice.keyword.WSBuiltInKeywords.sendRequest(WSBuiltInKeywords.groovy:43)&#xa;	at api.ApiKeywords.sendPost(ApiKeywords.groovy:54)&#xa;	at TC05_RefereshAccessToken_Api.run(TC05_RefereshAccessToken_Api:38)&#xa;	at com.kms.katalon.core.main.ScriptEngine.run(ScriptEngine.java:194)&#xa;	at com.kms.katalon.core.main.ScriptEngine.runScriptAsRawText(ScriptEngine.java:119)&#xa;	at com.kms.katalon.core.main.TestCaseExecutor.runScript(TestCaseExecutor.java:486)&#xa;	at com.kms.katalon.core.main.TestCaseExecutor.doExecute(TestCaseExecutor.java:477)&#xa;	at com.kms.katalon.core.main.TestCaseExecutor.processExecutionPhase(TestCaseExecutor.java:456)&#xa;	at com.kms.katalon.core.main.TestCaseExecutor.accessMainPhase(TestCaseExecutor.java:448)&#xa;	at com.kms.katalon.core.main.TestCaseExecutor.execute(TestCaseExecutor.java:322)&#xa;	at com.kms.katalon.core.main.TestCaseExecutor.execute(TestCaseExecutor.java:406)&#xa;	at com.kms.katalon.core.main.TestCaseExecutor.execute(TestCaseExecutor.java:406)&#xa;	at com.kms.katalon.core.main.TestCaseExecutor.execute(TestCaseExecutor.java:406)&#xa;	at com.kms.katalon.core.common.CommonExecutor.accessTestCaseMainPhase(CommonExecutor.java:71)&#xa;	at com.kms.katalon.core.main.TestSuiteExecutor.accessTestSuiteMainPhase(TestSuiteExecutor.java:145)&#xa;	at com.kms.katalon.core.main.TestSuiteExecutor.execute(TestSuiteExecutor.java:104)&#xa;	at com.kms.katalon.core.main.TestCaseMain.startTestSuite(TestCaseMain.java:205)&#xa;	at TempTestSuite1758639150827.run(TempTestSuite1758639150827.groovy:35)&#xa;	at java.base/jdk.internal.reflect.NativeMethodAccessorImpl.invoke0(Native Method)&#xa;	at java.base/jdk.internal.reflect.NativeMethodAccessorImpl.invoke(NativeMethodAccessorImpl.java:77)&#xa;	at java.base/jdk.internal.reflect.DelegatingMethodAccessorImpl.invoke(DelegatingMethodAccessorImpl.java:43)&#xa;Caused by: java.lang.IllegalArgumentException: URI is not absolute&#xa;	at com.kms.katalon.core.webservice.common.HttpUtil.sendRequest(HttpUtil.java:139)&#xa;	at com.kms.katalon.core.webservice.common.BasicRequestor.send(BasicRequestor.java:61)&#xa;	at com.kms.katalon.core.webservice.helper.WebServiceCommonHelper.sendRequest(WebServiceCommonHelper.java:56)&#xa;	at com.kms.katalon.core.webservice.keyword.builtin.SendRequestKeyword$_sendRequest_closure1.doCall(SendRequestKeyword.groovy:46)&#xa;	at com.kms.katalon.core.webservice.keyword.builtin.SendRequestKeyword$_sendRequest_closure1.call(SendRequestKeyword.groovy)&#xa;	at com.kms.katalon.core.keyword.internal.KeywordMain.runKeyword(KeywordMain.groovy:75)&#xa;	at com.kms.katalon.core.webservice.keyword.builtin.SendRequestKeyword.sendRequest(SendRequestKeyword.groovy:38)&#xa;	at com.kms.katalon.core.webservice.keyword.builtin.SendRequestKeyword.execute(SendRequestKeyword.groovy:33)&#xa;	at com.kms.katalon.core.keyword.internal.KeywordExecutor.executeKeywordForPlatform(KeywordExecutor.groovy:79)&#xa;	at com.kms.katalon.core.webservice.keyword.WSBuiltInKeywords.sendRequest(WSBuiltInKeywords.groovy:43)&#xa;	at api.ApiKeywords.sendPost(ApiKeywords.groovy:54)&#xa;	at Script1758189281479.run(Script1758189281479.groovy:38)&#xa;	... 18 more&#xa;)&#xa;	at com.kms.katalon.core.keyword.internal.KeywordMain.stepFailed(KeywordMain.groovy:51)&#xa;	at com.kms.katalon.core.keyword.internal.KeywordMain.stepFailed(KeywordMain.groovy)&#xa;	at com.kms.katalon.core.keyword.internal.KeywordMain.runKeyword(KeywordMain.groovy:77)&#xa;	at com.kms.katalon.core.webservice.keyword.builtin.SendRequestKeyword.sendRequest(SendRequestKeyword.groovy:38)&#xa;	at com.kms.katalon.core.webservice.keyword.builtin.SendRequestKeyword.execute(SendRequestKeyword.groovy:33)&#xa;	at com.kms.katalon.core.keyword.internal.KeywordExecutor.executeKeywordForPlatform(KeywordExecutor.groovy:79)&#xa;	at com.kms.katalon.core.webservice.keyword.WSBuiltInKeywords.sendRequest(WSBuiltInKeywords.groovy:43)&#xa;	at api.ApiKeywords.sendPost(ApiKeywords.groovy:54)&#xa;	at TC05_RefereshAccessToken_Api.run(TC05_RefereshAccessToken_Api:38)&#xa;	at com.kms.katalon.core.main.ScriptEngine.run(ScriptEngine.java:194)&#xa;	at com.kms.katalon.core.main.ScriptEngine.runScriptAsRawText(ScriptEngine.java:119)&#xa;	at com.kms.katalon.core.main.TestCaseExecutor.runScript(TestCaseExecutor.java:486)&#xa;	at com.kms.katalon.core.main.TestCaseExecutor.doExecute(TestCaseExecutor.java:477)&#xa;	at com.kms.katalon.core.main.TestCaseExecutor.processExecutionPhase(TestCaseExecutor.java:456)&#xa;	at com.kms.katalon.core.main.TestCaseExecutor.accessMainPhase(TestCaseExecutor.java:448)&#xa;	at com.kms.katalon.core.main.TestCaseExecutor.execute(TestCaseExecutor.java:322)&#xa;	at com.kms.katalon.core.main.TestCaseExecutor.execute(TestCaseExecutor.java:406)&#xa;	at com.kms.katalon.core.main.TestCaseExecutor.execute(TestCaseExecutor.java:406)&#xa;	at com.kms.katalon.core.main.TestCaseExecutor.execute(TestCaseExecutor.java:406)&#xa;	at com.kms.katalon.core.common.CommonExecutor.accessTestCaseMainPhase(CommonExecutor.java:71)&#xa;	at com.kms.katalon.core.main.TestSuiteExecutor.accessTestSuiteMainPhase(TestSuiteExecutor.java:145)&#xa;	at com.kms.katalon.core.main.TestSuiteExecutor.execute(TestSuiteExecutor.java:104)&#xa;	at com.kms.katalon.core.main.TestCaseMain.startTestSuite(TestCaseMain.java:205)&#xa;	at TempTestSuite1758639150827.run(TempTestSuite1758639150827.groovy:35)&#xa;	at java.base/jdk.internal.reflect.NativeMethodAccessorImpl.invoke0(Native Method)&#xa;	at java.base/jdk.internal.reflect.NativeMethodAccessorImpl.invoke(NativeMethodAccessorImpl.java:77)&#xa;	at java.base/jdk.internal.reflect.DelegatingMethodAccessorImpl.invoke(DelegatingMethodAccessorImpl.java:43)&#xa;Caused by: com.kms.katalon.core.webservice.exception.SendRequestException: java.lang.IllegalArgumentException: URI is not absolute&#xa;	at com.kms.katalon.core.webservice.common.HttpUtil.sendRequest(HttpUtil.java:194)&#xa;	at com.kms.katalon.core.webservice.common.BasicRequestor.send(BasicRequestor.java:61)&#xa;	at com.kms.katalon.core.webservice.helper.WebServiceCommonHelper.sendRequest(WebServiceCommonHelper.java:56)&#xa;	at com.kms.katalon.core.webservice.keyword.builtin.SendRequestKeyword$_sendRequest_closure1.doCall(SendRequestKeyword.groovy:46)&#xa;	at com.kms.katalon.core.webservice.keyword.builtin.SendRequestKeyword$_sendRequest_closure1.call(SendRequestKeyword.groovy)&#xa;	at com.kms.katalon.core.keyword.internal.KeywordMain.runKeyword(KeywordMain.groovy:75)&#xa;	... 24 more&#xa;Caused by: java.lang.IllegalArgumentException: URI is not absolute&#xa;	at com.kms.katalon.core.webservice.common.HttpUtil.sendRequest(HttpUtil.java:139)&#xa;	... 29 more&#xa;"/>
         <system-out><![CDATA[23-09-2025T20:22:40 - [TEST_CASE][FAILED] - Test Cases/API_Testing/TC05_RefereshAccessToken_Api: Test Cases/API_Testing/TC05_RefereshAccessToken_Api FAILED.
Reason:
com.kms.katalon.core.exception.StepFailedException: Unable to send request (Root cause: com.kms.katalon.core.webservice.exception.SendRequestException: java.lang.IllegalArgumentException: URI is not absolute
	at com.kms.katalon.core.webservice.common.HttpUtil.sendRequest(HttpUtil.java:194)
	at com.kms.katalon.core.webservice.common.BasicRequestor.send(BasicRequestor.java:61)
	at com.kms.katalon.core.webservice.helper.WebServiceCommonHelper.sendRequest(WebServiceCommonHelper.java:56)
	at com.kms.katalon.core.webservice.keyword.builtin.SendRequestKeyword$_sendRequest_closure1.doCall(SendRequestKeyword.groovy:46)
	at com.kms.katalon.core.webservice.keyword.builtin.SendRequestKeyword$_sendRequest_closure1.call(SendRequestKeyword.groovy)
	at com.kms.katalon.core.keyword.internal.KeywordMain.runKeyword(KeywordMain.groovy:75)
	at com.kms.katalon.core.webservice.keyword.builtin.SendRequestKeyword.sendRequest(SendRequestKeyword.groovy:38)
	at com.kms.katalon.core.webservice.keyword.builtin.SendRequestKeyword.execute(SendRequestKeyword.groovy:33)
	at com.kms.katalon.core.keyword.internal.KeywordExecutor.executeKeywordForPlatform(KeywordExecutor.groovy:79)
	at com.kms.katalon.core.webservice.keyword.WSBuiltInKeywords.sendRequest(WSBuiltInKeywords.groovy:43)
	at api.ApiKeywords.sendPost(ApiKeywords.groovy:54)
	at TC05_RefereshAccessToken_Api.run(TC05_RefereshAccessToken_Api:38)
	at com.kms.katalon.core.main.ScriptEngine.run(ScriptEngine.java:194)
	at com.kms.katalon.core.main.ScriptEngine.runScriptAsRawText(ScriptEngine.java:119)
	at com.kms.katalon.core.main.TestCaseExecutor.runScript(TestCaseExecutor.java:486)
	at com.kms.katalon.core.main.TestCaseExecutor.doExecute(TestCaseExecutor.java:477)
	at com.kms.katalon.core.main.TestCaseExecutor.processExecutionPhase(TestCaseExecutor.java:456)
	at com.kms.katalon.core.main.TestCaseExecutor.accessMainPhase(TestCaseExecutor.java:448)
	at com.kms.katalon.core.main.TestCaseExecutor.execute(TestCaseExecutor.java:322)
	at com.kms.katalon.core.main.TestCaseExecutor.execute(TestCaseExecutor.java:406)
	at com.kms.katalon.core.main.TestCaseExecutor.execute(TestCaseExecutor.java:406)
	at com.kms.katalon.core.main.TestCaseExecutor.execute(TestCaseExecutor.java:406)
	at com.kms.katalon.core.common.CommonExecutor.accessTestCaseMainPhase(CommonExecutor.java:71)
	at com.kms.katalon.core.main.TestSuiteExecutor.accessTestSuiteMainPhase(TestSuiteExecutor.java:145)
	at com.kms.katalon.core.main.TestSuiteExecutor.execute(TestSuiteExecutor.java:104)
	at com.kms.katalon.core.main.TestCaseMain.startTestSuite(TestCaseMain.java:205)
	at TempTestSuite1758639150827.run(TempTestSuite1758639150827.groovy:35)
	at java.base/jdk.internal.reflect.NativeMethodAccessorImpl.invoke0(Native Method)
	at java.base/jdk.internal.reflect.NativeMethodAccessorImpl.invoke(NativeMethodAccessorImpl.java:77)
	at java.base/jdk.internal.reflect.DelegatingMethodAccessorImpl.invoke(DelegatingMethodAccessorImpl.java:43)
Caused by: java.lang.IllegalArgumentException: URI is not absolute
	at com.kms.katalon.core.webservice.common.HttpUtil.sendRequest(HttpUtil.java:139)
	at com.kms.katalon.core.webservice.common.BasicRequestor.send(BasicRequestor.java:61)
	at com.kms.katalon.core.webservice.helper.WebServiceCommonHelper.sendRequest(WebServiceCommonHelper.java:56)
	at com.kms.katalon.core.webservice.keyword.builtin.SendRequestKeyword$_sendRequest_closure1.doCall(SendRequestKeyword.groovy:46)
	at com.kms.katalon.core.webservice.keyword.builtin.SendRequestKeyword$_sendRequest_closure1.call(SendRequestKeyword.groovy)
	at com.kms.katalon.core.keyword.internal.KeywordMain.runKeyword(KeywordMain.groovy:75)
	at com.kms.katalon.core.webservice.keyword.builtin.SendRequestKeyword.sendRequest(SendRequestKeyword.groovy:38)
	at com.kms.katalon.core.webservice.keyword.builtin.SendRequestKeyword.execute(SendRequestKeyword.groovy:33)
	at com.kms.katalon.core.keyword.internal.KeywordExecutor.executeKeywordForPlatform(KeywordExecutor.groovy:79)
	at com.kms.katalon.core.webservice.keyword.WSBuiltInKeywords.sendRequest(WSBuiltInKeywords.groovy:43)
	at api.ApiKeywords.sendPost(ApiKeywords.groovy:54)
	at Script1758189281479.run(Script1758189281479.groovy:38)
	... 18 more
)
	at com.kms.katalon.core.keyword.internal.KeywordMain.stepFailed(KeywordMain.groovy:51)
	at com.kms.katalon.core.keyword.internal.KeywordMain.stepFailed(KeywordMain.groovy)
	at com.kms.katalon.core.keyword.internal.KeywordMain.runKeyword(KeywordMain.groovy:77)
	at com.kms.katalon.core.webservice.keyword.builtin.SendRequestKeyword.sendRequest(SendRequestKeyword.groovy:38)
	at com.kms.katalon.core.webservice.keyword.builtin.SendRequestKeyword.execute(SendRequestKeyword.groovy:33)
	at com.kms.katalon.core.keyword.internal.KeywordExecutor.executeKeywordForPlatform(KeywordExecutor.groovy:79)
	at com.kms.katalon.core.webservice.keyword.WSBuiltInKeywords.sendRequest(WSBuiltInKeywords.groovy:43)
	at api.ApiKeywords.sendPost(ApiKeywords.groovy:54)
	at TC05_RefereshAccessToken_Api.run(TC05_RefereshAccessToken_Api:38)
	at com.kms.katalon.core.main.ScriptEngine.run(ScriptEngine.java:194)
	at com.kms.katalon.core.main.ScriptEngine.runScriptAsRawText(ScriptEngine.java:119)
	at com.kms.katalon.core.main.TestCaseExecutor.runScript(TestCaseExecutor.java:486)
	at com.kms.katalon.core.main.TestCaseExecutor.doExecute(TestCaseExecutor.java:477)
	at com.kms.katalon.core.main.TestCaseExecutor.processExecutionPhase(TestCaseExecutor.java:456)
	at com.kms.katalon.core.main.TestCaseExecutor.accessMainPhase(TestCaseExecutor.java:448)
	at com.kms.katalon.core.main.TestCaseExecutor.execute(TestCaseExecutor.java:322)
	at com.kms.katalon.core.main.TestCaseExecutor.execute(TestCaseExecutor.java:406)
	at com.kms.katalon.core.main.TestCaseExecutor.execute(TestCaseExecutor.java:406)
	at com.kms.katalon.core.main.TestCaseExecutor.execute(TestCaseExecutor.java:406)
	at com.kms.katalon.core.common.CommonExecutor.accessTestCaseMainPhase(CommonExecutor.java:71)
	at com.kms.katalon.core.main.TestSuiteExecutor.accessTestSuiteMainPhase(TestSuiteExecutor.java:145)
	at com.kms.katalon.core.main.TestSuiteExecutor.execute(TestSuiteExecutor.java:104)
	at com.kms.katalon.core.main.TestCaseMain.startTestSuite(TestCaseMain.java:205)
	at TempTestSuite1758639150827.run(TempTestSuite1758639150827.groovy:35)
	at java.base/jdk.internal.reflect.NativeMethodAccessorImpl.invoke0(Native Method)
	at java.base/jdk.internal.reflect.NativeMethodAccessorImpl.invoke(NativeMethodAccessorImpl.java:77)
	at java.base/jdk.internal.reflect.DelegatingMethodAccessorImpl.invoke(DelegatingMethodAccessorImpl.java:43)
Caused by: com.kms.katalon.core.webservice.exception.SendRequestException: java.lang.IllegalArgumentException: URI is not absolute
	at com.kms.katalon.core.webservice.common.HttpUtil.sendRequest(HttpUtil.java:194)
	at com.kms.katalon.core.webservice.common.BasicRequestor.send(BasicRequestor.java:61)
	at com.kms.katalon.core.webservice.helper.WebServiceCommonHelper.sendRequest(WebServiceCommonHelper.java:56)
	at com.kms.katalon.core.webservice.keyword.builtin.SendRequestKeyword$_sendRequest_closure1.doCall(SendRequestKeyword.groovy:46)
	at com.kms.katalon.core.webservice.keyword.builtin.SendRequestKeyword$_sendRequest_closure1.call(SendRequestKeyword.groovy)
	at com.kms.katalon.core.keyword.internal.KeywordMain.runKeyword(KeywordMain.groovy:75)
	... 24 more
Caused by: java.lang.IllegalArgumentException: URI is not absolute
	at com.kms.katalon.core.webservice.common.HttpUtil.sendRequest(HttpUtil.java:139)
	... 29 more


23-09-2025T20:22:40 - [TEST_STEP][PASSED] - Start listener action : beforeTestCase: null

23-09-2025T20:22:40 - [TEST_STEP][PASSED] - testCaseId = testCaseContext.getTestCaseId(): null

23-09-2025T20:22:40 - [TEST_STEP][PASSED] - testCaseName = split("/").last(): null

23-09-2025T20:22:40 - [TEST_STEP][PASSED] - if (toLowerCase().endsWith("api")): null

23-09-2025T20:22:40 - [TEST_STEP][PASSED] - println(ℹ️ Skipping browser launch for API test case: $testCaseName): null

23-09-2025T20:22:40 - [TEST_STEP][PASSED] - return null: null

23-09-2025T20:22:40 - [TEST_STEP][PASSED] - logInfo("Preparing headers for refresh token request..."): Preparing headers for refresh token request...

23-09-2025T20:22:40 - [MESSAGE][INFO] - Preparing headers for refresh token request...

23-09-2025T20:22:40 - [TEST_STEP][PASSED] - headers = ["Content-Type":"application/json"]: null

23-09-2025T20:22:40 - [TEST_STEP][PASSED] - logInfo("Reading refresh payload from JSON file..."): Reading refresh payload from JSON file...

23-09-2025T20:22:40 - [MESSAGE][INFO] - Reading refresh payload from JSON file...

23-09-2025T20:22:40 - [TEST_STEP][PASSED] - payLoad = JsonOutput.toJson(JsonFileReader.getSectionData("refreshData", jsonFilePath)): null

23-09-2025T20:22:40 - [TEST_STEP][PASSED] - logInfo("Payload prepared: " + payLoad): Payload prepared: {"refreshToken":"eyJhbGciOiJIUzI1NiIsInR5cCI6IkpXVCJ9.eyJpZCI6MSwidXNlcm5hbWUiOiJlbWlseXMiLCJlbWFpbCI6ImVtaWx5LmpvaG5zb25AeC5kdW1teWpzb24uY29tIiwiZmlyc3ROYW1lIjoiRW1pbHkiLCJsYXN0TmFtZSI6IkpvaG5zb24iLCJnZW5kZXIiOiJmZW1hbGUiLCJpbWFnZSI6Imh0dHBzOi8vZHVtbXlqc29uLmNvbS9pY29uL2VtaWx5cy8xMjgiLCJpYXQiOjE3NTgxODg0NDksImV4cCI6MTc1ODE5MDI0OX0.DLmFfVhjYw1LLvTslkDHBCohcrM2O9LF2ujqAWm36EQ","expiresInMins":30}

23-09-2025T20:22:40 - [MESSAGE][INFO] - Payload prepared: {"refreshToken":"eyJhbGciOiJIUzI1NiIsInR5cCI6IkpXVCJ9.eyJpZCI6MSwidXNlcm5hbWUiOiJlbWlseXMiLCJlbWFpbCI6ImVtaWx5LmpvaG5zb25AeC5kdW1teWpzb24uY29tIiwiZmlyc3ROYW1lIjoiRW1pbHkiLCJsYXN0TmFtZSI6IkpvaG5zb24iLCJnZW5kZXIiOiJmZW1hbGUiLCJpbWFnZSI6Imh0dHBzOi8vZHVtbXlqc29uLmNvbS9pY29uL2VtaWx5cy8xMjgiLCJpYXQiOjE3NTgxODg0NDksImV4cCI6MTc1ODE5MDI0OX0.DLmFfVhjYw1LLvTslkDHBCohcrM2O9LF2ujqAWm36EQ","expiresInMins":30}

23-09-2025T20:22:40 - [TEST_STEP][PASSED] - logInfo("Sending POST request to /refresh endpoint..."): Sending POST request to /refresh endpoint...

23-09-2025T20:22:40 - [MESSAGE][INFO] - Sending POST request to /refresh endpoint...

23-09-2025T20:22:40 - [TEST_STEP][FAILED] - refreshResponse = ApiKeywords.sendPost("refresh", payLoad, headers): Unable to send request (Root cause: com.kms.katalon.core.webservice.exception.SendRequestException: java.lang.IllegalArgumentException: URI is not absolute
	at com.kms.katalon.core.webservice.common.HttpUtil.sendRequest(HttpUtil.java:194)
	at com.kms.katalon.core.webservice.common.BasicRequestor.send(BasicRequestor.java:61)
	at com.kms.katalon.core.webservice.helper.WebServiceCommonHelper.sendRequest(WebServiceCommonHelper.java:56)
	at com.kms.katalon.core.webservice.keyword.builtin.SendRequestKeyword$_sendRequest_closure1.doCall(SendRequestKeyword.groovy:46)
	at com.kms.katalon.core.webservice.keyword.builtin.SendRequestKeyword$_sendRequest_closure1.call(SendRequestKeyword.groovy)
	at com.kms.katalon.core.keyword.internal.KeywordMain.runKeyword(KeywordMain.groovy:75)
	at com.kms.katalon.core.webservice.keyword.builtin.SendRequestKeyword.sendRequest(SendRequestKeyword.groovy:38)
	at com.kms.katalon.core.webservice.keyword.builtin.SendRequestKeyword.execute(SendRequestKeyword.groovy:33)
	at com.kms.katalon.core.keyword.internal.KeywordExecutor.executeKeywordForPlatform(KeywordExecutor.groovy:79)
	at com.kms.katalon.core.webservice.keyword.WSBuiltInKeywords.sendRequest(WSBuiltInKeywords.groovy:43)
	at api.ApiKeywords.sendPost(ApiKeywords.groovy:54)
	at TC05_RefereshAccessToken_Api.run(TC05_RefereshAccessToken_Api:38)
	at com.kms.katalon.core.main.ScriptEngine.run(ScriptEngine.java:194)
	at com.kms.katalon.core.main.ScriptEngine.runScriptAsRawText(ScriptEngine.java:119)
	at com.kms.katalon.core.main.TestCaseExecutor.runScript(TestCaseExecutor.java:486)
	at com.kms.katalon.core.main.TestCaseExecutor.doExecute(TestCaseExecutor.java:477)
	at com.kms.katalon.core.main.TestCaseExecutor.processExecutionPhase(TestCaseExecutor.java:456)
	at com.kms.katalon.core.main.TestCaseExecutor.accessMainPhase(TestCaseExecutor.java:448)
	at com.kms.katalon.core.main.TestCaseExecutor.execute(TestCaseExecutor.java:322)
	at com.kms.katalon.core.main.TestCaseExecutor.execute(TestCaseExecutor.java:406)
	at com.kms.katalon.core.main.TestCaseExecutor.execute(TestCaseExecutor.java:406)
	at com.kms.katalon.core.main.TestCaseExecutor.execute(TestCaseExecutor.java:406)
	at com.kms.katalon.core.common.CommonExecutor.accessTestCaseMainPhase(CommonExecutor.java:71)
	at com.kms.katalon.core.main.TestSuiteExecutor.accessTestSuiteMainPhase(TestSuiteExecutor.java:145)
	at com.kms.katalon.core.main.TestSuiteExecutor.execute(TestSuiteExecutor.java:104)
	at com.kms.katalon.core.main.TestCaseMain.startTestSuite(TestCaseMain.java:205)
	at TempTestSuite1758639150827.run(TempTestSuite1758639150827.groovy:35)
	at java.base/jdk.internal.reflect.NativeMethodAccessorImpl.invoke0(Native Method)
	at java.base/jdk.internal.reflect.NativeMethodAccessorImpl.invoke(NativeMethodAccessorImpl.java:77)
	at java.base/jdk.internal.reflect.DelegatingMethodAccessorImpl.invoke(DelegatingMethodAccessorImpl.java:43)
Caused by: java.lang.IllegalArgumentException: URI is not absolute
	at com.kms.katalon.core.webservice.common.HttpUtil.sendRequest(HttpUtil.java:139)
	at com.kms.katalon.core.webservice.common.BasicRequestor.send(BasicRequestor.java:61)
	at com.kms.katalon.core.webservice.helper.WebServiceCommonHelper.sendRequest(WebServiceCommonHelper.java:56)
	at com.kms.katalon.core.webservice.keyword.builtin.SendRequestKeyword$_sendRequest_closure1.doCall(SendRequestKeyword.groovy:46)
	at com.kms.katalon.core.webservice.keyword.builtin.SendRequestKeyword$_sendRequest_closure1.call(SendRequestKeyword.groovy)
	at com.kms.katalon.core.keyword.internal.KeywordMain.runKeyword(KeywordMain.groovy:75)
	at com.kms.katalon.core.webservice.keyword.builtin.SendRequestKeyword.sendRequest(SendRequestKeyword.groovy:38)
	at com.kms.katalon.core.webservice.keyword.builtin.SendRequestKeyword.execute(SendRequestKeyword.groovy:33)
	at com.kms.katalon.core.keyword.internal.KeywordExecutor.executeKeywordForPlatform(KeywordExecutor.groovy:79)
	at com.kms.katalon.core.webservice.keyword.WSBuiltInKeywords.sendRequest(WSBuiltInKeywords.groovy:43)
	at api.ApiKeywords.sendPost(ApiKeywords.groovy:54)
	at Script1758189281479.run(Script1758189281479.groovy:38)
	... 18 more
)

23-09-2025T20:22:40 - [MESSAGE][FAILED] - Unable to send request (Root cause: com.kms.katalon.core.webservice.exception.SendRequestException: java.lang.IllegalArgumentException: URI is not absolute
	at com.kms.katalon.core.webservice.common.HttpUtil.sendRequest(HttpUtil.java:194)
	at com.kms.katalon.core.webservice.common.BasicRequestor.send(BasicRequestor.java:61)
	at com.kms.katalon.core.webservice.helper.WebServiceCommonHelper.sendRequest(WebServiceCommonHelper.java:56)
	at com.kms.katalon.core.webservice.keyword.builtin.SendRequestKeyword$_sendRequest_closure1.doCall(SendRequestKeyword.groovy:46)
	at com.kms.katalon.core.webservice.keyword.builtin.SendRequestKeyword$_sendRequest_closure1.call(SendRequestKeyword.groovy)
	at com.kms.katalon.core.keyword.internal.KeywordMain.runKeyword(KeywordMain.groovy:75)
	at com.kms.katalon.core.webservice.keyword.builtin.SendRequestKeyword.sendRequest(SendRequestKeyword.groovy:38)
	at com.kms.katalon.core.webservice.keyword.builtin.SendRequestKeyword.execute(SendRequestKeyword.groovy:33)
	at com.kms.katalon.core.keyword.internal.KeywordExecutor.executeKeywordForPlatform(KeywordExecutor.groovy:79)
	at com.kms.katalon.core.webservice.keyword.WSBuiltInKeywords.sendRequest(WSBuiltInKeywords.groovy:43)
	at api.ApiKeywords.sendPost(ApiKeywords.groovy:54)
	at TC05_RefereshAccessToken_Api.run(TC05_RefereshAccessToken_Api:38)
	at com.kms.katalon.core.main.ScriptEngine.run(ScriptEngine.java:194)
	at com.kms.katalon.core.main.ScriptEngine.runScriptAsRawText(ScriptEngine.java:119)
	at com.kms.katalon.core.main.TestCaseExecutor.runScript(TestCaseExecutor.java:486)
	at com.kms.katalon.core.main.TestCaseExecutor.doExecute(TestCaseExecutor.java:477)
	at com.kms.katalon.core.main.TestCaseExecutor.processExecutionPhase(TestCaseExecutor.java:456)
	at com.kms.katalon.core.main.TestCaseExecutor.accessMainPhase(TestCaseExecutor.java:448)
	at com.kms.katalon.core.main.TestCaseExecutor.execute(TestCaseExecutor.java:322)
	at com.kms.katalon.core.main.TestCaseExecutor.execute(TestCaseExecutor.java:406)
	at com.kms.katalon.core.main.TestCaseExecutor.execute(TestCaseExecutor.java:406)
	at com.kms.katalon.core.main.TestCaseExecutor.execute(TestCaseExecutor.java:406)
	at com.kms.katalon.core.common.CommonExecutor.accessTestCaseMainPhase(CommonExecutor.java:71)
	at com.kms.katalon.core.main.TestSuiteExecutor.accessTestSuiteMainPhase(TestSuiteExecutor.java:145)
	at com.kms.katalon.core.main.TestSuiteExecutor.execute(TestSuiteExecutor.java:104)
	at com.kms.katalon.core.main.TestCaseMain.startTestSuite(TestCaseMain.java:205)
	at TempTestSuite1758639150827.run(TempTestSuite1758639150827.groovy:35)
	at java.base/jdk.internal.reflect.NativeMethodAccessorImpl.invoke0(Native Method)
	at java.base/jdk.internal.reflect.NativeMethodAccessorImpl.invoke(NativeMethodAccessorImpl.java:77)
	at java.base/jdk.internal.reflect.DelegatingMethodAccessorImpl.invoke(DelegatingMethodAccessorImpl.java:43)
Caused by: java.lang.IllegalArgumentException: URI is not absolute
	at com.kms.katalon.core.webservice.common.HttpUtil.sendRequest(HttpUtil.java:139)
	at com.kms.katalon.core.webservice.common.BasicRequestor.send(BasicRequestor.java:61)
	at com.kms.katalon.core.webservice.helper.WebServiceCommonHelper.sendRequest(WebServiceCommonHelper.java:56)
	at com.kms.katalon.core.webservice.keyword.builtin.SendRequestKeyword$_sendRequest_closure1.doCall(SendRequestKeyword.groovy:46)
	at com.kms.katalon.core.webservice.keyword.builtin.SendRequestKeyword$_sendRequest_closure1.call(SendRequestKeyword.groovy)
	at com.kms.katalon.core.keyword.internal.KeywordMain.runKeyword(KeywordMain.groovy:75)
	at com.kms.katalon.core.webservice.keyword.builtin.SendRequestKeyword.sendRequest(SendRequestKeyword.groovy:38)
	at com.kms.katalon.core.webservice.keyword.builtin.SendRequestKeyword.execute(SendRequestKeyword.groovy:33)
	at com.kms.katalon.core.keyword.internal.KeywordExecutor.executeKeywordForPlatform(KeywordExecutor.groovy:79)
	at com.kms.katalon.core.webservice.keyword.WSBuiltInKeywords.sendRequest(WSBuiltInKeywords.groovy:43)
	at api.ApiKeywords.sendPost(ApiKeywords.groovy:54)
	at Script1758189281479.run(Script1758189281479.groovy:38)
	... 18 more
)

23-09-2025T20:22:40 - [TEST_STEP][PASSED] - Start listener action : closeTheBrowser: null

23-09-2025T20:22:40 - [TEST_STEP][PASSED] - testCaseId = testCaseContext.getTestCaseId(): null

23-09-2025T20:22:40 - [TEST_STEP][PASSED] - testCaseName = split("/").last(): null

23-09-2025T20:22:40 - [TEST_STEP][PASSED] - testCaseStatus = testCaseContext.getTestCaseStatus(): null

23-09-2025T20:22:40 - [TEST_STEP][PASSED] - println(testCaseStatus): null

23-09-2025T20:22:40 - [TEST_STEP][PASSED] - StatusMap = DependencyHandler.getStatusMap(): null

23-09-2025T20:22:40 - [TEST_STEP][PASSED] - if (StatusMap.containsKey(testCaseName)): null

23-09-2025T20:22:40 - [TEST_STEP][PASSED] - try: null

23-09-2025T20:22:40 - [TEST_STEP][PASSED] - driver = getWebDriver(): null

23-09-2025T20:22:40 - [TEST_STEP][PASSED] - catch (Exception e): null

23-09-2025T20:22:40 - [TEST_STEP][PASSED] - println(⚠️ Error while closing browser: $e.message): null]]></system-out>
         <system-err><![CDATA[23-09-2025T20:22:40 - [TEST_CASE][FAILED] - Test Cases/API_Testing/TC05_RefereshAccessToken_Api: Test Cases/API_Testing/TC05_RefereshAccessToken_Api FAILED.
Reason:
com.kms.katalon.core.exception.StepFailedException: Unable to send request (Root cause: com.kms.katalon.core.webservice.exception.SendRequestException: java.lang.IllegalArgumentException: URI is not absolute
	at com.kms.katalon.core.webservice.common.HttpUtil.sendRequest(HttpUtil.java:194)
	at com.kms.katalon.core.webservice.common.BasicRequestor.send(BasicRequestor.java:61)
	at com.kms.katalon.core.webservice.helper.WebServiceCommonHelper.sendRequest(WebServiceCommonHelper.java:56)
	at com.kms.katalon.core.webservice.keyword.builtin.SendRequestKeyword$_sendRequest_closure1.doCall(SendRequestKeyword.groovy:46)
	at com.kms.katalon.core.webservice.keyword.builtin.SendRequestKeyword$_sendRequest_closure1.call(SendRequestKeyword.groovy)
	at com.kms.katalon.core.keyword.internal.KeywordMain.runKeyword(KeywordMain.groovy:75)
	at com.kms.katalon.core.webservice.keyword.builtin.SendRequestKeyword.sendRequest(SendRequestKeyword.groovy:38)
	at com.kms.katalon.core.webservice.keyword.builtin.SendRequestKeyword.execute(SendRequestKeyword.groovy:33)
	at com.kms.katalon.core.keyword.internal.KeywordExecutor.executeKeywordForPlatform(KeywordExecutor.groovy:79)
	at com.kms.katalon.core.webservice.keyword.WSBuiltInKeywords.sendRequest(WSBuiltInKeywords.groovy:43)
	at api.ApiKeywords.sendPost(ApiKeywords.groovy:54)
	at TC05_RefereshAccessToken_Api.run(TC05_RefereshAccessToken_Api:38)
	at com.kms.katalon.core.main.ScriptEngine.run(ScriptEngine.java:194)
	at com.kms.katalon.core.main.ScriptEngine.runScriptAsRawText(ScriptEngine.java:119)
	at com.kms.katalon.core.main.TestCaseExecutor.runScript(TestCaseExecutor.java:486)
	at com.kms.katalon.core.main.TestCaseExecutor.doExecute(TestCaseExecutor.java:477)
	at com.kms.katalon.core.main.TestCaseExecutor.processExecutionPhase(TestCaseExecutor.java:456)
	at com.kms.katalon.core.main.TestCaseExecutor.accessMainPhase(TestCaseExecutor.java:448)
	at com.kms.katalon.core.main.TestCaseExecutor.execute(TestCaseExecutor.java:322)
	at com.kms.katalon.core.main.TestCaseExecutor.execute(TestCaseExecutor.java:406)
	at com.kms.katalon.core.main.TestCaseExecutor.execute(TestCaseExecutor.java:406)
	at com.kms.katalon.core.main.TestCaseExecutor.execute(TestCaseExecutor.java:406)
	at com.kms.katalon.core.common.CommonExecutor.accessTestCaseMainPhase(CommonExecutor.java:71)
	at com.kms.katalon.core.main.TestSuiteExecutor.accessTestSuiteMainPhase(TestSuiteExecutor.java:145)
	at com.kms.katalon.core.main.TestSuiteExecutor.execute(TestSuiteExecutor.java:104)
	at com.kms.katalon.core.main.TestCaseMain.startTestSuite(TestCaseMain.java:205)
	at TempTestSuite1758639150827.run(TempTestSuite1758639150827.groovy:35)
	at java.base/jdk.internal.reflect.NativeMethodAccessorImpl.invoke0(Native Method)
	at java.base/jdk.internal.reflect.NativeMethodAccessorImpl.invoke(NativeMethodAccessorImpl.java:77)
	at java.base/jdk.internal.reflect.DelegatingMethodAccessorImpl.invoke(DelegatingMethodAccessorImpl.java:43)
Caused by: java.lang.IllegalArgumentException: URI is not absolute
	at com.kms.katalon.core.webservice.common.HttpUtil.sendRequest(HttpUtil.java:139)
	at com.kms.katalon.core.webservice.common.BasicRequestor.send(BasicRequestor.java:61)
	at com.kms.katalon.core.webservice.helper.WebServiceCommonHelper.sendRequest(WebServiceCommonHelper.java:56)
	at com.kms.katalon.core.webservice.keyword.builtin.SendRequestKeyword$_sendRequest_closure1.doCall(SendRequestKeyword.groovy:46)
	at com.kms.katalon.core.webservice.keyword.builtin.SendRequestKeyword$_sendRequest_closure1.call(SendRequestKeyword.groovy)
	at com.kms.katalon.core.keyword.internal.KeywordMain.runKeyword(KeywordMain.groovy:75)
	at com.kms.katalon.core.webservice.keyword.builtin.SendRequestKeyword.sendRequest(SendRequestKeyword.groovy:38)
	at com.kms.katalon.core.webservice.keyword.builtin.SendRequestKeyword.execute(SendRequestKeyword.groovy:33)
	at com.kms.katalon.core.keyword.internal.KeywordExecutor.executeKeywordForPlatform(KeywordExecutor.groovy:79)
	at com.kms.katalon.core.webservice.keyword.WSBuiltInKeywords.sendRequest(WSBuiltInKeywords.groovy:43)
	at api.ApiKeywords.sendPost(ApiKeywords.groovy:54)
	at Script1758189281479.run(Script1758189281479.groovy:38)
	... 18 more
)
	at com.kms.katalon.core.keyword.internal.KeywordMain.stepFailed(KeywordMain.groovy:51)
	at com.kms.katalon.core.keyword.internal.KeywordMain.stepFailed(KeywordMain.groovy)
	at com.kms.katalon.core.keyword.internal.KeywordMain.runKeyword(KeywordMain.groovy:77)
	at com.kms.katalon.core.webservice.keyword.builtin.SendRequestKeyword.sendRequest(SendRequestKeyword.groovy:38)
	at com.kms.katalon.core.webservice.keyword.builtin.SendRequestKeyword.execute(SendRequestKeyword.groovy:33)
	at com.kms.katalon.core.keyword.internal.KeywordExecutor.executeKeywordForPlatform(KeywordExecutor.groovy:79)
	at com.kms.katalon.core.webservice.keyword.WSBuiltInKeywords.sendRequest(WSBuiltInKeywords.groovy:43)
	at api.ApiKeywords.sendPost(ApiKeywords.groovy:54)
	at TC05_RefereshAccessToken_Api.run(TC05_RefereshAccessToken_Api:38)
	at com.kms.katalon.core.main.ScriptEngine.run(ScriptEngine.java:194)
	at com.kms.katalon.core.main.ScriptEngine.runScriptAsRawText(ScriptEngine.java:119)
	at com.kms.katalon.core.main.TestCaseExecutor.runScript(TestCaseExecutor.java:486)
	at com.kms.katalon.core.main.TestCaseExecutor.doExecute(TestCaseExecutor.java:477)
	at com.kms.katalon.core.main.TestCaseExecutor.processExecutionPhase(TestCaseExecutor.java:456)
	at com.kms.katalon.core.main.TestCaseExecutor.accessMainPhase(TestCaseExecutor.java:448)
	at com.kms.katalon.core.main.TestCaseExecutor.execute(TestCaseExecutor.java:322)
	at com.kms.katalon.core.main.TestCaseExecutor.execute(TestCaseExecutor.java:406)
	at com.kms.katalon.core.main.TestCaseExecutor.execute(TestCaseExecutor.java:406)
	at com.kms.katalon.core.main.TestCaseExecutor.execute(TestCaseExecutor.java:406)
	at com.kms.katalon.core.common.CommonExecutor.accessTestCaseMainPhase(CommonExecutor.java:71)
	at com.kms.katalon.core.main.TestSuiteExecutor.accessTestSuiteMainPhase(TestSuiteExecutor.java:145)
	at com.kms.katalon.core.main.TestSuiteExecutor.execute(TestSuiteExecutor.java:104)
	at com.kms.katalon.core.main.TestCaseMain.startTestSuite(TestCaseMain.java:205)
	at TempTestSuite1758639150827.run(TempTestSuite1758639150827.groovy:35)
	at java.base/jdk.internal.reflect.NativeMethodAccessorImpl.invoke0(Native Method)
	at java.base/jdk.internal.reflect.NativeMethodAccessorImpl.invoke(NativeMethodAccessorImpl.java:77)
	at java.base/jdk.internal.reflect.DelegatingMethodAccessorImpl.invoke(DelegatingMethodAccessorImpl.java:43)
Caused by: com.kms.katalon.core.webservice.exception.SendRequestException: java.lang.IllegalArgumentException: URI is not absolute
	at com.kms.katalon.core.webservice.common.HttpUtil.sendRequest(HttpUtil.java:194)
	at com.kms.katalon.core.webservice.common.BasicRequestor.send(BasicRequestor.java:61)
	at com.kms.katalon.core.webservice.helper.WebServiceCommonHelper.sendRequest(WebServiceCommonHelper.java:56)
	at com.kms.katalon.core.webservice.keyword.builtin.SendRequestKeyword$_sendRequest_closure1.doCall(SendRequestKeyword.groovy:46)
	at com.kms.katalon.core.webservice.keyword.builtin.SendRequestKeyword$_sendRequest_closure1.call(SendRequestKeyword.groovy)
	at com.kms.katalon.core.keyword.internal.KeywordMain.runKeyword(KeywordMain.groovy:75)
	... 24 more
Caused by: java.lang.IllegalArgumentException: URI is not absolute
	at com.kms.katalon.core.webservice.common.HttpUtil.sendRequest(HttpUtil.java:139)
	... 29 more]]></system-err>
      </testcase>
      <testcase name="Test Cases/API_Testing/TC07_Access_currentUserDetail_negative_Api" time="0.075" classname="Test Cases/API_Testing/TC07_Access_currentUserDetail_negative_Api" status="FAILED">
         <properties>
            <property name="data_binding"><![CDATA[{"(Default) jsonF...":"Include/Data Files/login_data.json"}]]></property>
         </properties>
         <failure type="FAILED" message="Test Cases/API_Testing/TC07_Access_currentUserDetail_negative_Api FAILED.&#xa;Reason:&#xa;com.kms.katalon.core.exception.StepFailedException: Unable to send request (Root cause: com.kms.katalon.core.webservice.exception.SendRequestException: java.lang.IllegalArgumentException: URI is not absolute&#xa;	at com.kms.katalon.core.webservice.common.HttpUtil.sendRequest(HttpUtil.java:194)&#xa;	at com.kms.katalon.core.webservice.common.BasicRequestor.send(BasicRequestor.java:61)&#xa;	at com.kms.katalon.core.webservice.helper.WebServiceCommonHelper.sendRequest(WebServiceCommonHelper.java:56)&#xa;	at com.kms.katalon.core.webservice.keyword.builtin.SendRequestKeyword$_sendRequest_closure1.doCall(SendRequestKeyword.groovy:46)&#xa;	at com.kms.katalon.core.webservice.keyword.builtin.SendRequestKeyword$_sendRequest_closure1.call(SendRequestKeyword.groovy)&#xa;	at com.kms.katalon.core.keyword.internal.KeywordMain.runKeyword(KeywordMain.groovy:75)&#xa;	at com.kms.katalon.core.webservice.keyword.builtin.SendRequestKeyword.sendRequest(SendRequestKeyword.groovy:38)&#xa;	at com.kms.katalon.core.webservice.keyword.builtin.SendRequestKeyword.execute(SendRequestKeyword.groovy:33)&#xa;	at com.kms.katalon.core.keyword.internal.KeywordExecutor.executeKeywordForPlatform(KeywordExecutor.groovy:79)&#xa;	at com.kms.katalon.core.webservice.keyword.WSBuiltInKeywords.sendRequest(WSBuiltInKeywords.groovy:43)&#xa;	at api.ApiKeywords.sendGet(ApiKeywords.groovy:43)&#xa;	at TC07_Access_currentUserDetail_negative_Api.run(TC07_Access_currentUserDetail_negative_Api:37)&#xa;	at com.kms.katalon.core.main.ScriptEngine.run(ScriptEngine.java:194)&#xa;	at com.kms.katalon.core.main.ScriptEngine.runScriptAsRawText(ScriptEngine.java:119)&#xa;	at com.kms.katalon.core.main.TestCaseExecutor.runScript(TestCaseExecutor.java:486)&#xa;	at com.kms.katalon.core.main.TestCaseExecutor.doExecute(TestCaseExecutor.java:477)&#xa;	at com.kms.katalon.core.main.TestCaseExecutor.processExecutionPhase(TestCaseExecutor.java:456)&#xa;	at com.kms.katalon.core.main.TestCaseExecutor.accessMainPhase(TestCaseExecutor.java:448)&#xa;	at com.kms.katalon.core.main.TestCaseExecutor.execute(TestCaseExecutor.java:322)&#xa;	at com.kms.katalon.core.main.TestCaseExecutor.execute(TestCaseExecutor.java:406)&#xa;	at com.kms.katalon.core.main.TestCaseExecutor.execute(TestCaseExecutor.java:406)&#xa;	at com.kms.katalon.core.main.TestCaseExecutor.execute(TestCaseExecutor.java:406)&#xa;	at com.kms.katalon.core.common.CommonExecutor.accessTestCaseMainPhase(CommonExecutor.java:71)&#xa;	at com.kms.katalon.core.main.TestSuiteExecutor.accessTestSuiteMainPhase(TestSuiteExecutor.java:145)&#xa;	at com.kms.katalon.core.main.TestSuiteExecutor.execute(TestSuiteExecutor.java:104)&#xa;	at com.kms.katalon.core.main.TestCaseMain.startTestSuite(TestCaseMain.java:205)&#xa;	at TempTestSuite1758639150827.run(TempTestSuite1758639150827.groovy:35)&#xa;	at java.base/jdk.internal.reflect.NativeMethodAccessorImpl.invoke0(Native Method)&#xa;	at java.base/jdk.internal.reflect.NativeMethodAccessorImpl.invoke(NativeMethodAccessorImpl.java:77)&#xa;	at java.base/jdk.internal.reflect.DelegatingMethodAccessorImpl.invoke(DelegatingMethodAccessorImpl.java:43)&#xa;Caused by: java.lang.IllegalArgumentException: URI is not absolute&#xa;	at com.kms.katalon.core.webservice.common.HttpUtil.sendRequest(HttpUtil.java:139)&#xa;	at com.kms.katalon.core.webservice.common.BasicRequestor.send(BasicRequestor.java:61)&#xa;	at com.kms.katalon.core.webservice.helper.WebServiceCommonHelper.sendRequest(WebServiceCommonHelper.java:56)&#xa;	at com.kms.katalon.core.webservice.keyword.builtin.SendRequestKeyword$_sendRequest_closure1.doCall(SendRequestKeyword.groovy:46)&#xa;	at com.kms.katalon.core.webservice.keyword.builtin.SendRequestKeyword$_sendRequest_closure1.call(SendRequestKeyword.groovy)&#xa;	at com.kms.katalon.core.keyword.internal.KeywordMain.runKeyword(KeywordMain.groovy:75)&#xa;	at com.kms.katalon.core.webservice.keyword.builtin.SendRequestKeyword.sendRequest(SendRequestKeyword.groovy:38)&#xa;	at com.kms.katalon.core.webservice.keyword.builtin.SendRequestKeyword.execute(SendRequestKeyword.groovy:33)&#xa;	at com.kms.katalon.core.keyword.internal.KeywordExecutor.executeKeywordForPlatform(KeywordExecutor.groovy:79)&#xa;	at com.kms.katalon.core.webservice.keyword.WSBuiltInKeywords.sendRequest(WSBuiltInKeywords.groovy:43)&#xa;	at api.ApiKeywords.sendGet(ApiKeywords.groovy:43)&#xa;	at Script1758193458456.run(Script1758193458456.groovy:37)&#xa;	... 18 more&#xa;)&#xa;	at com.kms.katalon.core.keyword.internal.KeywordMain.stepFailed(KeywordMain.groovy:51)&#xa;	at com.kms.katalon.core.keyword.internal.KeywordMain.stepFailed(KeywordMain.groovy)&#xa;	at com.kms.katalon.core.keyword.internal.KeywordMain.runKeyword(KeywordMain.groovy:77)&#xa;	at com.kms.katalon.core.webservice.keyword.builtin.SendRequestKeyword.sendRequest(SendRequestKeyword.groovy:38)&#xa;	at com.kms.katalon.core.webservice.keyword.builtin.SendRequestKeyword.execute(SendRequestKeyword.groovy:33)&#xa;	at com.kms.katalon.core.keyword.internal.KeywordExecutor.executeKeywordForPlatform(KeywordExecutor.groovy:79)&#xa;	at com.kms.katalon.core.webservice.keyword.WSBuiltInKeywords.sendRequest(WSBuiltInKeywords.groovy:43)&#xa;	at api.ApiKeywords.sendGet(ApiKeywords.groovy:43)&#xa;	at TC07_Access_currentUserDetail_negative_Api.run(TC07_Access_currentUserDetail_negative_Api:37)&#xa;	at com.kms.katalon.core.main.ScriptEngine.run(ScriptEngine.java:194)&#xa;	at com.kms.katalon.core.main.ScriptEngine.runScriptAsRawText(ScriptEngine.java:119)&#xa;	at com.kms.katalon.core.main.TestCaseExecutor.runScript(TestCaseExecutor.java:486)&#xa;	at com.kms.katalon.core.main.TestCaseExecutor.doExecute(TestCaseExecutor.java:477)&#xa;	at com.kms.katalon.core.main.TestCaseExecutor.processExecutionPhase(TestCaseExecutor.java:456)&#xa;	at com.kms.katalon.core.main.TestCaseExecutor.accessMainPhase(TestCaseExecutor.java:448)&#xa;	at com.kms.katalon.core.main.TestCaseExecutor.execute(TestCaseExecutor.java:322)&#xa;	at com.kms.katalon.core.main.TestCaseExecutor.execute(TestCaseExecutor.java:406)&#xa;	at com.kms.katalon.core.main.TestCaseExecutor.execute(TestCaseExecutor.java:406)&#xa;	at com.kms.katalon.core.main.TestCaseExecutor.execute(TestCaseExecutor.java:406)&#xa;	at com.kms.katalon.core.common.CommonExecutor.accessTestCaseMainPhase(CommonExecutor.java:71)&#xa;	at com.kms.katalon.core.main.TestSuiteExecutor.accessTestSuiteMainPhase(TestSuiteExecutor.java:145)&#xa;	at com.kms.katalon.core.main.TestSuiteExecutor.execute(TestSuiteExecutor.java:104)&#xa;	at com.kms.katalon.core.main.TestCaseMain.startTestSuite(TestCaseMain.java:205)&#xa;	at TempTestSuite1758639150827.run(TempTestSuite1758639150827.groovy:35)&#xa;	at java.base/jdk.internal.reflect.NativeMethodAccessorImpl.invoke0(Native Method)&#xa;	at java.base/jdk.internal.reflect.NativeMethodAccessorImpl.invoke(NativeMethodAccessorImpl.java:77)&#xa;	at java.base/jdk.internal.reflect.DelegatingMethodAccessorImpl.invoke(DelegatingMethodAccessorImpl.java:43)&#xa;Caused by: com.kms.katalon.core.webservice.exception.SendRequestException: java.lang.IllegalArgumentException: URI is not absolute&#xa;	at com.kms.katalon.core.webservice.common.HttpUtil.sendRequest(HttpUtil.java:194)&#xa;	at com.kms.katalon.core.webservice.common.BasicRequestor.send(BasicRequestor.java:61)&#xa;	at com.kms.katalon.core.webservice.helper.WebServiceCommonHelper.sendRequest(WebServiceCommonHelper.java:56)&#xa;	at com.kms.katalon.core.webservice.keyword.builtin.SendRequestKeyword$_sendRequest_closure1.doCall(SendRequestKeyword.groovy:46)&#xa;	at com.kms.katalon.core.webservice.keyword.builtin.SendRequestKeyword$_sendRequest_closure1.call(SendRequestKeyword.groovy)&#xa;	at com.kms.katalon.core.keyword.internal.KeywordMain.runKeyword(KeywordMain.groovy:75)&#xa;	... 24 more&#xa;Caused by: java.lang.IllegalArgumentException: URI is not absolute&#xa;	at com.kms.katalon.core.webservice.common.HttpUtil.sendRequest(HttpUtil.java:139)&#xa;	... 29 more&#xa;"/>
         <system-out><![CDATA[23-09-2025T20:22:40 - [TEST_CASE][FAILED] - Test Cases/API_Testing/TC07_Access_currentUserDetail_negative_Api: Test Cases/API_Testing/TC07_Access_currentUserDetail_negative_Api FAILED.
Reason:
com.kms.katalon.core.exception.StepFailedException: Unable to send request (Root cause: com.kms.katalon.core.webservice.exception.SendRequestException: java.lang.IllegalArgumentException: URI is not absolute
	at com.kms.katalon.core.webservice.common.HttpUtil.sendRequest(HttpUtil.java:194)
	at com.kms.katalon.core.webservice.common.BasicRequestor.send(BasicRequestor.java:61)
	at com.kms.katalon.core.webservice.helper.WebServiceCommonHelper.sendRequest(WebServiceCommonHelper.java:56)
	at com.kms.katalon.core.webservice.keyword.builtin.SendRequestKeyword$_sendRequest_closure1.doCall(SendRequestKeyword.groovy:46)
	at com.kms.katalon.core.webservice.keyword.builtin.SendRequestKeyword$_sendRequest_closure1.call(SendRequestKeyword.groovy)
	at com.kms.katalon.core.keyword.internal.KeywordMain.runKeyword(KeywordMain.groovy:75)
	at com.kms.katalon.core.webservice.keyword.builtin.SendRequestKeyword.sendRequest(SendRequestKeyword.groovy:38)
	at com.kms.katalon.core.webservice.keyword.builtin.SendRequestKeyword.execute(SendRequestKeyword.groovy:33)
	at com.kms.katalon.core.keyword.internal.KeywordExecutor.executeKeywordForPlatform(KeywordExecutor.groovy:79)
	at com.kms.katalon.core.webservice.keyword.WSBuiltInKeywords.sendRequest(WSBuiltInKeywords.groovy:43)
	at api.ApiKeywords.sendGet(ApiKeywords.groovy:43)
	at TC07_Access_currentUserDetail_negative_Api.run(TC07_Access_currentUserDetail_negative_Api:37)
	at com.kms.katalon.core.main.ScriptEngine.run(ScriptEngine.java:194)
	at com.kms.katalon.core.main.ScriptEngine.runScriptAsRawText(ScriptEngine.java:119)
	at com.kms.katalon.core.main.TestCaseExecutor.runScript(TestCaseExecutor.java:486)
	at com.kms.katalon.core.main.TestCaseExecutor.doExecute(TestCaseExecutor.java:477)
	at com.kms.katalon.core.main.TestCaseExecutor.processExecutionPhase(TestCaseExecutor.java:456)
	at com.kms.katalon.core.main.TestCaseExecutor.accessMainPhase(TestCaseExecutor.java:448)
	at com.kms.katalon.core.main.TestCaseExecutor.execute(TestCaseExecutor.java:322)
	at com.kms.katalon.core.main.TestCaseExecutor.execute(TestCaseExecutor.java:406)
	at com.kms.katalon.core.main.TestCaseExecutor.execute(TestCaseExecutor.java:406)
	at com.kms.katalon.core.main.TestCaseExecutor.execute(TestCaseExecutor.java:406)
	at com.kms.katalon.core.common.CommonExecutor.accessTestCaseMainPhase(CommonExecutor.java:71)
	at com.kms.katalon.core.main.TestSuiteExecutor.accessTestSuiteMainPhase(TestSuiteExecutor.java:145)
	at com.kms.katalon.core.main.TestSuiteExecutor.execute(TestSuiteExecutor.java:104)
	at com.kms.katalon.core.main.TestCaseMain.startTestSuite(TestCaseMain.java:205)
	at TempTestSuite1758639150827.run(TempTestSuite1758639150827.groovy:35)
	at java.base/jdk.internal.reflect.NativeMethodAccessorImpl.invoke0(Native Method)
	at java.base/jdk.internal.reflect.NativeMethodAccessorImpl.invoke(NativeMethodAccessorImpl.java:77)
	at java.base/jdk.internal.reflect.DelegatingMethodAccessorImpl.invoke(DelegatingMethodAccessorImpl.java:43)
Caused by: java.lang.IllegalArgumentException: URI is not absolute
	at com.kms.katalon.core.webservice.common.HttpUtil.sendRequest(HttpUtil.java:139)
	at com.kms.katalon.core.webservice.common.BasicRequestor.send(BasicRequestor.java:61)
	at com.kms.katalon.core.webservice.helper.WebServiceCommonHelper.sendRequest(WebServiceCommonHelper.java:56)
	at com.kms.katalon.core.webservice.keyword.builtin.SendRequestKeyword$_sendRequest_closure1.doCall(SendRequestKeyword.groovy:46)
	at com.kms.katalon.core.webservice.keyword.builtin.SendRequestKeyword$_sendRequest_closure1.call(SendRequestKeyword.groovy)
	at com.kms.katalon.core.keyword.internal.KeywordMain.runKeyword(KeywordMain.groovy:75)
	at com.kms.katalon.core.webservice.keyword.builtin.SendRequestKeyword.sendRequest(SendRequestKeyword.groovy:38)
	at com.kms.katalon.core.webservice.keyword.builtin.SendRequestKeyword.execute(SendRequestKeyword.groovy:33)
	at com.kms.katalon.core.keyword.internal.KeywordExecutor.executeKeywordForPlatform(KeywordExecutor.groovy:79)
	at com.kms.katalon.core.webservice.keyword.WSBuiltInKeywords.sendRequest(WSBuiltInKeywords.groovy:43)
	at api.ApiKeywords.sendGet(ApiKeywords.groovy:43)
	at Script1758193458456.run(Script1758193458456.groovy:37)
	... 18 more
)
	at com.kms.katalon.core.keyword.internal.KeywordMain.stepFailed(KeywordMain.groovy:51)
	at com.kms.katalon.core.keyword.internal.KeywordMain.stepFailed(KeywordMain.groovy)
	at com.kms.katalon.core.keyword.internal.KeywordMain.runKeyword(KeywordMain.groovy:77)
	at com.kms.katalon.core.webservice.keyword.builtin.SendRequestKeyword.sendRequest(SendRequestKeyword.groovy:38)
	at com.kms.katalon.core.webservice.keyword.builtin.SendRequestKeyword.execute(SendRequestKeyword.groovy:33)
	at com.kms.katalon.core.keyword.internal.KeywordExecutor.executeKeywordForPlatform(KeywordExecutor.groovy:79)
	at com.kms.katalon.core.webservice.keyword.WSBuiltInKeywords.sendRequest(WSBuiltInKeywords.groovy:43)
	at api.ApiKeywords.sendGet(ApiKeywords.groovy:43)
	at TC07_Access_currentUserDetail_negative_Api.run(TC07_Access_currentUserDetail_negative_Api:37)
	at com.kms.katalon.core.main.ScriptEngine.run(ScriptEngine.java:194)
	at com.kms.katalon.core.main.ScriptEngine.runScriptAsRawText(ScriptEngine.java:119)
	at com.kms.katalon.core.main.TestCaseExecutor.runScript(TestCaseExecutor.java:486)
	at com.kms.katalon.core.main.TestCaseExecutor.doExecute(TestCaseExecutor.java:477)
	at com.kms.katalon.core.main.TestCaseExecutor.processExecutionPhase(TestCaseExecutor.java:456)
	at com.kms.katalon.core.main.TestCaseExecutor.accessMainPhase(TestCaseExecutor.java:448)
	at com.kms.katalon.core.main.TestCaseExecutor.execute(TestCaseExecutor.java:322)
	at com.kms.katalon.core.main.TestCaseExecutor.execute(TestCaseExecutor.java:406)
	at com.kms.katalon.core.main.TestCaseExecutor.execute(TestCaseExecutor.java:406)
	at com.kms.katalon.core.main.TestCaseExecutor.execute(TestCaseExecutor.java:406)
	at com.kms.katalon.core.common.CommonExecutor.accessTestCaseMainPhase(CommonExecutor.java:71)
	at com.kms.katalon.core.main.TestSuiteExecutor.accessTestSuiteMainPhase(TestSuiteExecutor.java:145)
	at com.kms.katalon.core.main.TestSuiteExecutor.execute(TestSuiteExecutor.java:104)
	at com.kms.katalon.core.main.TestCaseMain.startTestSuite(TestCaseMain.java:205)
	at TempTestSuite1758639150827.run(TempTestSuite1758639150827.groovy:35)
	at java.base/jdk.internal.reflect.NativeMethodAccessorImpl.invoke0(Native Method)
	at java.base/jdk.internal.reflect.NativeMethodAccessorImpl.invoke(NativeMethodAccessorImpl.java:77)
	at java.base/jdk.internal.reflect.DelegatingMethodAccessorImpl.invoke(DelegatingMethodAccessorImpl.java:43)
Caused by: com.kms.katalon.core.webservice.exception.SendRequestException: java.lang.IllegalArgumentException: URI is not absolute
	at com.kms.katalon.core.webservice.common.HttpUtil.sendRequest(HttpUtil.java:194)
	at com.kms.katalon.core.webservice.common.BasicRequestor.send(BasicRequestor.java:61)
	at com.kms.katalon.core.webservice.helper.WebServiceCommonHelper.sendRequest(WebServiceCommonHelper.java:56)
	at com.kms.katalon.core.webservice.keyword.builtin.SendRequestKeyword$_sendRequest_closure1.doCall(SendRequestKeyword.groovy:46)
	at com.kms.katalon.core.webservice.keyword.builtin.SendRequestKeyword$_sendRequest_closure1.call(SendRequestKeyword.groovy)
	at com.kms.katalon.core.keyword.internal.KeywordMain.runKeyword(KeywordMain.groovy:75)
	... 24 more
Caused by: java.lang.IllegalArgumentException: URI is not absolute
	at com.kms.katalon.core.webservice.common.HttpUtil.sendRequest(HttpUtil.java:139)
	... 29 more


23-09-2025T20:22:40 - [TEST_STEP][PASSED] - Start listener action : beforeTestCase: null

23-09-2025T20:22:40 - [TEST_STEP][PASSED] - testCaseId = testCaseContext.getTestCaseId(): null

23-09-2025T20:22:40 - [TEST_STEP][PASSED] - testCaseName = split("/").last(): null

23-09-2025T20:22:40 - [TEST_STEP][PASSED] - if (toLowerCase().endsWith("api")): null

23-09-2025T20:22:40 - [TEST_STEP][PASSED] - println(ℹ️ Skipping browser launch for API test case: $testCaseName): null

23-09-2025T20:22:40 - [TEST_STEP][PASSED] - return null: null

23-09-2025T20:22:40 - [TEST_STEP][PASSED] - logInfo("Reading access token from JSON file..."): Reading access token from JSON file...

23-09-2025T20:22:40 - [MESSAGE][INFO] - Reading access token from JSON file...

23-09-2025T20:22:40 - [TEST_STEP][PASSED] - accessToken = JsonFileReader.getJsonData("DummyJson", "invalidToken", jsonFilePath): null

23-09-2025T20:22:40 - [TEST_STEP][PASSED] - logInfo("Access token retrieved: " + accessToken): Access token retrieved: qwertyuiosdfghjklzxcvbnm

23-09-2025T20:22:40 - [MESSAGE][INFO] - Access token retrieved: qwertyuiosdfghjklzxcvbnm

23-09-2025T20:22:40 - [TEST_STEP][PASSED] - headers = ["Authorization":accessToken, "Content-Type":"application/json"]: null

23-09-2025T20:22:40 - [TEST_STEP][PASSED] - logInfo("Headers prepared: " + headers.toString()): Headers prepared: [Authorization:qwertyuiosdfghjklzxcvbnm, Content-Type:application/json]

23-09-2025T20:22:40 - [MESSAGE][INFO] - Headers prepared: [Authorization:qwertyuiosdfghjklzxcvbnm, Content-Type:application/json]

23-09-2025T20:22:40 - [TEST_STEP][PASSED] - logInfo("Sending GET request to /me endpoint..."): Sending GET request to /me endpoint...

23-09-2025T20:22:40 - [MESSAGE][INFO] - Sending GET request to /me endpoint...

23-09-2025T20:22:40 - [TEST_STEP][FAILED] - response = ApiKeywords.sendGet("me", headers): Unable to send request (Root cause: com.kms.katalon.core.webservice.exception.SendRequestException: java.lang.IllegalArgumentException: URI is not absolute
	at com.kms.katalon.core.webservice.common.HttpUtil.sendRequest(HttpUtil.java:194)
	at com.kms.katalon.core.webservice.common.BasicRequestor.send(BasicRequestor.java:61)
	at com.kms.katalon.core.webservice.helper.WebServiceCommonHelper.sendRequest(WebServiceCommonHelper.java:56)
	at com.kms.katalon.core.webservice.keyword.builtin.SendRequestKeyword$_sendRequest_closure1.doCall(SendRequestKeyword.groovy:46)
	at com.kms.katalon.core.webservice.keyword.builtin.SendRequestKeyword$_sendRequest_closure1.call(SendRequestKeyword.groovy)
	at com.kms.katalon.core.keyword.internal.KeywordMain.runKeyword(KeywordMain.groovy:75)
	at com.kms.katalon.core.webservice.keyword.builtin.SendRequestKeyword.sendRequest(SendRequestKeyword.groovy:38)
	at com.kms.katalon.core.webservice.keyword.builtin.SendRequestKeyword.execute(SendRequestKeyword.groovy:33)
	at com.kms.katalon.core.keyword.internal.KeywordExecutor.executeKeywordForPlatform(KeywordExecutor.groovy:79)
	at com.kms.katalon.core.webservice.keyword.WSBuiltInKeywords.sendRequest(WSBuiltInKeywords.groovy:43)
	at api.ApiKeywords.sendGet(ApiKeywords.groovy:43)
	at TC07_Access_currentUserDetail_negative_Api.run(TC07_Access_currentUserDetail_negative_Api:37)
	at com.kms.katalon.core.main.ScriptEngine.run(ScriptEngine.java:194)
	at com.kms.katalon.core.main.ScriptEngine.runScriptAsRawText(ScriptEngine.java:119)
	at com.kms.katalon.core.main.TestCaseExecutor.runScript(TestCaseExecutor.java:486)
	at com.kms.katalon.core.main.TestCaseExecutor.doExecute(TestCaseExecutor.java:477)
	at com.kms.katalon.core.main.TestCaseExecutor.processExecutionPhase(TestCaseExecutor.java:456)
	at com.kms.katalon.core.main.TestCaseExecutor.accessMainPhase(TestCaseExecutor.java:448)
	at com.kms.katalon.core.main.TestCaseExecutor.execute(TestCaseExecutor.java:322)
	at com.kms.katalon.core.main.TestCaseExecutor.execute(TestCaseExecutor.java:406)
	at com.kms.katalon.core.main.TestCaseExecutor.execute(TestCaseExecutor.java:406)
	at com.kms.katalon.core.main.TestCaseExecutor.execute(TestCaseExecutor.java:406)
	at com.kms.katalon.core.common.CommonExecutor.accessTestCaseMainPhase(CommonExecutor.java:71)
	at com.kms.katalon.core.main.TestSuiteExecutor.accessTestSuiteMainPhase(TestSuiteExecutor.java:145)
	at com.kms.katalon.core.main.TestSuiteExecutor.execute(TestSuiteExecutor.java:104)
	at com.kms.katalon.core.main.TestCaseMain.startTestSuite(TestCaseMain.java:205)
	at TempTestSuite1758639150827.run(TempTestSuite1758639150827.groovy:35)
	at java.base/jdk.internal.reflect.NativeMethodAccessorImpl.invoke0(Native Method)
	at java.base/jdk.internal.reflect.NativeMethodAccessorImpl.invoke(NativeMethodAccessorImpl.java:77)
	at java.base/jdk.internal.reflect.DelegatingMethodAccessorImpl.invoke(DelegatingMethodAccessorImpl.java:43)
Caused by: java.lang.IllegalArgumentException: URI is not absolute
	at com.kms.katalon.core.webservice.common.HttpUtil.sendRequest(HttpUtil.java:139)
	at com.kms.katalon.core.webservice.common.BasicRequestor.send(BasicRequestor.java:61)
	at com.kms.katalon.core.webservice.helper.WebServiceCommonHelper.sendRequest(WebServiceCommonHelper.java:56)
	at com.kms.katalon.core.webservice.keyword.builtin.SendRequestKeyword$_sendRequest_closure1.doCall(SendRequestKeyword.groovy:46)
	at com.kms.katalon.core.webservice.keyword.builtin.SendRequestKeyword$_sendRequest_closure1.call(SendRequestKeyword.groovy)
	at com.kms.katalon.core.keyword.internal.KeywordMain.runKeyword(KeywordMain.groovy:75)
	at com.kms.katalon.core.webservice.keyword.builtin.SendRequestKeyword.sendRequest(SendRequestKeyword.groovy:38)
	at com.kms.katalon.core.webservice.keyword.builtin.SendRequestKeyword.execute(SendRequestKeyword.groovy:33)
	at com.kms.katalon.core.keyword.internal.KeywordExecutor.executeKeywordForPlatform(KeywordExecutor.groovy:79)
	at com.kms.katalon.core.webservice.keyword.WSBuiltInKeywords.sendRequest(WSBuiltInKeywords.groovy:43)
	at api.ApiKeywords.sendGet(ApiKeywords.groovy:43)
	at Script1758193458456.run(Script1758193458456.groovy:37)
	... 18 more
)

23-09-2025T20:22:40 - [MESSAGE][FAILED] - Unable to send request (Root cause: com.kms.katalon.core.webservice.exception.SendRequestException: java.lang.IllegalArgumentException: URI is not absolute
	at com.kms.katalon.core.webservice.common.HttpUtil.sendRequest(HttpUtil.java:194)
	at com.kms.katalon.core.webservice.common.BasicRequestor.send(BasicRequestor.java:61)
	at com.kms.katalon.core.webservice.helper.WebServiceCommonHelper.sendRequest(WebServiceCommonHelper.java:56)
	at com.kms.katalon.core.webservice.keyword.builtin.SendRequestKeyword$_sendRequest_closure1.doCall(SendRequestKeyword.groovy:46)
	at com.kms.katalon.core.webservice.keyword.builtin.SendRequestKeyword$_sendRequest_closure1.call(SendRequestKeyword.groovy)
	at com.kms.katalon.core.keyword.internal.KeywordMain.runKeyword(KeywordMain.groovy:75)
	at com.kms.katalon.core.webservice.keyword.builtin.SendRequestKeyword.sendRequest(SendRequestKeyword.groovy:38)
	at com.kms.katalon.core.webservice.keyword.builtin.SendRequestKeyword.execute(SendRequestKeyword.groovy:33)
	at com.kms.katalon.core.keyword.internal.KeywordExecutor.executeKeywordForPlatform(KeywordExecutor.groovy:79)
	at com.kms.katalon.core.webservice.keyword.WSBuiltInKeywords.sendRequest(WSBuiltInKeywords.groovy:43)
	at api.ApiKeywords.sendGet(ApiKeywords.groovy:43)
	at TC07_Access_currentUserDetail_negative_Api.run(TC07_Access_currentUserDetail_negative_Api:37)
	at com.kms.katalon.core.main.ScriptEngine.run(ScriptEngine.java:194)
	at com.kms.katalon.core.main.ScriptEngine.runScriptAsRawText(ScriptEngine.java:119)
	at com.kms.katalon.core.main.TestCaseExecutor.runScript(TestCaseExecutor.java:486)
	at com.kms.katalon.core.main.TestCaseExecutor.doExecute(TestCaseExecutor.java:477)
	at com.kms.katalon.core.main.TestCaseExecutor.processExecutionPhase(TestCaseExecutor.java:456)
	at com.kms.katalon.core.main.TestCaseExecutor.accessMainPhase(TestCaseExecutor.java:448)
	at com.kms.katalon.core.main.TestCaseExecutor.execute(TestCaseExecutor.java:322)
	at com.kms.katalon.core.main.TestCaseExecutor.execute(TestCaseExecutor.java:406)
	at com.kms.katalon.core.main.TestCaseExecutor.execute(TestCaseExecutor.java:406)
	at com.kms.katalon.core.main.TestCaseExecutor.execute(TestCaseExecutor.java:406)
	at com.kms.katalon.core.common.CommonExecutor.accessTestCaseMainPhase(CommonExecutor.java:71)
	at com.kms.katalon.core.main.TestSuiteExecutor.accessTestSuiteMainPhase(TestSuiteExecutor.java:145)
	at com.kms.katalon.core.main.TestSuiteExecutor.execute(TestSuiteExecutor.java:104)
	at com.kms.katalon.core.main.TestCaseMain.startTestSuite(TestCaseMain.java:205)
	at TempTestSuite1758639150827.run(TempTestSuite1758639150827.groovy:35)
	at java.base/jdk.internal.reflect.NativeMethodAccessorImpl.invoke0(Native Method)
	at java.base/jdk.internal.reflect.NativeMethodAccessorImpl.invoke(NativeMethodAccessorImpl.java:77)
	at java.base/jdk.internal.reflect.DelegatingMethodAccessorImpl.invoke(DelegatingMethodAccessorImpl.java:43)
Caused by: java.lang.IllegalArgumentException: URI is not absolute
	at com.kms.katalon.core.webservice.common.HttpUtil.sendRequest(HttpUtil.java:139)
	at com.kms.katalon.core.webservice.common.BasicRequestor.send(BasicRequestor.java:61)
	at com.kms.katalon.core.webservice.helper.WebServiceCommonHelper.sendRequest(WebServiceCommonHelper.java:56)
	at com.kms.katalon.core.webservice.keyword.builtin.SendRequestKeyword$_sendRequest_closure1.doCall(SendRequestKeyword.groovy:46)
	at com.kms.katalon.core.webservice.keyword.builtin.SendRequestKeyword$_sendRequest_closure1.call(SendRequestKeyword.groovy)
	at com.kms.katalon.core.keyword.internal.KeywordMain.runKeyword(KeywordMain.groovy:75)
	at com.kms.katalon.core.webservice.keyword.builtin.SendRequestKeyword.sendRequest(SendRequestKeyword.groovy:38)
	at com.kms.katalon.core.webservice.keyword.builtin.SendRequestKeyword.execute(SendRequestKeyword.groovy:33)
	at com.kms.katalon.core.keyword.internal.KeywordExecutor.executeKeywordForPlatform(KeywordExecutor.groovy:79)
	at com.kms.katalon.core.webservice.keyword.WSBuiltInKeywords.sendRequest(WSBuiltInKeywords.groovy:43)
	at api.ApiKeywords.sendGet(ApiKeywords.groovy:43)
	at Script1758193458456.run(Script1758193458456.groovy:37)
	... 18 more
)

23-09-2025T20:22:40 - [TEST_STEP][PASSED] - Start listener action : closeTheBrowser: null

23-09-2025T20:22:40 - [TEST_STEP][PASSED] - testCaseId = testCaseContext.getTestCaseId(): null

23-09-2025T20:22:40 - [TEST_STEP][PASSED] - testCaseName = split("/").last(): null

23-09-2025T20:22:40 - [TEST_STEP][PASSED] - testCaseStatus = testCaseContext.getTestCaseStatus(): null

23-09-2025T20:22:40 - [TEST_STEP][PASSED] - println(testCaseStatus): null

23-09-2025T20:22:40 - [TEST_STEP][PASSED] - StatusMap = DependencyHandler.getStatusMap(): null

23-09-2025T20:22:40 - [TEST_STEP][PASSED] - if (StatusMap.containsKey(testCaseName)): null

23-09-2025T20:22:40 - [TEST_STEP][PASSED] - try: null

23-09-2025T20:22:40 - [TEST_STEP][PASSED] - driver = getWebDriver(): null

23-09-2025T20:22:40 - [TEST_STEP][PASSED] - catch (Exception e): null

23-09-2025T20:22:40 - [TEST_STEP][PASSED] - println(⚠️ Error while closing browser: $e.message): null]]></system-out>
         <system-err><![CDATA[23-09-2025T20:22:40 - [TEST_CASE][FAILED] - Test Cases/API_Testing/TC07_Access_currentUserDetail_negative_Api: Test Cases/API_Testing/TC07_Access_currentUserDetail_negative_Api FAILED.
Reason:
com.kms.katalon.core.exception.StepFailedException: Unable to send request (Root cause: com.kms.katalon.core.webservice.exception.SendRequestException: java.lang.IllegalArgumentException: URI is not absolute
	at com.kms.katalon.core.webservice.common.HttpUtil.sendRequest(HttpUtil.java:194)
	at com.kms.katalon.core.webservice.common.BasicRequestor.send(BasicRequestor.java:61)
	at com.kms.katalon.core.webservice.helper.WebServiceCommonHelper.sendRequest(WebServiceCommonHelper.java:56)
	at com.kms.katalon.core.webservice.keyword.builtin.SendRequestKeyword$_sendRequest_closure1.doCall(SendRequestKeyword.groovy:46)
	at com.kms.katalon.core.webservice.keyword.builtin.SendRequestKeyword$_sendRequest_closure1.call(SendRequestKeyword.groovy)
	at com.kms.katalon.core.keyword.internal.KeywordMain.runKeyword(KeywordMain.groovy:75)
	at com.kms.katalon.core.webservice.keyword.builtin.SendRequestKeyword.sendRequest(SendRequestKeyword.groovy:38)
	at com.kms.katalon.core.webservice.keyword.builtin.SendRequestKeyword.execute(SendRequestKeyword.groovy:33)
	at com.kms.katalon.core.keyword.internal.KeywordExecutor.executeKeywordForPlatform(KeywordExecutor.groovy:79)
	at com.kms.katalon.core.webservice.keyword.WSBuiltInKeywords.sendRequest(WSBuiltInKeywords.groovy:43)
	at api.ApiKeywords.sendGet(ApiKeywords.groovy:43)
	at TC07_Access_currentUserDetail_negative_Api.run(TC07_Access_currentUserDetail_negative_Api:37)
	at com.kms.katalon.core.main.ScriptEngine.run(ScriptEngine.java:194)
	at com.kms.katalon.core.main.ScriptEngine.runScriptAsRawText(ScriptEngine.java:119)
	at com.kms.katalon.core.main.TestCaseExecutor.runScript(TestCaseExecutor.java:486)
	at com.kms.katalon.core.main.TestCaseExecutor.doExecute(TestCaseExecutor.java:477)
	at com.kms.katalon.core.main.TestCaseExecutor.processExecutionPhase(TestCaseExecutor.java:456)
	at com.kms.katalon.core.main.TestCaseExecutor.accessMainPhase(TestCaseExecutor.java:448)
	at com.kms.katalon.core.main.TestCaseExecutor.execute(TestCaseExecutor.java:322)
	at com.kms.katalon.core.main.TestCaseExecutor.execute(TestCaseExecutor.java:406)
	at com.kms.katalon.core.main.TestCaseExecutor.execute(TestCaseExecutor.java:406)
	at com.kms.katalon.core.main.TestCaseExecutor.execute(TestCaseExecutor.java:406)
	at com.kms.katalon.core.common.CommonExecutor.accessTestCaseMainPhase(CommonExecutor.java:71)
	at com.kms.katalon.core.main.TestSuiteExecutor.accessTestSuiteMainPhase(TestSuiteExecutor.java:145)
	at com.kms.katalon.core.main.TestSuiteExecutor.execute(TestSuiteExecutor.java:104)
	at com.kms.katalon.core.main.TestCaseMain.startTestSuite(TestCaseMain.java:205)
	at TempTestSuite1758639150827.run(TempTestSuite1758639150827.groovy:35)
	at java.base/jdk.internal.reflect.NativeMethodAccessorImpl.invoke0(Native Method)
	at java.base/jdk.internal.reflect.NativeMethodAccessorImpl.invoke(NativeMethodAccessorImpl.java:77)
	at java.base/jdk.internal.reflect.DelegatingMethodAccessorImpl.invoke(DelegatingMethodAccessorImpl.java:43)
Caused by: java.lang.IllegalArgumentException: URI is not absolute
	at com.kms.katalon.core.webservice.common.HttpUtil.sendRequest(HttpUtil.java:139)
	at com.kms.katalon.core.webservice.common.BasicRequestor.send(BasicRequestor.java:61)
	at com.kms.katalon.core.webservice.helper.WebServiceCommonHelper.sendRequest(WebServiceCommonHelper.java:56)
	at com.kms.katalon.core.webservice.keyword.builtin.SendRequestKeyword$_sendRequest_closure1.doCall(SendRequestKeyword.groovy:46)
	at com.kms.katalon.core.webservice.keyword.builtin.SendRequestKeyword$_sendRequest_closure1.call(SendRequestKeyword.groovy)
	at com.kms.katalon.core.keyword.internal.KeywordMain.runKeyword(KeywordMain.groovy:75)
	at com.kms.katalon.core.webservice.keyword.builtin.SendRequestKeyword.sendRequest(SendRequestKeyword.groovy:38)
	at com.kms.katalon.core.webservice.keyword.builtin.SendRequestKeyword.execute(SendRequestKeyword.groovy:33)
	at com.kms.katalon.core.keyword.internal.KeywordExecutor.executeKeywordForPlatform(KeywordExecutor.groovy:79)
	at com.kms.katalon.core.webservice.keyword.WSBuiltInKeywords.sendRequest(WSBuiltInKeywords.groovy:43)
	at api.ApiKeywords.sendGet(ApiKeywords.groovy:43)
	at Script1758193458456.run(Script1758193458456.groovy:37)
	... 18 more
)
	at com.kms.katalon.core.keyword.internal.KeywordMain.stepFailed(KeywordMain.groovy:51)
	at com.kms.katalon.core.keyword.internal.KeywordMain.stepFailed(KeywordMain.groovy)
	at com.kms.katalon.core.keyword.internal.KeywordMain.runKeyword(KeywordMain.groovy:77)
	at com.kms.katalon.core.webservice.keyword.builtin.SendRequestKeyword.sendRequest(SendRequestKeyword.groovy:38)
	at com.kms.katalon.core.webservice.keyword.builtin.SendRequestKeyword.execute(SendRequestKeyword.groovy:33)
	at com.kms.katalon.core.keyword.internal.KeywordExecutor.executeKeywordForPlatform(KeywordExecutor.groovy:79)
	at com.kms.katalon.core.webservice.keyword.WSBuiltInKeywords.sendRequest(WSBuiltInKeywords.groovy:43)
	at api.ApiKeywords.sendGet(ApiKeywords.groovy:43)
	at TC07_Access_currentUserDetail_negative_Api.run(TC07_Access_currentUserDetail_negative_Api:37)
	at com.kms.katalon.core.main.ScriptEngine.run(ScriptEngine.java:194)
	at com.kms.katalon.core.main.ScriptEngine.runScriptAsRawText(ScriptEngine.java:119)
	at com.kms.katalon.core.main.TestCaseExecutor.runScript(TestCaseExecutor.java:486)
	at com.kms.katalon.core.main.TestCaseExecutor.doExecute(TestCaseExecutor.java:477)
	at com.kms.katalon.core.main.TestCaseExecutor.processExecutionPhase(TestCaseExecutor.java:456)
	at com.kms.katalon.core.main.TestCaseExecutor.accessMainPhase(TestCaseExecutor.java:448)
	at com.kms.katalon.core.main.TestCaseExecutor.execute(TestCaseExecutor.java:322)
	at com.kms.katalon.core.main.TestCaseExecutor.execute(TestCaseExecutor.java:406)
	at com.kms.katalon.core.main.TestCaseExecutor.execute(TestCaseExecutor.java:406)
	at com.kms.katalon.core.main.TestCaseExecutor.execute(TestCaseExecutor.java:406)
	at com.kms.katalon.core.common.CommonExecutor.accessTestCaseMainPhase(CommonExecutor.java:71)
	at com.kms.katalon.core.main.TestSuiteExecutor.accessTestSuiteMainPhase(TestSuiteExecutor.java:145)
	at com.kms.katalon.core.main.TestSuiteExecutor.execute(TestSuiteExecutor.java:104)
	at com.kms.katalon.core.main.TestCaseMain.startTestSuite(TestCaseMain.java:205)
	at TempTestSuite1758639150827.run(TempTestSuite1758639150827.groovy:35)
	at java.base/jdk.internal.reflect.NativeMethodAccessorImpl.invoke0(Native Method)
	at java.base/jdk.internal.reflect.NativeMethodAccessorImpl.invoke(NativeMethodAccessorImpl.java:77)
	at java.base/jdk.internal.reflect.DelegatingMethodAccessorImpl.invoke(DelegatingMethodAccessorImpl.java:43)
Caused by: com.kms.katalon.core.webservice.exception.SendRequestException: java.lang.IllegalArgumentException: URI is not absolute
	at com.kms.katalon.core.webservice.common.HttpUtil.sendRequest(HttpUtil.java:194)
	at com.kms.katalon.core.webservice.common.BasicRequestor.send(BasicRequestor.java:61)
	at com.kms.katalon.core.webservice.helper.WebServiceCommonHelper.sendRequest(WebServiceCommonHelper.java:56)
	at com.kms.katalon.core.webservice.keyword.builtin.SendRequestKeyword$_sendRequest_closure1.doCall(SendRequestKeyword.groovy:46)
	at com.kms.katalon.core.webservice.keyword.builtin.SendRequestKeyword$_sendRequest_closure1.call(SendRequestKeyword.groovy)
	at com.kms.katalon.core.keyword.internal.KeywordMain.runKeyword(KeywordMain.groovy:75)
	... 24 more
Caused by: java.lang.IllegalArgumentException: URI is not absolute
	at com.kms.katalon.core.webservice.common.HttpUtil.sendRequest(HttpUtil.java:139)
	... 29 more]]></system-err>
      </testcase>
      <system-out><![CDATA[23-09-2025T20:22:35 - [TEST_SUITE][FAILED] - API_AccessToken: null]]></system-out>
      <system-err><![CDATA[23-09-2025T20:22:35 - [TEST_SUITE][FAILED] - API_AccessToken: null]]></system-err>
   </testsuite>
</testsuites>
