2025-09-18 16:23:22.192 INFO  c.k.katalon.core.main.TestSuiteExecutor  - START Test Suites/API_AccessToken
2025-09-18 16:23:22.321 INFO  c.k.katalon.core.main.TestSuiteExecutor  - userFullName = Abinesh R
2025-09-18 16:23:22.323 INFO  c.k.katalon.core.main.TestSuiteExecutor  - projectName = Luma
2025-09-18 16:23:22.323 INFO  c.k.katalon.core.main.TestSuiteExecutor  - hostName = 10835442 - 10.235.154.124
2025-09-18 16:23:22.323 INFO  c.k.katalon.core.main.TestSuiteExecutor  - os = Windows 11 64bit
2025-09-18 16:23:22.325 INFO  c.k.katalon.core.main.TestSuiteExecutor  - hostAddress = 10.235.154.124
2025-09-18 16:23:22.326 INFO  c.k.katalon.core.main.TestSuiteExecutor  - katalonVersion = 10.3.1.0
2025-09-18 16:23:23.109 INFO  c.k.katalon.core.main.TestCaseExecutor   - --------------------
2025-09-18 16:23:23.109 INFO  c.k.katalon.core.main.TestCaseExecutor   - START Test Cases/API_Testing/api_getAccessToken
2025-09-18 16:23:23.220 INFO  c.k.katalon.core.main.TestCaseExecutor   - (Default) jsonFilePath = Include/Data Files/login_data.json
2025-09-18 16:23:23.239 INFO  c.k.katalon.core.main.TestCaseExecutor   - (Default) masterSchemaFilePath = Include/Data Files/MasterSchema.json
ℹ️ Skipping browser launch for API test case: api_getAccessToken
2025-09-18 16:23:23.659 DEBUG testcase.api_getAccessToken              - 1: logInfo("Reading payload from JSON file...")
2025-09-18 16:23:23.678 INFO  com.kms.katalon.core.util.KeywordUtil    - Reading payload from JSON file...
2025-09-18 16:23:23.688 DEBUG testcase.api_getAccessToken              - 2: payLoad = JsonOutput.toJson(JsonFileReader.getSectionData("postPayload", jsonFilePath))
2025-09-18 16:23:23.790 DEBUG testcase.api_getAccessToken              - 3: logInfo("Payload prepared: " + payLoad)
2025-09-18 16:23:23.798 INFO  com.kms.katalon.core.util.KeywordUtil    - Payload prepared: {"username":"emilys","password":"emilyspass","expiresInMins":30}
2025-09-18 16:23:23.802 DEBUG testcase.api_getAccessToken              - 4: logInfo("Sending POST request to /login endpoint...")
2025-09-18 16:23:23.807 INFO  com.kms.katalon.core.util.KeywordUtil    - Sending POST request to /login endpoint...
2025-09-18 16:23:23.811 DEBUG testcase.api_getAccessToken              - 5: response = ApiKeywords.sendPost("login", payLoad)
2025-09-18 16:23:32.402 INFO  c.k.k.core.webservice.common.HarLogger   - HAR: C:\Users\10835442\Katalon Studio\Luma\Reports\20250918_162314\API_AccessToken\20250918_162315\requests\main\POST_Generic_0.har
2025-09-18 16:23:32.526 DEBUG testcase.api_getAccessToken              - 6: logInfo("Response received with status: " + response.getStatusCode())
2025-09-18 16:23:32.540 INFO  com.kms.katalon.core.util.KeywordUtil    - Response received with status: 200
2025-09-18 16:23:32.541 DEBUG testcase.api_getAccessToken              - 7: responseBodyContent = response.getResponseBodyContent()
2025-09-18 16:23:32.546 DEBUG testcase.api_getAccessToken              - 8: logInfo("Response body content:
" + responseBodyContent)
2025-09-18 16:23:32.552 INFO  com.kms.katalon.core.util.KeywordUtil    - Response body content:
{"accessToken":"eyJhbGciOiJIUzI1NiIsInR5cCI6IkpXVCJ9.eyJpZCI6MSwidXNlcm5hbWUiOiJlbWlseXMiLCJlbWFpbCI6ImVtaWx5LmpvaG5zb25AeC5kdW1teWpzb24uY29tIiwiZmlyc3ROYW1lIjoiRW1pbHkiLCJsYXN0TmFtZSI6IkpvaG5zb24iLCJnZW5kZXIiOiJmZW1hbGUiLCJpbWFnZSI6Imh0dHBzOi8vZHVtbXlqc29uLmNvbS9pY29uL2VtaWx5cy8xMjgiLCJpYXQiOjE3NTgxOTI4MTMsImV4cCI6MTc1ODE5NDYxM30.5veLdHaVxwdXeW5D0-E9P119d-B6DgAp3flzCgg8c_4","refreshToken":"eyJhbGciOiJIUzI1NiIsInR5cCI6IkpXVCJ9.eyJpZCI6MSwidXNlcm5hbWUiOiJlbWlseXMiLCJlbWFpbCI6ImVtaWx5LmpvaG5zb25AeC5kdW1teWpzb24uY29tIiwiZmlyc3ROYW1lIjoiRW1pbHkiLCJsYXN0TmFtZSI6IkpvaG5zb24iLCJnZW5kZXIiOiJmZW1hbGUiLCJpbWFnZSI6Imh0dHBzOi8vZHVtbXlqc29uLmNvbS9pY29uL2VtaWx5cy8xMjgiLCJpYXQiOjE3NTgxOTI4MTMsImV4cCI6MTc2MDc4NDgxM30.7EOXd0aJs04J9fTQAAW0NFD8UN0n6iesMnZbsYQrnok","id":1,"username":"emilys","email":"emily.johnson@x.dummyjson.com","firstName":"Emily","lastName":"Johnson","gender":"female","image":"https://dummyjson.com/icon/emilys/128"}
2025-09-18 16:23:32.555 DEBUG testcase.api_getAccessToken              - 9: logInfo("Validating response against accessTokenSchema...")
2025-09-18 16:23:32.558 INFO  com.kms.katalon.core.util.KeywordUtil    - Validating response against accessTokenSchema...
2025-09-18 16:23:32.561 DEBUG testcase.api_getAccessToken              - 10: schemaMap = JsonFileReader.getSectionData("accessTokenSchema", masterSchemaFilePath)
2025-09-18 16:23:32.572 DEBUG testcase.api_getAccessToken              - 11: schemaString = JsonOutput.toJson(schemaMap)
2025-09-18 16:23:32.575 DEBUG testcase.api_getAccessToken              - 12: validateJsonAgainstSchema(responseBodyContent, schemaString)
2025-09-18 16:23:32.740 DEBUG testcase.api_getAccessToken              - 13: logInfo("Schema validation passed.")
2025-09-18 16:23:32.745 INFO  com.kms.katalon.core.util.KeywordUtil    - Schema validation passed.
2025-09-18 16:23:32.745 DEBUG testcase.api_getAccessToken              - 14: parsedResponse = JsonSlurper().parseText(responseBodyContent)
2025-09-18 16:23:32.750 DEBUG testcase.api_getAccessToken              - 15: jwtToken = accessToken
2025-09-18 16:23:32.754 DEBUG testcase.api_getAccessToken              - 16: logInfo("Extracted JWT Token: " + jwtToken)
2025-09-18 16:23:32.755 INFO  com.kms.katalon.core.util.KeywordUtil    - Extracted JWT Token: eyJhbGciOiJIUzI1NiIsInR5cCI6IkpXVCJ9.eyJpZCI6MSwidXNlcm5hbWUiOiJlbWlseXMiLCJlbWFpbCI6ImVtaWx5LmpvaG5zb25AeC5kdW1teWpzb24uY29tIiwiZmlyc3ROYW1lIjoiRW1pbHkiLCJsYXN0TmFtZSI6IkpvaG5zb24iLCJnZW5kZXIiOiJmZW1hbGUiLCJpbWFnZSI6Imh0dHBzOi8vZHVtbXlqc29uLmNvbS9pY29uL2VtaWx5cy8xMjgiLCJpYXQiOjE3NTgxOTI4MTMsImV4cCI6MTc1ODE5NDYxM30.5veLdHaVxwdXeW5D0-E9P119d-B6DgAp3flzCgg8c_4
2025-09-18 16:23:32.757 DEBUG testcase.api_getAccessToken              - 17: logInfo("Storing JWT token in DummyJson section of JSON file...")
2025-09-18 16:23:32.759 INFO  com.kms.katalon.core.util.KeywordUtil    - Storing JWT token in DummyJson section of JSON file...
2025-09-18 16:23:32.761 DEBUG testcase.api_getAccessToken              - 18: JsonFileReader.appendToJsonSection(jsonFilePath, "DummyJson", "accessToken", jwtToken)
2025-09-18 16:23:32.811 DEBUG testcase.api_getAccessToken              - 19: logInfo("Token stored successfully.")
2025-09-18 16:23:32.812 INFO  com.kms.katalon.core.util.KeywordUtil    - Token stored successfully.
PASSED
⚠️ Error while closing browser: Browser is not opened
Build info: version: '4.28.1', revision: '73f5ad48a2'
System info: os.name: 'Windows 11', os.arch: 'amd64', os.version: '10.0', java.version: '17.0.14'
Driver info: driver.version: unknown
2025-09-18 16:23:33.018 INFO  c.k.katalon.core.main.TestCaseExecutor   - END Test Cases/API_Testing/api_getAccessToken
2025-09-18 16:23:33.030 INFO  c.k.katalon.core.main.TestCaseExecutor   - --------------------
2025-09-18 16:23:33.031 INFO  c.k.katalon.core.main.TestCaseExecutor   - START Test Cases/API_Testing/api_currentUserDetail
2025-09-18 16:23:33.093 INFO  c.k.katalon.core.main.TestCaseExecutor   - (Default) jsonFilePath = Include/Data Files/login_data.json
ℹ️ Skipping browser launch for API test case: api_currentUserDetail
2025-09-18 16:23:33.346 DEBUG testcase.api_currentUserDetail           - 1: logInfo("Reading access token from JSON file...")
2025-09-18 16:23:33.348 INFO  com.kms.katalon.core.util.KeywordUtil    - Reading access token from JSON file...
2025-09-18 16:23:33.351 DEBUG testcase.api_currentUserDetail           - 2: accessToken = JsonFileReader.getJsonData("DummyJson", "accessToken", jsonFilePath)
2025-09-18 16:23:33.365 DEBUG testcase.api_currentUserDetail           - 3: logInfo("Access token retrieved: " + accessToken)
2025-09-18 16:23:33.369 INFO  com.kms.katalon.core.util.KeywordUtil    - Access token retrieved: eyJhbGciOiJIUzI1NiIsInR5cCI6IkpXVCJ9.eyJpZCI6MSwidXNlcm5hbWUiOiJlbWlseXMiLCJlbWFpbCI6ImVtaWx5LmpvaG5zb25AeC5kdW1teWpzb24uY29tIiwiZmlyc3ROYW1lIjoiRW1pbHkiLCJsYXN0TmFtZSI6IkpvaG5zb24iLCJnZW5kZXIiOiJmZW1hbGUiLCJpbWFnZSI6Imh0dHBzOi8vZHVtbXlqc29uLmNvbS9pY29uL2VtaWx5cy8xMjgiLCJpYXQiOjE3NTgxOTI4MTMsImV4cCI6MTc1ODE5NDYxM30.5veLdHaVxwdXeW5D0-E9P119d-B6DgAp3flzCgg8c_4
2025-09-18 16:23:33.372 DEBUG testcase.api_currentUserDetail           - 4: headers = ["Authorization":accessToken, "Content-Type":"application/json"]
2025-09-18 16:23:33.378 DEBUG testcase.api_currentUserDetail           - 5: logInfo("Headers prepared: " + headers.toString())
2025-09-18 16:23:33.385 INFO  com.kms.katalon.core.util.KeywordUtil    - Headers prepared: [Authorization:eyJhbGciOiJIUzI1NiIsInR5cCI6IkpXVCJ9.eyJpZCI6MSwidXNlcm5hbWUiOiJlbWlseXMiLCJlbWFpbCI6ImVtaWx5LmpvaG5zb25AeC5kdW1teWpzb24uY29tIiwiZmlyc3ROYW1lIjoiRW1pbHkiLCJsYXN0TmFtZSI6IkpvaG5zb24iLCJnZW5kZXIiOiJmZW1hbGUiLCJpbWFnZSI6Imh0dHBzOi8vZHVtbXlqc29uLmNvbS9pY29uL2VtaWx5cy8xMjgiLCJpYXQiOjE3NTgxOTI4MTMsImV4cCI6MTc1ODE5NDYxM30.5veLdHaVxwdXeW5D0-E9P119d-B6DgAp3flzCgg8c_4, Content-Type:application/json]
2025-09-18 16:23:33.388 DEBUG testcase.api_currentUserDetail           - 6: logInfo("Sending GET request to /me endpoint...")
2025-09-18 16:23:33.391 INFO  com.kms.katalon.core.util.KeywordUtil    - Sending GET request to /me endpoint...
2025-09-18 16:23:33.397 DEBUG testcase.api_currentUserDetail           - 7: response = ApiKeywords.sendGet("me", headers)
2025-09-18 16:23:33.805 INFO  c.k.k.core.webservice.common.HarLogger   - HAR: C:\Users\10835442\Katalon Studio\Luma\Reports\20250918_162314\API_AccessToken\20250918_162315\requests\main\GET_Generic_1.har
2025-09-18 16:23:33.813 DEBUG testcase.api_currentUserDetail           - 8: logInfo("Response received with status: " + response.getStatusCode())
2025-09-18 16:23:33.816 INFO  com.kms.katalon.core.util.KeywordUtil    - Response received with status: 200
2025-09-18 16:23:33.818 DEBUG testcase.api_currentUserDetail           - 9: parsedResponse = JsonSlurper().parseText(response.getResponseBodyContent())
2025-09-18 16:23:33.821 DEBUG testcase.api_currentUserDetail           - 10: logInfo("Parsed response: " + parsedResponse.toString())
2025-09-18 16:23:33.824 INFO  com.kms.katalon.core.util.KeywordUtil    - Parsed response: {id=1, firstName=Emily, lastName=Johnson, maidenName=Smith, age=28, gender=female, email=emily.johnson@x.dummyjson.com, phone=+81 965-431-3024, username=emilys, password=emilyspass, birthDate=1996-5-30, image=https://dummyjson.com/icon/emilys/128, bloodGroup=O-, height=193.24, weight=63.16, eyeColor=Green, hair={color=Brown, type=Curly}, ip=42.48.100.32, address={address=626 Main Street, city=Phoenix, state=Mississippi, stateCode=MS, postalCode=29112, coordinates={lat=-77.16213, lng=-92.084824}, country=United States}, macAddress=47:fa:41:18:ec:eb, university=University of Wisconsin--Madison, bank={cardExpire=03/26, cardNumber=9289760655481815, cardType=Elo, currency=CNY, iban=YPUXISOBI7TTHPK2BR3HAIXL}, company={department=Engineering, name=Dooley, Kozey and Cronin, title=Sales Manager, address={address=263 Tenth Street, city=San Francisco, state=Wisconsin, stateCode=WI, postalCode=37657, coordinates={lat=71.814525, lng=-161.150263}, country=United States}}, ein=977-175, ssn=900-590-289, userAgent=Mozilla/5.0 (Macintosh; Intel Mac OS X 10_15_7) AppleWebKit/537.36 (KHTML, like Gecko) Chrome/96.0.4664.93 Safari/537.36, crypto={coin=Bitcoin, wallet=0xb9fc2fe63b2a6c003f1c324c3bfa53259162181a, network=Ethereum (ERC20)}, role=admin}
2025-09-18 16:23:33.827 DEBUG testcase.api_currentUserDetail           - 11: logInfo("Storing firstName in apiResponse section of JSON file...")
2025-09-18 16:23:33.829 INFO  com.kms.katalon.core.util.KeywordUtil    - Storing firstName in apiResponse section of JSON file...
2025-09-18 16:23:33.831 DEBUG testcase.api_currentUserDetail           - 12: JsonFileReader.appendToJsonSection(jsonFilePath, "apiResonse", "firstName", firstName)
2025-09-18 16:23:33.852 DEBUG testcase.api_currentUserDetail           - 13: logInfo("firstName stored successfully: " + firstName)
2025-09-18 16:23:33.857 INFO  com.kms.katalon.core.util.KeywordUtil    - firstName stored successfully: Emily
2025-09-18 16:23:33.864 DEBUG testcase.api_currentUserDetail           - 14: logInfo("Storing full response under userData section...")
2025-09-18 16:23:33.870 INFO  com.kms.katalon.core.util.KeywordUtil    - Storing full response under userData section...
2025-09-18 16:23:33.873 DEBUG testcase.api_currentUserDetail           - 15: JsonFileReader.storeApiResponse("userData", parsedResponse, jsonFilePath)
2025-09-18 16:23:33.955 ERROR c.k.katalon.core.main.TestCaseExecutor   - ❌ Test Cases/API_Testing/api_currentUserDetail FAILED.
Reason:
groovy.lang.MissingMethodException: No signature of method: org.apache.groovy.json.internal.LazyMap.getResponseBodyContent() is applicable for argument types: () values: []
	at utils.JsonFileReader.storeApiResponse(JsonFileReader.groovy:141)
	at api_currentUserDetail.run(api_currentUserDetail:54)
	at com.kms.katalon.core.main.ScriptEngine.run(ScriptEngine.java:194)
	at com.kms.katalon.core.main.ScriptEngine.runScriptAsRawText(ScriptEngine.java:119)
	at com.kms.katalon.core.main.TestCaseExecutor.runScript(TestCaseExecutor.java:486)
	at com.kms.katalon.core.main.TestCaseExecutor.doExecute(TestCaseExecutor.java:477)
	at com.kms.katalon.core.main.TestCaseExecutor.processExecutionPhase(TestCaseExecutor.java:456)
	at com.kms.katalon.core.main.TestCaseExecutor.accessMainPhase(TestCaseExecutor.java:448)
	at com.kms.katalon.core.main.TestCaseExecutor.execute(TestCaseExecutor.java:322)
	at com.kms.katalon.core.common.CommonExecutor.accessTestCaseMainPhase(CommonExecutor.java:71)
	at com.kms.katalon.core.main.TestSuiteExecutor.accessTestSuiteMainPhase(TestSuiteExecutor.java:145)
	at com.kms.katalon.core.main.TestSuiteExecutor.execute(TestSuiteExecutor.java:104)
	at com.kms.katalon.core.main.TestCaseMain.startTestSuite(TestCaseMain.java:205)
	at TempTestSuite1758192795812.run(TempTestSuite1758192795812.groovy:35)
	at java.base/jdk.internal.reflect.NativeMethodAccessorImpl.invoke0(Native Method)
	at java.base/jdk.internal.reflect.NativeMethodAccessorImpl.invoke(NativeMethodAccessorImpl.java:77)
	at java.base/jdk.internal.reflect.DelegatingMethodAccessorImpl.invoke(DelegatingMethodAccessorImpl.java:43)

2025-09-18 16:23:33.990 ERROR c.k.katalon.core.main.TestCaseExecutor   - ❌ Test Cases/API_Testing/api_currentUserDetail FAILED.
Reason:
groovy.lang.MissingMethodException: No signature of method: org.apache.groovy.json.internal.LazyMap.getResponseBodyContent() is applicable for argument types: () values: []
	at utils.JsonFileReader.storeApiResponse(JsonFileReader.groovy:141)
	at api_currentUserDetail.run(api_currentUserDetail:54)
	at com.kms.katalon.core.main.ScriptEngine.run(ScriptEngine.java:194)
	at com.kms.katalon.core.main.ScriptEngine.runScriptAsRawText(ScriptEngine.java:119)
	at com.kms.katalon.core.main.TestCaseExecutor.runScript(TestCaseExecutor.java:486)
	at com.kms.katalon.core.main.TestCaseExecutor.doExecute(TestCaseExecutor.java:477)
	at com.kms.katalon.core.main.TestCaseExecutor.processExecutionPhase(TestCaseExecutor.java:456)
	at com.kms.katalon.core.main.TestCaseExecutor.accessMainPhase(TestCaseExecutor.java:448)
	at com.kms.katalon.core.main.TestCaseExecutor.execute(TestCaseExecutor.java:322)
	at com.kms.katalon.core.common.CommonExecutor.accessTestCaseMainPhase(CommonExecutor.java:71)
	at com.kms.katalon.core.main.TestSuiteExecutor.accessTestSuiteMainPhase(TestSuiteExecutor.java:145)
	at com.kms.katalon.core.main.TestSuiteExecutor.execute(TestSuiteExecutor.java:104)
	at com.kms.katalon.core.main.TestCaseMain.startTestSuite(TestCaseMain.java:205)
	at TempTestSuite1758192795812.run(TempTestSuite1758192795812.groovy:35)
	at java.base/jdk.internal.reflect.NativeMethodAccessorImpl.invoke0(Native Method)
	at java.base/jdk.internal.reflect.NativeMethodAccessorImpl.invoke(NativeMethodAccessorImpl.java:77)
	at java.base/jdk.internal.reflect.DelegatingMethodAccessorImpl.invoke(DelegatingMethodAccessorImpl.java:43)

ERROR
⚠️ Error while closing browser: Browser is not opened
Build info: version: '4.28.1', revision: '73f5ad48a2'
System info: os.name: 'Windows 11', os.arch: 'amd64', os.version: '10.0', java.version: '17.0.14'
Driver info: driver.version: unknown
2025-09-18 16:23:34.035 INFO  c.k.katalon.core.main.TestCaseExecutor   - END Test Cases/API_Testing/api_currentUserDetail
2025-09-18 16:23:34.039 INFO  c.k.katalon.core.main.TestCaseExecutor   - --------------------
2025-09-18 16:23:34.041 INFO  c.k.katalon.core.main.TestCaseExecutor   - START Test Cases/API_Testing/api_currentUserDetail
2025-09-18 16:23:34.066 INFO  c.k.katalon.core.main.TestCaseExecutor   - (Default) jsonFilePath = Include/Data Files/login_data.json
ℹ️ Skipping browser launch for API test case: api_currentUserDetail
2025-09-18 16:23:34.078 DEBUG testcase.api_currentUserDetail           - 1: logInfo("Reading access token from JSON file...")
2025-09-18 16:23:34.079 INFO  com.kms.katalon.core.util.KeywordUtil    - Reading access token from JSON file...
2025-09-18 16:23:34.080 DEBUG testcase.api_currentUserDetail           - 2: accessToken = JsonFileReader.getJsonData("DummyJson", "accessToken", jsonFilePath)
2025-09-18 16:23:34.085 DEBUG testcase.api_currentUserDetail           - 3: logInfo("Access token retrieved: " + accessToken)
2025-09-18 16:23:34.086 INFO  com.kms.katalon.core.util.KeywordUtil    - Access token retrieved: eyJhbGciOiJIUzI1NiIsInR5cCI6IkpXVCJ9.eyJpZCI6MSwidXNlcm5hbWUiOiJlbWlseXMiLCJlbWFpbCI6ImVtaWx5LmpvaG5zb25AeC5kdW1teWpzb24uY29tIiwiZmlyc3ROYW1lIjoiRW1pbHkiLCJsYXN0TmFtZSI6IkpvaG5zb24iLCJnZW5kZXIiOiJmZW1hbGUiLCJpbWFnZSI6Imh0dHBzOi8vZHVtbXlqc29uLmNvbS9pY29uL2VtaWx5cy8xMjgiLCJpYXQiOjE3NTgxOTI4MTMsImV4cCI6MTc1ODE5NDYxM30.5veLdHaVxwdXeW5D0-E9P119d-B6DgAp3flzCgg8c_4
2025-09-18 16:23:34.086 DEBUG testcase.api_currentUserDetail           - 4: headers = ["Authorization":accessToken, "Content-Type":"application/json"]
2025-09-18 16:23:34.087 DEBUG testcase.api_currentUserDetail           - 5: logInfo("Headers prepared: " + headers.toString())
2025-09-18 16:23:34.088 INFO  com.kms.katalon.core.util.KeywordUtil    - Headers prepared: [Authorization:eyJhbGciOiJIUzI1NiIsInR5cCI6IkpXVCJ9.eyJpZCI6MSwidXNlcm5hbWUiOiJlbWlseXMiLCJlbWFpbCI6ImVtaWx5LmpvaG5zb25AeC5kdW1teWpzb24uY29tIiwiZmlyc3ROYW1lIjoiRW1pbHkiLCJsYXN0TmFtZSI6IkpvaG5zb24iLCJnZW5kZXIiOiJmZW1hbGUiLCJpbWFnZSI6Imh0dHBzOi8vZHVtbXlqc29uLmNvbS9pY29uL2VtaWx5cy8xMjgiLCJpYXQiOjE3NTgxOTI4MTMsImV4cCI6MTc1ODE5NDYxM30.5veLdHaVxwdXeW5D0-E9P119d-B6DgAp3flzCgg8c_4, Content-Type:application/json]
2025-09-18 16:23:34.089 DEBUG testcase.api_currentUserDetail           - 6: logInfo("Sending GET request to /me endpoint...")
2025-09-18 16:23:34.091 INFO  com.kms.katalon.core.util.KeywordUtil    - Sending GET request to /me endpoint...
2025-09-18 16:23:34.092 DEBUG testcase.api_currentUserDetail           - 7: response = ApiKeywords.sendGet("me", headers)
2025-09-18 16:23:34.424 INFO  c.k.k.core.webservice.common.HarLogger   - HAR: C:\Users\10835442\Katalon Studio\Luma\Reports\20250918_162314\API_AccessToken\20250918_162315\requests\main\GET_Generic_2.har
2025-09-18 16:23:34.428 DEBUG testcase.api_currentUserDetail           - 8: logInfo("Response received with status: " + response.getStatusCode())
2025-09-18 16:23:34.429 INFO  com.kms.katalon.core.util.KeywordUtil    - Response received with status: 200
2025-09-18 16:23:34.431 DEBUG testcase.api_currentUserDetail           - 9: parsedResponse = JsonSlurper().parseText(response.getResponseBodyContent())
2025-09-18 16:23:34.432 DEBUG testcase.api_currentUserDetail           - 10: logInfo("Parsed response: " + parsedResponse.toString())
2025-09-18 16:23:34.434 INFO  com.kms.katalon.core.util.KeywordUtil    - Parsed response: {id=1, firstName=Emily, lastName=Johnson, maidenName=Smith, age=28, gender=female, email=emily.johnson@x.dummyjson.com, phone=+81 965-431-3024, username=emilys, password=emilyspass, birthDate=1996-5-30, image=https://dummyjson.com/icon/emilys/128, bloodGroup=O-, height=193.24, weight=63.16, eyeColor=Green, hair={color=Brown, type=Curly}, ip=42.48.100.32, address={address=626 Main Street, city=Phoenix, state=Mississippi, stateCode=MS, postalCode=29112, coordinates={lat=-77.16213, lng=-92.084824}, country=United States}, macAddress=47:fa:41:18:ec:eb, university=University of Wisconsin--Madison, bank={cardExpire=03/26, cardNumber=9289760655481815, cardType=Elo, currency=CNY, iban=YPUXISOBI7TTHPK2BR3HAIXL}, company={department=Engineering, name=Dooley, Kozey and Cronin, title=Sales Manager, address={address=263 Tenth Street, city=San Francisco, state=Wisconsin, stateCode=WI, postalCode=37657, coordinates={lat=71.814525, lng=-161.150263}, country=United States}}, ein=977-175, ssn=900-590-289, userAgent=Mozilla/5.0 (Macintosh; Intel Mac OS X 10_15_7) AppleWebKit/537.36 (KHTML, like Gecko) Chrome/96.0.4664.93 Safari/537.36, crypto={coin=Bitcoin, wallet=0xb9fc2fe63b2a6c003f1c324c3bfa53259162181a, network=Ethereum (ERC20)}, role=admin}
2025-09-18 16:23:34.435 DEBUG testcase.api_currentUserDetail           - 11: logInfo("Storing firstName in apiResponse section of JSON file...")
2025-09-18 16:23:34.436 INFO  com.kms.katalon.core.util.KeywordUtil    - Storing firstName in apiResponse section of JSON file...
2025-09-18 16:23:34.437 DEBUG testcase.api_currentUserDetail           - 12: JsonFileReader.appendToJsonSection(jsonFilePath, "apiResonse", "firstName", firstName)
2025-09-18 16:23:34.447 DEBUG testcase.api_currentUserDetail           - 13: logInfo("firstName stored successfully: " + firstName)
2025-09-18 16:23:34.448 INFO  com.kms.katalon.core.util.KeywordUtil    - firstName stored successfully: Emily
2025-09-18 16:23:34.449 DEBUG testcase.api_currentUserDetail           - 14: logInfo("Storing full response under userData section...")
2025-09-18 16:23:34.451 INFO  com.kms.katalon.core.util.KeywordUtil    - Storing full response under userData section...
2025-09-18 16:23:34.452 DEBUG testcase.api_currentUserDetail           - 15: JsonFileReader.storeApiResponse("userData", parsedResponse, jsonFilePath)
2025-09-18 16:23:34.460 ERROR c.k.katalon.core.main.TestCaseExecutor   - ❌ Test Cases/API_Testing/api_currentUserDetail FAILED.
Reason:
groovy.lang.MissingMethodException: No signature of method: org.apache.groovy.json.internal.LazyMap.getResponseBodyContent() is applicable for argument types: () values: []
	at utils.JsonFileReader.storeApiResponse(JsonFileReader.groovy:141)
	at api_currentUserDetail.run(api_currentUserDetail:54)
	at com.kms.katalon.core.main.ScriptEngine.run(ScriptEngine.java:194)
	at com.kms.katalon.core.main.ScriptEngine.runScriptAsRawText(ScriptEngine.java:119)
	at com.kms.katalon.core.main.TestCaseExecutor.runScript(TestCaseExecutor.java:486)
	at com.kms.katalon.core.main.TestCaseExecutor.doExecute(TestCaseExecutor.java:477)
	at com.kms.katalon.core.main.TestCaseExecutor.processExecutionPhase(TestCaseExecutor.java:456)
	at com.kms.katalon.core.main.TestCaseExecutor.accessMainPhase(TestCaseExecutor.java:448)
	at com.kms.katalon.core.main.TestCaseExecutor.execute(TestCaseExecutor.java:322)
	at com.kms.katalon.core.main.TestCaseExecutor.execute(TestCaseExecutor.java:406)
	at com.kms.katalon.core.common.CommonExecutor.accessTestCaseMainPhase(CommonExecutor.java:71)
	at com.kms.katalon.core.main.TestSuiteExecutor.accessTestSuiteMainPhase(TestSuiteExecutor.java:145)
	at com.kms.katalon.core.main.TestSuiteExecutor.execute(TestSuiteExecutor.java:104)
	at com.kms.katalon.core.main.TestCaseMain.startTestSuite(TestCaseMain.java:205)
	at TempTestSuite1758192795812.run(TempTestSuite1758192795812.groovy:35)
	at java.base/jdk.internal.reflect.NativeMethodAccessorImpl.invoke0(Native Method)
	at java.base/jdk.internal.reflect.NativeMethodAccessorImpl.invoke(NativeMethodAccessorImpl.java:77)
	at java.base/jdk.internal.reflect.DelegatingMethodAccessorImpl.invoke(DelegatingMethodAccessorImpl.java:43)

2025-09-18 16:23:34.492 ERROR c.k.katalon.core.main.TestCaseExecutor   - ❌ Test Cases/API_Testing/api_currentUserDetail FAILED.
Reason:
groovy.lang.MissingMethodException: No signature of method: org.apache.groovy.json.internal.LazyMap.getResponseBodyContent() is applicable for argument types: () values: []
	at utils.JsonFileReader.storeApiResponse(JsonFileReader.groovy:141)
	at api_currentUserDetail.run(api_currentUserDetail:54)
	at com.kms.katalon.core.main.ScriptEngine.run(ScriptEngine.java:194)
	at com.kms.katalon.core.main.ScriptEngine.runScriptAsRawText(ScriptEngine.java:119)
	at com.kms.katalon.core.main.TestCaseExecutor.runScript(TestCaseExecutor.java:486)
	at com.kms.katalon.core.main.TestCaseExecutor.doExecute(TestCaseExecutor.java:477)
	at com.kms.katalon.core.main.TestCaseExecutor.processExecutionPhase(TestCaseExecutor.java:456)
	at com.kms.katalon.core.main.TestCaseExecutor.accessMainPhase(TestCaseExecutor.java:448)
	at com.kms.katalon.core.main.TestCaseExecutor.execute(TestCaseExecutor.java:322)
	at com.kms.katalon.core.main.TestCaseExecutor.execute(TestCaseExecutor.java:406)
	at com.kms.katalon.core.common.CommonExecutor.accessTestCaseMainPhase(CommonExecutor.java:71)
	at com.kms.katalon.core.main.TestSuiteExecutor.accessTestSuiteMainPhase(TestSuiteExecutor.java:145)
	at com.kms.katalon.core.main.TestSuiteExecutor.execute(TestSuiteExecutor.java:104)
	at com.kms.katalon.core.main.TestCaseMain.startTestSuite(TestCaseMain.java:205)
	at TempTestSuite1758192795812.run(TempTestSuite1758192795812.groovy:35)
	at java.base/jdk.internal.reflect.NativeMethodAccessorImpl.invoke0(Native Method)
	at java.base/jdk.internal.reflect.NativeMethodAccessorImpl.invoke(NativeMethodAccessorImpl.java:77)
	at java.base/jdk.internal.reflect.DelegatingMethodAccessorImpl.invoke(DelegatingMethodAccessorImpl.java:43)

ERROR
⚠️ Error while closing browser: Browser is not opened
Build info: version: '4.28.1', revision: '73f5ad48a2'
System info: os.name: 'Windows 11', os.arch: 'amd64', os.version: '10.0', java.version: '17.0.14'
Driver info: driver.version: unknown
2025-09-18 16:23:34.585 INFO  c.k.katalon.core.main.TestCaseExecutor   - END Test Cases/API_Testing/api_currentUserDetail
2025-09-18 16:23:34.590 INFO  c.k.katalon.core.main.TestCaseExecutor   - --------------------
2025-09-18 16:23:34.590 INFO  c.k.katalon.core.main.TestCaseExecutor   - START Test Cases/API_Testing/api_currentUserDetail
2025-09-18 16:23:34.625 INFO  c.k.katalon.core.main.TestCaseExecutor   - (Default) jsonFilePath = Include/Data Files/login_data.json
ℹ️ Skipping browser launch for API test case: api_currentUserDetail
2025-09-18 16:23:34.639 DEBUG testcase.api_currentUserDetail           - 1: logInfo("Reading access token from JSON file...")
2025-09-18 16:23:34.647 INFO  com.kms.katalon.core.util.KeywordUtil    - Reading access token from JSON file...
2025-09-18 16:23:34.647 DEBUG testcase.api_currentUserDetail           - 2: accessToken = JsonFileReader.getJsonData("DummyJson", "accessToken", jsonFilePath)
2025-09-18 16:23:34.654 DEBUG testcase.api_currentUserDetail           - 3: logInfo("Access token retrieved: " + accessToken)
2025-09-18 16:23:34.658 INFO  com.kms.katalon.core.util.KeywordUtil    - Access token retrieved: eyJhbGciOiJIUzI1NiIsInR5cCI6IkpXVCJ9.eyJpZCI6MSwidXNlcm5hbWUiOiJlbWlseXMiLCJlbWFpbCI6ImVtaWx5LmpvaG5zb25AeC5kdW1teWpzb24uY29tIiwiZmlyc3ROYW1lIjoiRW1pbHkiLCJsYXN0TmFtZSI6IkpvaG5zb24iLCJnZW5kZXIiOiJmZW1hbGUiLCJpbWFnZSI6Imh0dHBzOi8vZHVtbXlqc29uLmNvbS9pY29uL2VtaWx5cy8xMjgiLCJpYXQiOjE3NTgxOTI4MTMsImV4cCI6MTc1ODE5NDYxM30.5veLdHaVxwdXeW5D0-E9P119d-B6DgAp3flzCgg8c_4
2025-09-18 16:23:34.661 DEBUG testcase.api_currentUserDetail           - 4: headers = ["Authorization":accessToken, "Content-Type":"application/json"]
2025-09-18 16:23:34.664 DEBUG testcase.api_currentUserDetail           - 5: logInfo("Headers prepared: " + headers.toString())
2025-09-18 16:23:34.669 INFO  com.kms.katalon.core.util.KeywordUtil    - Headers prepared: [Authorization:eyJhbGciOiJIUzI1NiIsInR5cCI6IkpXVCJ9.eyJpZCI6MSwidXNlcm5hbWUiOiJlbWlseXMiLCJlbWFpbCI6ImVtaWx5LmpvaG5zb25AeC5kdW1teWpzb24uY29tIiwiZmlyc3ROYW1lIjoiRW1pbHkiLCJsYXN0TmFtZSI6IkpvaG5zb24iLCJnZW5kZXIiOiJmZW1hbGUiLCJpbWFnZSI6Imh0dHBzOi8vZHVtbXlqc29uLmNvbS9pY29uL2VtaWx5cy8xMjgiLCJpYXQiOjE3NTgxOTI4MTMsImV4cCI6MTc1ODE5NDYxM30.5veLdHaVxwdXeW5D0-E9P119d-B6DgAp3flzCgg8c_4, Content-Type:application/json]
2025-09-18 16:23:34.670 DEBUG testcase.api_currentUserDetail           - 6: logInfo("Sending GET request to /me endpoint...")
2025-09-18 16:23:34.673 INFO  com.kms.katalon.core.util.KeywordUtil    - Sending GET request to /me endpoint...
2025-09-18 16:23:34.674 DEBUG testcase.api_currentUserDetail           - 7: response = ApiKeywords.sendGet("me", headers)
2025-09-18 16:23:35.053 INFO  c.k.k.core.webservice.common.HarLogger   - HAR: C:\Users\10835442\Katalon Studio\Luma\Reports\20250918_162314\API_AccessToken\20250918_162315\requests\main\GET_Generic_3.har
2025-09-18 16:23:35.059 DEBUG testcase.api_currentUserDetail           - 8: logInfo("Response received with status: " + response.getStatusCode())
2025-09-18 16:23:35.059 INFO  com.kms.katalon.core.util.KeywordUtil    - Response received with status: 200
2025-09-18 16:23:35.061 DEBUG testcase.api_currentUserDetail           - 9: parsedResponse = JsonSlurper().parseText(response.getResponseBodyContent())
2025-09-18 16:23:35.061 DEBUG testcase.api_currentUserDetail           - 10: logInfo("Parsed response: " + parsedResponse.toString())
2025-09-18 16:23:35.063 INFO  com.kms.katalon.core.util.KeywordUtil    - Parsed response: {id=1, firstName=Emily, lastName=Johnson, maidenName=Smith, age=28, gender=female, email=emily.johnson@x.dummyjson.com, phone=+81 965-431-3024, username=emilys, password=emilyspass, birthDate=1996-5-30, image=https://dummyjson.com/icon/emilys/128, bloodGroup=O-, height=193.24, weight=63.16, eyeColor=Green, hair={color=Brown, type=Curly}, ip=42.48.100.32, address={address=626 Main Street, city=Phoenix, state=Mississippi, stateCode=MS, postalCode=29112, coordinates={lat=-77.16213, lng=-92.084824}, country=United States}, macAddress=47:fa:41:18:ec:eb, university=University of Wisconsin--Madison, bank={cardExpire=03/26, cardNumber=9289760655481815, cardType=Elo, currency=CNY, iban=YPUXISOBI7TTHPK2BR3HAIXL}, company={department=Engineering, name=Dooley, Kozey and Cronin, title=Sales Manager, address={address=263 Tenth Street, city=San Francisco, state=Wisconsin, stateCode=WI, postalCode=37657, coordinates={lat=71.814525, lng=-161.150263}, country=United States}}, ein=977-175, ssn=900-590-289, userAgent=Mozilla/5.0 (Macintosh; Intel Mac OS X 10_15_7) AppleWebKit/537.36 (KHTML, like Gecko) Chrome/96.0.4664.93 Safari/537.36, crypto={coin=Bitcoin, wallet=0xb9fc2fe63b2a6c003f1c324c3bfa53259162181a, network=Ethereum (ERC20)}, role=admin}
2025-09-18 16:23:35.065 DEBUG testcase.api_currentUserDetail           - 11: logInfo("Storing firstName in apiResponse section of JSON file...")
2025-09-18 16:23:35.067 INFO  com.kms.katalon.core.util.KeywordUtil    - Storing firstName in apiResponse section of JSON file...
2025-09-18 16:23:35.068 DEBUG testcase.api_currentUserDetail           - 12: JsonFileReader.appendToJsonSection(jsonFilePath, "apiResonse", "firstName", firstName)
2025-09-18 16:23:35.075 DEBUG testcase.api_currentUserDetail           - 13: logInfo("firstName stored successfully: " + firstName)
2025-09-18 16:23:35.076 INFO  com.kms.katalon.core.util.KeywordUtil    - firstName stored successfully: Emily
2025-09-18 16:23:35.077 DEBUG testcase.api_currentUserDetail           - 14: logInfo("Storing full response under userData section...")
2025-09-18 16:23:35.078 INFO  com.kms.katalon.core.util.KeywordUtil    - Storing full response under userData section...
2025-09-18 16:23:35.079 DEBUG testcase.api_currentUserDetail           - 15: JsonFileReader.storeApiResponse("userData", parsedResponse, jsonFilePath)
2025-09-18 16:23:35.081 ERROR c.k.katalon.core.main.TestCaseExecutor   - ❌ Test Cases/API_Testing/api_currentUserDetail FAILED.
Reason:
groovy.lang.MissingMethodException: No signature of method: org.apache.groovy.json.internal.LazyMap.getResponseBodyContent() is applicable for argument types: () values: []
	at utils.JsonFileReader.storeApiResponse(JsonFileReader.groovy:141)
	at api_currentUserDetail.run(api_currentUserDetail:54)
	at com.kms.katalon.core.main.ScriptEngine.run(ScriptEngine.java:194)
	at com.kms.katalon.core.main.ScriptEngine.runScriptAsRawText(ScriptEngine.java:119)
	at com.kms.katalon.core.main.TestCaseExecutor.runScript(TestCaseExecutor.java:486)
	at com.kms.katalon.core.main.TestCaseExecutor.doExecute(TestCaseExecutor.java:477)
	at com.kms.katalon.core.main.TestCaseExecutor.processExecutionPhase(TestCaseExecutor.java:456)
	at com.kms.katalon.core.main.TestCaseExecutor.accessMainPhase(TestCaseExecutor.java:448)
	at com.kms.katalon.core.main.TestCaseExecutor.execute(TestCaseExecutor.java:322)
	at com.kms.katalon.core.main.TestCaseExecutor.execute(TestCaseExecutor.java:406)
	at com.kms.katalon.core.main.TestCaseExecutor.execute(TestCaseExecutor.java:406)
	at com.kms.katalon.core.common.CommonExecutor.accessTestCaseMainPhase(CommonExecutor.java:71)
	at com.kms.katalon.core.main.TestSuiteExecutor.accessTestSuiteMainPhase(TestSuiteExecutor.java:145)
	at com.kms.katalon.core.main.TestSuiteExecutor.execute(TestSuiteExecutor.java:104)
	at com.kms.katalon.core.main.TestCaseMain.startTestSuite(TestCaseMain.java:205)
	at TempTestSuite1758192795812.run(TempTestSuite1758192795812.groovy:35)
	at java.base/jdk.internal.reflect.NativeMethodAccessorImpl.invoke0(Native Method)
	at java.base/jdk.internal.reflect.NativeMethodAccessorImpl.invoke(NativeMethodAccessorImpl.java:77)
	at java.base/jdk.internal.reflect.DelegatingMethodAccessorImpl.invoke(DelegatingMethodAccessorImpl.java:43)

ERROR
⚠️ Error while closing browser: Browser is not opened
Build info: version: '4.28.1', revision: '73f5ad48a2'
System info: os.name: 'Windows 11', os.arch: 'amd64', os.version: '10.0', java.version: '17.0.14'
Driver info: driver.version: unknown
2025-09-18 16:23:35.107 INFO  c.k.katalon.core.main.TestCaseExecutor   - END Test Cases/API_Testing/api_currentUserDetail
2025-09-18 16:23:35.088 ERROR c.k.katalon.core.main.TestCaseExecutor   - ❌ Test Cases/API_Testing/api_currentUserDetail FAILED.
Reason:
groovy.lang.MissingMethodException: No signature of method: org.apache.groovy.json.internal.LazyMap.getResponseBodyContent() is applicable for argument types: () values: []
	at utils.JsonFileReader.storeApiResponse(JsonFileReader.groovy:141)
	at api_currentUserDetail.run(api_currentUserDetail:54)
	at com.kms.katalon.core.main.ScriptEngine.run(ScriptEngine.java:194)
	at com.kms.katalon.core.main.ScriptEngine.runScriptAsRawText(ScriptEngine.java:119)
	at com.kms.katalon.core.main.TestCaseExecutor.runScript(TestCaseExecutor.java:486)
	at com.kms.katalon.core.main.TestCaseExecutor.doExecute(TestCaseExecutor.java:477)
	at com.kms.katalon.core.main.TestCaseExecutor.processExecutionPhase(TestCaseExecutor.java:456)
	at com.kms.katalon.core.main.TestCaseExecutor.accessMainPhase(TestCaseExecutor.java:448)
	at com.kms.katalon.core.main.TestCaseExecutor.execute(TestCaseExecutor.java:322)
	at com.kms.katalon.core.main.TestCaseExecutor.execute(TestCaseExecutor.java:406)
	at com.kms.katalon.core.main.TestCaseExecutor.execute(TestCaseExecutor.java:406)
	at com.kms.katalon.core.common.CommonExecutor.accessTestCaseMainPhase(CommonExecutor.java:71)
	at com.kms.katalon.core.main.TestSuiteExecutor.accessTestSuiteMainPhase(TestSuiteExecutor.java:145)
	at com.kms.katalon.core.main.TestSuiteExecutor.execute(TestSuiteExecutor.java:104)
	at com.kms.katalon.core.main.TestCaseMain.startTestSuite(TestCaseMain.java:205)
	at TempTestSuite1758192795812.run(TempTestSuite1758192795812.groovy:35)
	at java.base/jdk.internal.reflect.NativeMethodAccessorImpl.invoke0(Native Method)
	at java.base/jdk.internal.reflect.NativeMethodAccessorImpl.invoke(NativeMethodAccessorImpl.java:77)
	at java.base/jdk.internal.reflect.DelegatingMethodAccessorImpl.invoke(DelegatingMethodAccessorImpl.java:43)

2025-09-18 16:23:35.112 INFO  c.k.katalon.core.main.TestCaseExecutor   - --------------------
2025-09-18 16:23:35.113 INFO  c.k.katalon.core.main.TestCaseExecutor   - START Test Cases/API_Testing/api_currentUserDetail
2025-09-18 16:23:35.138 INFO  c.k.katalon.core.main.TestCaseExecutor   - (Default) jsonFilePath = Include/Data Files/login_data.json
ℹ️ Skipping browser launch for API test case: api_currentUserDetail
2025-09-18 16:23:35.148 DEBUG testcase.api_currentUserDetail           - 1: logInfo("Reading access token from JSON file...")
2025-09-18 16:23:35.152 INFO  com.kms.katalon.core.util.KeywordUtil    - Reading access token from JSON file...
2025-09-18 16:23:35.154 DEBUG testcase.api_currentUserDetail           - 2: accessToken = JsonFileReader.getJsonData("DummyJson", "accessToken", jsonFilePath)
2025-09-18 16:23:35.158 DEBUG testcase.api_currentUserDetail           - 3: logInfo("Access token retrieved: " + accessToken)
2025-09-18 16:23:35.160 INFO  com.kms.katalon.core.util.KeywordUtil    - Access token retrieved: eyJhbGciOiJIUzI1NiIsInR5cCI6IkpXVCJ9.eyJpZCI6MSwidXNlcm5hbWUiOiJlbWlseXMiLCJlbWFpbCI6ImVtaWx5LmpvaG5zb25AeC5kdW1teWpzb24uY29tIiwiZmlyc3ROYW1lIjoiRW1pbHkiLCJsYXN0TmFtZSI6IkpvaG5zb24iLCJnZW5kZXIiOiJmZW1hbGUiLCJpbWFnZSI6Imh0dHBzOi8vZHVtbXlqc29uLmNvbS9pY29uL2VtaWx5cy8xMjgiLCJpYXQiOjE3NTgxOTI4MTMsImV4cCI6MTc1ODE5NDYxM30.5veLdHaVxwdXeW5D0-E9P119d-B6DgAp3flzCgg8c_4
2025-09-18 16:23:35.160 DEBUG testcase.api_currentUserDetail           - 4: headers = ["Authorization":accessToken, "Content-Type":"application/json"]
2025-09-18 16:23:35.162 DEBUG testcase.api_currentUserDetail           - 5: logInfo("Headers prepared: " + headers.toString())
2025-09-18 16:23:35.162 INFO  com.kms.katalon.core.util.KeywordUtil    - Headers prepared: [Authorization:eyJhbGciOiJIUzI1NiIsInR5cCI6IkpXVCJ9.eyJpZCI6MSwidXNlcm5hbWUiOiJlbWlseXMiLCJlbWFpbCI6ImVtaWx5LmpvaG5zb25AeC5kdW1teWpzb24uY29tIiwiZmlyc3ROYW1lIjoiRW1pbHkiLCJsYXN0TmFtZSI6IkpvaG5zb24iLCJnZW5kZXIiOiJmZW1hbGUiLCJpbWFnZSI6Imh0dHBzOi8vZHVtbXlqc29uLmNvbS9pY29uL2VtaWx5cy8xMjgiLCJpYXQiOjE3NTgxOTI4MTMsImV4cCI6MTc1ODE5NDYxM30.5veLdHaVxwdXeW5D0-E9P119d-B6DgAp3flzCgg8c_4, Content-Type:application/json]
2025-09-18 16:23:35.162 DEBUG testcase.api_currentUserDetail           - 6: logInfo("Sending GET request to /me endpoint...")
2025-09-18 16:23:35.164 INFO  com.kms.katalon.core.util.KeywordUtil    - Sending GET request to /me endpoint...
2025-09-18 16:23:35.164 DEBUG testcase.api_currentUserDetail           - 7: response = ApiKeywords.sendGet("me", headers)
2025-09-18 16:23:35.499 INFO  c.k.k.core.webservice.common.HarLogger   - HAR: C:\Users\10835442\Katalon Studio\Luma\Reports\20250918_162314\API_AccessToken\20250918_162315\requests\main\GET_Generic_4.har
2025-09-18 16:23:35.507 DEBUG testcase.api_currentUserDetail           - 8: logInfo("Response received with status: " + response.getStatusCode())
2025-09-18 16:23:35.511 INFO  com.kms.katalon.core.util.KeywordUtil    - Response received with status: 200
2025-09-18 16:23:35.511 DEBUG testcase.api_currentUserDetail           - 9: parsedResponse = JsonSlurper().parseText(response.getResponseBodyContent())
2025-09-18 16:23:35.519 DEBUG testcase.api_currentUserDetail           - 10: logInfo("Parsed response: " + parsedResponse.toString())
2025-09-18 16:23:35.524 INFO  com.kms.katalon.core.util.KeywordUtil    - Parsed response: {id=1, firstName=Emily, lastName=Johnson, maidenName=Smith, age=28, gender=female, email=emily.johnson@x.dummyjson.com, phone=+81 965-431-3024, username=emilys, password=emilyspass, birthDate=1996-5-30, image=https://dummyjson.com/icon/emilys/128, bloodGroup=O-, height=193.24, weight=63.16, eyeColor=Green, hair={color=Brown, type=Curly}, ip=42.48.100.32, address={address=626 Main Street, city=Phoenix, state=Mississippi, stateCode=MS, postalCode=29112, coordinates={lat=-77.16213, lng=-92.084824}, country=United States}, macAddress=47:fa:41:18:ec:eb, university=University of Wisconsin--Madison, bank={cardExpire=03/26, cardNumber=9289760655481815, cardType=Elo, currency=CNY, iban=YPUXISOBI7TTHPK2BR3HAIXL}, company={department=Engineering, name=Dooley, Kozey and Cronin, title=Sales Manager, address={address=263 Tenth Street, city=San Francisco, state=Wisconsin, stateCode=WI, postalCode=37657, coordinates={lat=71.814525, lng=-161.150263}, country=United States}}, ein=977-175, ssn=900-590-289, userAgent=Mozilla/5.0 (Macintosh; Intel Mac OS X 10_15_7) AppleWebKit/537.36 (KHTML, like Gecko) Chrome/96.0.4664.93 Safari/537.36, crypto={coin=Bitcoin, wallet=0xb9fc2fe63b2a6c003f1c324c3bfa53259162181a, network=Ethereum (ERC20)}, role=admin}
2025-09-18 16:23:35.528 DEBUG testcase.api_currentUserDetail           - 11: logInfo("Storing firstName in apiResponse section of JSON file...")
2025-09-18 16:23:35.530 INFO  com.kms.katalon.core.util.KeywordUtil    - Storing firstName in apiResponse section of JSON file...
2025-09-18 16:23:35.053 INFO  c.k.k.core.webservice.common.HarLogger   - HAR: C:\Users\10835442\Katalon Studio\Luma\Reports\20250918_162314\API_AccessToken\20250918_162315\requests\main\GET_Generic_3.har
2025-09-18 16:23:35.059 DEBUG testcase.api_currentUserDetail           - 8: logInfo("Response received with status: " + response.getStatusCode())
2025-09-18 16:23:35.059 INFO  com.kms.katalon.core.util.KeywordUtil    - Response received with status: 200
2025-09-18 16:23:35.061 DEBUG testcase.api_currentUserDetail           - 9: parsedResponse = JsonSlurper().parseText(response.getResponseBodyContent())
2025-09-18 16:23:35.061 DEBUG testcase.api_currentUserDetail           - 10: logInfo("Parsed response: " + parsedResponse.toString())
2025-09-18 16:23:35.063 INFO  com.kms.katalon.core.util.KeywordUtil    - Parsed response: {id=1, firstName=Emily, lastName=Johnson, maidenName=Smith, age=28, gender=female, email=emily.johnson@x.dummyjson.com, phone=+81 965-431-3024, username=emilys, password=emilyspass, birthDate=1996-5-30, image=https://dummyjson.com/icon/emilys/128, bloodGroup=O-, height=193.24, weight=63.16, eyeColor=Green, hair={color=Brown, type=Curly}, ip=42.48.100.32, address={address=626 Main Street, city=Phoenix, state=Mississippi, stateCode=MS, postalCode=29112, coordinates={lat=-77.16213, lng=-92.084824}, country=United States}, macAddress=47:fa:41:18:ec:eb, university=University of Wisconsin--Madison, bank={cardExpire=03/26, cardNumber=9289760655481815, cardType=Elo, currency=CNY, iban=YPUXISOBI7TTHPK2BR3HAIXL}, company={department=Engineering, name=Dooley, Kozey and Cronin, title=Sales Manager, address={address=263 Tenth Street, city=San Francisco, state=Wisconsin, stateCode=WI, postalCode=37657, coordinates={lat=71.814525, lng=-161.150263}, country=United States}}, ein=977-175, ssn=900-590-289, userAgent=Mozilla/5.0 (Macintosh; Intel Mac OS X 10_15_7) AppleWebKit/537.36 (KHTML, like Gecko) Chrome/96.0.4664.93 Safari/537.36, crypto={coin=Bitcoin, wallet=0xb9fc2fe63b2a6c003f1c324c3bfa53259162181a, network=Ethereum (ERC20)}, role=admin}
2025-09-18 16:23:35.065 DEBUG testcase.api_currentUserDetail           - 11: logInfo("Storing firstName in apiResponse section of JSON file...")
2025-09-18 16:23:35.067 INFO  com.kms.katalon.core.util.KeywordUtil    - Storing firstName in apiResponse section of JSON file...
2025-09-18 16:23:35.068 DEBUG testcase.api_currentUserDetail           - 12: JsonFileReader.appendToJsonSection(jsonFilePath, "apiResonse", "firstName", firstName)
2025-09-18 16:23:35.075 DEBUG testcase.api_currentUserDetail           - 13: logInfo("firstName stored successfully: " + firstName)
2025-09-18 16:23:35.076 INFO  com.kms.katalon.core.util.KeywordUtil    - firstName stored successfully: Emily
2025-09-18 16:23:35.077 DEBUG testcase.api_currentUserDetail           - 14: logInfo("Storing full response under userData section...")
2025-09-18 16:23:35.078 INFO  com.kms.katalon.core.util.KeywordUtil    - Storing full response under userData section...
2025-09-18 16:23:35.079 DEBUG testcase.api_currentUserDetail           - 15: JsonFileReader.storeApiResponse("userData", parsedResponse, jsonFilePath)
2025-09-18 16:23:35.081 ERROR c.k.katalon.core.main.TestCaseExecutor   - ❌ Test Cases/API_Testing/api_currentUserDetail FAILED.
Reason:
groovy.lang.MissingMethodException: No signature of method: org.apache.groovy.json.internal.LazyMap.getResponseBodyContent() is applicable for argument types: () values: []
	at utils.JsonFileReader.storeApiResponse(JsonFileReader.groovy:141)
	at api_currentUserDetail.run(api_currentUserDetail:54)
	at com.kms.katalon.core.main.ScriptEngine.run(ScriptEngine.java:194)
	at com.kms.katalon.core.main.ScriptEngine.runScriptAsRawText(ScriptEngine.java:119)
	at com.kms.katalon.core.main.TestCaseExecutor.runScript(TestCaseExecutor.java:486)
	at com.kms.katalon.core.main.TestCaseExecutor.doExecute(TestCaseExecutor.java:477)
	at com.kms.katalon.core.main.TestCaseExecutor.processExecutionPhase(TestCaseExecutor.java:456)
	at com.kms.katalon.core.main.TestCaseExecutor.accessMainPhase(TestCaseExecutor.java:448)
	at com.kms.katalon.core.main.TestCaseExecutor.execute(TestCaseExecutor.java:322)
	at com.kms.katalon.core.main.TestCaseExecutor.execute(TestCaseExecutor.java:406)
	at com.kms.katalon.core.main.TestCaseExecutor.execute(TestCaseExecutor.java:406)
	at com.kms.katalon.core.common.CommonExecutor.accessTestCaseMainPhase(CommonExecutor.java:71)
	at com.kms.katalon.core.main.TestSuiteExecutor.accessTestSuiteMainPhase(TestSuiteExecutor.java:145)
	at com.kms.katalon.core.main.TestSuiteExecutor.execute(TestSuiteExecutor.java:104)
	at com.kms.katalon.core.main.TestCaseMain.startTestSuite(TestCaseMain.java:205)
	at TempTestSuite1758192795812.run(TempTestSuite1758192795812.groovy:35)
	at java.base/jdk.internal.reflect.NativeMethodAccessorImpl.invoke0(Native Method)
	at java.base/jdk.internal.reflect.NativeMethodAccessorImpl.invoke(NativeMethodAccessorImpl.java:77)
	at java.base/jdk.internal.reflect.DelegatingMethodAccessorImpl.invoke(DelegatingMethodAccessorImpl.java:43)

ERROR
⚠️ Error while closing browser: Browser is not opened
Build info: version: '4.28.1', revision: '73f5ad48a2'
System info: os.name: 'Windows 11', os.arch: 'amd64', os.version: '10.0', java.version: '17.0.14'
Driver info: driver.version: unknown
2025-09-18 16:23:35.107 INFO  c.k.katalon.core.main.TestCaseExecutor   - END Test Cases/API_Testing/api_currentUserDetail
2025-09-18 16:23:35.088 ERROR c.k.katalon.core.main.TestCaseExecutor   - ❌ Test Cases/API_Testing/api_currentUserDetail FAILED.
Reason:
groovy.lang.MissingMethodException: No signature of method: org.apache.groovy.json.internal.LazyMap.getResponseBodyContent() is applicable for argument types: () values: []
	at utils.JsonFileReader.storeApiResponse(JsonFileReader.groovy:141)
	at api_currentUserDetail.run(api_currentUserDetail:54)
	at com.kms.katalon.core.main.ScriptEngine.run(ScriptEngine.java:194)
	at com.kms.katalon.core.main.ScriptEngine.runScriptAsRawText(ScriptEngine.java:119)
	at com.kms.katalon.core.main.TestCaseExecutor.runScript(TestCaseExecutor.java:486)
	at com.kms.katalon.core.main.TestCaseExecutor.doExecute(TestCaseExecutor.java:477)
	at com.kms.katalon.core.main.TestCaseExecutor.processExecutionPhase(TestCaseExecutor.java:456)
	at com.kms.katalon.core.main.TestCaseExecutor.accessMainPhase(TestCaseExecutor.java:448)
	at com.kms.katalon.core.main.TestCaseExecutor.execute(TestCaseExecutor.java:322)
	at com.kms.katalon.core.main.TestCaseExecutor.execute(TestCaseExecutor.java:406)
	at com.kms.katalon.core.main.TestCaseExecutor.execute(TestCaseExecutor.java:406)
	at com.kms.katalon.core.common.CommonExecutor.accessTestCaseMainPhase(CommonExecutor.java:71)
	at com.kms.katalon.core.main.TestSuiteExecutor.accessTestSuiteMainPhase(TestSuiteExecutor.java:145)
	at com.kms.katalon.core.main.TestSuiteExecutor.execute(TestSuiteExecutor.java:104)
	at com.kms.katalon.core.main.TestCaseMain.startTestSuite(TestCaseMain.java:205)
	at TempTestSuite1758192795812.run(TempTestSuite1758192795812.groovy:35)
	at java.base/jdk.internal.reflect.NativeMethodAccessorImpl.invoke0(Native Method)
	at java.base/jdk.internal.reflect.NativeMethodAccessorImpl.invoke(NativeMethodAccessorImpl.java:77)
	at java.base/jdk.internal.reflect.DelegatingMethodAccessorImpl.invoke(DelegatingMethodAccessorImpl.java:43)

2025-09-18 16:23:35.112 INFO  c.k.katalon.core.main.TestCaseExecutor   - --------------------
2025-09-18 16:23:35.113 INFO  c.k.katalon.core.main.TestCaseExecutor   - START Test Cases/API_Testing/api_currentUserDetail
2025-09-18 16:23:35.138 INFO  c.k.katalon.core.main.TestCaseExecutor   - (Default) jsonFilePath = Include/Data Files/login_data.json
ℹ️ Skipping browser launch for API test case: api_currentUserDetail
2025-09-18 16:23:35.148 DEBUG testcase.api_currentUserDetail           - 1: logInfo("Reading access token from JSON file...")
2025-09-18 16:23:35.152 INFO  com.kms.katalon.core.util.KeywordUtil    - Reading access token from JSON file...
2025-09-18 16:23:35.154 DEBUG testcase.api_currentUserDetail           - 2: accessToken = JsonFileReader.getJsonData("DummyJson", "accessToken", jsonFilePath)
2025-09-18 16:23:35.158 DEBUG testcase.api_currentUserDetail           - 3: logInfo("Access token retrieved: " + accessToken)
2025-09-18 16:23:35.160 INFO  com.kms.katalon.core.util.KeywordUtil    - Access token retrieved: eyJhbGciOiJIUzI1NiIsInR5cCI6IkpXVCJ9.eyJpZCI6MSwidXNlcm5hbWUiOiJlbWlseXMiLCJlbWFpbCI6ImVtaWx5LmpvaG5zb25AeC5kdW1teWpzb24uY29tIiwiZmlyc3ROYW1lIjoiRW1pbHkiLCJsYXN0TmFtZSI6IkpvaG5zb24iLCJnZW5kZXIiOiJmZW1hbGUiLCJpbWFnZSI6Imh0dHBzOi8vZHVtbXlqc29uLmNvbS9pY29uL2VtaWx5cy8xMjgiLCJpYXQiOjE3NTgxOTI4MTMsImV4cCI6MTc1ODE5NDYxM30.5veLdHaVxwdXeW5D0-E9P119d-B6DgAp3flzCgg8c_4
2025-09-18 16:23:35.160 DEBUG testcase.api_currentUserDetail           - 4: headers = ["Authorization":accessToken, "Content-Type":"application/json"]
2025-09-18 16:23:35.162 DEBUG testcase.api_currentUserDetail           - 5: logInfo("Headers prepared: " + headers.toString())
2025-09-18 16:23:35.162 INFO  com.kms.katalon.core.util.KeywordUtil    - Headers prepared: [Authorization:eyJhbGciOiJIUzI1NiIsInR5cCI6IkpXVCJ9.eyJpZCI6MSwidXNlcm5hbWUiOiJlbWlseXMiLCJlbWFpbCI6ImVtaWx5LmpvaG5zb25AeC5kdW1teWpzb24uY29tIiwiZmlyc3ROYW1lIjoiRW1pbHkiLCJsYXN0TmFtZSI6IkpvaG5zb24iLCJnZW5kZXIiOiJmZW1hbGUiLCJpbWFnZSI6Imh0dHBzOi8vZHVtbXlqc29uLmNvbS9pY29uL2VtaWx5cy8xMjgiLCJpYXQiOjE3NTgxOTI4MTMsImV4cCI6MTc1ODE5NDYxM30.5veLdHaVxwdXeW5D0-E9P119d-B6DgAp3flzCgg8c_4, Content-Type:application/json]
2025-09-18 16:23:35.162 DEBUG testcase.api_currentUserDetail           - 6: logInfo("Sending GET request to /me endpoint...")
2025-09-18 16:23:35.164 INFO  com.kms.katalon.core.util.KeywordUtil    - Sending GET request to /me endpoint...
2025-09-18 16:23:35.164 DEBUG testcase.api_currentUserDetail           - 7: response = ApiKeywords.sendGet("me", headers)
2025-09-18 16:23:35.499 INFO  c.k.k.core.webservice.common.HarLogger   - HAR: C:\Users\10835442\Katalon Studio\Luma\Reports\20250918_162314\API_AccessToken\20250918_162315\requests\main\GET_Generic_4.har
2025-09-18 16:23:35.507 DEBUG testcase.api_currentUserDetail           - 8: logInfo("Response received with status: " + response.getStatusCode())
2025-09-18 16:23:35.511 INFO  com.kms.katalon.core.util.KeywordUtil    - Response received with status: 200
2025-09-18 16:23:35.511 DEBUG testcase.api_currentUserDetail           - 9: parsedResponse = JsonSlurper().parseText(response.getResponseBodyContent())
2025-09-18 16:23:35.519 DEBUG testcase.api_currentUserDetail           - 10: logInfo("Parsed response: " + parsedResponse.toString())
2025-09-18 16:23:35.524 INFO  com.kms.katalon.core.util.KeywordUtil    - Parsed response: {id=1, firstName=Emily, lastName=Johnson, maidenName=Smith, age=28, gender=female, email=emily.johnson@x.dummyjson.com, phone=+81 965-431-3024, username=emilys, password=emilyspass, birthDate=1996-5-30, image=https://dummyjson.com/icon/emilys/128, bloodGroup=O-, height=193.24, weight=63.16, eyeColor=Green, hair={color=Brown, type=Curly}, ip=42.48.100.32, address={address=626 Main Street, city=Phoenix, state=Mississippi, stateCode=MS, postalCode=29112, coordinates={lat=-77.16213, lng=-92.084824}, country=United States}, macAddress=47:fa:41:18:ec:eb, university=University of Wisconsin--Madison, bank={cardExpire=03/26, cardNumber=9289760655481815, cardType=Elo, currency=CNY, iban=YPUXISOBI7TTHPK2BR3HAIXL}, company={department=Engineering, name=Dooley, Kozey and Cronin, title=Sales Manager, address={address=263 Tenth Street, city=San Francisco, state=Wisconsin, stateCode=WI, postalCode=37657, coordinates={lat=71.814525, lng=-161.150263}, country=United States}}, ein=977-175, ssn=900-590-289, userAgent=Mozilla/5.0 (Macintosh; Intel Mac OS X 10_15_7) AppleWebKit/537.36 (KHTML, like Gecko) Chrome/96.0.4664.93 Safari/537.36, crypto={coin=Bitcoin, wallet=0xb9fc2fe63b2a6c003f1c324c3bfa53259162181a, network=Ethereum (ERC20)}, role=admin}
2025-09-18 16:23:35.528 DEBUG testcase.api_currentUserDetail           - 11: logInfo("Storing firstName in apiResponse section of JSON file...")
2025-09-18 16:23:35.530 INFO  com.kms.katalon.core.util.KeywordUtil    - Storing firstName in apiResponse section of JSON file...
2025-09-18 16:23:35.531 DEBUG testcase.api_currentUserDetail           - 12: JsonFileReader.appendToJsonSection(jsonFilePath, "apiResonse", "firstName", firstName)
2025-09-18 16:23:35.547 DEBUG testcase.api_currentUserDetail           - 13: logInfo("firstName stored successfully: " + firstName)
2025-09-18 16:23:35.551 INFO  com.kms.katalon.core.util.KeywordUtil    - firstName stored successfully: Emily
2025-09-18 16:23:35.551 DEBUG testcase.api_currentUserDetail           - 14: logInfo("Storing full response under userData section...")
2025-09-18 16:23:35.554 INFO  com.kms.katalon.core.util.KeywordUtil    - Storing full response under userData section...
2025-09-18 16:23:35.556 DEBUG testcase.api_currentUserDetail           - 15: JsonFileReader.storeApiResponse("userData", parsedResponse, jsonFilePath)
2025-09-18 16:23:35.558 ERROR c.k.katalon.core.main.TestCaseExecutor   - ❌ Test Cases/API_Testing/api_currentUserDetail FAILED.
Reason:
groovy.lang.MissingMethodException: No signature of method: org.apache.groovy.json.internal.LazyMap.getResponseBodyContent() is applicable for argument types: () values: []
	at utils.JsonFileReader.storeApiResponse(JsonFileReader.groovy:141)
	at api_currentUserDetail.run(api_currentUserDetail:54)
	at com.kms.katalon.core.main.ScriptEngine.run(ScriptEngine.java:194)
	at com.kms.katalon.core.main.ScriptEngine.runScriptAsRawText(ScriptEngine.java:119)
	at com.kms.katalon.core.main.TestCaseExecutor.runScript(TestCaseExecutor.java:486)
	at com.kms.katalon.core.main.TestCaseExecutor.doExecute(TestCaseExecutor.java:477)
	at com.kms.katalon.core.main.TestCaseExecutor.processExecutionPhase(TestCaseExecutor.java:456)
	at com.kms.katalon.core.main.TestCaseExecutor.accessMainPhase(TestCaseExecutor.java:448)
	at com.kms.katalon.core.main.TestCaseExecutor.execute(TestCaseExecutor.java:322)
	at com.kms.katalon.core.main.TestCaseExecutor.execute(TestCaseExecutor.java:406)
	at com.kms.katalon.core.main.TestCaseExecutor.execute(TestCaseExecutor.java:406)
	at com.kms.katalon.core.main.TestCaseExecutor.execute(TestCaseExecutor.java:406)
	at com.kms.katalon.core.common.CommonExecutor.accessTestCaseMainPhase(CommonExecutor.java:71)
	at com.kms.katalon.core.main.TestSuiteExecutor.accessTestSuiteMainPhase(TestSuiteExecutor.java:145)
	at com.kms.katalon.core.main.TestSuiteExecutor.execute(TestSuiteExecutor.java:104)
	at com.kms.katalon.core.main.TestCaseMain.startTestSuite(TestCaseMain.java:205)
	at TempTestSuite1758192795812.run(TempTestSuite1758192795812.groovy:35)
	at java.base/jdk.internal.reflect.NativeMethodAccessorImpl.invoke0(Native Method)
	at java.base/jdk.internal.reflect.NativeMethodAccessorImpl.invoke(NativeMethodAccessorImpl.java:77)
	at java.base/jdk.internal.reflect.DelegatingMethodAccessorImpl.invoke(DelegatingMethodAccessorImpl.java:43)

2025-09-18 16:23:35.566 ERROR c.k.katalon.core.main.TestCaseExecutor   - ❌ Test Cases/API_Testing/api_currentUserDetail FAILED.
Reason:
groovy.lang.MissingMethodException: No signature of method: org.apache.groovy.json.internal.LazyMap.getResponseBodyContent() is applicable for argument types: () values: []
	at utils.JsonFileReader.storeApiResponse(JsonFileReader.groovy:141)
	at api_currentUserDetail.run(api_currentUserDetail:54)
	at com.kms.katalon.core.main.ScriptEngine.run(ScriptEngine.java:194)
	at com.kms.katalon.core.main.ScriptEngine.runScriptAsRawText(ScriptEngine.java:119)
	at com.kms.katalon.core.main.TestCaseExecutor.runScript(TestCaseExecutor.java:486)
	at com.kms.katalon.core.main.TestCaseExecutor.doExecute(TestCaseExecutor.java:477)
	at com.kms.katalon.core.main.TestCaseExecutor.processExecutionPhase(TestCaseExecutor.java:456)
	at com.kms.katalon.core.main.TestCaseExecutor.accessMainPhase(TestCaseExecutor.java:448)
	at com.kms.katalon.core.main.TestCaseExecutor.execute(TestCaseExecutor.java:322)
	at com.kms.katalon.core.main.TestCaseExecutor.execute(TestCaseExecutor.java:406)
	at com.kms.katalon.core.main.TestCaseExecutor.execute(TestCaseExecutor.java:406)
	at com.kms.katalon.core.main.TestCaseExecutor.execute(TestCaseExecutor.java:406)
	at com.kms.katalon.core.common.CommonExecutor.accessTestCaseMainPhase(CommonExecutor.java:71)
	at com.kms.katalon.core.main.TestSuiteExecutor.accessTestSuiteMainPhase(TestSuiteExecutor.java:145)
	at com.kms.katalon.core.main.TestSuiteExecutor.execute(TestSuiteExecutor.java:104)
	at com.kms.katalon.core.main.TestCaseMain.startTestSuite(TestCaseMain.java:205)
	at TempTestSuite1758192795812.run(TempTestSuite1758192795812.groovy:35)
	at java.base/jdk.internal.reflect.NativeMethodAccessorImpl.invoke0(Native Method)
	at java.base/jdk.internal.reflect.NativeMethodAccessorImpl.invoke(NativeMethodAccessorImpl.java:77)
	at java.base/jdk.internal.reflect.DelegatingMethodAccessorImpl.invoke(DelegatingMethodAccessorImpl.java:43)

ERROR
⚠️ Error while closing browser: Browser is not opened
Build info: version: '4.28.1', revision: '73f5ad48a2'
System info: os.name: 'Windows 11', os.arch: 'amd64', os.version: '10.0', java.version: '17.0.14'
Driver info: driver.version: unknown
2025-09-18 16:23:35.585 INFO  c.k.katalon.core.main.TestCaseExecutor   - END Test Cases/API_Testing/api_currentUserDetail
2025-09-18 16:23:35.585 INFO  c.k.katalon.core.main.TestCaseExecutor   - --------------------
2025-09-18 16:23:35.585 INFO  c.k.katalon.core.main.TestCaseExecutor   - START Test Cases/API_Testing/api_RefereshAccessToken
2025-09-18 16:23:35.599 INFO  c.k.katalon.core.main.TestCaseExecutor   - (Default) jsonFilePath = Include/Data Files/login_data.json
ℹ️ Skipping browser launch for API test case: api_RefereshAccessToken
2025-09-18 16:23:35.840 DEBUG testcase.api_RefereshAccessToken         - 1: logInfo("Preparing headers for refresh token request...")
2025-09-18 16:23:35.840 INFO  com.kms.katalon.core.util.KeywordUtil    - Preparing headers for refresh token request...
2025-09-18 16:23:35.844 DEBUG testcase.api_RefereshAccessToken         - 2: headers = ["Content-Type":"application/json"]
2025-09-18 16:23:35.847 DEBUG testcase.api_RefereshAccessToken         - 3: logInfo("Reading refresh payload from JSON file...")
2025-09-18 16:23:35.849 INFO  com.kms.katalon.core.util.KeywordUtil    - Reading refresh payload from JSON file...
2025-09-18 16:23:35.849 DEBUG testcase.api_RefereshAccessToken         - 4: payLoad = JsonOutput.toJson(JsonFileReader.getSectionData("refreshData", jsonFilePath))
2025-09-18 16:23:35.855 DEBUG testcase.api_RefereshAccessToken         - 5: logInfo("Payload prepared: " + payLoad)
2025-09-18 16:23:35.858 INFO  com.kms.katalon.core.util.KeywordUtil    - Payload prepared: {"refreshToken":"eyJhbGciOiJIUzI1NiIsInR5cCI6IkpXVCJ9.eyJpZCI6MSwidXNlcm5hbWUiOiJlbWlseXMiLCJlbWFpbCI6ImVtaWx5LmpvaG5zb25AeC5kdW1teWpzb24uY29tIiwiZmlyc3ROYW1lIjoiRW1pbHkiLCJsYXN0TmFtZSI6IkpvaG5zb24iLCJnZW5kZXIiOiJmZW1hbGUiLCJpbWFnZSI6Imh0dHBzOi8vZHVtbXlqc29uLmNvbS9pY29uL2VtaWx5cy8xMjgiLCJpYXQiOjE3NTgxODg0NDksImV4cCI6MTc1ODE5MDI0OX0.DLmFfVhjYw1LLvTslkDHBCohcrM2O9LF2ujqAWm36EQ","expiresInMins":30}
2025-09-18 16:23:35.860 DEBUG testcase.api_RefereshAccessToken         - 6: logInfo("Sending POST request to /refresh endpoint...")
2025-09-18 16:23:35.863 INFO  com.kms.katalon.core.util.KeywordUtil    - Sending POST request to /refresh endpoint...
2025-09-18 16:23:35.865 DEBUG testcase.api_RefereshAccessToken         - 7: refreshResponse = ApiKeywords.sendPost("refresh", payLoad, headers)
2025-09-18 16:23:36.278 INFO  c.k.k.core.webservice.common.HarLogger   - HAR: C:\Users\10835442\Katalon Studio\Luma\Reports\20250918_162314\API_AccessToken\20250918_162315\requests\main\POST_Generic_5.har
2025-09-18 16:23:36.283 DEBUG testcase.api_RefereshAccessToken         - 8: logInfo("Response received with status: " + refreshResponse.getStatusCode())
2025-09-18 16:23:36.285 INFO  com.kms.katalon.core.util.KeywordUtil    - Response received with status: 403
2025-09-18 16:23:36.287 DEBUG testcase.api_RefereshAccessToken         - 9: parsedResponse = JsonSlurper().parseText(refreshResponse.getResponseBodyContent())
2025-09-18 16:23:36.291 DEBUG testcase.api_RefereshAccessToken         - 10: logInfo("Parsed response: " + parsedResponse.toString())
2025-09-18 16:23:36.293 INFO  com.kms.katalon.core.util.KeywordUtil    - Parsed response: {message=Invalid refresh token}
2025-09-18 16:23:36.293 DEBUG testcase.api_RefereshAccessToken         - 11: jwtToken = accessToken
2025-09-18 16:23:36.299 DEBUG testcase.api_RefereshAccessToken         - 12: logInfo("Extracted new JWT Token: " + jwtToken)
2025-09-18 16:23:36.322 INFO  com.kms.katalon.core.util.KeywordUtil    - Extracted new JWT Token: null
2025-09-18 16:23:36.324 DEBUG testcase.api_RefereshAccessToken         - 13: logInfo("Storing new JWT token in DummyJson section of JSON file...")
2025-09-18 16:23:36.325 INFO  com.kms.katalon.core.util.KeywordUtil    - Storing new JWT token in DummyJson section of JSON file...
2025-09-18 16:23:36.325 DEBUG testcase.api_RefereshAccessToken         - 14: JsonFileReader.appendToJsonSection(jsonFilePath, "DummyJson", "accessToken", jwtToken)
2025-09-18 16:23:36.335 DEBUG testcase.api_RefereshAccessToken         - 15: logInfo("Token stored successfully.")
2025-09-18 16:23:36.336 INFO  com.kms.katalon.core.util.KeywordUtil    - Token stored successfully.
PASSED
⚠️ Error while closing browser: Browser is not opened
Build info: version: '4.28.1', revision: '73f5ad48a2'
System info: os.name: 'Windows 11', os.arch: 'amd64', os.version: '10.0', java.version: '17.0.14'
Driver info: driver.version: unknown
2025-09-18 16:23:36.348 INFO  c.k.katalon.core.main.TestCaseExecutor   - END Test Cases/API_Testing/api_RefereshAccessToken
2025-09-18 16:23:36.438 INFO  c.k.katalon.core.main.TestSuiteExecutor  - --------------------
2025-09-18 16:23:36.438 INFO  c.k.katalon.core.main.TestSuiteExecutor  - END Test Suites/API_AccessToken
2025-09-18 16:23:36.438 INFO  c.k.katalon.core.main.TestSuiteExecutor  - ====================
