2025-09-03 11:43:53.708 INFO  c.k.katalon.core.main.TestSuiteExecutor  - START Test Suites/TestSuite
2025-09-03 11:43:53.819 INFO  c.k.katalon.core.main.TestSuiteExecutor  - userFullName = Abinesh R
2025-09-03 11:43:53.820 INFO  c.k.katalon.core.main.TestSuiteExecutor  - projectName = Luma
2025-09-03 11:43:53.821 INFO  c.k.katalon.core.main.TestSuiteExecutor  - hostName = 10835442 - 10.235.137.0
2025-09-03 11:43:53.822 INFO  c.k.katalon.core.main.TestSuiteExecutor  - os = Windows 11 64bit
2025-09-03 11:43:53.823 INFO  c.k.katalon.core.main.TestSuiteExecutor  - hostAddress = 10.235.137.0
2025-09-03 11:43:53.823 INFO  c.k.katalon.core.main.TestSuiteExecutor  - katalonVersion = 10.3.1.0
2025-09-03 11:43:54.363 INFO  c.k.katalon.core.main.TestCaseExecutor   - --------------------
2025-09-03 11:43:54.364 INFO  c.k.katalon.core.main.TestCaseExecutor   - START Test Cases/RegisterUser
2025-09-03 11:43:54.485 INFO  c.k.katalon.core.main.TestCaseExecutor   - (Default) filepath = Include/Data Files/login_data.json
2025-09-03 11:43:54.510 INFO  c.k.katalon.core.main.TestCaseExecutor   - (Default) registerPage = registerPage
2025-09-03 11:43:54.528 INFO  c.k.katalon.core.main.TestCaseExecutor   - (Default) registrationSuccessPage = registrarionSucccessPage
2025-09-03 11:43:54.966 INFO  c.k.k.core.webui.driver.DriverFactory    - Starting 'Chrome' driver
2025-09-03 11:43:55.033 INFO  c.k.k.core.webui.driver.DriverFactory    - Action delay is set to 0 milliseconds
Sep 03, 2025 11:43:57 AM org.openqa.selenium.devtools.CdpVersionFinder findNearestMatch
WARNING: Unable to find an exact match for CDP version 139, returning the closest version; found: 138; Please update to a Selenium version that supports CDP version 139
2025-09-03 11:43:58.397 INFO  c.k.k.core.webui.driver.DriverFactory    - sessionId = 06e961f3ef834046577affc69c8e7812
2025-09-03 11:43:58.399 INFO  c.k.k.core.webui.driver.DriverFactory    - browser = Chrome 139.0.7258.155
2025-09-03 11:43:58.400 INFO  c.k.k.core.webui.driver.DriverFactory    - platform = Windows 11
2025-09-03 11:43:58.401 INFO  c.k.k.core.webui.driver.DriverFactory    - seleniumVersion = 4.28.1
2025-09-03 11:43:58.416 INFO  c.k.k.core.webui.driver.DriverFactory    - proxyInformation = ProxyInformation { proxyOption=NO_PROXY, proxyServerType=HTTP, username=, password=********, proxyServerAddress=, proxyServerPort=0, executionList="", isApplyToDesiredCapabilities=true }
2025-09-03 11:44:05.163 DEBUG testcase.RegisterUser                    - 1: logInfo("Navigating to the registration page")
2025-09-03 11:44:05.182 INFO  com.kms.katalon.core.util.KeywordUtil    - Navigating to the registration page
2025-09-03 11:44:05.190 DEBUG testcase.RegisterUser                    - 2: pages.HomePage.hoverOverMyAccount(findTestObject("Object Repository/Home_Page/my_Account_Button"))
2025-09-03 11:44:05.853 INFO  com.kms.katalon.core.util.KeywordUtil    - Hovering My Account
2025-09-03 11:44:06.387 DEBUG com.kms.katalon.core.util.KeywordUtil    - ✓ My Account has been hovered
2025-09-03 11:44:06.392 DEBUG testcase.RegisterUser                    - 3: pages.HomePage.clickOnRegister(findTestObject("Object Repository/Home_Page/register_Button"))
2025-09-03 11:44:06.728 INFO  com.kms.katalon.core.util.KeywordUtil    - Clicking Register Button
2025-09-03 11:44:09.215 DEBUG com.kms.katalon.core.util.KeywordUtil    - ✓ Register Button has been clicked
2025-09-03 11:44:09.222 DEBUG testcase.RegisterUser                    - 4: logInfo("Navigated to the register page")
2025-09-03 11:44:09.224 INFO  com.kms.katalon.core.util.KeywordUtil    - Navigated to the register page
2025-09-03 11:44:09.225 DEBUG testcase.RegisterUser                    - 5: logInfo("Entering the details to register an account")
2025-09-03 11:44:09.227 INFO  com.kms.katalon.core.util.KeywordUtil    - Entering the details to register an account
2025-09-03 11:44:09.228 DEBUG testcase.RegisterUser                    - 6: fieldMappings = [["id":"input-firstname", "jsonKey":"firstName"], ["id":"input-lastname", "jsonKey":"lastName"], ["id":"input-email", "jsonKey":"email"], ["id":"input-telephone", "jsonKey":"telephone"], ["id":"input-password", "jsonKey":"password"], ["id":"input-confirm", "jsonKey":"password"]]
2025-09-03 11:44:09.231 DEBUG testcase.RegisterUser                    - 7: fieldMappings.each({ -> ... })
2025-09-03 11:44:09.680 INFO  com.kms.katalon.core.util.KeywordUtil    - Entering firstName
2025-09-03 11:44:10.412 DEBUG com.kms.katalon.core.util.KeywordUtil    - ✓ firstName has been entered
2025-09-03 11:44:10.716 INFO  com.kms.katalon.core.util.KeywordUtil    - Entering lastName
2025-09-03 11:44:11.390 DEBUG com.kms.katalon.core.util.KeywordUtil    - ✓ lastName has been entered
2025-09-03 11:44:11.714 INFO  com.kms.katalon.core.util.KeywordUtil    - Entering email
2025-09-03 11:44:12.513 DEBUG com.kms.katalon.core.util.KeywordUtil    - ✓ email has been entered
2025-09-03 11:44:12.838 INFO  com.kms.katalon.core.util.KeywordUtil    - Entering telephone
2025-09-03 11:44:13.552 DEBUG com.kms.katalon.core.util.KeywordUtil    - ✓ telephone has been entered
2025-09-03 11:44:13.846 INFO  com.kms.katalon.core.util.KeywordUtil    - Entering password
2025-09-03 11:44:14.530 DEBUG com.kms.katalon.core.util.KeywordUtil    - ✓ password has been entered
2025-09-03 11:44:14.828 INFO  com.kms.katalon.core.util.KeywordUtil    - Entering password
2025-09-03 11:44:15.615 DEBUG com.kms.katalon.core.util.KeywordUtil    - ✓ password has been entered
2025-09-03 11:44:15.621 DEBUG testcase.RegisterUser                    - 8: logInfo("Details for registering an acccount have been set successfully")
2025-09-03 11:44:15.623 INFO  com.kms.katalon.core.util.KeywordUtil    - Details for registering an acccount have been set successfully
2025-09-03 11:44:15.623 DEBUG testcase.RegisterUser                    - 9: logInfo("Navigating to the confirmation page")
2025-09-03 11:44:15.628 INFO  com.kms.katalon.core.util.KeywordUtil    - Navigating to the confirmation page
2025-09-03 11:44:15.632 DEBUG testcase.RegisterUser                    - 10: pages.UserRegistrationPage.clickOnPolicyCheckBox(findTestObject("Object Repository/Registration_Page/policy_CheckBox"))
2025-09-03 11:44:15.927 INFO  com.kms.katalon.core.util.KeywordUtil    - Clicking Policy Checkbox
2025-09-03 11:44:16.303 DEBUG com.kms.katalon.core.util.KeywordUtil    - ✓ Policy Checkbox has been clicked
2025-09-03 11:44:16.309 DEBUG testcase.RegisterUser                    - 11: pages.UserRegistrationPage.clickOnContinue(findTestObject("Object Repository/Registration_Page/continue_Button"))
2025-09-03 11:44:16.640 INFO  com.kms.katalon.core.util.KeywordUtil    - Clicking Continue Button
2025-09-03 11:44:19.824 DEBUG com.kms.katalon.core.util.KeywordUtil    - ✓ Continue Button has been clicked
2025-09-03 11:44:19.824 DEBUG testcase.RegisterUser                    - 12: logInfo("Navigated to the confirmation page")
2025-09-03 11:44:19.824 INFO  com.kms.katalon.core.util.KeywordUtil    - Navigated to the confirmation page
2025-09-03 11:44:19.824 DEBUG testcase.RegisterUser                    - 13: logInfo("Verifying Account Creation Text")
2025-09-03 11:44:19.830 INFO  com.kms.katalon.core.util.KeywordUtil    - Verifying Account Creation Text
2025-09-03 11:44:19.830 DEBUG testcase.RegisterUser                    - 14: pages.AccountCreationPage.verifyText(findTestObject("Object Repository/Account_Created_Page/account_Creation_Verification"), JsonFileReader.getJsonData(registrationSuccessPage, "verify_Text", filepath), "Account Creation")
2025-09-03 11:44:20.353 INFO  com.kms.katalon.core.util.KeywordUtil    - Verifying Account Creation
2025-09-03 11:44:20.708 DEBUG com.kms.katalon.core.util.KeywordUtil    - ✓ Account Creation has been verified
2025-09-03 11:44:20.711 DEBUG testcase.RegisterUser                    - 15: logInfo("Verified Account Creation Text")
2025-09-03 11:44:20.713 INFO  com.kms.katalon.core.util.KeywordUtil    - Verified Account Creation Text
2025-09-03 11:44:20.715 DEBUG testcase.RegisterUser                    - 16: logInfo("Updating login details in JSON file")
2025-09-03 11:44:20.718 INFO  com.kms.katalon.core.util.KeywordUtil    - Updating login details in JSON file
2025-09-03 11:44:20.720 DEBUG testcase.RegisterUser                    - 17: JsonFileReader.updateJsonValue("loginPage", "email", JsonFileReader.getJsonData(registerPage, "email", filepath), filepath)
Updated 'email' in 'loginPage' section to 'alicesmith.31@gmail.com'.
2025-09-03 11:44:20.831 DEBUG testcase.RegisterUser                    - 18: JsonFileReader.updateJsonValue("loginPage", "password", JsonFileReader.getJsonData(registerPage, "password", filepath), filepath)
Updated 'password' in 'loginPage' section to 'p4y+y39Ir5PJb2ispxT0Ew=='.
2025-09-03 11:44:20.845 DEBUG testcase.RegisterUser                    - 19: logInfo("Updated login details in JSON file")
2025-09-03 11:44:20.846 INFO  com.kms.katalon.core.util.KeywordUtil    - Updated login details in JSON file
2025-09-03 11:44:21.191 INFO  c.k.katalon.core.main.TestCaseExecutor   - END Test Cases/RegisterUser
2025-09-03 11:44:21.202 INFO  c.k.katalon.core.main.TestCaseExecutor   - --------------------
2025-09-03 11:44:21.202 INFO  c.k.katalon.core.main.TestCaseExecutor   - START Test Cases/SignIn
2025-09-03 11:44:21.229 INFO  c.k.katalon.core.main.TestCaseExecutor   - (Default) filepath = Include/Data Files/login_data.json
2025-09-03 11:44:21.258 INFO  c.k.katalon.core.main.TestCaseExecutor   - (Default) section = loginPage
2025-09-03 11:44:21.264 INFO  c.k.k.core.webui.driver.DriverFactory    - Starting 'Chrome' driver
2025-09-03 11:44:21.266 INFO  c.k.k.core.webui.driver.DriverFactory    - Action delay is set to 0 milliseconds
Sep 03, 2025 11:44:23 AM org.openqa.selenium.devtools.CdpVersionFinder findNearestMatch
WARNING: Unable to find an exact match for CDP version 139, returning the closest version; found: 138; Please update to a Selenium version that supports CDP version 139
2025-09-03 11:44:23.554 INFO  c.k.k.core.webui.driver.DriverFactory    - sessionId = ba1018ed63a8bb9cadb1ff33e67f2c02
2025-09-03 11:44:23.555 INFO  c.k.k.core.webui.driver.DriverFactory    - browser = Chrome 139.0.7258.155
2025-09-03 11:44:23.556 INFO  c.k.k.core.webui.driver.DriverFactory    - platform = Windows 11
2025-09-03 11:44:23.557 INFO  c.k.k.core.webui.driver.DriverFactory    - seleniumVersion = 4.28.1
2025-09-03 11:44:23.559 INFO  c.k.k.core.webui.driver.DriverFactory    - proxyInformation = ProxyInformation { proxyOption=NO_PROXY, proxyServerType=HTTP, username=, password=********, proxyServerAddress=, proxyServerPort=0, executionList="", isApplyToDesiredCapabilities=true }
2025-09-03 11:44:29.474 DEBUG testcase.SignIn                          - 1: logInfo("Navigating to the sign in page")
2025-09-03 11:44:29.475 INFO  com.kms.katalon.core.util.KeywordUtil    - Navigating to the sign in page
2025-09-03 11:44:29.475 DEBUG testcase.SignIn                          - 2: pages.HomePage.hoverOverMyAccount(findTestObject("Object Repository/Home_Page/my_Account_Button"))
2025-09-03 11:44:29.792 INFO  com.kms.katalon.core.util.KeywordUtil    - Hovering My Account
2025-09-03 11:44:30.252 DEBUG com.kms.katalon.core.util.KeywordUtil    - ✓ My Account has been hovered
2025-09-03 11:44:30.253 DEBUG testcase.SignIn                          - 3: pages.HomePage.clickOnLogin(findTestObject("Object Repository/Home_Page/login_Button"))
2025-09-03 11:44:30.513 INFO  com.kms.katalon.core.util.KeywordUtil    - Clicking Login Button
2025-09-03 11:44:32.641 DEBUG com.kms.katalon.core.util.KeywordUtil    - ✓ Login Button has been clicked
2025-09-03 11:44:32.645 DEBUG testcase.SignIn                          - 4: logInfo("Navigated to the sign in page")
2025-09-03 11:44:32.648 INFO  com.kms.katalon.core.util.KeywordUtil    - Navigated to the sign in page
2025-09-03 11:44:32.653 DEBUG testcase.SignIn                          - 5: logInfo("Signing into the account")
2025-09-03 11:44:32.654 INFO  com.kms.katalon.core.util.KeywordUtil    - Signing into the account
2025-09-03 11:44:32.657 DEBUG testcase.SignIn                          - 6: pages.LoginPage.inputMail(findTestObject("Object Repository/LoginPage/Input_email"), JsonFileReader.getJsonData(section, "email", filepath))
2025-09-03 11:44:33.169 INFO  com.kms.katalon.core.util.KeywordUtil    - Entering Mail
2025-09-03 11:44:33.888 DEBUG com.kms.katalon.core.util.KeywordUtil    - ✓ Mail has been entered
2025-09-03 11:44:33.891 DEBUG testcase.SignIn                          - 7: pages.LoginPage.inputPassword(findTestObject("Object Repository/LoginPage/Input_password"), JsonFileReader.getJsonData(section, "password", filepath))
2025-09-03 11:44:34.153 INFO  com.kms.katalon.core.util.KeywordUtil    - Entering Password
2025-09-03 11:44:34.584 DEBUG com.kms.katalon.core.util.KeywordUtil    - ✓ Password has been entered
2025-09-03 11:44:34.587 DEBUG testcase.SignIn                          - 8: pages.LoginPage.clickOnLoginButton(findTestObject("Object Repository/LoginPage/Login_button"))
2025-09-03 11:44:34.889 INFO  com.kms.katalon.core.util.KeywordUtil    - Clicking Login button
2025-09-03 11:44:35.330 DEBUG com.kms.katalon.core.util.KeywordUtil    - ✓ Login button has been clicked
2025-09-03 11:44:35.335 DEBUG testcase.SignIn                          - 9: logInfo("Signed into the account")
2025-09-03 11:44:35.341 INFO  com.kms.katalon.core.util.KeywordUtil    - Signed into the account
2025-09-03 11:44:35.346 DEBUG testcase.SignIn                          - 10: logInfo("Verifying My Account")
2025-09-03 11:44:35.350 INFO  com.kms.katalon.core.util.KeywordUtil    - Verifying My Account
2025-09-03 11:44:35.357 DEBUG testcase.SignIn                          - 11: pages.AccountPage.verifyMyAccount(findTestObject("Object Repository/AccountPage/my_Account_verification"), JsonFileReader.getJsonData(section, "verification_text", filepath))
Sep 03, 2025 11:44:43 AM org.openqa.selenium.remote.http.WebSocket$Listener onError
WARNING: Connection reset
java.net.SocketException: Connection reset
	at java.base/sun.nio.ch.SocketChannelImpl.throwConnectionReset(SocketChannelImpl.java:394)
	at java.base/sun.nio.ch.SocketChannelImpl.read(SocketChannelImpl.java:426)
	at java.net.http/jdk.internal.net.http.SocketTube.readAvailable(SocketTube.java:1170)
	at java.net.http/jdk.internal.net.http.SocketTube$InternalReadPublisher$InternalReadSubscription.read(SocketTube.java:833)
	at java.net.http/jdk.internal.net.http.SocketTube$SocketFlowTask.run(SocketTube.java:181)
	at java.net.http/jdk.internal.net.http.common.SequentialScheduler$SchedulableTask.run(SequentialScheduler.java:230)
	at java.net.http/jdk.internal.net.http.common.SequentialScheduler.runOrSchedule(SequentialScheduler.java:303)
	at java.net.http/jdk.internal.net.http.common.SequentialScheduler.runOrSchedule(SequentialScheduler.java:256)
	at java.net.http/jdk.internal.net.http.SocketTube$InternalReadPublisher$InternalReadSubscription.signalReadable(SocketTube.java:774)
	at java.net.http/jdk.internal.net.http.SocketTube$InternalReadPublisher$ReadEvent.signalEvent(SocketTube.java:957)
	at java.net.http/jdk.internal.net.http.SocketTube$SocketFlowEvent.handle(SocketTube.java:253)
	at java.net.http/jdk.internal.net.http.HttpClientImpl$SelectorManager.handleEvent(HttpClientImpl.java:984)
	at java.net.http/jdk.internal.net.http.HttpClientImpl$SelectorManager.lambda$run$3(HttpClientImpl.java:939)
	at java.base/java.util.ArrayList.forEach(ArrayList.java:1511)
	at java.net.http/jdk.internal.net.http.HttpClientImpl$SelectorManager.run(HttpClientImpl.java:939)

2025-09-03 11:44:43.397 WARN  c.k.k.c.w.h.s.WebUIScreenCaptor          - Cannot take screenshot
2025-09-03 11:44:43.404 ERROR c.k.k.core.keyword.internal.KeywordMain  - ❌ Unable to wait for object 'Object Repository/AccountPage/my_Account_verification' to be visible (Root cause: com.kms.katalon.core.exception.StepFailedException: Unable to wait for object 'Object Repository/AccountPage/my_Account_verification' to be visible
	at com.kms.katalon.core.webui.keyword.internal.WebUIKeywordMain.stepFailed(WebUIKeywordMain.groovy:175)
	at com.kms.katalon.core.webui.keyword.internal.WebUIKeywordMain.runKeyword(WebUIKeywordMain.groovy:49)
	at com.kms.katalon.core.webui.keyword.internal.WebUIKeywordMain.runKeywordUntilTimeout(WebUIKeywordMain.groovy:152)
	at com.kms.katalon.core.webui.keyword.internal.WebUIKeywordMain$runKeywordUntilTimeout.call(Unknown Source)
	at com.kms.katalon.core.webui.keyword.builtin.WaitForElementVisibleKeyword.waitForElementVisible(WaitForElementVisibleKeyword.groovy:101)
	at com.kms.katalon.core.webui.keyword.builtin.WaitForElementVisibleKeyword.execute(WaitForElementVisibleKeyword.groovy:69)
	at com.kms.katalon.core.keyword.internal.KeywordExecutor.executeKeywordForPlatform(KeywordExecutor.groovy:79)
	at com.kms.katalon.core.webui.keyword.WebUiBuiltInKeywords.waitForElementVisible(WebUiBuiltInKeywords.groovy:514)
	at utils.Helper.verifyText(Helper.groovy:121)
	at pages.AccountPage.verifyMyAccount(AccountPage.groovy:27)
	at java.base/jdk.internal.reflect.NativeMethodAccessorImpl.invoke0(Native Method)
	at java.base/jdk.internal.reflect.NativeMethodAccessorImpl.invoke(NativeMethodAccessorImpl.java:77)
	at java.base/jdk.internal.reflect.DelegatingMethodAccessorImpl.invoke(DelegatingMethodAccessorImpl.java:43)
	at com.kms.katalon.core.main.CustomKeywordDelegatingMetaClass.invokeStaticMethod(CustomKeywordDelegatingMetaClass.java:55)
	at SignIn.run(SignIn:43)
	at com.kms.katalon.core.main.ScriptEngine.run(ScriptEngine.java:194)
	at com.kms.katalon.core.main.ScriptEngine.runScriptAsRawText(ScriptEngine.java:119)
	at com.kms.katalon.core.main.TestCaseExecutor.runScript(TestCaseExecutor.java:486)
	at com.kms.katalon.core.main.TestCaseExecutor.doExecute(TestCaseExecutor.java:477)
	at com.kms.katalon.core.main.TestCaseExecutor.processExecutionPhase(TestCaseExecutor.java:456)
	at com.kms.katalon.core.main.TestCaseExecutor.accessMainPhase(TestCaseExecutor.java:448)
	at com.kms.katalon.core.main.TestCaseExecutor.execute(TestCaseExecutor.java:322)
	at com.kms.katalon.core.common.CommonExecutor.accessTestCaseMainPhase(CommonExecutor.java:71)
	at com.kms.katalon.core.main.TestSuiteExecutor.accessTestSuiteMainPhase(TestSuiteExecutor.java:145)
	at com.kms.katalon.core.main.TestSuiteExecutor.execute(TestSuiteExecutor.java:104)
	at com.kms.katalon.core.main.TestCaseMain.startTestSuite(TestCaseMain.java:205)
	at TempTestSuite1756880029673.run(TempTestSuite1756880029673.groovy:35)
	at java.base/jdk.internal.reflect.NativeMethodAccessorImpl.invoke0(Native Method)
	at java.base/jdk.internal.reflect.NativeMethodAccessorImpl.invoke(NativeMethodAccessorImpl.java:77)
	at java.base/jdk.internal.reflect.DelegatingMethodAccessorImpl.invoke(DelegatingMethodAccessorImpl.java:43)
Caused by: org.openqa.selenium.NoSuchSessionException: invalid session id
Build info: version: '4.28.1', revision: '73f5ad48a2'
System info: os.name: 'Windows 11', os.arch: 'amd64', os.version: '10.0', java.version: '17.0.14'
Driver info: com.kms.katalon.selenium.driver.CChromeDriver
Command: [ba1018ed63a8bb9cadb1ff33e67f2c02, findElements {value=//h2[(text() = 'My Account' or . = 'My Account')], using=xpath}]
Capabilities {acceptInsecureCerts: false, browserName: chrome, browserVersion: 139.0.7258.155, chrome: {chromedriverVersion: 139.0.7258.66 (a62d32994769..., userDataDir: C:\Users\10835442\AppData\L...}, fedcm:accounts: true, goog:chromeOptions: {debuggerAddress: localhost:61775}, networkConnectionEnabled: false, pageLoadStrategy: normal, platformName: windows, proxy: Proxy(), se:cdp: ws://localhost:61775/devtoo..., se:cdpVersion: 139.0.7258.155, setWindowRect: true, strictFileInteractability: false, timeouts: {implicit: 0, pageLoad: 300000, script: 30000}, unhandledPromptBehavior: {alert: ignore, beforeUnload: ignore, confirm: ignore, default: ignore, file: ignore, prompt: ignore}, webSocketUrl: ws://localhost:46565/sessio..., webauthn:extension:credBlob: true, webauthn:extension:largeBlob: true, webauthn:extension:minPinLength: true, webauthn:extension:prf: true, webauthn:virtualAuthenticators: true}
Session ID: ba1018ed63a8bb9cadb1ff33e67f2c02
	at java.base/jdk.internal.reflect.NativeConstructorAccessorImpl.newInstance0(Native Method)
	at java.base/jdk.internal.reflect.NativeConstructorAccessorImpl.newInstance(NativeConstructorAccessorImpl.java:77)
	at java.base/jdk.internal.reflect.DelegatingConstructorAccessorImpl.newInstance(DelegatingConstructorAccessorImpl.java:45)
	at org.openqa.selenium.remote.ErrorCodec.decode(ErrorCodec.java:167)
	at org.openqa.selenium.remote.codec.w3c.W3CHttpResponseCodec.decode(W3CHttpResponseCodec.java:138)
	at org.openqa.selenium.remote.codec.w3c.W3CHttpResponseCodec.decode(W3CHttpResponseCodec.java:50)
	at org.openqa.selenium.remote.HttpCommandExecutor.execute(HttpCommandExecutor.java:215)
	at org.openqa.selenium.remote.service.DriverCommandExecutor.invokeExecute(DriverCommandExecutor.java:216)
	at org.openqa.selenium.remote.service.DriverCommandExecutor.execute(DriverCommandExecutor.java:174)
	at org.openqa.selenium.remote.RemoteWebDriver.execute(RemoteWebDriver.java:545)
	at org.openqa.selenium.remote.ElementLocation$ElementFinder$2.findElements(ElementLocation.java:182)
	at org.openqa.selenium.remote.ElementLocation.findElements(ElementLocation.java:103)
	at org.openqa.selenium.remote.RemoteWebDriver.findElements(RemoteWebDriver.java:381)
	at org.openqa.selenium.remote.RemoteWebDriver.findElements(RemoteWebDriver.java:375)
	at jdk.internal.reflect.GeneratedMethodAccessor16.invoke(Unknown Source)
	at java.base/jdk.internal.reflect.DelegatingMethodAccessorImpl.invoke(DelegatingMethodAccessorImpl.java:43)
	at org.openqa.selenium.support.decorators.WebDriverDecorator.call(WebDriverDecorator.java:315)
	at org.openqa.selenium.support.decorators.DefaultDecorated.call(DefaultDecorated.java:48)
	at org.openqa.selenium.support.decorators.WebDriverDecorator.lambda$createProxyFactory$3(WebDriverDecorator.java:405)
	at org.openqa.selenium.remote.RemoteWebDriver$ByteBuddy$jKXxD8eJ.findElements(Unknown Source)
	at com.kms.katalon.core.webui.model.WebUiElementFinder.findElementByNormalMethods(WebUiElementFinder.java:185)
	at com.kms.katalon.core.webui.model.WebUiElementFinder.findElementsBySelectedMethod(WebUiElementFinder.java:92)
	at com.kms.katalon.core.webui.model.WebUiElementFinder.findElementsBySelectedMethod(WebUiElementFinder.java:75)
	at com.kms.katalon.core.webui.model.WebUiElementFinder.findElementsBySelectedMethod(WebUiElementFinder.java:70)
	at com.kms.katalon.core.webui.model.WebUiElementFinder.findElement(WebUiElementFinder.java:44)
	at com.kms.katalon.core.webui.model.WebUiElementFinderWithTimeout.basicFindElement(WebUiElementFinderWithTimeout.java:50)
	at com.kms.katalon.core.webui.model.WebUiElementFinderWithTimeout.lambda$0(WebUiElementFinderWithTimeout.java:29)
	at com.kms.katalon.core.webui.model.SeleniumActionRetryController.performAction(SeleniumActionRetryController.java:109)
	at com.kms.katalon.core.webui.model.SeleniumActionRetryController.performAction(SeleniumActionRetryController.java:96)
	at com.kms.katalon.core.webui.model.WebUiElementFinderWithTimeout.findElement(WebUiElementFinderWithTimeout.java:28)
	at com.kms.katalon.core.webui.keyword.internal.WebUIAbstractKeyword$_findWebElement_closure2.doCall(WebUIAbstractKeyword.groovy:104)
	at jdk.internal.reflect.GeneratedMethodAccessor14.invoke(Unknown Source)
	at java.base/jdk.internal.reflect.DelegatingMethodAccessorImpl.invoke(DelegatingMethodAccessorImpl.java:43)
	at jdk.proxy2/jdk.proxy2.$Proxy49.execute(Unknown Source)
	at com.kms.katalon.core.webui.model.SeleniumActionRetryController.performAction(SeleniumActionRetryController.java:109)
	at com.kms.katalon.core.webui.model.SeleniumActionRetryController.performAction(SeleniumActionRetryController.java:96)
	at com.kms.katalon.core.webui.model.SeleniumActionRetryController.retry(SeleniumActionRetryController.java:62)
	at com.kms.katalon.core.webui.model.SeleniumActionRetryController.retry(SeleniumActionRetryController.java:57)
	at com.kms.katalon.core.webui.keyword.internal.WebUIAbstractKeyword.findWebElement(WebUIAbstractKeyword.groovy:101)
	at jdk.internal.reflect.GeneratedMethodAccessor24.invoke(Unknown Source)
	at java.base/jdk.internal.reflect.DelegatingMethodAccessorImpl.invoke(DelegatingMethodAccessorImpl.java:43)
	at com.kms.katalon.core.webui.keyword.builtin.WaitForElementVisibleKeyword$_waitForElementVisible_closure1.doCall(WaitForElementVisibleKeyword.groovy:82)
	at jdk.internal.reflect.GeneratedMethodAccessor23.invoke(Unknown Source)
	at java.base/jdk.internal.reflect.DelegatingMethodAccessorImpl.invoke(DelegatingMethodAccessorImpl.java:43)
	at jdk.proxy2/jdk.proxy2.$Proxy49.execute(Unknown Source)
	at com.kms.katalon.core.webui.model.SeleniumActionRetryController.performAction(SeleniumActionRetryController.java:109)
	at com.kms.katalon.core.webui.model.SeleniumActionRetryController.performAction(SeleniumActionRetryController.java:96)
	at com.kms.katalon.core.webui.keyword.internal.WebUIKeywordMain$_runKeywordUntilTimeout_closure2.doCall(WebUIKeywordMain.groovy:155)
	at com.kms.katalon.core.webui.keyword.internal.WebUIKeywordMain$_runKeywordUntilTimeout_closure2.call(WebUIKeywordMain.groovy)
	at com.kms.katalon.core.webui.keyword.internal.WebUIKeywordMain.runKeyword(WebUIKeywordMain.groovy:41)
	at com.kms.katalon.core.webui.keyword.internal.WebUIKeywordMain.runKeywordUntilTimeout(WebUIKeywordMain.groovy:152)
	at com.kms.katalon.core.webui.keyword.internal.WebUIKeywordMain$runKeywordUntilTimeout.call(Unknown Source)
	at com.kms.katalon.core.webui.keyword.builtin.WaitForElementVisibleKeyword.waitForElementVisible(WaitForElementVisibleKeyword.groovy:101)
	at com.kms.katalon.core.webui.keyword.builtin.WaitForElementVisibleKeyword.execute(WaitForElementVisibleKeyword.groovy:69)
	at com.kms.katalon.core.keyword.internal.KeywordExecutor.executeKeywordForPlatform(KeywordExecutor.groovy:79)
	at com.kms.katalon.core.webui.keyword.WebUiBuiltInKeywords.waitForElementVisible(WebUiBuiltInKeywords.groovy:514)
	at utils.Helper.verifyText(Helper.groovy:121)
	at pages.AccountPage.verifyMyAccount(AccountPage.groovy:27)
	at java.base/jdk.internal.reflect.NativeMethodAccessorImpl.invoke0(Native Method)
	at java.base/jdk.internal.reflect.NativeMethodAccessorImpl.invoke(NativeMethodAccessorImpl.java:77)
	at java.base/jdk.internal.reflect.DelegatingMethodAccessorImpl.invoke(DelegatingMethodAccessorImpl.java:43)
	at com.kms.katalon.core.main.CustomKeywordDelegatingMetaClass.invokeStaticMethod(CustomKeywordDelegatingMetaClass.java:55)
	at Script1756104045199.run(Script1756104045199.groovy:43)
	... 15 more
)
2025-09-03 11:44:43.410 ERROR com.kms.katalon.core.util.KeywordUtil    - ❌ Fail to verify onVerify My account
2025-09-03 11:44:43.411 ERROR k.k.c.m.CustomKeywordDelegatingMetaClass - ❌ com.kms.katalon.core.exception.StepFailedException: Fail to verify onVerify My account
2025-09-03 11:44:43.414 DEBUG testcase.SignIn                          - 12: logInfo("Verified My Account")
2025-09-03 11:44:43.419 INFO  com.kms.katalon.core.util.KeywordUtil    - Verified My Account
2025-09-03 11:44:43.421 ERROR c.k.katalon.core.main.TestCaseExecutor   - ❌ Test Cases/SignIn FAILED.
Reason:
com.kms.katalon.core.exception.StepFailedException: Fail to verify onVerify My account
	at com.kms.katalon.core.util.KeywordUtil.markFailed(KeywordUtil.java:19)
	at utils.Helper.verifyText(Helper.groovy:128)
	at pages.AccountPage.verifyMyAccount(AccountPage.groovy:27)
	at java.base/jdk.internal.reflect.NativeMethodAccessorImpl.invoke0(Native Method)
	at java.base/jdk.internal.reflect.NativeMethodAccessorImpl.invoke(NativeMethodAccessorImpl.java:77)
	at java.base/jdk.internal.reflect.DelegatingMethodAccessorImpl.invoke(DelegatingMethodAccessorImpl.java:43)
	at com.kms.katalon.core.main.CustomKeywordDelegatingMetaClass.invokeStaticMethod(CustomKeywordDelegatingMetaClass.java:55)
	at SignIn.run(SignIn:43)
	at com.kms.katalon.core.main.ScriptEngine.run(ScriptEngine.java:194)
	at com.kms.katalon.core.main.ScriptEngine.runScriptAsRawText(ScriptEngine.java:119)
	at com.kms.katalon.core.main.TestCaseExecutor.runScript(TestCaseExecutor.java:486)
	at com.kms.katalon.core.main.TestCaseExecutor.doExecute(TestCaseExecutor.java:477)
	at com.kms.katalon.core.main.TestCaseExecutor.processExecutionPhase(TestCaseExecutor.java:456)
	at com.kms.katalon.core.main.TestCaseExecutor.accessMainPhase(TestCaseExecutor.java:448)
	at com.kms.katalon.core.main.TestCaseExecutor.execute(TestCaseExecutor.java:322)
	at com.kms.katalon.core.common.CommonExecutor.accessTestCaseMainPhase(CommonExecutor.java:71)
	at com.kms.katalon.core.main.TestSuiteExecutor.accessTestSuiteMainPhase(TestSuiteExecutor.java:145)
	at com.kms.katalon.core.main.TestSuiteExecutor.execute(TestSuiteExecutor.java:104)
	at com.kms.katalon.core.main.TestCaseMain.startTestSuite(TestCaseMain.java:205)
	at TempTestSuite1756880029673.run(TempTestSuite1756880029673.groovy:35)
	at java.base/jdk.internal.reflect.NativeMethodAccessorImpl.invoke0(Native Method)
	at java.base/jdk.internal.reflect.NativeMethodAccessorImpl.invoke(NativeMethodAccessorImpl.java:77)
	at java.base/jdk.internal.reflect.DelegatingMethodAccessorImpl.invoke(DelegatingMethodAccessorImpl.java:43)

2025-09-03 11:44:43.455 INFO  c.k.katalon.core.main.TestCaseExecutor   - END Test Cases/SignIn
2025-09-03 11:44:43.459 INFO  c.k.katalon.core.main.TestCaseExecutor   - --------------------
2025-09-03 11:44:43.459 INFO  c.k.katalon.core.main.TestCaseExecutor   - START Test Cases/SignIn
2025-09-03 11:44:43.475 INFO  c.k.katalon.core.main.TestCaseExecutor   - (Default) filepath = Include/Data Files/login_data.json
2025-09-03 11:44:43.476 INFO  c.k.katalon.core.main.TestCaseExecutor   - (Default) section = loginPage
2025-09-03 11:44:43.481 INFO  c.k.k.core.webui.driver.DriverFactory    - Starting 'Chrome' driver
2025-09-03 11:44:43.485 INFO  c.k.k.core.webui.driver.DriverFactory    - Action delay is set to 0 milliseconds
Sep 03, 2025 11:44:45 AM org.openqa.selenium.devtools.CdpVersionFinder findNearestMatch
WARNING: Unable to find an exact match for CDP version 139, returning the closest version; found: 138; Please update to a Selenium version that supports CDP version 139
2025-09-03 11:44:45.624 INFO  c.k.k.core.webui.driver.DriverFactory    - sessionId = 300ab1e7b8cb680b94fad58d1f25f349
2025-09-03 11:44:45.624 INFO  c.k.k.core.webui.driver.DriverFactory    - browser = Chrome 139.0.7258.155
2025-09-03 11:44:45.625 INFO  c.k.k.core.webui.driver.DriverFactory    - platform = Windows 11
2025-09-03 11:44:45.625 INFO  c.k.k.core.webui.driver.DriverFactory    - seleniumVersion = 4.28.1
2025-09-03 11:44:45.627 INFO  c.k.k.core.webui.driver.DriverFactory    - proxyInformation = ProxyInformation { proxyOption=NO_PROXY, proxyServerType=HTTP, username=, password=********, proxyServerAddress=, proxyServerPort=0, executionList="", isApplyToDesiredCapabilities=true }
