<?xml version="1.0" encoding="UTF-8"?>
<testsuites name="API_Testcases" time="57.383" tests="3" failures="0" errors="1">
   <testsuite name="API_Testcases" tests="3" failures="0" errors="1" time="57.383" skipped="0" timestamp="2025-09-19T09:36:32.529Z" hostname="10835442 - 10.235.155.176" id="Test Suites/API_Testcases">
      <properties>
         <property name="deviceName" value=""/>
         <property name="devicePlatform"/>
         <property name="logFolder" value="C:\\Users\\10835442\\Katalon Studio\\Luma\\Reports\\20250919_150625\\API_Testcases\\20250919_150625"/>
         <property name="logFiles" value="C:\\Users\\10835442\\Katalon Studio\\Luma\\Reports\\20250919_150625\\API_Testcases\\20250919_150625\\console0.log, C:\\Users\\10835442\\Katalon Studio\\Luma\\Reports\\20250919_150625\\API_Testcases\\20250919_150625\\execution0.log"/>
         <property name="attachments" value=""/>
         <property name="userFullName" value="Abinesh R"/>
         <property name="hostName" value="10835442 - 10.235.155.176"/>
         <property name="hostAddress" value="10.235.155.176"/>
         <property name="projectName" value="Luma"/>
         <property name="os" value="Windows 11 64bit"/>
         <property name="katalonVersion" value="10.3.1.0"/>
      </properties>
      <testcase name="Test Cases/API_Testing/TC01_localToServer_Api" time="53.209" classname="Test Cases/API_Testing/TC01_localToServer_Api" status="PASSED">
         <properties>
            <property name="data_binding"><![CDATA[{"(Default) maste...":"Include/Data Files/MasterSchema.json","(Default) syste...":"Include/Data Files/login_data.json","(Default) postS...":"Include/Data Files/post_login_response_schema.json","(Default) filep...":"https://68c8e78aceef5a150f629ed5.mockapi.io/sign_in/credentials"}]]></property>
         </properties>
         <system-out><![CDATA[19-09-2025T15:06:33 - [TEST_CASE][PASSED] - Test Cases/API_Testing/TC01_localToServer_Api: Test Cases/API_Testing/TC01_localToServer_Api

19-09-2025T15:06:33 - [TEST_STEP][PASSED] - Start listener action : beforeTestCase: null

19-09-2025T15:06:33 - [TEST_STEP][PASSED] - testCaseId = testCaseContext.getTestCaseId(): null

19-09-2025T15:06:33 - [TEST_STEP][PASSED] - testCaseName = split("/").last(): null

19-09-2025T15:06:33 - [TEST_STEP][PASSED] - if (toLowerCase().endsWith("api")): null

19-09-2025T15:06:33 - [TEST_STEP][PASSED] - println(ℹ️ Skipping browser launch for API test case: $testCaseName): null

19-09-2025T15:06:33 - [TEST_STEP][PASSED] - return null: null

19-09-2025T15:06:34 - [TEST_STEP][PASSED] - logInfo("Sending POST request to /credentials to create new credentials"): Sending POST request to /credentials to create new credentials

19-09-2025T15:06:34 - [MESSAGE][INFO] - Sending POST request to /credentials to create new credentials

19-09-2025T15:06:34 - [TEST_STEP][PASSED] - postPayload = JsonOutput.toJson(JsonFileReader.getSectionData("loginPage", systemJsonFilePath)): null

19-09-2025T15:06:34 - [TEST_STEP][PASSED] - println(postPayload): null

19-09-2025T15:06:34 - [TEST_STEP][PASSED] - postResponse = ApiKeywords.sendPost("/credentials", postPayload): Send request successfully

19-09-2025T15:07:25 - [MESSAGE][INFO] - HAR: C:\Users\10835442\Katalon Studio\Luma\Reports\20250919_150625\API_Testcases\20250919_150625\requests\main\POST_Generic_0.har

19-09-2025T15:07:26 - [MESSAGE][PASSED] - Send request successfully

19-09-2025T15:07:26 - [TEST_STEP][PASSED] - verifyResponseStatusCode(postResponse, 201): Verify response status code successfully

19-09-2025T15:07:26 - [MESSAGE][PASSED] - Verify response status code successfully

19-09-2025T15:07:26 - [TEST_STEP][PASSED] - logInfo("POST response status code verified as 201"): POST response status code verified as 201

19-09-2025T15:07:26 - [MESSAGE][INFO] - POST response status code verified as 201

19-09-2025T15:07:26 - [TEST_STEP][PASSED] - postResponseBody = postResponse.getResponseBodyContent(): null

19-09-2025T15:07:26 - [TEST_STEP][PASSED] - println(postResponseBody): null

19-09-2025T15:07:26 - [TEST_STEP][PASSED] - createdCredential = JsonSlurper().parseText(postResponseBody): null

19-09-2025T15:07:26 - [TEST_STEP][PASSED] - println(createdCredential): null

19-09-2025T15:07:26 - [TEST_STEP][PASSED] - credentialId = id: null

19-09-2025T15:07:26 - [TEST_STEP][PASSED] - JsonFileReader.appendToJsonSection(systemJsonFilePath, "postData", "CredentialId", credentialId): null

19-09-2025T15:07:26 - [TEST_STEP][PASSED] - logInfo("Created credential ID: " + credentialId): Created credential ID: 3

19-09-2025T15:07:26 - [MESSAGE][INFO] - Created credential ID: 3

19-09-2025T15:07:26 - [TEST_STEP][PASSED] - validateJsonAgainstSchema(postResponseBody, JsonOutput.toJson(JsonFileReader.getSectionData("postResponse", masterSchemaFilePath))): Validate with JSON Schema successfully

19-09-2025T15:07:26 - [MESSAGE][PASSED] - Validate with JSON Schema successfully

19-09-2025T15:07:26 - [TEST_STEP][PASSED] - markPassed("POST response schema validation passed"): POST response schema validation passed

19-09-2025T15:07:26 - [MESSAGE][PASSED] - POST response schema validation passed

19-09-2025T15:07:26 - [TEST_STEP][PASSED] - Start listener action : closeTheBrowser: null

19-09-2025T15:07:26 - [TEST_STEP][PASSED] - testCaseId = testCaseContext.getTestCaseId(): null

19-09-2025T15:07:26 - [TEST_STEP][PASSED] - testCaseName = split("/").last(): null

19-09-2025T15:07:26 - [TEST_STEP][PASSED] - testCaseStatus = testCaseContext.getTestCaseStatus(): null

19-09-2025T15:07:26 - [TEST_STEP][PASSED] - println(testCaseStatus): null

19-09-2025T15:07:26 - [TEST_STEP][PASSED] - StatusMap = DependencyHandler.getStatusMap(): null

19-09-2025T15:07:26 - [TEST_STEP][PASSED] - if (StatusMap.containsKey(testCaseName)): null

19-09-2025T15:07:26 - [TEST_STEP][PASSED] - try: null

19-09-2025T15:07:26 - [TEST_STEP][PASSED] - driver = getWebDriver(): null

19-09-2025T15:07:26 - [TEST_STEP][PASSED] - catch (Exception e): null

19-09-2025T15:07:26 - [TEST_STEP][PASSED] - println(⚠️ Error while closing browser: $e.message): null]]></system-out>
         <system-err><![CDATA[]]></system-err>
      </testcase>
      <testcase name="Test Cases/API_Testing/TC02_updatingCred_Api" time="0.399" classname="Test Cases/API_Testing/TC02_updatingCred_Api" status="ERROR">
         <properties>
            <property name="data_binding"><![CDATA[{"(Default) jsonF...":"Include/Data Files/login_data.json"}]]></property>
         </properties>
         <error type="ERROR" message="Test Cases/API_Testing/TC02_updatingCred_Api FAILED.&#xa;Reason:&#xa;groovy.lang.MissingMethodException: No signature of method: static com.kms.katalon.core.webservice.keyword.WSBuiltInKeywords.validateJsonAgainstSchema() is applicable for argument types: (org.apache.groovy.json.internal.LazyMap, LinkedHashMap) values: [[id:3, email:alicesmith.38@gmail.com, password:NewPassword@456, verification_text:My Acc], ...]&#xa;Possible solutions: validateJsonAgainstSchema(com.kms.katalon.core.testobject.ResponseObject, java.lang.String), validateJsonAgainstSchema(java.lang.String, java.lang.String), validateJsonAgainstSchema(com.kms.katalon.core.testobject.ResponseObject, java.lang.String, com.kms.katalon.core.model.FailureHandling), validateJsonAgainstSchema(java.lang.String, java.lang.String, com.kms.katalon.core.model.FailureHandling)&#xa;	at TC02_updatingCred_Api.run(TC02_updatingCred_Api:45)&#xa;	at com.kms.katalon.core.main.ScriptEngine.run(ScriptEngine.java:194)&#xa;	at com.kms.katalon.core.main.ScriptEngine.runScriptAsRawText(ScriptEngine.java:119)&#xa;	at com.kms.katalon.core.main.TestCaseExecutor.runScript(TestCaseExecutor.java:486)&#xa;	at com.kms.katalon.core.main.TestCaseExecutor.doExecute(TestCaseExecutor.java:477)&#xa;	at com.kms.katalon.core.main.TestCaseExecutor.processExecutionPhase(TestCaseExecutor.java:456)&#xa;	at com.kms.katalon.core.main.TestCaseExecutor.accessMainPhase(TestCaseExecutor.java:448)&#xa;	at com.kms.katalon.core.main.TestCaseExecutor.execute(TestCaseExecutor.java:322)&#xa;	at com.kms.katalon.core.main.TestCaseExecutor.execute(TestCaseExecutor.java:406)&#xa;	at com.kms.katalon.core.main.TestCaseExecutor.execute(TestCaseExecutor.java:406)&#xa;	at com.kms.katalon.core.main.TestCaseExecutor.execute(TestCaseExecutor.java:406)&#xa;	at com.kms.katalon.core.common.CommonExecutor.accessTestCaseMainPhase(CommonExecutor.java:71)&#xa;	at com.kms.katalon.core.main.TestSuiteExecutor.accessTestSuiteMainPhase(TestSuiteExecutor.java:145)&#xa;	at com.kms.katalon.core.main.TestSuiteExecutor.execute(TestSuiteExecutor.java:104)&#xa;	at com.kms.katalon.core.main.TestCaseMain.startTestSuite(TestCaseMain.java:205)&#xa;	at TempTestSuite1758274585526.run(TempTestSuite1758274585526.groovy:35)&#xa;	at java.base/jdk.internal.reflect.NativeMethodAccessorImpl.invoke0(Native Method)&#xa;	at java.base/jdk.internal.reflect.NativeMethodAccessorImpl.invoke(NativeMethodAccessorImpl.java:77)&#xa;	at java.base/jdk.internal.reflect.DelegatingMethodAccessorImpl.invoke(DelegatingMethodAccessorImpl.java:43)&#xa;"/>
         <system-out><![CDATA[19-09-2025T15:07:28 - [TEST_CASE][ERROR] - Test Cases/API_Testing/TC02_updatingCred_Api: Test Cases/API_Testing/TC02_updatingCred_Api FAILED.
Reason:
groovy.lang.MissingMethodException: No signature of method: static com.kms.katalon.core.webservice.keyword.WSBuiltInKeywords.validateJsonAgainstSchema() is applicable for argument types: (org.apache.groovy.json.internal.LazyMap, LinkedHashMap) values: [[id:3, email:alicesmith.38@gmail.com, password:NewPassword@456, verification_text:My Acc], ...]
Possible solutions: validateJsonAgainstSchema(com.kms.katalon.core.testobject.ResponseObject, java.lang.String), validateJsonAgainstSchema(java.lang.String, java.lang.String), validateJsonAgainstSchema(com.kms.katalon.core.testobject.ResponseObject, java.lang.String, com.kms.katalon.core.model.FailureHandling), validateJsonAgainstSchema(java.lang.String, java.lang.String, com.kms.katalon.core.model.FailureHandling)
	at TC02_updatingCred_Api.run(TC02_updatingCred_Api:45)
	at com.kms.katalon.core.main.ScriptEngine.run(ScriptEngine.java:194)
	at com.kms.katalon.core.main.ScriptEngine.runScriptAsRawText(ScriptEngine.java:119)
	at com.kms.katalon.core.main.TestCaseExecutor.runScript(TestCaseExecutor.java:486)
	at com.kms.katalon.core.main.TestCaseExecutor.doExecute(TestCaseExecutor.java:477)
	at com.kms.katalon.core.main.TestCaseExecutor.processExecutionPhase(TestCaseExecutor.java:456)
	at com.kms.katalon.core.main.TestCaseExecutor.accessMainPhase(TestCaseExecutor.java:448)
	at com.kms.katalon.core.main.TestCaseExecutor.execute(TestCaseExecutor.java:322)
	at com.kms.katalon.core.main.TestCaseExecutor.execute(TestCaseExecutor.java:406)
	at com.kms.katalon.core.main.TestCaseExecutor.execute(TestCaseExecutor.java:406)
	at com.kms.katalon.core.main.TestCaseExecutor.execute(TestCaseExecutor.java:406)
	at com.kms.katalon.core.common.CommonExecutor.accessTestCaseMainPhase(CommonExecutor.java:71)
	at com.kms.katalon.core.main.TestSuiteExecutor.accessTestSuiteMainPhase(TestSuiteExecutor.java:145)
	at com.kms.katalon.core.main.TestSuiteExecutor.execute(TestSuiteExecutor.java:104)
	at com.kms.katalon.core.main.TestCaseMain.startTestSuite(TestCaseMain.java:205)
	at TempTestSuite1758274585526.run(TempTestSuite1758274585526.groovy:35)
	at java.base/jdk.internal.reflect.NativeMethodAccessorImpl.invoke0(Native Method)
	at java.base/jdk.internal.reflect.NativeMethodAccessorImpl.invoke(NativeMethodAccessorImpl.java:77)
	at java.base/jdk.internal.reflect.DelegatingMethodAccessorImpl.invoke(DelegatingMethodAccessorImpl.java:43)


19-09-2025T15:07:28 - [TEST_STEP][PASSED] - Start listener action : beforeTestCase: null

19-09-2025T15:07:28 - [TEST_STEP][PASSED] - testCaseId = testCaseContext.getTestCaseId(): null

19-09-2025T15:07:28 - [TEST_STEP][PASSED] - testCaseName = split("/").last(): null

19-09-2025T15:07:28 - [TEST_STEP][PASSED] - if (toLowerCase().endsWith("api")): null

19-09-2025T15:07:28 - [TEST_STEP][PASSED] - println(ℹ️ Skipping browser launch for API test case: $testCaseName): null

19-09-2025T15:07:28 - [TEST_STEP][PASSED] - return null: null

19-09-2025T15:07:28 - [TEST_STEP][PASSED] - credentialId = JsonFileReader.getJsonData("postData", "CredentialId", jsonFilePath): null

19-09-2025T15:07:28 - [TEST_STEP][PASSED] - logInfo("Sending PATCH request to /credentials/" + credentialId + " to update password"): Sending PATCH request to /credentials/3 to update password

19-09-2025T15:07:28 - [MESSAGE][INFO] - Sending PATCH request to /credentials/3 to update password

19-09-2025T15:07:28 - [TEST_STEP][PASSED] - patchPayload = JsonOutput.toJson(["password":"NewPassword@456"]): null

19-09-2025T15:07:28 - [TEST_STEP][PASSED] - patchResponse = ApiKeywords.sendPatch("/credentials/" + credentialId, patchPayload): Send request successfully

19-09-2025T15:07:28 - [MESSAGE][INFO] - HAR: C:\Users\10835442\Katalon Studio\Luma\Reports\20250919_150625\API_Testcases\20250919_150625\requests\main\PATCH_Generic_4.har

19-09-2025T15:07:28 - [MESSAGE][PASSED] - Send request successfully

19-09-2025T15:07:28 - [TEST_STEP][PASSED] - verifyResponseStatusCode(patchResponse, 200): Verify response status code successfully

19-09-2025T15:07:28 - [MESSAGE][PASSED] - Verify response status code successfully

19-09-2025T15:07:28 - [TEST_STEP][PASSED] - schema = ["type":"object", "properties":["password":["type":"string"]], "required":["password"]]: null

19-09-2025T15:07:28 - [TEST_STEP][PASSED] - println(patchResponse.getResponseBodyContent()): null

19-09-2025T15:07:28 - [TEST_STEP][PASSED] - jsonResponse = JsonSlurper().parseText(patchResponse.getResponseBodyContent()): null

19-09-2025T15:07:28 - [TEST_STEP][ERROR] - validateJsonAgainstSchema(jsonResponse, schema): Test Cases/API_Testing/TC02_updatingCred_Api FAILED.
Reason:
groovy.lang.MissingMethodException: No signature of method: static com.kms.katalon.core.webservice.keyword.WSBuiltInKeywords.validateJsonAgainstSchema() is applicable for argument types: (org.apache.groovy.json.internal.LazyMap, LinkedHashMap) values: [[id:3, email:alicesmith.38@gmail.com, password:NewPassword@456, verification_text:My Acc], ...]
Possible solutions: validateJsonAgainstSchema(com.kms.katalon.core.testobject.ResponseObject, java.lang.String), validateJsonAgainstSchema(java.lang.String, java.lang.String), validateJsonAgainstSchema(com.kms.katalon.core.testobject.ResponseObject, java.lang.String, com.kms.katalon.core.model.FailureHandling), validateJsonAgainstSchema(java.lang.String, java.lang.String, com.kms.katalon.core.model.FailureHandling)
	at TC02_updatingCred_Api.run(TC02_updatingCred_Api:45)
	at com.kms.katalon.core.main.ScriptEngine.run(ScriptEngine.java:194)
	at com.kms.katalon.core.main.ScriptEngine.runScriptAsRawText(ScriptEngine.java:119)
	at com.kms.katalon.core.main.TestCaseExecutor.runScript(TestCaseExecutor.java:486)
	at com.kms.katalon.core.main.TestCaseExecutor.doExecute(TestCaseExecutor.java:477)
	at com.kms.katalon.core.main.TestCaseExecutor.processExecutionPhase(TestCaseExecutor.java:456)
	at com.kms.katalon.core.main.TestCaseExecutor.accessMainPhase(TestCaseExecutor.java:448)
	at com.kms.katalon.core.main.TestCaseExecutor.execute(TestCaseExecutor.java:322)
	at com.kms.katalon.core.main.TestCaseExecutor.execute(TestCaseExecutor.java:406)
	at com.kms.katalon.core.main.TestCaseExecutor.execute(TestCaseExecutor.java:406)
	at com.kms.katalon.core.main.TestCaseExecutor.execute(TestCaseExecutor.java:406)
	at com.kms.katalon.core.common.CommonExecutor.accessTestCaseMainPhase(CommonExecutor.java:71)
	at com.kms.katalon.core.main.TestSuiteExecutor.accessTestSuiteMainPhase(TestSuiteExecutor.java:145)
	at com.kms.katalon.core.main.TestSuiteExecutor.execute(TestSuiteExecutor.java:104)
	at com.kms.katalon.core.main.TestCaseMain.startTestSuite(TestCaseMain.java:205)
	at TempTestSuite1758274585526.run(TempTestSuite1758274585526.groovy:35)
	at java.base/jdk.internal.reflect.NativeMethodAccessorImpl.invoke0(Native Method)
	at java.base/jdk.internal.reflect.NativeMethodAccessorImpl.invoke(NativeMethodAccessorImpl.java:77)
	at java.base/jdk.internal.reflect.DelegatingMethodAccessorImpl.invoke(DelegatingMethodAccessorImpl.java:43)


19-09-2025T15:07:28 - [MESSAGE][ERROR] - Test Cases/API_Testing/TC02_updatingCred_Api FAILED.
Reason:
groovy.lang.MissingMethodException: No signature of method: static com.kms.katalon.core.webservice.keyword.WSBuiltInKeywords.validateJsonAgainstSchema() is applicable for argument types: (org.apache.groovy.json.internal.LazyMap, LinkedHashMap) values: [[id:3, email:alicesmith.38@gmail.com, password:NewPassword@456, verification_text:My Acc], ...]
Possible solutions: validateJsonAgainstSchema(com.kms.katalon.core.testobject.ResponseObject, java.lang.String), validateJsonAgainstSchema(java.lang.String, java.lang.String), validateJsonAgainstSchema(com.kms.katalon.core.testobject.ResponseObject, java.lang.String, com.kms.katalon.core.model.FailureHandling), validateJsonAgainstSchema(java.lang.String, java.lang.String, com.kms.katalon.core.model.FailureHandling)
	at TC02_updatingCred_Api.run(TC02_updatingCred_Api:45)
	at com.kms.katalon.core.main.ScriptEngine.run(ScriptEngine.java:194)
	at com.kms.katalon.core.main.ScriptEngine.runScriptAsRawText(ScriptEngine.java:119)
	at com.kms.katalon.core.main.TestCaseExecutor.runScript(TestCaseExecutor.java:486)
	at com.kms.katalon.core.main.TestCaseExecutor.doExecute(TestCaseExecutor.java:477)
	at com.kms.katalon.core.main.TestCaseExecutor.processExecutionPhase(TestCaseExecutor.java:456)
	at com.kms.katalon.core.main.TestCaseExecutor.accessMainPhase(TestCaseExecutor.java:448)
	at com.kms.katalon.core.main.TestCaseExecutor.execute(TestCaseExecutor.java:322)
	at com.kms.katalon.core.main.TestCaseExecutor.execute(TestCaseExecutor.java:406)
	at com.kms.katalon.core.main.TestCaseExecutor.execute(TestCaseExecutor.java:406)
	at com.kms.katalon.core.main.TestCaseExecutor.execute(TestCaseExecutor.java:406)
	at com.kms.katalon.core.common.CommonExecutor.accessTestCaseMainPhase(CommonExecutor.java:71)
	at com.kms.katalon.core.main.TestSuiteExecutor.accessTestSuiteMainPhase(TestSuiteExecutor.java:145)
	at com.kms.katalon.core.main.TestSuiteExecutor.execute(TestSuiteExecutor.java:104)
	at com.kms.katalon.core.main.TestCaseMain.startTestSuite(TestCaseMain.java:205)
	at TempTestSuite1758274585526.run(TempTestSuite1758274585526.groovy:35)
	at java.base/jdk.internal.reflect.NativeMethodAccessorImpl.invoke0(Native Method)
	at java.base/jdk.internal.reflect.NativeMethodAccessorImpl.invoke(NativeMethodAccessorImpl.java:77)
	at java.base/jdk.internal.reflect.DelegatingMethodAccessorImpl.invoke(DelegatingMethodAccessorImpl.java:43)


19-09-2025T15:07:28 - [TEST_STEP][PASSED] - Start listener action : closeTheBrowser: null

19-09-2025T15:07:28 - [TEST_STEP][PASSED] - testCaseId = testCaseContext.getTestCaseId(): null

19-09-2025T15:07:28 - [TEST_STEP][PASSED] - testCaseName = split("/").last(): null

19-09-2025T15:07:28 - [TEST_STEP][PASSED] - testCaseStatus = testCaseContext.getTestCaseStatus(): null

19-09-2025T15:07:28 - [TEST_STEP][PASSED] - println(testCaseStatus): null

19-09-2025T15:07:28 - [TEST_STEP][PASSED] - StatusMap = DependencyHandler.getStatusMap(): null

19-09-2025T15:07:28 - [TEST_STEP][PASSED] - if (StatusMap.containsKey(testCaseName)): null

19-09-2025T15:07:28 - [TEST_STEP][PASSED] - try: null

19-09-2025T15:07:28 - [TEST_STEP][PASSED] - driver = getWebDriver(): null

19-09-2025T15:07:28 - [TEST_STEP][PASSED] - catch (Exception e): null

19-09-2025T15:07:28 - [TEST_STEP][PASSED] - println(⚠️ Error while closing browser: $e.message): null]]></system-out>
         <system-err><![CDATA[19-09-2025T15:07:28 - [TEST_CASE][ERROR] - Test Cases/API_Testing/TC02_updatingCred_Api: Test Cases/API_Testing/TC02_updatingCred_Api FAILED.
Reason:
groovy.lang.MissingMethodException: No signature of method: static com.kms.katalon.core.webservice.keyword.WSBuiltInKeywords.validateJsonAgainstSchema() is applicable for argument types: (org.apache.groovy.json.internal.LazyMap, LinkedHashMap) values: [[id:3, email:alicesmith.38@gmail.com, password:NewPassword@456, verification_text:My Acc], ...]
Possible solutions: validateJsonAgainstSchema(com.kms.katalon.core.testobject.ResponseObject, java.lang.String), validateJsonAgainstSchema(java.lang.String, java.lang.String), validateJsonAgainstSchema(com.kms.katalon.core.testobject.ResponseObject, java.lang.String, com.kms.katalon.core.model.FailureHandling), validateJsonAgainstSchema(java.lang.String, java.lang.String, com.kms.katalon.core.model.FailureHandling)
	at TC02_updatingCred_Api.run(TC02_updatingCred_Api:45)
	at com.kms.katalon.core.main.ScriptEngine.run(ScriptEngine.java:194)
	at com.kms.katalon.core.main.ScriptEngine.runScriptAsRawText(ScriptEngine.java:119)
	at com.kms.katalon.core.main.TestCaseExecutor.runScript(TestCaseExecutor.java:486)
	at com.kms.katalon.core.main.TestCaseExecutor.doExecute(TestCaseExecutor.java:477)
	at com.kms.katalon.core.main.TestCaseExecutor.processExecutionPhase(TestCaseExecutor.java:456)
	at com.kms.katalon.core.main.TestCaseExecutor.accessMainPhase(TestCaseExecutor.java:448)
	at com.kms.katalon.core.main.TestCaseExecutor.execute(TestCaseExecutor.java:322)
	at com.kms.katalon.core.main.TestCaseExecutor.execute(TestCaseExecutor.java:406)
	at com.kms.katalon.core.main.TestCaseExecutor.execute(TestCaseExecutor.java:406)
	at com.kms.katalon.core.main.TestCaseExecutor.execute(TestCaseExecutor.java:406)
	at com.kms.katalon.core.common.CommonExecutor.accessTestCaseMainPhase(CommonExecutor.java:71)
	at com.kms.katalon.core.main.TestSuiteExecutor.accessTestSuiteMainPhase(TestSuiteExecutor.java:145)
	at com.kms.katalon.core.main.TestSuiteExecutor.execute(TestSuiteExecutor.java:104)
	at com.kms.katalon.core.main.TestCaseMain.startTestSuite(TestCaseMain.java:205)
	at TempTestSuite1758274585526.run(TempTestSuite1758274585526.groovy:35)
	at java.base/jdk.internal.reflect.NativeMethodAccessorImpl.invoke0(Native Method)
	at java.base/jdk.internal.reflect.NativeMethodAccessorImpl.invoke(NativeMethodAccessorImpl.java:77)
	at java.base/jdk.internal.reflect.DelegatingMethodAccessorImpl.invoke(DelegatingMethodAccessorImpl.java:43)]]></system-err>
      </testcase>
      <testcase name="Test Cases/API_Testing/TC03_gettingCredFromServer_Api" time="0.955" classname="Test Cases/API_Testing/TC03_gettingCredFromServer_Api" status="PASSED">
         <properties>
            <property name="data_binding"><![CDATA[{"(Default) maste...":"Include/Data Files/MasterSchema.json","(Default) jsonF...":"Include/Data Files/login_data.json"}]]></property>
         </properties>
         <system-out><![CDATA[19-09-2025T15:07:28 - [TEST_CASE][PASSED] - Test Cases/API_Testing/TC03_gettingCredFromServer_Api: Test Cases/API_Testing/TC03_gettingCredFromServer_Api

19-09-2025T15:07:28 - [TEST_STEP][PASSED] - Start listener action : beforeTestCase: null

19-09-2025T15:07:28 - [TEST_STEP][PASSED] - testCaseId = testCaseContext.getTestCaseId(): null

19-09-2025T15:07:28 - [TEST_STEP][PASSED] - testCaseName = split("/").last(): null

19-09-2025T15:07:28 - [TEST_STEP][PASSED] - if (toLowerCase().endsWith("api")): null

19-09-2025T15:07:28 - [TEST_STEP][PASSED] - println(ℹ️ Skipping browser launch for API test case: $testCaseName): null

19-09-2025T15:07:28 - [TEST_STEP][PASSED] - return null: null

19-09-2025T15:07:29 - [TEST_STEP][PASSED] - credentialId = JsonFileReader.getJsonData("postData", "CredentialId", jsonFilePath): null

19-09-2025T15:07:29 - [TEST_STEP][PASSED] - logInfo("Sending GET request to /credentials/" + credentialId): Sending GET request to /credentials/3

19-09-2025T15:07:29 - [MESSAGE][INFO] - Sending GET request to /credentials/3

19-09-2025T15:07:29 - [TEST_STEP][PASSED] - getResponse = ApiKeywords.sendGet("/credentials/" + credentialId): Send request successfully

19-09-2025T15:07:29 - [MESSAGE][INFO] - HAR: C:\Users\10835442\Katalon Studio\Luma\Reports\20250919_150625\API_Testcases\20250919_150625\requests\main\GET_Generic_5.har

19-09-2025T15:07:29 - [MESSAGE][PASSED] - Send request successfully

19-09-2025T15:07:29 - [TEST_STEP][PASSED] - verifyResponseStatusCode(getResponse, 200): Verify response status code successfully

19-09-2025T15:07:29 - [MESSAGE][PASSED] - Verify response status code successfully

19-09-2025T15:07:29 - [TEST_STEP][PASSED] - logInfo("GET response status code verified as 200"): GET response status code verified as 200

19-09-2025T15:07:29 - [MESSAGE][INFO] - GET response status code verified as 200

19-09-2025T15:07:29 - [TEST_STEP][PASSED] - getResponseBody = getResponse.getResponseBodyContent(): null

19-09-2025T15:07:29 - [TEST_STEP][PASSED] - validateJsonAgainstSchema(getResponseBody, JsonOutput.toJson(JsonFileReader.getSectionData("postResponse", masterSchemaFilePath))): Validate with JSON Schema successfully

19-09-2025T15:07:29 - [MESSAGE][PASSED] - Validate with JSON Schema successfully

19-09-2025T15:07:29 - [TEST_STEP][PASSED] - markPassed("GET response schema validation passed"): GET response schema validation passed

19-09-2025T15:07:29 - [MESSAGE][PASSED] - GET response schema validation passed

19-09-2025T15:07:29 - [TEST_STEP][PASSED] - logInfo("Sending POST request to /credentials/ to replace full credential"): Sending POST request to /credentials/ to replace full credential

19-09-2025T15:07:29 - [MESSAGE][INFO] - Sending POST request to /credentials/ to replace full credential

19-09-2025T15:07:29 - [TEST_STEP][PASSED] - postResponse = ApiKeywords.sendPost("/credentials", getResponseBody): Send request successfully

19-09-2025T15:07:29 - [MESSAGE][INFO] - HAR: C:\Users\10835442\Katalon Studio\Luma\Reports\20250919_150625\API_Testcases\20250919_150625\requests\main\POST_Generic_6.har

19-09-2025T15:07:29 - [MESSAGE][PASSED] - Send request successfully

19-09-2025T15:07:29 - [TEST_STEP][PASSED] - verifyResponseStatusCode(postResponse, 201): Verify response status code successfully

19-09-2025T15:07:29 - [MESSAGE][PASSED] - Verify response status code successfully

19-09-2025T15:07:29 - [TEST_STEP][PASSED] - validateJsonAgainstSchema(postResponse.getResponseBodyContent(), JsonOutput.toJson(JsonFileReader.getSectionData("postResponse", masterSchemaFilePath))): Validate with JSON Schema successfully

19-09-2025T15:07:29 - [MESSAGE][PASSED] - Validate with JSON Schema successfully

19-09-2025T15:07:29 - [TEST_STEP][PASSED] - markPassed("POST full credential successfully and schema validated"): POST full credential successfully and schema validated

19-09-2025T15:07:29 - [MESSAGE][PASSED] - POST full credential successfully and schema validated

19-09-2025T15:07:29 - [TEST_STEP][PASSED] - Start listener action : closeTheBrowser: null

19-09-2025T15:07:29 - [TEST_STEP][PASSED] - testCaseId = testCaseContext.getTestCaseId(): null

19-09-2025T15:07:29 - [TEST_STEP][PASSED] - testCaseName = split("/").last(): null

19-09-2025T15:07:29 - [TEST_STEP][PASSED] - testCaseStatus = testCaseContext.getTestCaseStatus(): null

19-09-2025T15:07:29 - [TEST_STEP][PASSED] - println(testCaseStatus): null

19-09-2025T15:07:29 - [TEST_STEP][PASSED] - StatusMap = DependencyHandler.getStatusMap(): null

19-09-2025T15:07:29 - [TEST_STEP][PASSED] - if (StatusMap.containsKey(testCaseName)): null

19-09-2025T15:07:29 - [TEST_STEP][PASSED] - try: null

19-09-2025T15:07:29 - [TEST_STEP][PASSED] - driver = getWebDriver(): null

19-09-2025T15:07:29 - [TEST_STEP][PASSED] - catch (Exception e): null

19-09-2025T15:07:29 - [TEST_STEP][PASSED] - println(⚠️ Error while closing browser: $e.message): null]]></system-out>
         <system-err><![CDATA[]]></system-err>
      </testcase>
      <system-out><![CDATA[19-09-2025T15:06:32 - [TEST_SUITE][ERROR] - API_Testcases: null]]></system-out>
      <system-err><![CDATA[19-09-2025T15:06:32 - [TEST_SUITE][ERROR] - API_Testcases: null]]></system-err>
   </testsuite>
</testsuites>
