2025-09-10 15:06:12.758 INFO  c.k.katalon.core.main.TestSuiteExecutor  - START Test Suites/DependentTestcase
2025-09-10 15:06:12.934 INFO  c.k.katalon.core.main.TestSuiteExecutor  - userFullName = Abinesh R
2025-09-10 15:06:12.935 INFO  c.k.katalon.core.main.TestSuiteExecutor  - projectName = Luma
2025-09-10 15:06:12.936 INFO  c.k.katalon.core.main.TestSuiteExecutor  - hostName = 10835442 - 10.235.139.20
2025-09-10 15:06:12.937 INFO  c.k.katalon.core.main.TestSuiteExecutor  - os = Windows 11 64bit
2025-09-10 15:06:12.938 INFO  c.k.katalon.core.main.TestSuiteExecutor  - hostAddress = 10.235.139.20
2025-09-10 15:06:12.940 INFO  c.k.katalon.core.main.TestSuiteExecutor  - katalonVersion = 10.3.1.0
2025-09-10 15:06:13.709 INFO  c.k.katalon.core.main.TestCaseExecutor   - --------------------
2025-09-10 15:06:13.710 INFO  c.k.katalon.core.main.TestCaseExecutor   - START Test Cases/TC_SignIn_Success
2025-09-10 15:06:13.899 INFO  c.k.katalon.core.main.TestCaseExecutor   - (Default) filepath = Include/Data Files/login_data.json
2025-09-10 15:06:13.925 INFO  c.k.katalon.core.main.TestCaseExecutor   - (Default) section = loginPage
2025-09-10 15:06:14.476 INFO  c.k.k.core.webui.driver.DriverFactory    - Starting 'Chrome' driver
2025-09-10 15:06:14.593 INFO  c.k.k.core.webui.driver.DriverFactory    - Action delay is set to 0 milliseconds
Sep 10, 2025 3:06:18 PM org.openqa.selenium.devtools.CdpVersionFinder findNearestMatch
WARNING: Unable to find an exact match for CDP version 140, returning the closest version; found: 138; Please update to a Selenium version that supports CDP version 140
2025-09-10 15:06:19.473 INFO  c.k.k.core.webui.driver.DriverFactory    - sessionId = e6315848622007b6b4bb09b0f78d593f
2025-09-10 15:06:19.477 INFO  c.k.k.core.webui.driver.DriverFactory    - browser = Chrome 140.0.7339.81
2025-09-10 15:06:19.479 INFO  c.k.k.core.webui.driver.DriverFactory    - platform = Windows 11
2025-09-10 15:06:19.480 INFO  c.k.k.core.webui.driver.DriverFactory    - seleniumVersion = 4.28.1
2025-09-10 15:06:19.497 INFO  c.k.k.core.webui.driver.DriverFactory    - proxyInformation = ProxyInformation { proxyOption=NO_PROXY, proxyServerType=HTTP, username=, password=********, proxyServerAddress=, proxyServerPort=0, executionList="", isApplyToDesiredCapabilities=true }
2025-09-10 15:06:27.325 DEBUG testcase.TC_SignIn_Success               - 1: try
2025-09-10 15:06:27.328 DEBUG testcase.TC_SignIn_Success               - 1: ExtentManager.initReport("LoginTestReport")
2025-09-10 15:06:29.745 DEBUG testcase.TC_SignIn_Success               - 2: ExtentManager.createTest("Login Test")
2025-09-10 15:06:29.770 DEBUG testcase.TC_SignIn_Success               - 3: ExtentManager.logInfo("Navigating to the sign in page")
2025-09-10 15:06:29.851 DEBUG testcase.TC_SignIn_Success               - 4: pages.HomePage.navigateToAccountPage(STOP_ON_FAILURE)
2025-09-10 15:06:34.964 INFO  k.k.c.m.CustomKeywordDelegatingMetaClass - pages.HomePage.navigateToAccountPage is PASSED
2025-09-10 15:06:34.968 DEBUG testcase.TC_SignIn_Success               - 5: ExtentManager.logPass("Navigated to the sign in page")
2025-09-10 15:06:34.977 DEBUG testcase.TC_SignIn_Success               - 6: ExtentManager.logInfo("Signing into the account")
2025-09-10 15:06:34.982 DEBUG testcase.TC_SignIn_Success               - 7: loginFields = [["id":"input-email", "jsonKey":"email"], ["id":"input-password", "jsonKey":"password"]]
2025-09-10 15:06:34.986 DEBUG testcase.TC_SignIn_Success               - 8: loginFields.each({ -> ... })
2025-09-10 15:06:36.610 INFO  k.k.c.m.CustomKeywordDelegatingMetaClass - pages.LoginPage.inputField is PASSED
2025-09-10 15:06:38.021 INFO  k.k.c.m.CustomKeywordDelegatingMetaClass - pages.LoginPage.inputField is PASSED
2025-09-10 15:06:38.026 DEBUG testcase.TC_SignIn_Success               - 9: pages.LoginPage.clickOnLoginButton(findTestObject("Object Repository/LoginPage/Login_button"), STOP_ON_FAILURE)
2025-09-10 15:06:42.078 INFO  k.k.c.m.CustomKeywordDelegatingMetaClass - pages.LoginPage.clickOnLoginButton is PASSED
2025-09-10 15:06:42.081 DEBUG testcase.TC_SignIn_Success               - 10: ExtentManager.logPass("Signed into the account")
2025-09-10 15:06:42.087 DEBUG testcase.TC_SignIn_Success               - 11: ExtentManager.logInfo("Verifying My Account")
2025-09-10 15:06:42.097 DEBUG testcase.TC_SignIn_Success               - 12: pages.AccountPage.verifyMyAccount(findTestObject("Object Repository/AccountPage/my_Account_verification"), JsonFileReader.getJsonData(section, "verification_text", filepath), STOP_ON_FAILURE)
2025-09-10 15:06:43.105 ERROR c.k.k.core.keyword.internal.KeywordMain  - ❌ Actual text 'My Account' and expected text 'MyAcc' of test object 'Object Repository/AccountPage/my_Account_verification' are NOT matched. (Root cause: com.kms.katalon.core.exception.StepFailedException: Actual text 'My Account' and expected text 'MyAcc' of test object 'Object Repository/AccountPage/my_Account_verification' are NOT matched.
	at com.kms.katalon.core.webui.keyword.internal.WebUIKeywordMain.stepFailed(WebUIKeywordMain.groovy:175)
	at com.kms.katalon.core.webui.keyword.builtin.VerifyElementTextKeyword$_verifyElementText_closure1.doCall(VerifyElementTextKeyword.groovy:63)
	at com.kms.katalon.core.webui.keyword.builtin.VerifyElementTextKeyword$_verifyElementText_closure1.call(VerifyElementTextKeyword.groovy)
	at com.kms.katalon.core.webui.keyword.internal.WebUIKeywordMain.runKeyword(WebUIKeywordMain.groovy:41)
	at com.kms.katalon.core.webui.keyword.builtin.VerifyElementTextKeyword.verifyElementText(VerifyElementTextKeyword.groovy:78)
	at com.kms.katalon.core.webui.keyword.builtin.VerifyElementTextKeyword.execute(VerifyElementTextKeyword.groovy:39)
	at com.kms.katalon.core.keyword.internal.KeywordExecutor.executeKeywordForPlatform(KeywordExecutor.groovy:79)
	at com.kms.katalon.core.webui.keyword.WebUiBuiltInKeywords.verifyElementText(WebUiBuiltInKeywords.groovy:5003)
	at utils.Helper.verifyText(Helper.groovy:100)
	at pages.AccountPage.verifyMyAccount(AccountPage.groovy:28)
	at java.base/jdk.internal.reflect.NativeMethodAccessorImpl.invoke0(Native Method)
	at java.base/jdk.internal.reflect.NativeMethodAccessorImpl.invoke(NativeMethodAccessorImpl.java:77)
	at java.base/jdk.internal.reflect.DelegatingMethodAccessorImpl.invoke(DelegatingMethodAccessorImpl.java:43)
	at com.kms.katalon.core.main.CustomKeywordDelegatingMetaClass.invokeStaticMethod(CustomKeywordDelegatingMetaClass.java:55)
	at TC_SignIn_Success.run(TC_SignIn_Success:55)
	at com.kms.katalon.core.main.ScriptEngine.run(ScriptEngine.java:194)
	at com.kms.katalon.core.main.ScriptEngine.runScriptAsRawText(ScriptEngine.java:119)
	at com.kms.katalon.core.main.TestCaseExecutor.runScript(TestCaseExecutor.java:486)
	at com.kms.katalon.core.main.TestCaseExecutor.doExecute(TestCaseExecutor.java:477)
	at com.kms.katalon.core.main.TestCaseExecutor.processExecutionPhase(TestCaseExecutor.java:456)
	at com.kms.katalon.core.main.TestCaseExecutor.accessMainPhase(TestCaseExecutor.java:448)
	at com.kms.katalon.core.main.TestCaseExecutor.execute(TestCaseExecutor.java:322)
	at com.kms.katalon.core.common.CommonExecutor.accessTestCaseMainPhase(CommonExecutor.java:71)
	at com.kms.katalon.core.main.TestSuiteExecutor.accessTestSuiteMainPhase(TestSuiteExecutor.java:145)
	at com.kms.katalon.core.main.TestSuiteExecutor.execute(TestSuiteExecutor.java:104)
	at com.kms.katalon.core.main.TestCaseMain.startTestSuite(TestCaseMain.java:205)
	at TempTestSuite1757496966612.run(TempTestSuite1757496966612.groovy:35)
	at java.base/jdk.internal.reflect.NativeMethodAccessorImpl.invoke0(Native Method)
	at java.base/jdk.internal.reflect.NativeMethodAccessorImpl.invoke(NativeMethodAccessorImpl.java:77)
	at java.base/jdk.internal.reflect.DelegatingMethodAccessorImpl.invoke(DelegatingMethodAccessorImpl.java:43)
)
2025-09-10 15:06:43.299 ERROR c.k.k.core.keyword.internal.KeywordMain  - ❌ Verify element text of test object 'Object Repository/AccountPage/my_Account_verification' FAILED. (Root cause: com.kms.katalon.core.exception.StepFailedException: Verify element text of test object 'Object Repository/AccountPage/my_Account_verification' FAILED.
	at com.kms.katalon.core.webui.keyword.internal.WebUIKeywordMain.stepFailed(WebUIKeywordMain.groovy:175)
	at com.kms.katalon.core.webui.keyword.internal.WebUIKeywordMain.runKeyword(WebUIKeywordMain.groovy:49)
	at com.kms.katalon.core.webui.keyword.builtin.VerifyElementTextKeyword.verifyElementText(VerifyElementTextKeyword.groovy:78)
	at com.kms.katalon.core.webui.keyword.builtin.VerifyElementTextKeyword.execute(VerifyElementTextKeyword.groovy:39)
	at com.kms.katalon.core.keyword.internal.KeywordExecutor.executeKeywordForPlatform(KeywordExecutor.groovy:79)
	at com.kms.katalon.core.webui.keyword.WebUiBuiltInKeywords.verifyElementText(WebUiBuiltInKeywords.groovy:5003)
	at utils.Helper.verifyText(Helper.groovy:100)
	at pages.AccountPage.verifyMyAccount(AccountPage.groovy:28)
	at java.base/jdk.internal.reflect.NativeMethodAccessorImpl.invoke0(Native Method)
	at java.base/jdk.internal.reflect.NativeMethodAccessorImpl.invoke(NativeMethodAccessorImpl.java:77)
	at java.base/jdk.internal.reflect.DelegatingMethodAccessorImpl.invoke(DelegatingMethodAccessorImpl.java:43)
	at com.kms.katalon.core.main.CustomKeywordDelegatingMetaClass.invokeStaticMethod(CustomKeywordDelegatingMetaClass.java:55)
	at TC_SignIn_Success.run(TC_SignIn_Success:55)
	at com.kms.katalon.core.main.ScriptEngine.run(ScriptEngine.java:194)
	at com.kms.katalon.core.main.ScriptEngine.runScriptAsRawText(ScriptEngine.java:119)
	at com.kms.katalon.core.main.TestCaseExecutor.runScript(TestCaseExecutor.java:486)
	at com.kms.katalon.core.main.TestCaseExecutor.doExecute(TestCaseExecutor.java:477)
	at com.kms.katalon.core.main.TestCaseExecutor.processExecutionPhase(TestCaseExecutor.java:456)
	at com.kms.katalon.core.main.TestCaseExecutor.accessMainPhase(TestCaseExecutor.java:448)
	at com.kms.katalon.core.main.TestCaseExecutor.execute(TestCaseExecutor.java:322)
	at com.kms.katalon.core.common.CommonExecutor.accessTestCaseMainPhase(CommonExecutor.java:71)
	at com.kms.katalon.core.main.TestSuiteExecutor.accessTestSuiteMainPhase(TestSuiteExecutor.java:145)
	at com.kms.katalon.core.main.TestSuiteExecutor.execute(TestSuiteExecutor.java:104)
	at com.kms.katalon.core.main.TestCaseMain.startTestSuite(TestCaseMain.java:205)
	at TempTestSuite1757496966612.run(TempTestSuite1757496966612.groovy:35)
	at java.base/jdk.internal.reflect.NativeMethodAccessorImpl.invoke0(Native Method)
	at java.base/jdk.internal.reflect.NativeMethodAccessorImpl.invoke(NativeMethodAccessorImpl.java:77)
	at java.base/jdk.internal.reflect.DelegatingMethodAccessorImpl.invoke(DelegatingMethodAccessorImpl.java:43)
Caused by: com.kms.katalon.core.exception.StepFailedException: Actual text 'My Account' and expected text 'MyAcc' of test object 'Object Repository/AccountPage/my_Account_verification' are NOT matched.
	at com.kms.katalon.core.webui.keyword.internal.WebUIKeywordMain.stepFailed(WebUIKeywordMain.groovy:175)
	at com.kms.katalon.core.webui.keyword.builtin.VerifyElementTextKeyword$_verifyElementText_closure1.doCall(VerifyElementTextKeyword.groovy:63)
	at com.kms.katalon.core.webui.keyword.builtin.VerifyElementTextKeyword$_verifyElementText_closure1.call(VerifyElementTextKeyword.groovy)
	at com.kms.katalon.core.webui.keyword.internal.WebUIKeywordMain.runKeyword(WebUIKeywordMain.groovy:41)
	... 26 more
)
2025-09-10 15:06:43.977 ERROR k.k.c.m.CustomKeywordDelegatingMetaClass - ❌ Verify element text of test object 'Object Repository/AccountPage/my_Account_verification' FAILED.
2025-09-10 15:06:43.981 DEBUG testcase.TC_SignIn_Success               - 2: catch (Exception e)
2025-09-10 15:06:43.985 DEBUG testcase.TC_SignIn_Success               - 1: isSignInPassed = false
2025-09-10 15:06:43.989 DEBUG testcase.TC_SignIn_Success               - 2: ExtentManager.logFail("Signin testcase failed: " + message)
2025-09-10 15:06:44.100 DEBUG testcase.TC_SignIn_Success               - 3: takeScreenshot()
2025-09-10 15:06:44.505 DEBUG testcase.TC_SignIn_Success               - 3: Finally
2025-09-10 15:06:44.509 DEBUG testcase.TC_SignIn_Success               - 1: ExtentManager.flushReport()
2025-09-10 15:06:45.649 ERROR c.k.katalon.core.main.TestCaseExecutor   - ❌ Test Cases/TC_SignIn_Success FAILED.
Reason:
com.kms.katalon.core.exception.StepFailedException: Verify element text of test object 'Object Repository/AccountPage/my_Account_verification' FAILED.
	at com.kms.katalon.core.webui.keyword.internal.WebUIKeywordMain.stepFailed(WebUIKeywordMain.groovy:175)
	at com.kms.katalon.core.webui.keyword.internal.WebUIKeywordMain.runKeyword(WebUIKeywordMain.groovy:49)
	at com.kms.katalon.core.webui.keyword.builtin.VerifyElementTextKeyword.verifyElementText(VerifyElementTextKeyword.groovy:78)
	at com.kms.katalon.core.webui.keyword.builtin.VerifyElementTextKeyword.execute(VerifyElementTextKeyword.groovy:39)
	at com.kms.katalon.core.keyword.internal.KeywordExecutor.executeKeywordForPlatform(KeywordExecutor.groovy:79)
	at com.kms.katalon.core.webui.keyword.WebUiBuiltInKeywords.verifyElementText(WebUiBuiltInKeywords.groovy:5003)
	at utils.Helper.verifyText(Helper.groovy:100)
	at pages.AccountPage.verifyMyAccount(AccountPage.groovy:28)
	at java.base/jdk.internal.reflect.NativeMethodAccessorImpl.invoke0(Native Method)
	at java.base/jdk.internal.reflect.NativeMethodAccessorImpl.invoke(NativeMethodAccessorImpl.java:77)
	at java.base/jdk.internal.reflect.DelegatingMethodAccessorImpl.invoke(DelegatingMethodAccessorImpl.java:43)
	at com.kms.katalon.core.main.CustomKeywordDelegatingMetaClass.invokeStaticMethod(CustomKeywordDelegatingMetaClass.java:55)
	at TC_SignIn_Success.run(TC_SignIn_Success:55)
	at com.kms.katalon.core.main.ScriptEngine.run(ScriptEngine.java:194)
	at com.kms.katalon.core.main.ScriptEngine.runScriptAsRawText(ScriptEngine.java:119)
	at com.kms.katalon.core.main.TestCaseExecutor.runScript(TestCaseExecutor.java:486)
	at com.kms.katalon.core.main.TestCaseExecutor.doExecute(TestCaseExecutor.java:477)
	at com.kms.katalon.core.main.TestCaseExecutor.processExecutionPhase(TestCaseExecutor.java:456)
	at com.kms.katalon.core.main.TestCaseExecutor.accessMainPhase(TestCaseExecutor.java:448)
	at com.kms.katalon.core.main.TestCaseExecutor.execute(TestCaseExecutor.java:322)
	at com.kms.katalon.core.common.CommonExecutor.accessTestCaseMainPhase(CommonExecutor.java:71)
	at com.kms.katalon.core.main.TestSuiteExecutor.accessTestSuiteMainPhase(TestSuiteExecutor.java:145)
	at com.kms.katalon.core.main.TestSuiteExecutor.execute(TestSuiteExecutor.java:104)
	at com.kms.katalon.core.main.TestCaseMain.startTestSuite(TestCaseMain.java:205)
	at TempTestSuite1757496966612.run(TempTestSuite1757496966612.groovy:35)
	at java.base/jdk.internal.reflect.NativeMethodAccessorImpl.invoke0(Native Method)
	at java.base/jdk.internal.reflect.NativeMethodAccessorImpl.invoke(NativeMethodAccessorImpl.java:77)
	at java.base/jdk.internal.reflect.DelegatingMethodAccessorImpl.invoke(DelegatingMethodAccessorImpl.java:43)
Caused by: com.kms.katalon.core.exception.StepFailedException: Actual text 'My Account' and expected text 'MyAcc' of test object 'Object Repository/AccountPage/my_Account_verification' are NOT matched.
	at com.kms.katalon.core.webui.keyword.internal.WebUIKeywordMain.stepFailed(WebUIKeywordMain.groovy:175)
	at com.kms.katalon.core.webui.keyword.builtin.VerifyElementTextKeyword$_verifyElementText_closure1.doCall(VerifyElementTextKeyword.groovy:63)
	at com.kms.katalon.core.webui.keyword.builtin.VerifyElementTextKeyword$_verifyElementText_closure1.call(VerifyElementTextKeyword.groovy)
	at com.kms.katalon.core.webui.keyword.internal.WebUIKeywordMain.runKeyword(WebUIKeywordMain.groovy:41)
	... 26 more

2025-09-10 15:06:46.300 INFO  c.k.katalon.core.main.TestCaseExecutor   - END Test Cases/TC_SignIn_Success
2025-09-10 15:06:46.312 INFO  c.k.katalon.core.main.TestCaseExecutor   - --------------------
2025-09-10 15:06:46.312 INFO  c.k.katalon.core.main.TestCaseExecutor   - START Test Cases/TC_ChangePassword_Success
2025-09-10 15:06:46.368 INFO  c.k.katalon.core.main.TestCaseExecutor   - (Default) filepath = Include/Data Files/login_data.json
2025-09-10 15:06:46.403 INFO  c.k.katalon.core.main.TestCaseExecutor   - (Default) section = changePasswordPage
2025-09-10 15:06:46.413 INFO  c.k.k.core.webui.driver.DriverFactory    - Starting 'Chrome' driver
2025-09-10 15:06:46.417 INFO  c.k.k.core.webui.driver.DriverFactory    - Action delay is set to 0 milliseconds
Sep 10, 2025 3:06:49 PM org.openqa.selenium.devtools.CdpVersionFinder findNearestMatch
WARNING: Unable to find an exact match for CDP version 140, returning the closest version; found: 138; Please update to a Selenium version that supports CDP version 140
2025-09-10 15:06:50.107 INFO  c.k.k.core.webui.driver.DriverFactory    - sessionId = 84c51b38735cbce29058d0b3a40681ee
2025-09-10 15:06:50.108 INFO  c.k.k.core.webui.driver.DriverFactory    - browser = Chrome 140.0.7339.81
2025-09-10 15:06:50.110 INFO  c.k.k.core.webui.driver.DriverFactory    - platform = Windows 11
2025-09-10 15:06:50.111 INFO  c.k.k.core.webui.driver.DriverFactory    - seleniumVersion = 4.28.1
2025-09-10 15:06:50.112 INFO  c.k.k.core.webui.driver.DriverFactory    - proxyInformation = ProxyInformation { proxyOption=NO_PROXY, proxyServerType=HTTP, username=, password=********, proxyServerAddress=, proxyServerPort=0, executionList="", isApplyToDesiredCapabilities=true }
2025-09-10 15:06:56.655 DEBUG testcase.TC_ChangePassword_Success       - 1: DependencyHandler.checkDependency("Sign_In", "ChangePassword")
2025-09-10 15:06:56.877 ERROR c.k.katalon.core.main.TestCaseExecutor   - ❌ Test Cases/TC_ChangePassword_Success FAILED.
Reason:
java.lang.RuntimeException: Skipping ChangePassword due to failed Sign_In
	at utils.DependencyHandler.checkDependency(DependencyHandler.groovy:38)
	at TC_ChangePassword_Success.run(TC_ChangePassword_Success:25)
	at com.kms.katalon.core.main.ScriptEngine.run(ScriptEngine.java:194)
	at com.kms.katalon.core.main.ScriptEngine.runScriptAsRawText(ScriptEngine.java:119)
	at com.kms.katalon.core.main.TestCaseExecutor.runScript(TestCaseExecutor.java:486)
	at com.kms.katalon.core.main.TestCaseExecutor.doExecute(TestCaseExecutor.java:477)
	at com.kms.katalon.core.main.TestCaseExecutor.processExecutionPhase(TestCaseExecutor.java:456)
	at com.kms.katalon.core.main.TestCaseExecutor.accessMainPhase(TestCaseExecutor.java:448)
	at com.kms.katalon.core.main.TestCaseExecutor.execute(TestCaseExecutor.java:322)
	at com.kms.katalon.core.common.CommonExecutor.accessTestCaseMainPhase(CommonExecutor.java:71)
	at com.kms.katalon.core.main.TestSuiteExecutor.accessTestSuiteMainPhase(TestSuiteExecutor.java:145)
	at com.kms.katalon.core.main.TestSuiteExecutor.execute(TestSuiteExecutor.java:104)
	at com.kms.katalon.core.main.TestCaseMain.startTestSuite(TestCaseMain.java:205)
	at TempTestSuite1757496966612.run(TempTestSuite1757496966612.groovy:35)
	at java.base/jdk.internal.reflect.NativeMethodAccessorImpl.invoke0(Native Method)
	at java.base/jdk.internal.reflect.NativeMethodAccessorImpl.invoke(NativeMethodAccessorImpl.java:77)
	at java.base/jdk.internal.reflect.DelegatingMethodAccessorImpl.invoke(DelegatingMethodAccessorImpl.java:43)

2025-09-10 15:06:56.885 ERROR c.k.katalon.core.main.TestCaseExecutor   - ❌ Test Cases/TC_ChangePassword_Success FAILED.
Reason:
java.lang.RuntimeException: Skipping ChangePassword due to failed Sign_In
	at utils.DependencyHandler.checkDependency(DependencyHandler.groovy:38)
	at TC_ChangePassword_Success.run(TC_ChangePassword_Success:25)
	at com.kms.katalon.core.main.ScriptEngine.run(ScriptEngine.java:194)
	at com.kms.katalon.core.main.ScriptEngine.runScriptAsRawText(ScriptEngine.java:119)
	at com.kms.katalon.core.main.TestCaseExecutor.runScript(TestCaseExecutor.java:486)
	at com.kms.katalon.core.main.TestCaseExecutor.doExecute(TestCaseExecutor.java:477)
	at com.kms.katalon.core.main.TestCaseExecutor.processExecutionPhase(TestCaseExecutor.java:456)
	at com.kms.katalon.core.main.TestCaseExecutor.accessMainPhase(TestCaseExecutor.java:448)
	at com.kms.katalon.core.main.TestCaseExecutor.execute(TestCaseExecutor.java:322)
	at com.kms.katalon.core.common.CommonExecutor.accessTestCaseMainPhase(CommonExecutor.java:71)
	at com.kms.katalon.core.main.TestSuiteExecutor.accessTestSuiteMainPhase(TestSuiteExecutor.java:145)
	at com.kms.katalon.core.main.TestSuiteExecutor.execute(TestSuiteExecutor.java:104)
	at com.kms.katalon.core.main.TestCaseMain.startTestSuite(TestCaseMain.java:205)
	at TempTestSuite1757496966612.run(TempTestSuite1757496966612.groovy:35)
	at java.base/jdk.internal.reflect.NativeMethodAccessorImpl.invoke0(Native Method)
	at java.base/jdk.internal.reflect.NativeMethodAccessorImpl.invoke(NativeMethodAccessorImpl.java:77)
	at java.base/jdk.internal.reflect.DelegatingMethodAccessorImpl.invoke(DelegatingMethodAccessorImpl.java:43)

2025-09-10 15:06:57.311 INFO  c.k.katalon.core.main.TestCaseExecutor   - END Test Cases/TC_ChangePassword_Success
2025-09-10 15:06:57.385 INFO  c.k.katalon.core.main.TestSuiteExecutor  - --------------------
2025-09-10 15:06:57.385 INFO  c.k.katalon.core.main.TestSuiteExecutor  - END Test Suites/DependentTestcase
2025-09-10 15:06:57.385 INFO  c.k.katalon.core.main.TestSuiteExecutor  - ====================
