2025-09-25 19:00:46.945 INFO  c.k.katalon.core.main.TestSuiteExecutor  - START Test Suites/GraphQL_API
2025-09-25 19:00:47.076 INFO  c.k.katalon.core.main.TestSuiteExecutor  - userFullName = abinesh rajendran
2025-09-25 19:00:47.077 INFO  c.k.katalon.core.main.TestSuiteExecutor  - projectName = Luma
2025-09-25 19:00:47.078 INFO  c.k.katalon.core.main.TestSuiteExecutor  - hostName = 10835442 - 7DS3S93
2025-09-25 19:00:47.079 INFO  c.k.katalon.core.main.TestSuiteExecutor  - os = Windows 11 64bit
2025-09-25 19:00:47.080 INFO  c.k.katalon.core.main.TestSuiteExecutor  - hostAddress = 192.168.2.159
2025-09-25 19:00:47.081 INFO  c.k.katalon.core.main.TestSuiteExecutor  - katalonVersion = 10.3.1.0
2025-09-25 19:00:47.720 INFO  c.k.katalon.core.main.TestCaseExecutor   - --------------------
2025-09-25 19:00:47.721 INFO  c.k.katalon.core.main.TestCaseExecutor   - START Test Cases/API_Testing/GraphQL_API_Testing/graphql_Put_api
2025-09-25 19:00:47.813 INFO  c.k.katalon.core.main.TestCaseExecutor   - (Default) graphQL = graphQL
2025-09-25 19:00:47.839 INFO  c.k.katalon.core.main.TestCaseExecutor   - (Default) apiBaseUrl = apiBaseUrl
2025-09-25 19:00:47.855 INFO  c.k.katalon.core.main.TestCaseExecutor   - (Default) schemaFilePath = Include/Data Files/MasterSchema.json
ℹ️ Skipping browser launch for API test case: graphql_Put_api
2025-09-25 19:00:48.139 DEBUG testcase.graphql_Put_api                 - 1: logInfo("Sending GraphQL mutation to update post with title and body")
2025-09-25 19:00:48.148 INFO  com.kms.katalon.core.util.KeywordUtil    - Sending GraphQL mutation to update post with title and body
2025-09-25 19:00:48.151 DEBUG testcase.graphql_Put_api                 - 2: query = "
mutation UpdatePost($input: UpdatePostInput!, $id: ID!) {
  updatePost(id: $id, input: $input) {
    id
    title
    body
  }
}
"
2025-09-25 19:00:48.156 DEBUG testcase.graphql_Put_api                 - 3: variables = ["id":1, "input":["title":"A Very Captivating Post Title", "body":"Some interesting content."]]
2025-09-25 19:00:48.160 DEBUG testcase.graphql_Put_api                 - 4: headers = ["Content-Type":"application/json"]
2025-09-25 19:00:48.164 DEBUG testcase.graphql_Put_api                 - 5: baseUrl = GlobalAccessor.getProfileVariable(graphQL, apiBaseUrl)
2025-09-25 19:00:48.294 DEBUG testcase.graphql_Put_api                 - 6: response = ApiKeywords.sendGraphQL(baseUrl, query, variables, headers)
2025-09-25 19:00:51.522 INFO  c.k.k.core.webservice.common.HarLogger   - HAR: C:\Users\10835442\Katalon Studio\Luma\Reports\20250925_190042\GraphQL_API\20250925_190042\requests\main\POST_Generic_0.har
2025-09-25 19:00:51.611 DEBUG testcase.graphql_Put_api                 - 7: verifyResponseStatusCode(response, 200)
2025-09-25 19:00:51.631 DEBUG testcase.graphql_Put_api                 - 8: logInfo("GraphQL response status code verified as 200")
2025-09-25 19:00:51.635 INFO  com.kms.katalon.core.util.KeywordUtil    - GraphQL response status code verified as 200
2025-09-25 19:00:51.637 DEBUG testcase.graphql_Put_api                 - 9: responseBody = response.getResponseBodyContent()
2025-09-25 19:00:51.648 DEBUG testcase.graphql_Put_api                 - 10: json = JsonSlurper().parseText(responseBody)
2025-09-25 19:00:51.664 DEBUG testcase.graphql_Put_api                 - 11: logInfo(Updated Post ID: $json.data.updatePost.id)
2025-09-25 19:00:51.675 INFO  com.kms.katalon.core.util.KeywordUtil    - Updated Post ID: 1
2025-09-25 19:00:51.679 DEBUG testcase.graphql_Put_api                 - 12: logInfo(Updated Post Title: $json.data.updatePost.title)
2025-09-25 19:00:51.683 INFO  com.kms.katalon.core.util.KeywordUtil    - Updated Post Title: A Very Captivating Post Title
2025-09-25 19:00:51.687 DEBUG testcase.graphql_Put_api                 - 13: logInfo(Updated Post Body: $json.data.updatePost.body)
2025-09-25 19:00:51.691 INFO  com.kms.katalon.core.util.KeywordUtil    - Updated Post Body: Some interesting content.
2025-09-25 19:00:51.692 DEBUG testcase.graphql_Put_api                 - 14: validateJsonAgainstSchema(responseBody, JsonOutput.toJson(JsonFileReader.getSectionData("graphQL_Patch", schemaFilePath)))
2025-09-25 19:00:51.827 DEBUG testcase.graphql_Put_api                 - 15: markPassed("GraphQL updatePost response schema validation passed")
2025-09-25 19:00:51.828 DEBUG com.kms.katalon.core.util.KeywordUtil    - ✓ GraphQL updatePost response schema validation passed
PASSED
⚠️ Error while closing browser: Browser is not opened
Build info: version: '4.28.1', revision: '73f5ad48a2'
System info: os.name: 'Windows 11', os.arch: 'amd64', os.version: '10.0', java.version: '17.0.14'
Driver info: driver.version: unknown
2025-09-25 19:00:51.962 INFO  c.k.katalon.core.main.TestCaseExecutor   - END Test Cases/API_Testing/GraphQL_API_Testing/graphql_Put_api
2025-09-25 19:00:51.973 INFO  c.k.katalon.core.main.TestCaseExecutor   - --------------------
2025-09-25 19:00:51.973 INFO  c.k.katalon.core.main.TestCaseExecutor   - START Test Cases/API_Testing/GraphQL_API_Testing/graphql_Post_api
2025-09-25 19:00:51.998 INFO  c.k.katalon.core.main.TestCaseExecutor   - (Default) graphQL = graphQL
2025-09-25 19:00:51.999 INFO  c.k.katalon.core.main.TestCaseExecutor   - (Default) apiBaseUrl = apiBaseUrl
2025-09-25 19:00:52.004 INFO  c.k.katalon.core.main.TestCaseExecutor   - (Default) schemaFilePath = Include/Data Files/MasterSchema.json
ℹ️ Skipping browser launch for API test case: graphql_Post_api
2025-09-25 19:00:52.262 DEBUG testcase.graphql_Post_api                - 1: logInfo("Sending GraphQL mutation to create a new post")
2025-09-25 19:00:52.264 INFO  com.kms.katalon.core.util.KeywordUtil    - Sending GraphQL mutation to create a new post
2025-09-25 19:00:52.266 DEBUG testcase.graphql_Post_api                - 2: query = "
mutation CreatePost($input: CreatePostInput!) {
  createPost(input: $input) {
    id
    title
    body
  }
}
"
2025-09-25 19:00:52.270 DEBUG testcase.graphql_Post_api                - 3: variables = ["input":["title":"A Very Captivating Post Title", "body":"Some interesting content."]]
2025-09-25 19:00:52.279 DEBUG testcase.graphql_Post_api                - 4: headers = ["Content-Type":"application/json"]
2025-09-25 19:00:52.287 DEBUG testcase.graphql_Post_api                - 5: baseUrl = GlobalAccessor.getProfileVariable(graphQL, apiBaseUrl)
2025-09-25 19:00:52.305 DEBUG testcase.graphql_Post_api                - 6: response = ApiKeywords.sendGraphQL(baseUrl, query, variables, headers)
2025-09-25 19:00:52.666 INFO  c.k.k.core.webservice.common.HarLogger   - HAR: C:\Users\10835442\Katalon Studio\Luma\Reports\20250925_190042\GraphQL_API\20250925_190042\requests\main\POST_Generic_1.har
2025-09-25 19:00:52.677 DEBUG testcase.graphql_Post_api                - 7: verifyResponseStatusCode(response, 200)
2025-09-25 19:00:52.687 DEBUG testcase.graphql_Post_api                - 8: logInfo("GraphQL response status code verified as 200")
2025-09-25 19:00:52.689 INFO  com.kms.katalon.core.util.KeywordUtil    - GraphQL response status code verified as 200
2025-09-25 19:00:52.692 DEBUG testcase.graphql_Post_api                - 9: responseBody = response.getResponseBodyContent()
2025-09-25 19:00:52.695 DEBUG testcase.graphql_Post_api                - 10: json = JsonSlurper().parseText(responseBody)
2025-09-25 19:00:52.698 DEBUG testcase.graphql_Post_api                - 11: logInfo(Created Post ID: $json.data.createPost.id)
2025-09-25 19:00:52.703 INFO  com.kms.katalon.core.util.KeywordUtil    - Created Post ID: 101
2025-09-25 19:00:52.706 DEBUG testcase.graphql_Post_api                - 12: logInfo(Created Post Title: $json.data.createPost.title)
2025-09-25 19:00:52.708 INFO  com.kms.katalon.core.util.KeywordUtil    - Created Post Title: A Very Captivating Post Title
2025-09-25 19:00:52.710 DEBUG testcase.graphql_Post_api                - 13: validateJsonAgainstSchema(responseBody, JsonOutput.toJson(JsonFileReader.getSectionData("graphQL_Post", schemaFilePath)))
2025-09-25 19:00:52.722 DEBUG testcase.graphql_Post_api                - 14: markPassed("GraphQL createPost response schema validation passed")
2025-09-25 19:00:52.725 DEBUG com.kms.katalon.core.util.KeywordUtil    - ✓ GraphQL createPost response schema validation passed
PASSED
⚠️ Error while closing browser: Browser is not opened
Build info: version: '4.28.1', revision: '73f5ad48a2'
System info: os.name: 'Windows 11', os.arch: 'amd64', os.version: '10.0', java.version: '17.0.14'
Driver info: driver.version: unknown
2025-09-25 19:00:52.746 INFO  c.k.katalon.core.main.TestCaseExecutor   - END Test Cases/API_Testing/GraphQL_API_Testing/graphql_Post_api
2025-09-25 19:00:52.761 INFO  c.k.katalon.core.main.TestCaseExecutor   - --------------------
2025-09-25 19:00:52.761 INFO  c.k.katalon.core.main.TestCaseExecutor   - START Test Cases/API_Testing/GraphQL_API_Testing/graphql_Patch_api
2025-09-25 19:00:52.789 INFO  c.k.katalon.core.main.TestCaseExecutor   - (Default) graphQL = graphQL
2025-09-25 19:00:52.790 INFO  c.k.katalon.core.main.TestCaseExecutor   - (Default) apiBaseUrl = apiBaseUrl
2025-09-25 19:00:52.790 INFO  c.k.katalon.core.main.TestCaseExecutor   - (Default) schemaFilePath = Include/Data Files/MasterSchema.json
ℹ️ Skipping browser launch for API test case: graphql_Patch_api
2025-09-25 19:00:52.948 DEBUG testcase.graphql_Patch_api               - 1: logInfo("Sending GraphQL mutation to update post")
2025-09-25 19:00:52.949 INFO  com.kms.katalon.core.util.KeywordUtil    - Sending GraphQL mutation to update post
2025-09-25 19:00:52.951 DEBUG testcase.graphql_Patch_api               - 2: query = "
mutation UpdatePost($input: UpdatePostInput!, $id: ID!) {
  updatePost(id: $id, input: $input) {
    id
    title
  }
}
"
2025-09-25 19:00:52.954 DEBUG testcase.graphql_Patch_api               - 3: variables = ["id":1, "input":["title":"Patch modified title"]]
2025-09-25 19:00:52.957 DEBUG testcase.graphql_Patch_api               - 4: headers = ["Content-Type":"application/json"]
2025-09-25 19:00:52.959 DEBUG testcase.graphql_Patch_api               - 5: baseUrl = GlobalAccessor.getProfileVariable(graphQL, apiBaseUrl)
2025-09-25 19:00:52.964 DEBUG testcase.graphql_Patch_api               - 6: response = ApiKeywords.sendGraphQL(baseUrl, query, variables, headers)
2025-09-25 19:00:53.864 INFO  c.k.k.core.webservice.common.HarLogger   - HAR: C:\Users\10835442\Katalon Studio\Luma\Reports\20250925_190042\GraphQL_API\20250925_190042\requests\main\POST_Generic_2.har
2025-09-25 19:00:53.871 DEBUG testcase.graphql_Patch_api               - 7: verifyResponseStatusCode(response, 200)
2025-09-25 19:00:53.879 DEBUG testcase.graphql_Patch_api               - 8: logInfo("GraphQL response status code verified as 200")
2025-09-25 19:00:53.881 INFO  com.kms.katalon.core.util.KeywordUtil    - GraphQL response status code verified as 200
2025-09-25 19:00:53.883 DEBUG testcase.graphql_Patch_api               - 9: responseBody = response.getResponseBodyContent()
2025-09-25 19:00:53.887 DEBUG testcase.graphql_Patch_api               - 10: json = JsonSlurper().parseText(responseBody)
2025-09-25 19:00:53.890 DEBUG testcase.graphql_Patch_api               - 11: logInfo(Updated Post ID: $json.data.updatePost.id)
2025-09-25 19:00:53.891 INFO  com.kms.katalon.core.util.KeywordUtil    - Updated Post ID: 1
2025-09-25 19:00:53.893 DEBUG testcase.graphql_Patch_api               - 12: logInfo(Updated Post Title: $json.data.updatePost.title)
2025-09-25 19:00:53.894 INFO  com.kms.katalon.core.util.KeywordUtil    - Updated Post Title: Patch modified title
2025-09-25 19:00:53.896 DEBUG testcase.graphql_Patch_api               - 13: validateJsonAgainstSchema(responseBody, JsonOutput.toJson(JsonFileReader.getSectionData("graphQL_Patch", schemaFilePath)))
2025-09-25 19:00:53.908 DEBUG testcase.graphql_Patch_api               - 14: markPassed("GraphQL updatePost response schema validation passed")
2025-09-25 19:00:53.910 DEBUG com.kms.katalon.core.util.KeywordUtil    - ✓ GraphQL updatePost response schema validation passed
PASSED
⚠️ Error while closing browser: Browser is not opened
Build info: version: '4.28.1', revision: '73f5ad48a2'
System info: os.name: 'Windows 11', os.arch: 'amd64', os.version: '10.0', java.version: '17.0.14'
Driver info: driver.version: unknown
2025-09-25 19:00:53.925 INFO  c.k.katalon.core.main.TestCaseExecutor   - END Test Cases/API_Testing/GraphQL_API_Testing/graphql_Patch_api
2025-09-25 19:00:53.932 INFO  c.k.katalon.core.main.TestCaseExecutor   - --------------------
2025-09-25 19:00:53.932 INFO  c.k.katalon.core.main.TestCaseExecutor   - START Test Cases/API_Testing/GraphQL_API_Testing/graphql_Get_api
2025-09-25 19:00:53.957 INFO  c.k.katalon.core.main.TestCaseExecutor   - (Default) graphQL = graphQL
2025-09-25 19:00:53.961 INFO  c.k.katalon.core.main.TestCaseExecutor   - (Default) apiBaseUrl = apiBaseUrl
2025-09-25 19:00:53.962 INFO  c.k.katalon.core.main.TestCaseExecutor   - (Default) schemaFilePath = Include/Data Files/MasterSchema.json
ℹ️ Skipping browser launch for API test case: graphql_Get_api
2025-09-25 19:00:54.141 DEBUG testcase.graphql_Get_api                 - 1: logInfo("Sending GraphQL query to fetch post by ID")
2025-09-25 19:00:54.144 INFO  com.kms.katalon.core.util.KeywordUtil    - Sending GraphQL query to fetch post by ID
2025-09-25 19:00:54.146 DEBUG testcase.graphql_Get_api                 - 2: query = "
query GetPost($id: ID!) {
  post(id: $id) {
    id
    title
    body
  }
}
"
2025-09-25 19:00:54.148 DEBUG testcase.graphql_Get_api                 - 3: variables = ["id":1]
2025-09-25 19:00:54.149 DEBUG testcase.graphql_Get_api                 - 4: headers = ["Content-Type":"application/json"]
2025-09-25 19:00:54.157 DEBUG testcase.graphql_Get_api                 - 5: baseUrl = GlobalAccessor.getProfileVariable(graphQL, apiBaseUrl)
2025-09-25 19:00:54.171 DEBUG testcase.graphql_Get_api                 - 6: response = ApiKeywords.sendGraphQL(baseUrl, query, variables, headers)
2025-09-25 19:00:54.531 INFO  c.k.k.core.webservice.common.HarLogger   - HAR: C:\Users\10835442\Katalon Studio\Luma\Reports\20250925_190042\GraphQL_API\20250925_190042\requests\main\POST_Generic_3.har
2025-09-25 19:00:54.544 DEBUG testcase.graphql_Get_api                 - 7: verifyResponseStatusCode(response, 200)
2025-09-25 19:00:54.550 DEBUG testcase.graphql_Get_api                 - 8: logInfo("GraphQL response status code verified as 200")
2025-09-25 19:00:54.553 INFO  com.kms.katalon.core.util.KeywordUtil    - GraphQL response status code verified as 200
2025-09-25 19:00:54.555 DEBUG testcase.graphql_Get_api                 - 9: responseBody = response.getResponseBodyContent()
2025-09-25 19:00:54.557 DEBUG testcase.graphql_Get_api                 - 10: json = JsonSlurper().parseText(responseBody)
2025-09-25 19:00:54.560 DEBUG testcase.graphql_Get_api                 - 11: println(JsonOutput.prettyPrint(JsonOutput.toJson(json)))
{
    "data": {
        "post": {
            "id": "1",
            "title": "sunt aut facere repellat provident occaecati excepturi optio reprehenderit",
            "body": "quia et suscipit\nsuscipit recusandae consequuntur expedita et cum\nreprehenderit molestiae ut ut quas totam\nnostrum rerum est autem sunt rem eveniet architecto"
        }
    }
}
2025-09-25 19:00:54.585 DEBUG testcase.graphql_Get_api                 - 12: logInfo(Post ID: $json.data.post.id)
2025-09-25 19:00:54.587 INFO  com.kms.katalon.core.util.KeywordUtil    - Post ID: 1
2025-09-25 19:00:54.591 DEBUG testcase.graphql_Get_api                 - 13: logInfo(Post Title: $json.data.post.title)
2025-09-25 19:00:54.594 INFO  com.kms.katalon.core.util.KeywordUtil    - Post Title: sunt aut facere repellat provident occaecati excepturi optio reprehenderit
2025-09-25 19:00:54.596 DEBUG testcase.graphql_Get_api                 - 14: validateJsonAgainstSchema(responseBody, JsonOutput.toJson(JsonFileReader.getSectionData("graphQL_GET", schemaFilePath)))
2025-09-25 19:00:54.605 DEBUG testcase.graphql_Get_api                 - 15: markPassed("GraphQL response schema validation passed")
2025-09-25 19:00:54.606 DEBUG com.kms.katalon.core.util.KeywordUtil    - ✓ GraphQL response schema validation passed
PASSED
⚠️ Error while closing browser: Browser is not opened
Build info: version: '4.28.1', revision: '73f5ad48a2'
System info: os.name: 'Windows 11', os.arch: 'amd64', os.version: '10.0', java.version: '17.0.14'
Driver info: driver.version: unknown
2025-09-25 19:00:54.634 INFO  c.k.katalon.core.main.TestCaseExecutor   - END Test Cases/API_Testing/GraphQL_API_Testing/graphql_Get_api
2025-09-25 19:00:54.639 INFO  c.k.katalon.core.main.TestCaseExecutor   - --------------------
2025-09-25 19:00:54.639 INFO  c.k.katalon.core.main.TestCaseExecutor   - START Test Cases/API_Testing/GraphQL_API_Testing/graphql_Delete_api
2025-09-25 19:00:54.650 INFO  c.k.katalon.core.main.TestCaseExecutor   - (Default) graphQL = graphQL
2025-09-25 19:00:54.653 INFO  c.k.katalon.core.main.TestCaseExecutor   - (Default) apiBaseUrl = apiBaseUrl
ℹ️ Skipping browser launch for API test case: graphql_Delete_api
2025-09-25 19:00:54.751 DEBUG testcase.graphql_Delete_api              - 1: logInfo("Sending GraphQL mutation to delete post by ID")
2025-09-25 19:00:54.755 INFO  com.kms.katalon.core.util.KeywordUtil    - Sending GraphQL mutation to delete post by ID
2025-09-25 19:00:54.756 DEBUG testcase.graphql_Delete_api              - 2: query = "
mutation DeletePost($id: ID!) {
  deletePost(id: $id)
}
"
2025-09-25 19:00:54.756 DEBUG testcase.graphql_Delete_api              - 3: variables = ["id":1]
2025-09-25 19:00:54.756 DEBUG testcase.graphql_Delete_api              - 4: headers = ["Content-Type":"application/json"]
2025-09-25 19:00:54.756 DEBUG testcase.graphql_Delete_api              - 5: baseUrl = GlobalAccessor.getProfileVariable(graphQL, apiBaseUrl)
2025-09-25 19:00:54.763 DEBUG testcase.graphql_Delete_api              - 6: response = ApiKeywords.sendGraphQL(baseUrl, query, variables, headers)
2025-09-25 19:00:55.662 INFO  c.k.k.core.webservice.common.HarLogger   - HAR: C:\Users\10835442\Katalon Studio\Luma\Reports\20250925_190042\GraphQL_API\20250925_190042\requests\main\POST_Generic_4.har
2025-09-25 19:00:55.666 DEBUG testcase.graphql_Delete_api              - 7: verifyResponseStatusCode(response, 200)
2025-09-25 19:00:55.671 DEBUG testcase.graphql_Delete_api              - 8: logInfo("GraphQL response status code verified as 200")
2025-09-25 19:00:55.673 INFO  com.kms.katalon.core.util.KeywordUtil    - GraphQL response status code verified as 200
2025-09-25 19:00:55.674 DEBUG testcase.graphql_Delete_api              - 9: logInfo(Delete result: $json.data.deletePost)
2025-09-25 19:00:55.680 ERROR c.k.katalon.core.main.TestCaseExecutor   - ❌ Test Cases/API_Testing/GraphQL_API_Testing/graphql_Delete_api FAILED.
Reason:
groovy.lang.MissingPropertyException: No such property: json for class: Script1758794418783
	at graphql_Delete_api.run(graphql_Delete_api:28)
	at com.kms.katalon.core.main.ScriptEngine.run(ScriptEngine.java:194)
	at com.kms.katalon.core.main.ScriptEngine.runScriptAsRawText(ScriptEngine.java:119)
	at com.kms.katalon.core.main.TestCaseExecutor.runScript(TestCaseExecutor.java:486)
	at com.kms.katalon.core.main.TestCaseExecutor.doExecute(TestCaseExecutor.java:477)
	at com.kms.katalon.core.main.TestCaseExecutor.processExecutionPhase(TestCaseExecutor.java:456)
	at com.kms.katalon.core.main.TestCaseExecutor.accessMainPhase(TestCaseExecutor.java:448)
	at com.kms.katalon.core.main.TestCaseExecutor.execute(TestCaseExecutor.java:322)
	at com.kms.katalon.core.common.CommonExecutor.accessTestCaseMainPhase(CommonExecutor.java:71)
	at com.kms.katalon.core.main.TestSuiteExecutor.accessTestSuiteMainPhase(TestSuiteExecutor.java:145)
	at com.kms.katalon.core.main.TestSuiteExecutor.execute(TestSuiteExecutor.java:104)
	at com.kms.katalon.core.main.TestCaseMain.startTestSuite(TestCaseMain.java:205)
	at TempTestSuite1758807042321.run(TempTestSuite1758807042321.groovy:35)
	at java.base/jdk.internal.reflect.NativeMethodAccessorImpl.invoke0(Native Method)
	at java.base/jdk.internal.reflect.NativeMethodAccessorImpl.invoke(NativeMethodAccessorImpl.java:77)
	at java.base/jdk.internal.reflect.DelegatingMethodAccessorImpl.invoke(DelegatingMethodAccessorImpl.java:43)

2025-09-25 19:00:55.691 ERROR c.k.katalon.core.main.TestCaseExecutor   - ❌ Test Cases/API_Testing/GraphQL_API_Testing/graphql_Delete_api FAILED.
Reason:
groovy.lang.MissingPropertyException: No such property: json for class: Script1758794418783
	at graphql_Delete_api.run(graphql_Delete_api:28)
	at com.kms.katalon.core.main.ScriptEngine.run(ScriptEngine.java:194)
	at com.kms.katalon.core.main.ScriptEngine.runScriptAsRawText(ScriptEngine.java:119)
	at com.kms.katalon.core.main.TestCaseExecutor.runScript(TestCaseExecutor.java:486)
	at com.kms.katalon.core.main.TestCaseExecutor.doExecute(TestCaseExecutor.java:477)
	at com.kms.katalon.core.main.TestCaseExecutor.processExecutionPhase(TestCaseExecutor.java:456)
	at com.kms.katalon.core.main.TestCaseExecutor.accessMainPhase(TestCaseExecutor.java:448)
	at com.kms.katalon.core.main.TestCaseExecutor.execute(TestCaseExecutor.java:322)
	at com.kms.katalon.core.common.CommonExecutor.accessTestCaseMainPhase(CommonExecutor.java:71)
	at com.kms.katalon.core.main.TestSuiteExecutor.accessTestSuiteMainPhase(TestSuiteExecutor.java:145)
	at com.kms.katalon.core.main.TestSuiteExecutor.execute(TestSuiteExecutor.java:104)
	at com.kms.katalon.core.main.TestCaseMain.startTestSuite(TestCaseMain.java:205)
	at TempTestSuite1758807042321.run(TempTestSuite1758807042321.groovy:35)
	at java.base/jdk.internal.reflect.NativeMethodAccessorImpl.invoke0(Native Method)
	at java.base/jdk.internal.reflect.NativeMethodAccessorImpl.invoke(NativeMethodAccessorImpl.java:77)
	at java.base/jdk.internal.reflect.DelegatingMethodAccessorImpl.invoke(DelegatingMethodAccessorImpl.java:43)

ERROR
⚠️ Error while closing browser: Browser is not opened
Build info: version: '4.28.1', revision: '73f5ad48a2'
System info: os.name: 'Windows 11', os.arch: 'amd64', os.version: '10.0', java.version: '17.0.14'
Driver info: driver.version: unknown
2025-09-25 19:00:55.701 INFO  c.k.katalon.core.main.TestCaseExecutor   - END Test Cases/API_Testing/GraphQL_API_Testing/graphql_Delete_api
2025-09-25 19:00:55.705 INFO  c.k.katalon.core.main.TestCaseExecutor   - --------------------
2025-09-25 19:00:55.705 INFO  c.k.katalon.core.main.TestCaseExecutor   - START Test Cases/API_Testing/GraphQL_API_Testing/graphql_Delete_api
2025-09-25 19:00:55.717 INFO  c.k.katalon.core.main.TestCaseExecutor   - (Default) graphQL = graphQL
2025-09-25 19:00:55.718 INFO  c.k.katalon.core.main.TestCaseExecutor   - (Default) apiBaseUrl = apiBaseUrl
ℹ️ Skipping browser launch for API test case: graphql_Delete_api
2025-09-25 19:00:55.723 DEBUG testcase.graphql_Delete_api              - 1: logInfo("Sending GraphQL mutation to delete post by ID")
2025-09-25 19:00:55.723 INFO  com.kms.katalon.core.util.KeywordUtil    - Sending GraphQL mutation to delete post by ID
2025-09-25 19:00:55.723 DEBUG testcase.graphql_Delete_api              - 2: query = "
mutation DeletePost($id: ID!) {
  deletePost(id: $id)
}
"
2025-09-25 19:00:55.726 DEBUG testcase.graphql_Delete_api              - 3: variables = ["id":1]
2025-09-25 19:00:55.726 DEBUG testcase.graphql_Delete_api              - 4: headers = ["Content-Type":"application/json"]
2025-09-25 19:00:55.726 DEBUG testcase.graphql_Delete_api              - 5: baseUrl = GlobalAccessor.getProfileVariable(graphQL, apiBaseUrl)
2025-09-25 19:00:55.732 DEBUG testcase.graphql_Delete_api              - 6: response = ApiKeywords.sendGraphQL(baseUrl, query, variables, headers)
2025-09-25 19:00:56.892 INFO  c.k.k.core.webservice.common.HarLogger   - HAR: C:\Users\10835442\Katalon Studio\Luma\Reports\20250925_190042\GraphQL_API\20250925_190042\requests\main\POST_Generic_5.har
2025-09-25 19:00:56.895 DEBUG testcase.graphql_Delete_api              - 7: verifyResponseStatusCode(response, 200)
2025-09-25 19:00:56.898 DEBUG testcase.graphql_Delete_api              - 8: logInfo("GraphQL response status code verified as 200")
2025-09-25 19:00:56.899 INFO  com.kms.katalon.core.util.KeywordUtil    - GraphQL response status code verified as 200
2025-09-25 19:00:56.899 DEBUG testcase.graphql_Delete_api              - 9: logInfo(Delete result: $json.data.deletePost)
2025-09-25 19:00:56.900 ERROR c.k.katalon.core.main.TestCaseExecutor   - ❌ Test Cases/API_Testing/GraphQL_API_Testing/graphql_Delete_api FAILED.
Reason:
groovy.lang.MissingPropertyException: No such property: json for class: Script1758794418783
	at graphql_Delete_api.run(graphql_Delete_api:28)
	at com.kms.katalon.core.main.ScriptEngine.run(ScriptEngine.java:194)
	at com.kms.katalon.core.main.ScriptEngine.runScriptAsRawText(ScriptEngine.java:119)
	at com.kms.katalon.core.main.TestCaseExecutor.runScript(TestCaseExecutor.java:486)
	at com.kms.katalon.core.main.TestCaseExecutor.doExecute(TestCaseExecutor.java:477)
	at com.kms.katalon.core.main.TestCaseExecutor.processExecutionPhase(TestCaseExecutor.java:456)
	at com.kms.katalon.core.main.TestCaseExecutor.accessMainPhase(TestCaseExecutor.java:448)
	at com.kms.katalon.core.main.TestCaseExecutor.execute(TestCaseExecutor.java:322)
	at com.kms.katalon.core.main.TestCaseExecutor.execute(TestCaseExecutor.java:406)
	at com.kms.katalon.core.common.CommonExecutor.accessTestCaseMainPhase(CommonExecutor.java:71)
	at com.kms.katalon.core.main.TestSuiteExecutor.accessTestSuiteMainPhase(TestSuiteExecutor.java:145)
	at com.kms.katalon.core.main.TestSuiteExecutor.execute(TestSuiteExecutor.java:104)
	at com.kms.katalon.core.main.TestCaseMain.startTestSuite(TestCaseMain.java:205)
	at TempTestSuite1758807042321.run(TempTestSuite1758807042321.groovy:35)
	at java.base/jdk.internal.reflect.NativeMethodAccessorImpl.invoke0(Native Method)
	at java.base/jdk.internal.reflect.NativeMethodAccessorImpl.invoke(NativeMethodAccessorImpl.java:77)
	at java.base/jdk.internal.reflect.DelegatingMethodAccessorImpl.invoke(DelegatingMethodAccessorImpl.java:43)

2025-09-25 19:00:56.902 ERROR c.k.katalon.core.main.TestCaseExecutor   - ❌ Test Cases/API_Testing/GraphQL_API_Testing/graphql_Delete_api FAILED.
Reason:
groovy.lang.MissingPropertyException: No such property: json for class: Script1758794418783
	at graphql_Delete_api.run(graphql_Delete_api:28)
	at com.kms.katalon.core.main.ScriptEngine.run(ScriptEngine.java:194)
	at com.kms.katalon.core.main.ScriptEngine.runScriptAsRawText(ScriptEngine.java:119)
	at com.kms.katalon.core.main.TestCaseExecutor.runScript(TestCaseExecutor.java:486)
	at com.kms.katalon.core.main.TestCaseExecutor.doExecute(TestCaseExecutor.java:477)
	at com.kms.katalon.core.main.TestCaseExecutor.processExecutionPhase(TestCaseExecutor.java:456)
	at com.kms.katalon.core.main.TestCaseExecutor.accessMainPhase(TestCaseExecutor.java:448)
	at com.kms.katalon.core.main.TestCaseExecutor.execute(TestCaseExecutor.java:322)
	at com.kms.katalon.core.main.TestCaseExecutor.execute(TestCaseExecutor.java:406)
	at com.kms.katalon.core.common.CommonExecutor.accessTestCaseMainPhase(CommonExecutor.java:71)
	at com.kms.katalon.core.main.TestSuiteExecutor.accessTestSuiteMainPhase(TestSuiteExecutor.java:145)
	at com.kms.katalon.core.main.TestSuiteExecutor.execute(TestSuiteExecutor.java:104)
	at com.kms.katalon.core.main.TestCaseMain.startTestSuite(TestCaseMain.java:205)
	at TempTestSuite1758807042321.run(TempTestSuite1758807042321.groovy:35)
	at java.base/jdk.internal.reflect.NativeMethodAccessorImpl.invoke0(Native Method)
	at java.base/jdk.internal.reflect.NativeMethodAccessorImpl.invoke(NativeMethodAccessorImpl.java:77)
	at java.base/jdk.internal.reflect.DelegatingMethodAccessorImpl.invoke(DelegatingMethodAccessorImpl.java:43)

ERROR
⚠️ Error while closing browser: Browser is not opened
Build info: version: '4.28.1', revision: '73f5ad48a2'
System info: os.name: 'Windows 11', os.arch: 'amd64', os.version: '10.0', java.version: '17.0.14'
Driver info: driver.version: unknown
2025-09-25 19:00:56.913 INFO  c.k.katalon.core.main.TestCaseExecutor   - END Test Cases/API_Testing/GraphQL_API_Testing/graphql_Delete_api
2025-09-25 19:00:56.919 INFO  c.k.katalon.core.main.TestCaseExecutor   - --------------------
2025-09-25 19:00:56.919 INFO  c.k.katalon.core.main.TestCaseExecutor   - START Test Cases/API_Testing/GraphQL_API_Testing/graphql_Delete_api
2025-09-25 19:00:56.929 INFO  c.k.katalon.core.main.TestCaseExecutor   - (Default) graphQL = graphQL
2025-09-25 19:00:56.930 INFO  c.k.katalon.core.main.TestCaseExecutor   - (Default) apiBaseUrl = apiBaseUrl
ℹ️ Skipping browser launch for API test case: graphql_Delete_api
2025-09-25 19:00:56.934 DEBUG testcase.graphql_Delete_api              - 1: logInfo("Sending GraphQL mutation to delete post by ID")
2025-09-25 19:00:56.936 INFO  com.kms.katalon.core.util.KeywordUtil    - Sending GraphQL mutation to delete post by ID
2025-09-25 19:00:56.937 DEBUG testcase.graphql_Delete_api              - 2: query = "
mutation DeletePost($id: ID!) {
  deletePost(id: $id)
}
"
2025-09-25 19:00:56.938 DEBUG testcase.graphql_Delete_api              - 3: variables = ["id":1]
2025-09-25 19:00:56.939 DEBUG testcase.graphql_Delete_api              - 4: headers = ["Content-Type":"application/json"]
2025-09-25 19:00:56.939 DEBUG testcase.graphql_Delete_api              - 5: baseUrl = GlobalAccessor.getProfileVariable(graphQL, apiBaseUrl)
2025-09-25 19:00:56.944 DEBUG testcase.graphql_Delete_api              - 6: response = ApiKeywords.sendGraphQL(baseUrl, query, variables, headers)
2025-09-25 19:00:58.120 INFO  c.k.k.core.webservice.common.HarLogger   - HAR: C:\Users\10835442\Katalon Studio\Luma\Reports\20250925_190042\GraphQL_API\20250925_190042\requests\main\POST_Generic_6.har
2025-09-25 19:00:58.123 DEBUG testcase.graphql_Delete_api              - 7: verifyResponseStatusCode(response, 200)
2025-09-25 19:00:58.125 DEBUG testcase.graphql_Delete_api              - 8: logInfo("GraphQL response status code verified as 200")
2025-09-25 19:00:58.125 INFO  com.kms.katalon.core.util.KeywordUtil    - GraphQL response status code verified as 200
2025-09-25 19:00:58.126 DEBUG testcase.graphql_Delete_api              - 9: logInfo(Delete result: $json.data.deletePost)
2025-09-25 19:00:58.126 ERROR c.k.katalon.core.main.TestCaseExecutor   - ❌ Test Cases/API_Testing/GraphQL_API_Testing/graphql_Delete_api FAILED.
Reason:
groovy.lang.MissingPropertyException: No such property: json for class: Script1758794418783
	at graphql_Delete_api.run(graphql_Delete_api:28)
	at com.kms.katalon.core.main.ScriptEngine.run(ScriptEngine.java:194)
	at com.kms.katalon.core.main.ScriptEngine.runScriptAsRawText(ScriptEngine.java:119)
	at com.kms.katalon.core.main.TestCaseExecutor.runScript(TestCaseExecutor.java:486)
	at com.kms.katalon.core.main.TestCaseExecutor.doExecute(TestCaseExecutor.java:477)
	at com.kms.katalon.core.main.TestCaseExecutor.processExecutionPhase(TestCaseExecutor.java:456)
	at com.kms.katalon.core.main.TestCaseExecutor.accessMainPhase(TestCaseExecutor.java:448)
	at com.kms.katalon.core.main.TestCaseExecutor.execute(TestCaseExecutor.java:322)
	at com.kms.katalon.core.main.TestCaseExecutor.execute(TestCaseExecutor.java:406)
	at com.kms.katalon.core.main.TestCaseExecutor.execute(TestCaseExecutor.java:406)
	at com.kms.katalon.core.common.CommonExecutor.accessTestCaseMainPhase(CommonExecutor.java:71)
	at com.kms.katalon.core.main.TestSuiteExecutor.accessTestSuiteMainPhase(TestSuiteExecutor.java:145)
	at com.kms.katalon.core.main.TestSuiteExecutor.execute(TestSuiteExecutor.java:104)
	at com.kms.katalon.core.main.TestCaseMain.startTestSuite(TestCaseMain.java:205)
	at TempTestSuite1758807042321.run(TempTestSuite1758807042321.groovy:35)
	at java.base/jdk.internal.reflect.NativeMethodAccessorImpl.invoke0(Native Method)
	at java.base/jdk.internal.reflect.NativeMethodAccessorImpl.invoke(NativeMethodAccessorImpl.java:77)
	at java.base/jdk.internal.reflect.DelegatingMethodAccessorImpl.invoke(DelegatingMethodAccessorImpl.java:43)

2025-09-25 19:00:58.128 ERROR c.k.katalon.core.main.TestCaseExecutor   - ❌ Test Cases/API_Testing/GraphQL_API_Testing/graphql_Delete_api FAILED.
Reason:
groovy.lang.MissingPropertyException: No such property: json for class: Script1758794418783
	at graphql_Delete_api.run(graphql_Delete_api:28)
	at com.kms.katalon.core.main.ScriptEngine.run(ScriptEngine.java:194)
	at com.kms.katalon.core.main.ScriptEngine.runScriptAsRawText(ScriptEngine.java:119)
	at com.kms.katalon.core.main.TestCaseExecutor.runScript(TestCaseExecutor.java:486)
	at com.kms.katalon.core.main.TestCaseExecutor.doExecute(TestCaseExecutor.java:477)
	at com.kms.katalon.core.main.TestCaseExecutor.processExecutionPhase(TestCaseExecutor.java:456)
	at com.kms.katalon.core.main.TestCaseExecutor.accessMainPhase(TestCaseExecutor.java:448)
	at com.kms.katalon.core.main.TestCaseExecutor.execute(TestCaseExecutor.java:322)
	at com.kms.katalon.core.main.TestCaseExecutor.execute(TestCaseExecutor.java:406)
	at com.kms.katalon.core.main.TestCaseExecutor.execute(TestCaseExecutor.java:406)
	at com.kms.katalon.core.common.CommonExecutor.accessTestCaseMainPhase(CommonExecutor.java:71)
	at com.kms.katalon.core.main.TestSuiteExecutor.accessTestSuiteMainPhase(TestSuiteExecutor.java:145)
	at com.kms.katalon.core.main.TestSuiteExecutor.execute(TestSuiteExecutor.java:104)
	at com.kms.katalon.core.main.TestCaseMain.startTestSuite(TestCaseMain.java:205)
	at TempTestSuite1758807042321.run(TempTestSuite1758807042321.groovy:35)
	at java.base/jdk.internal.reflect.NativeMethodAccessorImpl.invoke0(Native Method)
	at java.base/jdk.internal.reflect.NativeMethodAccessorImpl.invoke(NativeMethodAccessorImpl.java:77)
	at java.base/jdk.internal.reflect.DelegatingMethodAccessorImpl.invoke(DelegatingMethodAccessorImpl.java:43)

ERROR
⚠️ Error while closing browser: Browser is not opened
Build info: version: '4.28.1', revision: '73f5ad48a2'
System info: os.name: 'Windows 11', os.arch: 'amd64', os.version: '10.0', java.version: '17.0.14'
Driver info: driver.version: unknown
2025-09-25 19:00:58.138 INFO  c.k.katalon.core.main.TestCaseExecutor   - END Test Cases/API_Testing/GraphQL_API_Testing/graphql_Delete_api
2025-09-25 19:00:58.141 INFO  c.k.katalon.core.main.TestCaseExecutor   - --------------------
2025-09-25 19:00:58.142 INFO  c.k.katalon.core.main.TestCaseExecutor   - START Test Cases/API_Testing/GraphQL_API_Testing/graphql_Delete_api
2025-09-25 19:00:58.156 INFO  c.k.katalon.core.main.TestCaseExecutor   - (Default) graphQL = graphQL
2025-09-25 19:00:58.157 INFO  c.k.katalon.core.main.TestCaseExecutor   - (Default) apiBaseUrl = apiBaseUrl
ℹ️ Skipping browser launch for API test case: graphql_Delete_api
2025-09-25 19:00:58.164 DEBUG testcase.graphql_Delete_api              - 1: logInfo("Sending GraphQL mutation to delete post by ID")
2025-09-25 19:00:58.165 INFO  com.kms.katalon.core.util.KeywordUtil    - Sending GraphQL mutation to delete post by ID
2025-09-25 19:00:58.165 DEBUG testcase.graphql_Delete_api              - 2: query = "
mutation DeletePost($id: ID!) {
  deletePost(id: $id)
}
"
2025-09-25 19:00:58.166 DEBUG testcase.graphql_Delete_api              - 3: variables = ["id":1]
2025-09-25 19:00:58.168 DEBUG testcase.graphql_Delete_api              - 4: headers = ["Content-Type":"application/json"]
2025-09-25 19:00:58.169 DEBUG testcase.graphql_Delete_api              - 5: baseUrl = GlobalAccessor.getProfileVariable(graphQL, apiBaseUrl)
2025-09-25 19:00:58.175 DEBUG testcase.graphql_Delete_api              - 6: response = ApiKeywords.sendGraphQL(baseUrl, query, variables, headers)
2025-09-25 19:00:59.208 INFO  c.k.k.core.webservice.common.HarLogger   - HAR: C:\Users\10835442\Katalon Studio\Luma\Reports\20250925_190042\GraphQL_API\20250925_190042\requests\main\POST_Generic_7.har
2025-09-25 19:00:59.210 DEBUG testcase.graphql_Delete_api              - 7: verifyResponseStatusCode(response, 200)
2025-09-25 19:00:59.213 DEBUG testcase.graphql_Delete_api              - 8: logInfo("GraphQL response status code verified as 200")
2025-09-25 19:00:59.214 INFO  com.kms.katalon.core.util.KeywordUtil    - GraphQL response status code verified as 200
2025-09-25 19:00:59.214 DEBUG testcase.graphql_Delete_api              - 9: logInfo(Delete result: $json.data.deletePost)
2025-09-25 19:00:59.216 ERROR c.k.katalon.core.main.TestCaseExecutor   - ❌ Test Cases/API_Testing/GraphQL_API_Testing/graphql_Delete_api FAILED.
Reason:
groovy.lang.MissingPropertyException: No such property: json for class: Script1758794418783
	at graphql_Delete_api.run(graphql_Delete_api:28)
	at com.kms.katalon.core.main.ScriptEngine.run(ScriptEngine.java:194)
	at com.kms.katalon.core.main.ScriptEngine.runScriptAsRawText(ScriptEngine.java:119)
	at com.kms.katalon.core.main.TestCaseExecutor.runScript(TestCaseExecutor.java:486)
	at com.kms.katalon.core.main.TestCaseExecutor.doExecute(TestCaseExecutor.java:477)
	at com.kms.katalon.core.main.TestCaseExecutor.processExecutionPhase(TestCaseExecutor.java:456)
	at com.kms.katalon.core.main.TestCaseExecutor.accessMainPhase(TestCaseExecutor.java:448)
	at com.kms.katalon.core.main.TestCaseExecutor.execute(TestCaseExecutor.java:322)
	at com.kms.katalon.core.main.TestCaseExecutor.execute(TestCaseExecutor.java:406)
	at com.kms.katalon.core.main.TestCaseExecutor.execute(TestCaseExecutor.java:406)
	at com.kms.katalon.core.main.TestCaseExecutor.execute(TestCaseExecutor.java:406)
	at com.kms.katalon.core.common.CommonExecutor.accessTestCaseMainPhase(CommonExecutor.java:71)
	at com.kms.katalon.core.main.TestSuiteExecutor.accessTestSuiteMainPhase(TestSuiteExecutor.java:145)
	at com.kms.katalon.core.main.TestSuiteExecutor.execute(TestSuiteExecutor.java:104)
	at com.kms.katalon.core.main.TestCaseMain.startTestSuite(TestCaseMain.java:205)
	at TempTestSuite1758807042321.run(TempTestSuite1758807042321.groovy:35)
	at java.base/jdk.internal.reflect.NativeMethodAccessorImpl.invoke0(Native Method)
	at java.base/jdk.internal.reflect.NativeMethodAccessorImpl.invoke(NativeMethodAccessorImpl.java:77)
	at java.base/jdk.internal.reflect.DelegatingMethodAccessorImpl.invoke(DelegatingMethodAccessorImpl.java:43)

2025-09-25 19:00:59.219 ERROR c.k.katalon.core.main.TestCaseExecutor   - ❌ Test Cases/API_Testing/GraphQL_API_Testing/graphql_Delete_api FAILED.
Reason:
groovy.lang.MissingPropertyException: No such property: json for class: Script1758794418783
	at graphql_Delete_api.run(graphql_Delete_api:28)
	at com.kms.katalon.core.main.ScriptEngine.run(ScriptEngine.java:194)
	at com.kms.katalon.core.main.ScriptEngine.runScriptAsRawText(ScriptEngine.java:119)
	at com.kms.katalon.core.main.TestCaseExecutor.runScript(TestCaseExecutor.java:486)
	at com.kms.katalon.core.main.TestCaseExecutor.doExecute(TestCaseExecutor.java:477)
	at com.kms.katalon.core.main.TestCaseExecutor.processExecutionPhase(TestCaseExecutor.java:456)
	at com.kms.katalon.core.main.TestCaseExecutor.accessMainPhase(TestCaseExecutor.java:448)
	at com.kms.katalon.core.main.TestCaseExecutor.execute(TestCaseExecutor.java:322)
	at com.kms.katalon.core.main.TestCaseExecutor.execute(TestCaseExecutor.java:406)
	at com.kms.katalon.core.main.TestCaseExecutor.execute(TestCaseExecutor.java:406)
	at com.kms.katalon.core.main.TestCaseExecutor.execute(TestCaseExecutor.java:406)
	at com.kms.katalon.core.common.CommonExecutor.accessTestCaseMainPhase(CommonExecutor.java:71)
	at com.kms.katalon.core.main.TestSuiteExecutor.accessTestSuiteMainPhase(TestSuiteExecutor.java:145)
	at com.kms.katalon.core.main.TestSuiteExecutor.execute(TestSuiteExecutor.java:104)
	at com.kms.katalon.core.main.TestCaseMain.startTestSuite(TestCaseMain.java:205)
	at TempTestSuite1758807042321.run(TempTestSuite1758807042321.groovy:35)
	at java.base/jdk.internal.reflect.NativeMethodAccessorImpl.invoke0(Native Method)
	at java.base/jdk.internal.reflect.NativeMethodAccessorImpl.invoke(NativeMethodAccessorImpl.java:77)
	at java.base/jdk.internal.reflect.DelegatingMethodAccessorImpl.invoke(DelegatingMethodAccessorImpl.java:43)

ERROR
⚠️ Error while closing browser: Browser is not opened
Build info: version: '4.28.1', revision: '73f5ad48a2'
System info: os.name: 'Windows 11', os.arch: 'amd64', os.version: '10.0', java.version: '17.0.14'
Driver info: driver.version: unknown
2025-09-25 19:00:59.229 INFO  c.k.katalon.core.main.TestCaseExecutor   - END Test Cases/API_Testing/GraphQL_API_Testing/graphql_Delete_api
2025-09-25 19:00:59.288 INFO  c.k.katalon.core.main.TestSuiteExecutor  - --------------------
2025-09-25 19:00:59.288 INFO  c.k.katalon.core.main.TestSuiteExecutor  - END Test Suites/GraphQL_API
2025-09-25 19:00:59.288 INFO  c.k.katalon.core.main.TestSuiteExecutor  - ====================
